[2021-12-03 11:39:19,183] {taskinstance.py:1035} INFO - Dependencies all met for <TaskInstance: poc_dag.processing_tasks.summing_2 scheduled__2021-12-02T00:00:00+00:00 [queued]>
[2021-12-03 11:39:19,202] {taskinstance.py:1035} INFO - Dependencies all met for <TaskInstance: poc_dag.processing_tasks.summing_2 scheduled__2021-12-02T00:00:00+00:00 [queued]>
[2021-12-03 11:39:19,202] {taskinstance.py:1241} INFO - 
--------------------------------------------------------------------------------
[2021-12-03 11:39:19,203] {taskinstance.py:1242} INFO - Starting attempt 1 of 1
[2021-12-03 11:39:19,203] {taskinstance.py:1243} INFO - 
--------------------------------------------------------------------------------
[2021-12-03 11:39:19,239] {taskinstance.py:1262} INFO - Executing <Task(PythonOperator): processing_tasks.summing_2> on 2021-12-02 00:00:00+00:00
[2021-12-03 11:39:19,247] {standard_task_runner.py:52} INFO - Started process 123 to run task
[2021-12-03 11:39:19,251] {standard_task_runner.py:76} INFO - Running: ['***', 'tasks', 'run', 'poc_dag', 'processing_tasks.summing_2', 'scheduled__2021-12-02T00:00:00+00:00', '--job-id', '11', '--raw', '--subdir', 'DAGS_FOLDER/poc_dag.py', '--cfg-path', '/tmp/tmp6vrxto53', '--error-file', '/tmp/tmpxwqfldif']
[2021-12-03 11:39:19,252] {standard_task_runner.py:77} INFO - Job 11: Subtask processing_tasks.summing_2
[2021-12-03 11:39:19,348] {logging_mixin.py:109} INFO - Running <TaskInstance: poc_dag.processing_tasks.summing_2 scheduled__2021-12-02T00:00:00+00:00 [running]> on host f4a422e3c3b1
[2021-12-03 11:39:19,524] {taskinstance.py:1429} INFO - Exporting the following env vars:
AIRFLOW_CTX_DAG_OWNER=***
AIRFLOW_CTX_DAG_ID=poc_dag
AIRFLOW_CTX_TASK_ID=processing_tasks.summing_2
AIRFLOW_CTX_EXECUTION_DATE=2021-12-02T00:00:00+00:00
AIRFLOW_CTX_DAG_RUN_ID=scheduled__2021-12-02T00:00:00+00:00
[2021-12-03 11:39:19,525] {logging_mixin.py:109} INFO - summing with coeff 2
[2021-12-03 11:39:20,496] {logging_mixin.py:109} INFO - sum_2 result:  30538
[2021-12-03 11:39:20,559] {python.py:152} INFO - Done. Returned value was: None
[2021-12-03 11:39:20,574] {taskinstance.py:1280} INFO - Marking task as SUCCESS. dag_id=poc_dag, task_id=processing_tasks.summing_2, execution_date=20211202T000000, start_date=20211203T113919, end_date=20211203T113920
[2021-12-03 11:39:20,671] {local_task_job.py:154} INFO - Task exited with return code 0
[2021-12-03 11:39:20,789] {local_task_job.py:264} INFO - 0 downstream tasks scheduled from follow-on schedule check
[2021-12-03 11:43:14,511] {taskinstance.py:1035} INFO - Dependencies all met for <TaskInstance: poc_dag.processing_tasks.summing_2 scheduled__2021-12-02T00:00:00+00:00 [queued]>
[2021-12-03 11:43:14,527] {taskinstance.py:1035} INFO - Dependencies all met for <TaskInstance: poc_dag.processing_tasks.summing_2 scheduled__2021-12-02T00:00:00+00:00 [queued]>
[2021-12-03 11:43:14,527] {taskinstance.py:1241} INFO - 
--------------------------------------------------------------------------------
[2021-12-03 11:43:14,527] {taskinstance.py:1242} INFO - Starting attempt 1 of 1
[2021-12-03 11:43:14,527] {taskinstance.py:1243} INFO - 
--------------------------------------------------------------------------------
[2021-12-03 11:43:14,544] {taskinstance.py:1262} INFO - Executing <Task(PythonOperator): processing_tasks.summing_2> on 2021-12-02 00:00:00+00:00
[2021-12-03 11:43:14,550] {standard_task_runner.py:52} INFO - Started process 152 to run task
[2021-12-03 11:43:14,553] {standard_task_runner.py:76} INFO - Running: ['***', 'tasks', 'run', 'poc_dag', 'processing_tasks.summing_2', 'scheduled__2021-12-02T00:00:00+00:00', '--job-id', '20', '--raw', '--subdir', 'DAGS_FOLDER/poc_dag.py', '--cfg-path', '/tmp/tmpjnexentv', '--error-file', '/tmp/tmpds7nxn4j']
[2021-12-03 11:43:14,554] {standard_task_runner.py:77} INFO - Job 20: Subtask processing_tasks.summing_2
[2021-12-03 11:43:14,597] {logging_mixin.py:109} INFO - Running <TaskInstance: poc_dag.processing_tasks.summing_2 scheduled__2021-12-02T00:00:00+00:00 [running]> on host 646de778cfae
[2021-12-03 11:43:14,645] {taskinstance.py:1429} INFO - Exporting the following env vars:
AIRFLOW_CTX_DAG_OWNER=***
AIRFLOW_CTX_DAG_ID=poc_dag
AIRFLOW_CTX_TASK_ID=processing_tasks.summing_2
AIRFLOW_CTX_EXECUTION_DATE=2021-12-02T00:00:00+00:00
AIRFLOW_CTX_DAG_RUN_ID=scheduled__2021-12-02T00:00:00+00:00
[2021-12-03 11:43:14,646] {logging_mixin.py:109} INFO - summing with coeff 2
[2021-12-03 11:43:14,677] {logging_mixin.py:109} INFO - sum_2 result:  30538
[2021-12-03 11:43:14,688] {python.py:152} INFO - Done. Returned value was: None
[2021-12-03 11:43:14,701] {taskinstance.py:1280} INFO - Marking task as SUCCESS. dag_id=poc_dag, task_id=processing_tasks.summing_2, execution_date=20211202T000000, start_date=20211203T114314, end_date=20211203T114314
[2021-12-03 11:43:14,725] {local_task_job.py:154} INFO - Task exited with return code 0
[2021-12-03 11:43:14,772] {local_task_job.py:264} INFO - 0 downstream tasks scheduled from follow-on schedule check
