[2021-12-03 11:39:21,172] {taskinstance.py:1035} INFO - Dependencies all met for <TaskInstance: poc_dag.processing_tasks.summing_1 scheduled__2021-12-02T00:00:00+00:00 [queued]>
[2021-12-03 11:39:21,188] {taskinstance.py:1035} INFO - Dependencies all met for <TaskInstance: poc_dag.processing_tasks.summing_1 scheduled__2021-12-02T00:00:00+00:00 [queued]>
[2021-12-03 11:39:21,189] {taskinstance.py:1241} INFO - 
--------------------------------------------------------------------------------
[2021-12-03 11:39:21,189] {taskinstance.py:1242} INFO - Starting attempt 1 of 1
[2021-12-03 11:39:21,189] {taskinstance.py:1243} INFO - 
--------------------------------------------------------------------------------
[2021-12-03 11:39:21,205] {taskinstance.py:1262} INFO - Executing <Task(PythonOperator): processing_tasks.summing_1> on 2021-12-02 00:00:00+00:00
[2021-12-03 11:39:21,212] {standard_task_runner.py:52} INFO - Started process 115 to run task
[2021-12-03 11:39:21,215] {standard_task_runner.py:76} INFO - Running: ['***', 'tasks', 'run', 'poc_dag', 'processing_tasks.summing_1', 'scheduled__2021-12-02T00:00:00+00:00', '--job-id', '13', '--raw', '--subdir', 'DAGS_FOLDER/poc_dag.py', '--cfg-path', '/tmp/tmp_18a21d4', '--error-file', '/tmp/tmpu8hvn8v3']
[2021-12-03 11:39:21,215] {standard_task_runner.py:77} INFO - Job 13: Subtask processing_tasks.summing_1
[2021-12-03 11:39:21,268] {logging_mixin.py:109} INFO - Running <TaskInstance: poc_dag.processing_tasks.summing_1 scheduled__2021-12-02T00:00:00+00:00 [running]> on host 646de778cfae
[2021-12-03 11:39:21,350] {taskinstance.py:1429} INFO - Exporting the following env vars:
AIRFLOW_CTX_DAG_OWNER=***
AIRFLOW_CTX_DAG_ID=poc_dag
AIRFLOW_CTX_TASK_ID=processing_tasks.summing_1
AIRFLOW_CTX_EXECUTION_DATE=2021-12-02T00:00:00+00:00
AIRFLOW_CTX_DAG_RUN_ID=scheduled__2021-12-02T00:00:00+00:00
[2021-12-03 11:39:21,351] {logging_mixin.py:109} INFO - summing with coeff 1
[2021-12-03 11:39:21,382] {logging_mixin.py:109} INFO - sum_1 result:  15269
[2021-12-03 11:39:21,394] {python.py:152} INFO - Done. Returned value was: None
[2021-12-03 11:39:21,407] {taskinstance.py:1280} INFO - Marking task as SUCCESS. dag_id=poc_dag, task_id=processing_tasks.summing_1, execution_date=20211202T000000, start_date=20211203T113921, end_date=20211203T113921
[2021-12-03 11:39:21,466] {local_task_job.py:154} INFO - Task exited with return code 0
[2021-12-03 11:39:21,523] {local_task_job.py:264} INFO - 1 downstream tasks scheduled from follow-on schedule check
[2021-12-03 11:43:14,603] {taskinstance.py:1035} INFO - Dependencies all met for <TaskInstance: poc_dag.processing_tasks.summing_1 scheduled__2021-12-02T00:00:00+00:00 [queued]>
[2021-12-03 11:43:14,620] {taskinstance.py:1035} INFO - Dependencies all met for <TaskInstance: poc_dag.processing_tasks.summing_1 scheduled__2021-12-02T00:00:00+00:00 [queued]>
[2021-12-03 11:43:14,620] {taskinstance.py:1241} INFO - 
--------------------------------------------------------------------------------
[2021-12-03 11:43:14,620] {taskinstance.py:1242} INFO - Starting attempt 1 of 1
[2021-12-03 11:43:14,620] {taskinstance.py:1243} INFO - 
--------------------------------------------------------------------------------
[2021-12-03 11:43:14,647] {taskinstance.py:1262} INFO - Executing <Task(PythonOperator): processing_tasks.summing_1> on 2021-12-02 00:00:00+00:00
[2021-12-03 11:43:14,653] {standard_task_runner.py:52} INFO - Started process 150 to run task
[2021-12-03 11:43:14,656] {standard_task_runner.py:76} INFO - Running: ['***', 'tasks', 'run', 'poc_dag', 'processing_tasks.summing_1', 'scheduled__2021-12-02T00:00:00+00:00', '--job-id', '21', '--raw', '--subdir', 'DAGS_FOLDER/poc_dag.py', '--cfg-path', '/tmp/tmpw4mhzbsn', '--error-file', '/tmp/tmp_7urr0_3']
[2021-12-03 11:43:14,657] {standard_task_runner.py:77} INFO - Job 21: Subtask processing_tasks.summing_1
[2021-12-03 11:43:14,702] {logging_mixin.py:109} INFO - Running <TaskInstance: poc_dag.processing_tasks.summing_1 scheduled__2021-12-02T00:00:00+00:00 [running]> on host f4a422e3c3b1
[2021-12-03 11:43:14,753] {taskinstance.py:1429} INFO - Exporting the following env vars:
AIRFLOW_CTX_DAG_OWNER=***
AIRFLOW_CTX_DAG_ID=poc_dag
AIRFLOW_CTX_TASK_ID=processing_tasks.summing_1
AIRFLOW_CTX_EXECUTION_DATE=2021-12-02T00:00:00+00:00
AIRFLOW_CTX_DAG_RUN_ID=scheduled__2021-12-02T00:00:00+00:00
[2021-12-03 11:43:14,754] {logging_mixin.py:109} INFO - summing with coeff 1
[2021-12-03 11:43:14,776] {logging_mixin.py:109} INFO - sum_1 result:  15269
[2021-12-03 11:43:14,786] {python.py:152} INFO - Done. Returned value was: None
[2021-12-03 11:43:14,799] {taskinstance.py:1280} INFO - Marking task as SUCCESS. dag_id=poc_dag, task_id=processing_tasks.summing_1, execution_date=20211202T000000, start_date=20211203T114314, end_date=20211203T114314
[2021-12-03 11:43:14,828] {local_task_job.py:154} INFO - Task exited with return code 0
[2021-12-03 11:43:14,864] {local_task_job.py:264} INFO - 1 downstream tasks scheduled from follow-on schedule check
