[2021-12-03 11:39:19,510] {taskinstance.py:1035} INFO - Dependencies all met for <TaskInstance: poc_dag.processing_tasks.summing_2 manual__2021-12-03T11:39:13.520735+00:00 [queued]>
[2021-12-03 11:39:19,525] {taskinstance.py:1035} INFO - Dependencies all met for <TaskInstance: poc_dag.processing_tasks.summing_2 manual__2021-12-03T11:39:13.520735+00:00 [queued]>
[2021-12-03 11:39:19,525] {taskinstance.py:1241} INFO - 
--------------------------------------------------------------------------------
[2021-12-03 11:39:19,526] {taskinstance.py:1242} INFO - Starting attempt 1 of 1
[2021-12-03 11:39:19,526] {taskinstance.py:1243} INFO - 
--------------------------------------------------------------------------------
[2021-12-03 11:39:19,609] {taskinstance.py:1262} INFO - Executing <Task(PythonOperator): processing_tasks.summing_2> on 2021-12-03 11:39:13.520735+00:00
[2021-12-03 11:39:19,615] {standard_task_runner.py:52} INFO - Started process 124 to run task
[2021-12-03 11:39:19,619] {standard_task_runner.py:76} INFO - Running: ['***', 'tasks', 'run', 'poc_dag', 'processing_tasks.summing_2', 'manual__2021-12-03T11:39:13.520735+00:00', '--job-id', '12', '--raw', '--subdir', 'DAGS_FOLDER/poc_dag.py', '--cfg-path', '/tmp/tmpdflf_hzm', '--error-file', '/tmp/tmpn_7nogwd']
[2021-12-03 11:39:19,619] {standard_task_runner.py:77} INFO - Job 12: Subtask processing_tasks.summing_2
[2021-12-03 11:39:19,903] {logging_mixin.py:109} INFO - Running <TaskInstance: poc_dag.processing_tasks.summing_2 manual__2021-12-03T11:39:13.520735+00:00 [running]> on host f4a422e3c3b1
[2021-12-03 11:39:20,081] {taskinstance.py:1429} INFO - Exporting the following env vars:
AIRFLOW_CTX_DAG_OWNER=***
AIRFLOW_CTX_DAG_ID=poc_dag
AIRFLOW_CTX_TASK_ID=processing_tasks.summing_2
AIRFLOW_CTX_EXECUTION_DATE=2021-12-03T11:39:13.520735+00:00
AIRFLOW_CTX_DAG_RUN_ID=manual__2021-12-03T11:39:13.520735+00:00
[2021-12-03 11:39:20,083] {logging_mixin.py:109} INFO - summing with coeff 2
[2021-12-03 11:39:20,496] {logging_mixin.py:109} INFO - sum_2 result:  30538
[2021-12-03 11:39:20,559] {python.py:152} INFO - Done. Returned value was: None
[2021-12-03 11:39:20,574] {taskinstance.py:1280} INFO - Marking task as SUCCESS. dag_id=poc_dag, task_id=processing_tasks.summing_2, execution_date=20211203T113913, start_date=20211203T113919, end_date=20211203T113920
[2021-12-03 11:39:20,720] {local_task_job.py:154} INFO - Task exited with return code 0
[2021-12-03 11:39:20,803] {local_task_job.py:264} INFO - 0 downstream tasks scheduled from follow-on schedule check
