[2021-12-03 11:37:54,432] {processor.py:163} INFO - Started process (PID=49) to work on /opt/airflow/dags/poc_dag.py
[2021-12-03 11:37:54,443] {processor.py:625} INFO - Processing file /opt/airflow/dags/poc_dag.py for tasks to queue
[2021-12-03 11:37:54,444] {logging_mixin.py:109} INFO - [2021-12-03 11:37:54,444] {dagbag.py:500} INFO - Filling up the DagBag from /opt/airflow/dags/poc_dag.py
[2021-12-03 11:37:56,614] {processor.py:637} INFO - DAG(s) dict_keys(['poc_dag']) retrieved from /opt/airflow/dags/poc_dag.py
[2021-12-03 11:38:04,679] {logging_mixin.py:109} INFO - [2021-12-03 11:38:04,678] {providers_manager.py:156} WARNING - Exception when importing 'airflow.providers.google.leveldb.hooks.leveldb.LevelDBHook' from 'apache-airflow-providers-google' package: No module named 'plyvel'
[2021-12-03 11:38:06,745] {logging_mixin.py:109} INFO - [2021-12-03 11:38:06,745] {providers_manager.py:156} WARNING - Exception when importing 'airflow.providers.google.leveldb.hooks.leveldb.LevelDBHook' from 'apache-airflow-providers-google' package: No module named 'plyvel'
[2021-12-03 11:38:06,766] {logging_mixin.py:109} INFO - [2021-12-03 11:38:06,766] {manager.py:496} INFO - Created Permission View: can edit on DAG:poc_dag
[2021-12-03 11:38:06,773] {logging_mixin.py:109} INFO - [2021-12-03 11:38:06,773] {manager.py:496} INFO - Created Permission View: can read on DAG:poc_dag
[2021-12-03 11:38:06,773] {logging_mixin.py:109} INFO - [2021-12-03 11:38:06,773] {dag.py:2396} INFO - Sync 1 DAGs
[2021-12-03 11:38:06,780] {logging_mixin.py:109} INFO - [2021-12-03 11:38:06,779] {dag.py:2415} INFO - Creating ORM DAG for poc_dag
[2021-12-03 11:38:06,788] {logging_mixin.py:109} INFO - [2021-12-03 11:38:06,788] {dag.py:2928} INFO - Setting next_dagrun for poc_dag to 2021-12-02 00:00:00+00:00
[2021-12-03 11:38:06,800] {processor.py:171} INFO - Processing /opt/airflow/dags/poc_dag.py took 12.373 seconds
[2021-12-03 11:38:37,066] {processor.py:163} INFO - Started process (PID=88) to work on /opt/airflow/dags/poc_dag.py
[2021-12-03 11:38:37,068] {processor.py:625} INFO - Processing file /opt/airflow/dags/poc_dag.py for tasks to queue
[2021-12-03 11:38:37,069] {logging_mixin.py:109} INFO - [2021-12-03 11:38:37,069] {dagbag.py:500} INFO - Filling up the DagBag from /opt/airflow/dags/poc_dag.py
[2021-12-03 11:38:38,024] {processor.py:637} INFO - DAG(s) dict_keys(['poc_dag']) retrieved from /opt/airflow/dags/poc_dag.py
[2021-12-03 11:38:38,034] {logging_mixin.py:109} INFO - [2021-12-03 11:38:38,034] {dag.py:2396} INFO - Sync 1 DAGs
[2021-12-03 11:38:38,053] {logging_mixin.py:109} INFO - [2021-12-03 11:38:38,053] {dag.py:2928} INFO - Setting next_dagrun for poc_dag to 2021-12-02 00:00:00+00:00
[2021-12-03 11:38:38,063] {processor.py:171} INFO - Processing /opt/airflow/dags/poc_dag.py took 1.000 seconds
[2021-12-03 11:39:08,172] {processor.py:163} INFO - Started process (PID=116) to work on /opt/airflow/dags/poc_dag.py
[2021-12-03 11:39:08,174] {processor.py:625} INFO - Processing file /opt/airflow/dags/poc_dag.py for tasks to queue
[2021-12-03 11:39:08,175] {logging_mixin.py:109} INFO - [2021-12-03 11:39:08,175] {dagbag.py:500} INFO - Filling up the DagBag from /opt/airflow/dags/poc_dag.py
[2021-12-03 11:39:11,590] {processor.py:637} INFO - DAG(s) dict_keys(['poc_dag']) retrieved from /opt/airflow/dags/poc_dag.py
[2021-12-03 11:39:11,596] {logging_mixin.py:109} INFO - [2021-12-03 11:39:11,596] {dag.py:2396} INFO - Sync 1 DAGs
[2021-12-03 11:39:11,608] {logging_mixin.py:109} INFO - [2021-12-03 11:39:11,608] {dag.py:2928} INFO - Setting next_dagrun for poc_dag to 2021-12-03T00:00:00+00:00
[2021-12-03 11:39:11,677] {processor.py:171} INFO - Processing /opt/airflow/dags/poc_dag.py took 3.508 seconds
[2021-12-03 11:39:42,126] {processor.py:163} INFO - Started process (PID=156) to work on /opt/airflow/dags/poc_dag.py
[2021-12-03 11:39:42,128] {processor.py:625} INFO - Processing file /opt/airflow/dags/poc_dag.py for tasks to queue
[2021-12-03 11:39:42,305] {logging_mixin.py:109} INFO - [2021-12-03 11:39:42,305] {dagbag.py:500} INFO - Filling up the DagBag from /opt/airflow/dags/poc_dag.py
[2021-12-03 11:39:44,119] {processor.py:637} INFO - DAG(s) dict_keys(['poc_dag']) retrieved from /opt/airflow/dags/poc_dag.py
[2021-12-03 11:39:44,131] {logging_mixin.py:109} INFO - [2021-12-03 11:39:44,131] {dag.py:2396} INFO - Sync 1 DAGs
[2021-12-03 11:39:44,156] {logging_mixin.py:109} INFO - [2021-12-03 11:39:44,155] {dag.py:2928} INFO - Setting next_dagrun for poc_dag to 2021-12-03T00:00:00+00:00
[2021-12-03 11:39:44,167] {processor.py:171} INFO - Processing /opt/airflow/dags/poc_dag.py took 2.052 seconds
[2021-12-03 11:41:00,513] {processor.py:163} INFO - Started process (PID=43) to work on /opt/airflow/dags/poc_dag.py
[2021-12-03 11:41:00,514] {processor.py:625} INFO - Processing file /opt/airflow/dags/poc_dag.py for tasks to queue
[2021-12-03 11:41:00,515] {logging_mixin.py:109} INFO - [2021-12-03 11:41:00,514] {dagbag.py:500} INFO - Filling up the DagBag from /opt/airflow/dags/poc_dag.py
[2021-12-03 11:41:02,234] {processor.py:637} INFO - DAG(s) dict_keys(['poc_dag']) retrieved from /opt/airflow/dags/poc_dag.py
[2021-12-03 11:41:02,275] {logging_mixin.py:109} INFO - [2021-12-03 11:41:02,274] {dag.py:2396} INFO - Sync 1 DAGs
[2021-12-03 11:41:02,328] {logging_mixin.py:109} INFO - [2021-12-03 11:41:02,328] {dag.py:2928} INFO - Setting next_dagrun for poc_dag to 2021-12-03T00:00:00+00:00
[2021-12-03 11:41:02,370] {processor.py:171} INFO - Processing /opt/airflow/dags/poc_dag.py took 1.860 seconds
[2021-12-03 11:41:32,484] {processor.py:163} INFO - Started process (PID=71) to work on /opt/airflow/dags/poc_dag.py
[2021-12-03 11:41:32,486] {processor.py:625} INFO - Processing file /opt/airflow/dags/poc_dag.py for tasks to queue
[2021-12-03 11:41:32,487] {logging_mixin.py:109} INFO - [2021-12-03 11:41:32,487] {dagbag.py:500} INFO - Filling up the DagBag from /opt/airflow/dags/poc_dag.py
[2021-12-03 11:41:33,378] {processor.py:637} INFO - DAG(s) dict_keys(['poc_dag']) retrieved from /opt/airflow/dags/poc_dag.py
[2021-12-03 11:41:33,390] {logging_mixin.py:109} INFO - [2021-12-03 11:41:33,389] {dag.py:2396} INFO - Sync 1 DAGs
[2021-12-03 11:41:33,413] {logging_mixin.py:109} INFO - [2021-12-03 11:41:33,413] {dag.py:2928} INFO - Setting next_dagrun for poc_dag to 2021-12-03T00:00:00+00:00
[2021-12-03 11:41:33,423] {processor.py:171} INFO - Processing /opt/airflow/dags/poc_dag.py took 0.942 seconds
[2021-12-03 11:42:03,514] {processor.py:163} INFO - Started process (PID=100) to work on /opt/airflow/dags/poc_dag.py
[2021-12-03 11:42:03,515] {processor.py:625} INFO - Processing file /opt/airflow/dags/poc_dag.py for tasks to queue
[2021-12-03 11:42:03,517] {logging_mixin.py:109} INFO - [2021-12-03 11:42:03,516] {dagbag.py:500} INFO - Filling up the DagBag from /opt/airflow/dags/poc_dag.py
[2021-12-03 11:42:04,446] {processor.py:637} INFO - DAG(s) dict_keys(['poc_dag']) retrieved from /opt/airflow/dags/poc_dag.py
[2021-12-03 11:42:04,455] {logging_mixin.py:109} INFO - [2021-12-03 11:42:04,455] {dag.py:2396} INFO - Sync 1 DAGs
[2021-12-03 11:42:04,473] {logging_mixin.py:109} INFO - [2021-12-03 11:42:04,473] {dag.py:2928} INFO - Setting next_dagrun for poc_dag to 2021-12-03T00:00:00+00:00
[2021-12-03 11:42:04,482] {processor.py:171} INFO - Processing /opt/airflow/dags/poc_dag.py took 0.972 seconds
[2021-12-03 11:42:34,573] {processor.py:163} INFO - Started process (PID=136) to work on /opt/airflow/dags/poc_dag.py
[2021-12-03 11:42:34,575] {processor.py:625} INFO - Processing file /opt/airflow/dags/poc_dag.py for tasks to queue
[2021-12-03 11:42:34,576] {logging_mixin.py:109} INFO - [2021-12-03 11:42:34,576] {dagbag.py:500} INFO - Filling up the DagBag from /opt/airflow/dags/poc_dag.py
[2021-12-03 11:42:35,761] {processor.py:637} INFO - DAG(s) dict_keys(['poc_dag']) retrieved from /opt/airflow/dags/poc_dag.py
[2021-12-03 11:42:35,776] {logging_mixin.py:109} INFO - [2021-12-03 11:42:35,776] {dag.py:2396} INFO - Sync 1 DAGs
[2021-12-03 11:42:35,808] {logging_mixin.py:109} INFO - [2021-12-03 11:42:35,808] {dag.py:2928} INFO - Setting next_dagrun for poc_dag to 2021-12-03T00:00:00+00:00
[2021-12-03 11:42:35,821] {processor.py:171} INFO - Processing /opt/airflow/dags/poc_dag.py took 1.252 seconds
[2021-12-03 11:43:05,971] {processor.py:163} INFO - Started process (PID=163) to work on /opt/airflow/dags/poc_dag.py
[2021-12-03 11:43:05,972] {processor.py:625} INFO - Processing file /opt/airflow/dags/poc_dag.py for tasks to queue
[2021-12-03 11:43:05,973] {logging_mixin.py:109} INFO - [2021-12-03 11:43:05,973] {dagbag.py:500} INFO - Filling up the DagBag from /opt/airflow/dags/poc_dag.py
[2021-12-03 11:43:07,763] {processor.py:637} INFO - DAG(s) dict_keys(['poc_dag']) retrieved from /opt/airflow/dags/poc_dag.py
[2021-12-03 11:43:07,774] {logging_mixin.py:109} INFO - [2021-12-03 11:43:07,773] {dag.py:2396} INFO - Sync 1 DAGs
[2021-12-03 11:43:07,796] {logging_mixin.py:109} INFO - [2021-12-03 11:43:07,796] {dag.py:2928} INFO - Setting next_dagrun for poc_dag to 2021-12-02 00:00:00+00:00
[2021-12-03 11:43:07,812] {processor.py:171} INFO - Processing /opt/airflow/dags/poc_dag.py took 1.843 seconds
[2021-12-03 11:43:37,920] {processor.py:163} INFO - Started process (PID=205) to work on /opt/airflow/dags/poc_dag.py
[2021-12-03 11:43:37,923] {processor.py:625} INFO - Processing file /opt/airflow/dags/poc_dag.py for tasks to queue
[2021-12-03 11:43:37,926] {logging_mixin.py:109} INFO - [2021-12-03 11:43:37,925] {dagbag.py:500} INFO - Filling up the DagBag from /opt/airflow/dags/poc_dag.py
[2021-12-03 11:43:38,621] {processor.py:637} INFO - DAG(s) dict_keys(['poc_dag']) retrieved from /opt/airflow/dags/poc_dag.py
[2021-12-03 11:43:38,631] {logging_mixin.py:109} INFO - [2021-12-03 11:43:38,630] {dag.py:2396} INFO - Sync 1 DAGs
[2021-12-03 11:43:38,649] {logging_mixin.py:109} INFO - [2021-12-03 11:43:38,649] {dag.py:2928} INFO - Setting next_dagrun for poc_dag to 2021-12-03T00:00:00+00:00
[2021-12-03 11:43:38,658] {processor.py:171} INFO - Processing /opt/airflow/dags/poc_dag.py took 0.748 seconds
[2021-12-03 11:44:08,756] {processor.py:163} INFO - Started process (PID=234) to work on /opt/airflow/dags/poc_dag.py
[2021-12-03 11:44:08,757] {processor.py:625} INFO - Processing file /opt/airflow/dags/poc_dag.py for tasks to queue
[2021-12-03 11:44:08,769] {logging_mixin.py:109} INFO - [2021-12-03 11:44:08,768] {dagbag.py:500} INFO - Filling up the DagBag from /opt/airflow/dags/poc_dag.py
[2021-12-03 11:44:09,319] {processor.py:637} INFO - DAG(s) dict_keys(['poc_dag']) retrieved from /opt/airflow/dags/poc_dag.py
[2021-12-03 11:44:09,331] {logging_mixin.py:109} INFO - [2021-12-03 11:44:09,330] {dag.py:2396} INFO - Sync 1 DAGs
[2021-12-03 11:44:09,350] {logging_mixin.py:109} INFO - [2021-12-03 11:44:09,350] {dag.py:2928} INFO - Setting next_dagrun for poc_dag to 2021-12-03T00:00:00+00:00
[2021-12-03 11:44:09,360] {processor.py:171} INFO - Processing /opt/airflow/dags/poc_dag.py took 0.607 seconds
[2021-12-03 11:44:39,651] {processor.py:163} INFO - Started process (PID=274) to work on /opt/airflow/dags/poc_dag.py
[2021-12-03 11:44:39,653] {processor.py:625} INFO - Processing file /opt/airflow/dags/poc_dag.py for tasks to queue
[2021-12-03 11:44:39,658] {logging_mixin.py:109} INFO - [2021-12-03 11:44:39,658] {dagbag.py:500} INFO - Filling up the DagBag from /opt/airflow/dags/poc_dag.py
[2021-12-03 11:44:40,700] {processor.py:637} INFO - DAG(s) dict_keys(['poc_dag']) retrieved from /opt/airflow/dags/poc_dag.py
[2021-12-03 11:44:40,711] {logging_mixin.py:109} INFO - [2021-12-03 11:44:40,711] {dag.py:2396} INFO - Sync 1 DAGs
[2021-12-03 11:44:40,734] {logging_mixin.py:109} INFO - [2021-12-03 11:44:40,734] {dag.py:2928} INFO - Setting next_dagrun for poc_dag to 2021-12-03T00:00:00+00:00
[2021-12-03 11:44:40,746] {processor.py:171} INFO - Processing /opt/airflow/dags/poc_dag.py took 1.241 seconds
