[2021-12-03 11:39:21,174] {taskinstance.py:1035} INFO - Dependencies all met for <TaskInstance: poc_dag.processing_tasks.summing_1 manual__2021-12-03T11:39:13.520735+00:00 [queued]>
[2021-12-03 11:39:21,192] {taskinstance.py:1035} INFO - Dependencies all met for <TaskInstance: poc_dag.processing_tasks.summing_1 manual__2021-12-03T11:39:13.520735+00:00 [queued]>
[2021-12-03 11:39:21,192] {taskinstance.py:1241} INFO - 
--------------------------------------------------------------------------------
[2021-12-03 11:39:21,192] {taskinstance.py:1242} INFO - Starting attempt 1 of 1
[2021-12-03 11:39:21,192] {taskinstance.py:1243} INFO - 
--------------------------------------------------------------------------------
[2021-12-03 11:39:21,208] {taskinstance.py:1262} INFO - Executing <Task(PythonOperator): processing_tasks.summing_1> on 2021-12-03 11:39:13.520735+00:00
[2021-12-03 11:39:21,215] {standard_task_runner.py:52} INFO - Started process 116 to run task
[2021-12-03 11:39:21,218] {standard_task_runner.py:76} INFO - Running: ['***', 'tasks', 'run', 'poc_dag', 'processing_tasks.summing_1', 'manual__2021-12-03T11:39:13.520735+00:00', '--job-id', '14', '--raw', '--subdir', 'DAGS_FOLDER/poc_dag.py', '--cfg-path', '/tmp/tmph_ewrogw', '--error-file', '/tmp/tmpzhq0pmpd']
[2021-12-03 11:39:21,219] {standard_task_runner.py:77} INFO - Job 14: Subtask processing_tasks.summing_1
[2021-12-03 11:39:21,262] {logging_mixin.py:109} INFO - Running <TaskInstance: poc_dag.processing_tasks.summing_1 manual__2021-12-03T11:39:13.520735+00:00 [running]> on host 646de778cfae
[2021-12-03 11:39:21,326] {taskinstance.py:1429} INFO - Exporting the following env vars:
AIRFLOW_CTX_DAG_OWNER=***
AIRFLOW_CTX_DAG_ID=poc_dag
AIRFLOW_CTX_TASK_ID=processing_tasks.summing_1
AIRFLOW_CTX_EXECUTION_DATE=2021-12-03T11:39:13.520735+00:00
AIRFLOW_CTX_DAG_RUN_ID=manual__2021-12-03T11:39:13.520735+00:00
[2021-12-03 11:39:21,327] {logging_mixin.py:109} INFO - summing with coeff 1
[2021-12-03 11:39:21,367] {logging_mixin.py:109} INFO - sum_1 result:  15269
[2021-12-03 11:39:21,377] {python.py:152} INFO - Done. Returned value was: None
[2021-12-03 11:39:21,390] {taskinstance.py:1280} INFO - Marking task as SUCCESS. dag_id=poc_dag, task_id=processing_tasks.summing_1, execution_date=20211203T113913, start_date=20211203T113921, end_date=20211203T113921
[2021-12-03 11:39:21,430] {local_task_job.py:154} INFO - Task exited with return code 0
[2021-12-03 11:39:21,465] {local_task_job.py:264} INFO - 1 downstream tasks scheduled from follow-on schedule check
