[2021-12-03 11:39:14,390] {taskinstance.py:1035} INFO - Dependencies all met for <TaskInstance: poc_dag.downloading_data scheduled__2021-12-02T00:00:00+00:00 [queued]>
[2021-12-03 11:39:14,405] {taskinstance.py:1035} INFO - Dependencies all met for <TaskInstance: poc_dag.downloading_data scheduled__2021-12-02T00:00:00+00:00 [queued]>
[2021-12-03 11:39:14,405] {taskinstance.py:1241} INFO - 
--------------------------------------------------------------------------------
[2021-12-03 11:39:14,405] {taskinstance.py:1242} INFO - Starting attempt 1 of 1
[2021-12-03 11:39:14,406] {taskinstance.py:1243} INFO - 
--------------------------------------------------------------------------------
[2021-12-03 11:39:14,423] {taskinstance.py:1262} INFO - Executing <Task(BashOperator): downloading_data> on 2021-12-02 00:00:00+00:00
[2021-12-03 11:39:14,429] {standard_task_runner.py:52} INFO - Started process 113 to run task
[2021-12-03 11:39:14,433] {standard_task_runner.py:76} INFO - Running: ['***', 'tasks', 'run', 'poc_dag', 'downloading_data', 'scheduled__2021-12-02T00:00:00+00:00', '--job-id', '9', '--raw', '--subdir', 'DAGS_FOLDER/poc_dag.py', '--cfg-path', '/tmp/tmp9hso1pv0', '--error-file', '/tmp/tmplgvegq0v']
[2021-12-03 11:39:14,435] {standard_task_runner.py:77} INFO - Job 9: Subtask downloading_data
[2021-12-03 11:39:14,483] {logging_mixin.py:109} INFO - Running <TaskInstance: poc_dag.downloading_data scheduled__2021-12-02T00:00:00+00:00 [running]> on host f4a422e3c3b1
[2021-12-03 11:39:14,543] {taskinstance.py:1429} INFO - Exporting the following env vars:
AIRFLOW_CTX_DAG_OWNER=***
AIRFLOW_CTX_DAG_ID=poc_dag
AIRFLOW_CTX_TASK_ID=downloading_data
AIRFLOW_CTX_EXECUTION_DATE=2021-12-02T00:00:00+00:00
AIRFLOW_CTX_DAG_RUN_ID=scheduled__2021-12-02T00:00:00+00:00
[2021-12-03 11:39:14,545] {subprocess.py:62} INFO - Tmp dir root location: 
 /tmp
[2021-12-03 11:39:14,545] {subprocess.py:74} INFO - Running command: ['bash', '-c', 'sleep 3']
[2021-12-03 11:39:14,591] {subprocess.py:85} INFO - Output:
[2021-12-03 11:39:17,599] {subprocess.py:93} INFO - Command exited with return code 0
[2021-12-03 11:39:17,615] {taskinstance.py:1280} INFO - Marking task as SUCCESS. dag_id=poc_dag, task_id=downloading_data, execution_date=20211202T000000, start_date=20211203T113914, end_date=20211203T113917
[2021-12-03 11:39:17,655] {local_task_job.py:154} INFO - Task exited with return code 0
[2021-12-03 11:39:17,703] {local_task_job.py:264} INFO - 2 downstream tasks scheduled from follow-on schedule check
[2021-12-03 11:43:09,561] {taskinstance.py:1035} INFO - Dependencies all met for <TaskInstance: poc_dag.downloading_data scheduled__2021-12-02T00:00:00+00:00 [queued]>
[2021-12-03 11:43:09,577] {taskinstance.py:1035} INFO - Dependencies all met for <TaskInstance: poc_dag.downloading_data scheduled__2021-12-02T00:00:00+00:00 [queued]>
[2021-12-03 11:43:09,578] {taskinstance.py:1241} INFO - 
--------------------------------------------------------------------------------
[2021-12-03 11:43:09,578] {taskinstance.py:1242} INFO - Starting attempt 1 of 1
[2021-12-03 11:43:09,578] {taskinstance.py:1243} INFO - 
--------------------------------------------------------------------------------
[2021-12-03 11:43:09,594] {taskinstance.py:1262} INFO - Executing <Task(BashOperator): downloading_data> on 2021-12-02 00:00:00+00:00
[2021-12-03 11:43:09,603] {standard_task_runner.py:52} INFO - Started process 148 to run task
[2021-12-03 11:43:09,607] {standard_task_runner.py:76} INFO - Running: ['***', 'tasks', 'run', 'poc_dag', 'downloading_data', 'scheduled__2021-12-02T00:00:00+00:00', '--job-id', '19', '--raw', '--subdir', 'DAGS_FOLDER/poc_dag.py', '--cfg-path', '/tmp/tmpv93qsvvk', '--error-file', '/tmp/tmpcthm1grs']
[2021-12-03 11:43:09,608] {standard_task_runner.py:77} INFO - Job 19: Subtask downloading_data
[2021-12-03 11:43:09,654] {logging_mixin.py:109} INFO - Running <TaskInstance: poc_dag.downloading_data scheduled__2021-12-02T00:00:00+00:00 [running]> on host 646de778cfae
[2021-12-03 11:43:09,711] {taskinstance.py:1429} INFO - Exporting the following env vars:
AIRFLOW_CTX_DAG_OWNER=***
AIRFLOW_CTX_DAG_ID=poc_dag
AIRFLOW_CTX_TASK_ID=downloading_data
AIRFLOW_CTX_EXECUTION_DATE=2021-12-02T00:00:00+00:00
AIRFLOW_CTX_DAG_RUN_ID=scheduled__2021-12-02T00:00:00+00:00
[2021-12-03 11:43:09,712] {subprocess.py:62} INFO - Tmp dir root location: 
 /tmp
[2021-12-03 11:43:09,712] {subprocess.py:74} INFO - Running command: ['bash', '-c', 'sleep 3']
[2021-12-03 11:43:09,729] {subprocess.py:85} INFO - Output:
[2021-12-03 11:43:12,737] {subprocess.py:93} INFO - Command exited with return code 0
[2021-12-03 11:43:12,760] {taskinstance.py:1280} INFO - Marking task as SUCCESS. dag_id=poc_dag, task_id=downloading_data, execution_date=20211202T000000, start_date=20211203T114309, end_date=20211203T114312
[2021-12-03 11:43:12,827] {local_task_job.py:154} INFO - Task exited with return code 0
[2021-12-03 11:43:12,897] {local_task_job.py:264} INFO - 2 downstream tasks scheduled from follow-on schedule check
