[2021-12-03 11:21:08,521] {processor.py:163} INFO - Started process (PID=101) to work on /home/airflow/.local/lib/python3.7/site-packages/airflow/example_dags/example_latest_only.py
[2021-12-03 11:21:08,522] {processor.py:625} INFO - Processing file /home/airflow/.local/lib/python3.7/site-packages/airflow/example_dags/example_latest_only.py for tasks to queue
[2021-12-03 11:21:08,522] {logging_mixin.py:109} INFO - [2021-12-03 11:21:08,522] {dagbag.py:500} INFO - Filling up the DagBag from /home/airflow/.local/lib/python3.7/site-packages/airflow/example_dags/example_latest_only.py
[2021-12-03 11:21:08,547] {processor.py:637} INFO - DAG(s) dict_keys(['latest_only']) retrieved from /home/airflow/.local/lib/python3.7/site-packages/airflow/example_dags/example_latest_only.py
[2021-12-03 11:21:10,509] {logging_mixin.py:109} INFO - [2021-12-03 11:21:10,509] {providers_manager.py:156} WARNING - Exception when importing 'airflow.providers.google.leveldb.hooks.leveldb.LevelDBHook' from 'apache-airflow-providers-google' package: No module named 'plyvel'
[2021-12-03 11:21:10,989] {logging_mixin.py:109} INFO - [2021-12-03 11:21:10,989] {providers_manager.py:156} WARNING - Exception when importing 'airflow.providers.google.leveldb.hooks.leveldb.LevelDBHook' from 'apache-airflow-providers-google' package: No module named 'plyvel'
[2021-12-03 11:21:11,017] {logging_mixin.py:109} INFO - [2021-12-03 11:21:11,017] {manager.py:496} INFO - Created Permission View: can read on DAG:latest_only
[2021-12-03 11:21:11,030] {logging_mixin.py:109} INFO - [2021-12-03 11:21:11,030] {manager.py:496} INFO - Created Permission View: can edit on DAG:latest_only
[2021-12-03 11:21:11,032] {logging_mixin.py:109} INFO - [2021-12-03 11:21:11,032] {dag.py:2396} INFO - Sync 1 DAGs
[2021-12-03 11:21:11,042] {logging_mixin.py:109} INFO - [2021-12-03 11:21:11,041] {dag.py:2415} INFO - Creating ORM DAG for latest_only
[2021-12-03 11:21:11,054] {logging_mixin.py:109} INFO - [2021-12-03 11:21:11,054] {dag.py:2928} INFO - Setting next_dagrun for latest_only to 2021-12-03T07:21:11.053579+00:00
[2021-12-03 11:21:11,078] {processor.py:171} INFO - Processing /home/airflow/.local/lib/python3.7/site-packages/airflow/example_dags/example_latest_only.py took 2.559 seconds
[2021-12-03 11:21:41,707] {processor.py:163} INFO - Started process (PID=356) to work on /home/airflow/.local/lib/python3.7/site-packages/airflow/example_dags/example_latest_only.py
[2021-12-03 11:21:41,708] {processor.py:625} INFO - Processing file /home/airflow/.local/lib/python3.7/site-packages/airflow/example_dags/example_latest_only.py for tasks to queue
[2021-12-03 11:21:41,709] {logging_mixin.py:109} INFO - [2021-12-03 11:21:41,709] {dagbag.py:500} INFO - Filling up the DagBag from /home/airflow/.local/lib/python3.7/site-packages/airflow/example_dags/example_latest_only.py
[2021-12-03 11:21:41,736] {processor.py:637} INFO - DAG(s) dict_keys(['latest_only']) retrieved from /home/airflow/.local/lib/python3.7/site-packages/airflow/example_dags/example_latest_only.py
[2021-12-03 11:21:41,747] {logging_mixin.py:109} INFO - [2021-12-03 11:21:41,747] {dag.py:2396} INFO - Sync 1 DAGs
[2021-12-03 11:21:41,768] {logging_mixin.py:109} INFO - [2021-12-03 11:21:41,768] {dag.py:2928} INFO - Setting next_dagrun for latest_only to 2021-12-03T07:21:41.768007+00:00
[2021-12-03 11:21:41,779] {processor.py:171} INFO - Processing /home/airflow/.local/lib/python3.7/site-packages/airflow/example_dags/example_latest_only.py took 0.075 seconds
[2021-12-03 11:22:12,602] {processor.py:163} INFO - Started process (PID=407) to work on /home/airflow/.local/lib/python3.7/site-packages/airflow/example_dags/example_latest_only.py
[2021-12-03 11:22:12,603] {processor.py:625} INFO - Processing file /home/airflow/.local/lib/python3.7/site-packages/airflow/example_dags/example_latest_only.py for tasks to queue
[2021-12-03 11:22:12,604] {logging_mixin.py:109} INFO - [2021-12-03 11:22:12,604] {dagbag.py:500} INFO - Filling up the DagBag from /home/airflow/.local/lib/python3.7/site-packages/airflow/example_dags/example_latest_only.py
[2021-12-03 11:22:12,637] {processor.py:637} INFO - DAG(s) dict_keys(['latest_only']) retrieved from /home/airflow/.local/lib/python3.7/site-packages/airflow/example_dags/example_latest_only.py
[2021-12-03 11:22:12,650] {logging_mixin.py:109} INFO - [2021-12-03 11:22:12,650] {dag.py:2396} INFO - Sync 1 DAGs
[2021-12-03 11:22:12,670] {logging_mixin.py:109} INFO - [2021-12-03 11:22:12,670] {dag.py:2928} INFO - Setting next_dagrun for latest_only to 2021-12-03T07:22:12.670113+00:00
[2021-12-03 11:22:12,681] {processor.py:171} INFO - Processing /home/airflow/.local/lib/python3.7/site-packages/airflow/example_dags/example_latest_only.py took 0.083 seconds
[2021-12-03 11:22:42,801] {processor.py:163} INFO - Started process (PID=468) to work on /home/airflow/.local/lib/python3.7/site-packages/airflow/example_dags/example_latest_only.py
[2021-12-03 11:22:42,802] {processor.py:625} INFO - Processing file /home/airflow/.local/lib/python3.7/site-packages/airflow/example_dags/example_latest_only.py for tasks to queue
[2021-12-03 11:22:42,803] {logging_mixin.py:109} INFO - [2021-12-03 11:22:42,802] {dagbag.py:500} INFO - Filling up the DagBag from /home/airflow/.local/lib/python3.7/site-packages/airflow/example_dags/example_latest_only.py
[2021-12-03 11:22:42,832] {processor.py:637} INFO - DAG(s) dict_keys(['latest_only']) retrieved from /home/airflow/.local/lib/python3.7/site-packages/airflow/example_dags/example_latest_only.py
[2021-12-03 11:22:42,844] {logging_mixin.py:109} INFO - [2021-12-03 11:22:42,844] {dag.py:2396} INFO - Sync 1 DAGs
[2021-12-03 11:22:42,867] {logging_mixin.py:109} INFO - [2021-12-03 11:22:42,867] {dag.py:2928} INFO - Setting next_dagrun for latest_only to 2021-12-03T07:22:42.867193+00:00
[2021-12-03 11:22:42,886] {processor.py:171} INFO - Processing /home/airflow/.local/lib/python3.7/site-packages/airflow/example_dags/example_latest_only.py took 0.088 seconds
[2021-12-03 11:23:12,998] {processor.py:163} INFO - Started process (PID=523) to work on /home/airflow/.local/lib/python3.7/site-packages/airflow/example_dags/example_latest_only.py
[2021-12-03 11:23:12,999] {processor.py:625} INFO - Processing file /home/airflow/.local/lib/python3.7/site-packages/airflow/example_dags/example_latest_only.py for tasks to queue
[2021-12-03 11:23:13,000] {logging_mixin.py:109} INFO - [2021-12-03 11:23:13,000] {dagbag.py:500} INFO - Filling up the DagBag from /home/airflow/.local/lib/python3.7/site-packages/airflow/example_dags/example_latest_only.py
[2021-12-03 11:23:13,027] {processor.py:637} INFO - DAG(s) dict_keys(['latest_only']) retrieved from /home/airflow/.local/lib/python3.7/site-packages/airflow/example_dags/example_latest_only.py
[2021-12-03 11:23:13,040] {logging_mixin.py:109} INFO - [2021-12-03 11:23:13,040] {dag.py:2396} INFO - Sync 1 DAGs
[2021-12-03 11:23:13,058] {logging_mixin.py:109} INFO - [2021-12-03 11:23:13,057] {dag.py:2928} INFO - Setting next_dagrun for latest_only to 2021-12-03T07:23:13.057592+00:00
[2021-12-03 11:23:13,068] {processor.py:171} INFO - Processing /home/airflow/.local/lib/python3.7/site-packages/airflow/example_dags/example_latest_only.py took 0.072 seconds
[2021-12-03 11:23:43,331] {processor.py:163} INFO - Started process (PID=574) to work on /home/airflow/.local/lib/python3.7/site-packages/airflow/example_dags/example_latest_only.py
[2021-12-03 11:23:43,332] {processor.py:625} INFO - Processing file /home/airflow/.local/lib/python3.7/site-packages/airflow/example_dags/example_latest_only.py for tasks to queue
[2021-12-03 11:23:43,333] {logging_mixin.py:109} INFO - [2021-12-03 11:23:43,333] {dagbag.py:500} INFO - Filling up the DagBag from /home/airflow/.local/lib/python3.7/site-packages/airflow/example_dags/example_latest_only.py
[2021-12-03 11:23:43,371] {processor.py:637} INFO - DAG(s) dict_keys(['latest_only']) retrieved from /home/airflow/.local/lib/python3.7/site-packages/airflow/example_dags/example_latest_only.py
[2021-12-03 11:23:43,382] {logging_mixin.py:109} INFO - [2021-12-03 11:23:43,382] {dag.py:2396} INFO - Sync 1 DAGs
[2021-12-03 11:23:43,404] {logging_mixin.py:109} INFO - [2021-12-03 11:23:43,403] {dag.py:2928} INFO - Setting next_dagrun for latest_only to 2021-12-03T07:23:43.403555+00:00
[2021-12-03 11:23:43,415] {processor.py:171} INFO - Processing /home/airflow/.local/lib/python3.7/site-packages/airflow/example_dags/example_latest_only.py took 0.087 seconds
[2021-12-03 11:24:13,850] {processor.py:163} INFO - Started process (PID=625) to work on /home/airflow/.local/lib/python3.7/site-packages/airflow/example_dags/example_latest_only.py
[2021-12-03 11:24:13,851] {processor.py:625} INFO - Processing file /home/airflow/.local/lib/python3.7/site-packages/airflow/example_dags/example_latest_only.py for tasks to queue
[2021-12-03 11:24:13,852] {logging_mixin.py:109} INFO - [2021-12-03 11:24:13,852] {dagbag.py:500} INFO - Filling up the DagBag from /home/airflow/.local/lib/python3.7/site-packages/airflow/example_dags/example_latest_only.py
[2021-12-03 11:24:13,882] {processor.py:637} INFO - DAG(s) dict_keys(['latest_only']) retrieved from /home/airflow/.local/lib/python3.7/site-packages/airflow/example_dags/example_latest_only.py
[2021-12-03 11:24:13,894] {logging_mixin.py:109} INFO - [2021-12-03 11:24:13,894] {dag.py:2396} INFO - Sync 1 DAGs
[2021-12-03 11:24:13,912] {logging_mixin.py:109} INFO - [2021-12-03 11:24:13,912] {dag.py:2928} INFO - Setting next_dagrun for latest_only to 2021-12-03T07:24:13.912356+00:00
[2021-12-03 11:24:13,924] {processor.py:171} INFO - Processing /home/airflow/.local/lib/python3.7/site-packages/airflow/example_dags/example_latest_only.py took 0.078 seconds
[2021-12-03 11:24:44,393] {processor.py:163} INFO - Started process (PID=686) to work on /home/airflow/.local/lib/python3.7/site-packages/airflow/example_dags/example_latest_only.py
[2021-12-03 11:24:44,395] {processor.py:625} INFO - Processing file /home/airflow/.local/lib/python3.7/site-packages/airflow/example_dags/example_latest_only.py for tasks to queue
[2021-12-03 11:24:44,395] {logging_mixin.py:109} INFO - [2021-12-03 11:24:44,395] {dagbag.py:500} INFO - Filling up the DagBag from /home/airflow/.local/lib/python3.7/site-packages/airflow/example_dags/example_latest_only.py
[2021-12-03 11:24:44,427] {processor.py:637} INFO - DAG(s) dict_keys(['latest_only']) retrieved from /home/airflow/.local/lib/python3.7/site-packages/airflow/example_dags/example_latest_only.py
[2021-12-03 11:24:44,440] {logging_mixin.py:109} INFO - [2021-12-03 11:24:44,440] {dag.py:2396} INFO - Sync 1 DAGs
[2021-12-03 11:24:44,463] {logging_mixin.py:109} INFO - [2021-12-03 11:24:44,462] {dag.py:2928} INFO - Setting next_dagrun for latest_only to 2021-12-03T07:24:44.462642+00:00
[2021-12-03 11:24:44,475] {processor.py:171} INFO - Processing /home/airflow/.local/lib/python3.7/site-packages/airflow/example_dags/example_latest_only.py took 0.085 seconds
[2021-12-03 11:25:14,854] {processor.py:163} INFO - Started process (PID=738) to work on /home/airflow/.local/lib/python3.7/site-packages/airflow/example_dags/example_latest_only.py
[2021-12-03 11:25:14,855] {processor.py:625} INFO - Processing file /home/airflow/.local/lib/python3.7/site-packages/airflow/example_dags/example_latest_only.py for tasks to queue
[2021-12-03 11:25:14,856] {logging_mixin.py:109} INFO - [2021-12-03 11:25:14,856] {dagbag.py:500} INFO - Filling up the DagBag from /home/airflow/.local/lib/python3.7/site-packages/airflow/example_dags/example_latest_only.py
[2021-12-03 11:25:14,892] {processor.py:637} INFO - DAG(s) dict_keys(['latest_only']) retrieved from /home/airflow/.local/lib/python3.7/site-packages/airflow/example_dags/example_latest_only.py
[2021-12-03 11:25:14,907] {logging_mixin.py:109} INFO - [2021-12-03 11:25:14,906] {dag.py:2396} INFO - Sync 1 DAGs
[2021-12-03 11:25:14,931] {logging_mixin.py:109} INFO - [2021-12-03 11:25:14,931] {dag.py:2928} INFO - Setting next_dagrun for latest_only to 2021-12-03T07:25:14.931076+00:00
[2021-12-03 11:25:14,943] {processor.py:171} INFO - Processing /home/airflow/.local/lib/python3.7/site-packages/airflow/example_dags/example_latest_only.py took 0.093 seconds
[2021-12-03 11:25:45,027] {processor.py:163} INFO - Started process (PID=791) to work on /home/airflow/.local/lib/python3.7/site-packages/airflow/example_dags/example_latest_only.py
[2021-12-03 11:25:45,029] {processor.py:625} INFO - Processing file /home/airflow/.local/lib/python3.7/site-packages/airflow/example_dags/example_latest_only.py for tasks to queue
[2021-12-03 11:25:45,030] {logging_mixin.py:109} INFO - [2021-12-03 11:25:45,029] {dagbag.py:500} INFO - Filling up the DagBag from /home/airflow/.local/lib/python3.7/site-packages/airflow/example_dags/example_latest_only.py
[2021-12-03 11:25:45,063] {processor.py:637} INFO - DAG(s) dict_keys(['latest_only']) retrieved from /home/airflow/.local/lib/python3.7/site-packages/airflow/example_dags/example_latest_only.py
[2021-12-03 11:25:45,075] {logging_mixin.py:109} INFO - [2021-12-03 11:25:45,075] {dag.py:2396} INFO - Sync 1 DAGs
[2021-12-03 11:25:45,095] {logging_mixin.py:109} INFO - [2021-12-03 11:25:45,095] {dag.py:2928} INFO - Setting next_dagrun for latest_only to 2021-12-03T07:25:45.095272+00:00
[2021-12-03 11:25:45,105] {processor.py:171} INFO - Processing /home/airflow/.local/lib/python3.7/site-packages/airflow/example_dags/example_latest_only.py took 0.081 seconds
[2021-12-03 11:26:15,769] {processor.py:163} INFO - Started process (PID=851) to work on /home/airflow/.local/lib/python3.7/site-packages/airflow/example_dags/example_latest_only.py
[2021-12-03 11:26:15,770] {processor.py:625} INFO - Processing file /home/airflow/.local/lib/python3.7/site-packages/airflow/example_dags/example_latest_only.py for tasks to queue
[2021-12-03 11:26:15,771] {logging_mixin.py:109} INFO - [2021-12-03 11:26:15,771] {dagbag.py:500} INFO - Filling up the DagBag from /home/airflow/.local/lib/python3.7/site-packages/airflow/example_dags/example_latest_only.py
[2021-12-03 11:26:15,800] {processor.py:637} INFO - DAG(s) dict_keys(['latest_only']) retrieved from /home/airflow/.local/lib/python3.7/site-packages/airflow/example_dags/example_latest_only.py
[2021-12-03 11:26:15,812] {logging_mixin.py:109} INFO - [2021-12-03 11:26:15,812] {dag.py:2396} INFO - Sync 1 DAGs
[2021-12-03 11:26:15,834] {logging_mixin.py:109} INFO - [2021-12-03 11:26:15,834] {dag.py:2928} INFO - Setting next_dagrun for latest_only to 2021-12-03T07:26:15.834004+00:00
[2021-12-03 11:26:15,847] {processor.py:171} INFO - Processing /home/airflow/.local/lib/python3.7/site-packages/airflow/example_dags/example_latest_only.py took 0.082 seconds
[2021-12-03 11:26:46,173] {processor.py:163} INFO - Started process (PID=902) to work on /home/airflow/.local/lib/python3.7/site-packages/airflow/example_dags/example_latest_only.py
[2021-12-03 11:26:46,174] {processor.py:625} INFO - Processing file /home/airflow/.local/lib/python3.7/site-packages/airflow/example_dags/example_latest_only.py for tasks to queue
[2021-12-03 11:26:46,175] {logging_mixin.py:109} INFO - [2021-12-03 11:26:46,175] {dagbag.py:500} INFO - Filling up the DagBag from /home/airflow/.local/lib/python3.7/site-packages/airflow/example_dags/example_latest_only.py
[2021-12-03 11:26:46,205] {processor.py:637} INFO - DAG(s) dict_keys(['latest_only']) retrieved from /home/airflow/.local/lib/python3.7/site-packages/airflow/example_dags/example_latest_only.py
[2021-12-03 11:26:46,217] {logging_mixin.py:109} INFO - [2021-12-03 11:26:46,217] {dag.py:2396} INFO - Sync 1 DAGs
[2021-12-03 11:26:46,237] {logging_mixin.py:109} INFO - [2021-12-03 11:26:46,236] {dag.py:2928} INFO - Setting next_dagrun for latest_only to 2021-12-03T07:26:46.236587+00:00
[2021-12-03 11:26:46,247] {processor.py:171} INFO - Processing /home/airflow/.local/lib/python3.7/site-packages/airflow/example_dags/example_latest_only.py took 0.077 seconds
[2021-12-03 11:27:16,720] {processor.py:163} INFO - Started process (PID=964) to work on /home/airflow/.local/lib/python3.7/site-packages/airflow/example_dags/example_latest_only.py
[2021-12-03 11:27:16,721] {processor.py:625} INFO - Processing file /home/airflow/.local/lib/python3.7/site-packages/airflow/example_dags/example_latest_only.py for tasks to queue
[2021-12-03 11:27:16,722] {logging_mixin.py:109} INFO - [2021-12-03 11:27:16,722] {dagbag.py:500} INFO - Filling up the DagBag from /home/airflow/.local/lib/python3.7/site-packages/airflow/example_dags/example_latest_only.py
[2021-12-03 11:27:16,747] {processor.py:637} INFO - DAG(s) dict_keys(['latest_only']) retrieved from /home/airflow/.local/lib/python3.7/site-packages/airflow/example_dags/example_latest_only.py
[2021-12-03 11:27:16,757] {logging_mixin.py:109} INFO - [2021-12-03 11:27:16,757] {dag.py:2396} INFO - Sync 1 DAGs
[2021-12-03 11:27:16,775] {logging_mixin.py:109} INFO - [2021-12-03 11:27:16,775] {dag.py:2928} INFO - Setting next_dagrun for latest_only to 2021-12-03T07:27:16.775000+00:00
[2021-12-03 11:27:16,784] {processor.py:171} INFO - Processing /home/airflow/.local/lib/python3.7/site-packages/airflow/example_dags/example_latest_only.py took 0.067 seconds
[2021-12-03 11:27:47,291] {processor.py:163} INFO - Started process (PID=1016) to work on /home/airflow/.local/lib/python3.7/site-packages/airflow/example_dags/example_latest_only.py
[2021-12-03 11:27:47,292] {processor.py:625} INFO - Processing file /home/airflow/.local/lib/python3.7/site-packages/airflow/example_dags/example_latest_only.py for tasks to queue
[2021-12-03 11:27:47,293] {logging_mixin.py:109} INFO - [2021-12-03 11:27:47,293] {dagbag.py:500} INFO - Filling up the DagBag from /home/airflow/.local/lib/python3.7/site-packages/airflow/example_dags/example_latest_only.py
[2021-12-03 11:27:47,320] {processor.py:637} INFO - DAG(s) dict_keys(['latest_only']) retrieved from /home/airflow/.local/lib/python3.7/site-packages/airflow/example_dags/example_latest_only.py
[2021-12-03 11:27:47,333] {logging_mixin.py:109} INFO - [2021-12-03 11:27:47,333] {dag.py:2396} INFO - Sync 1 DAGs
[2021-12-03 11:27:47,357] {logging_mixin.py:109} INFO - [2021-12-03 11:27:47,357] {dag.py:2928} INFO - Setting next_dagrun for latest_only to 2021-12-03T07:27:47.356876+00:00
[2021-12-03 11:27:47,588] {processor.py:171} INFO - Processing /home/airflow/.local/lib/python3.7/site-packages/airflow/example_dags/example_latest_only.py took 0.301 seconds
[2021-12-03 11:28:17,738] {processor.py:163} INFO - Started process (PID=1067) to work on /home/airflow/.local/lib/python3.7/site-packages/airflow/example_dags/example_latest_only.py
[2021-12-03 11:28:17,739] {processor.py:625} INFO - Processing file /home/airflow/.local/lib/python3.7/site-packages/airflow/example_dags/example_latest_only.py for tasks to queue
[2021-12-03 11:28:17,740] {logging_mixin.py:109} INFO - [2021-12-03 11:28:17,740] {dagbag.py:500} INFO - Filling up the DagBag from /home/airflow/.local/lib/python3.7/site-packages/airflow/example_dags/example_latest_only.py
[2021-12-03 11:28:17,769] {processor.py:637} INFO - DAG(s) dict_keys(['latest_only']) retrieved from /home/airflow/.local/lib/python3.7/site-packages/airflow/example_dags/example_latest_only.py
[2021-12-03 11:28:17,779] {logging_mixin.py:109} INFO - [2021-12-03 11:28:17,779] {dag.py:2396} INFO - Sync 1 DAGs
[2021-12-03 11:28:17,889] {logging_mixin.py:109} INFO - [2021-12-03 11:28:17,889] {dag.py:2928} INFO - Setting next_dagrun for latest_only to 2021-12-03T07:28:17.889362+00:00
[2021-12-03 11:28:17,901] {processor.py:171} INFO - Processing /home/airflow/.local/lib/python3.7/site-packages/airflow/example_dags/example_latest_only.py took 0.167 seconds
[2021-12-03 11:28:48,001] {processor.py:163} INFO - Started process (PID=1127) to work on /home/airflow/.local/lib/python3.7/site-packages/airflow/example_dags/example_latest_only.py
[2021-12-03 11:28:48,003] {processor.py:625} INFO - Processing file /home/airflow/.local/lib/python3.7/site-packages/airflow/example_dags/example_latest_only.py for tasks to queue
[2021-12-03 11:28:48,003] {logging_mixin.py:109} INFO - [2021-12-03 11:28:48,003] {dagbag.py:500} INFO - Filling up the DagBag from /home/airflow/.local/lib/python3.7/site-packages/airflow/example_dags/example_latest_only.py
[2021-12-03 11:28:48,035] {processor.py:637} INFO - DAG(s) dict_keys(['latest_only']) retrieved from /home/airflow/.local/lib/python3.7/site-packages/airflow/example_dags/example_latest_only.py
[2021-12-03 11:28:48,049] {logging_mixin.py:109} INFO - [2021-12-03 11:28:48,049] {dag.py:2396} INFO - Sync 1 DAGs
[2021-12-03 11:28:48,171] {logging_mixin.py:109} INFO - [2021-12-03 11:28:48,171] {dag.py:2928} INFO - Setting next_dagrun for latest_only to 2021-12-03T07:28:48.171181+00:00
[2021-12-03 11:28:48,182] {processor.py:171} INFO - Processing /home/airflow/.local/lib/python3.7/site-packages/airflow/example_dags/example_latest_only.py took 0.184 seconds
[2021-12-03 11:29:18,206] {processor.py:163} INFO - Started process (PID=1178) to work on /home/airflow/.local/lib/python3.7/site-packages/airflow/example_dags/example_latest_only.py
[2021-12-03 11:29:18,207] {processor.py:625} INFO - Processing file /home/airflow/.local/lib/python3.7/site-packages/airflow/example_dags/example_latest_only.py for tasks to queue
[2021-12-03 11:29:18,207] {logging_mixin.py:109} INFO - [2021-12-03 11:29:18,207] {dagbag.py:500} INFO - Filling up the DagBag from /home/airflow/.local/lib/python3.7/site-packages/airflow/example_dags/example_latest_only.py
[2021-12-03 11:29:18,232] {processor.py:637} INFO - DAG(s) dict_keys(['latest_only']) retrieved from /home/airflow/.local/lib/python3.7/site-packages/airflow/example_dags/example_latest_only.py
[2021-12-03 11:29:18,243] {logging_mixin.py:109} INFO - [2021-12-03 11:29:18,243] {dag.py:2396} INFO - Sync 1 DAGs
[2021-12-03 11:29:18,357] {logging_mixin.py:109} INFO - [2021-12-03 11:29:18,356] {dag.py:2928} INFO - Setting next_dagrun for latest_only to 2021-12-03T07:29:18.356574+00:00
[2021-12-03 11:29:18,370] {processor.py:171} INFO - Processing /home/airflow/.local/lib/python3.7/site-packages/airflow/example_dags/example_latest_only.py took 0.166 seconds
[2021-12-03 11:30:51,236] {processor.py:163} INFO - Started process (PID=47) to work on /home/airflow/.local/lib/python3.7/site-packages/airflow/example_dags/example_latest_only.py
[2021-12-03 11:30:51,246] {processor.py:625} INFO - Processing file /home/airflow/.local/lib/python3.7/site-packages/airflow/example_dags/example_latest_only.py for tasks to queue
[2021-12-03 11:30:51,247] {logging_mixin.py:109} INFO - [2021-12-03 11:30:51,247] {dagbag.py:500} INFO - Filling up the DagBag from /home/airflow/.local/lib/python3.7/site-packages/airflow/example_dags/example_latest_only.py
[2021-12-03 11:30:51,308] {processor.py:637} INFO - DAG(s) dict_keys(['latest_only']) retrieved from /home/airflow/.local/lib/python3.7/site-packages/airflow/example_dags/example_latest_only.py
[2021-12-03 11:30:51,322] {logging_mixin.py:109} INFO - [2021-12-03 11:30:51,322] {dag.py:2396} INFO - Sync 1 DAGs
[2021-12-03 11:30:51,356] {logging_mixin.py:109} INFO - [2021-12-03 11:30:51,355] {dag.py:2928} INFO - Setting next_dagrun for latest_only to 2021-12-03T07:30:51.355531+00:00
[2021-12-03 11:30:51,386] {processor.py:171} INFO - Processing /home/airflow/.local/lib/python3.7/site-packages/airflow/example_dags/example_latest_only.py took 0.153 seconds
