[2021-12-03 11:21:31,972] {processor.py:163} INFO - Started process (PID=294) to work on /home/airflow/.local/lib/python3.7/site-packages/airflow/example_dags/example_branch_day_of_week_operator.py
[2021-12-03 11:21:31,973] {processor.py:625} INFO - Processing file /home/airflow/.local/lib/python3.7/site-packages/airflow/example_dags/example_branch_day_of_week_operator.py for tasks to queue
[2021-12-03 11:21:31,974] {logging_mixin.py:109} INFO - [2021-12-03 11:21:31,974] {dagbag.py:500} INFO - Filling up the DagBag from /home/airflow/.local/lib/python3.7/site-packages/airflow/example_dags/example_branch_day_of_week_operator.py
[2021-12-03 11:21:32,011] {processor.py:637} INFO - DAG(s) dict_keys(['example_weekday_branch_operator']) retrieved from /home/airflow/.local/lib/python3.7/site-packages/airflow/example_dags/example_branch_day_of_week_operator.py
[2021-12-03 11:21:33,703] {logging_mixin.py:109} INFO - [2021-12-03 11:21:33,703] {providers_manager.py:156} WARNING - Exception when importing 'airflow.providers.google.leveldb.hooks.leveldb.LevelDBHook' from 'apache-airflow-providers-google' package: No module named 'plyvel'
[2021-12-03 11:21:34,028] {logging_mixin.py:109} INFO - [2021-12-03 11:21:34,028] {providers_manager.py:156} WARNING - Exception when importing 'airflow.providers.google.leveldb.hooks.leveldb.LevelDBHook' from 'apache-airflow-providers-google' package: No module named 'plyvel'
[2021-12-03 11:21:34,053] {logging_mixin.py:109} INFO - [2021-12-03 11:21:34,053] {manager.py:496} INFO - Created Permission View: can read on DAG:example_weekday_branch_operator
[2021-12-03 11:21:34,060] {logging_mixin.py:109} INFO - [2021-12-03 11:21:34,060] {manager.py:496} INFO - Created Permission View: can edit on DAG:example_weekday_branch_operator
[2021-12-03 11:21:34,061] {logging_mixin.py:109} INFO - [2021-12-03 11:21:34,061] {dag.py:2396} INFO - Sync 1 DAGs
[2021-12-03 11:21:34,068] {logging_mixin.py:109} INFO - [2021-12-03 11:21:34,068] {dag.py:2415} INFO - Creating ORM DAG for example_weekday_branch_operator
[2021-12-03 11:21:34,079] {logging_mixin.py:109} INFO - [2021-12-03 11:21:34,079] {dag.py:2928} INFO - Setting next_dagrun for example_weekday_branch_operator to 2021-12-02 00:00:00+00:00
[2021-12-03 11:21:34,094] {processor.py:171} INFO - Processing /home/airflow/.local/lib/python3.7/site-packages/airflow/example_dags/example_branch_day_of_week_operator.py took 2.126 seconds
[2021-12-03 11:22:04,303] {processor.py:163} INFO - Started process (PID=394) to work on /home/airflow/.local/lib/python3.7/site-packages/airflow/example_dags/example_branch_day_of_week_operator.py
[2021-12-03 11:22:04,308] {processor.py:625} INFO - Processing file /home/airflow/.local/lib/python3.7/site-packages/airflow/example_dags/example_branch_day_of_week_operator.py for tasks to queue
[2021-12-03 11:22:04,308] {logging_mixin.py:109} INFO - [2021-12-03 11:22:04,308] {dagbag.py:500} INFO - Filling up the DagBag from /home/airflow/.local/lib/python3.7/site-packages/airflow/example_dags/example_branch_day_of_week_operator.py
[2021-12-03 11:22:04,343] {processor.py:637} INFO - DAG(s) dict_keys(['example_weekday_branch_operator']) retrieved from /home/airflow/.local/lib/python3.7/site-packages/airflow/example_dags/example_branch_day_of_week_operator.py
[2021-12-03 11:22:04,357] {logging_mixin.py:109} INFO - [2021-12-03 11:22:04,357] {dag.py:2396} INFO - Sync 1 DAGs
[2021-12-03 11:22:04,385] {logging_mixin.py:109} INFO - [2021-12-03 11:22:04,385] {dag.py:2928} INFO - Setting next_dagrun for example_weekday_branch_operator to 2021-12-02 00:00:00+00:00
[2021-12-03 11:22:04,397] {processor.py:171} INFO - Processing /home/airflow/.local/lib/python3.7/site-packages/airflow/example_dags/example_branch_day_of_week_operator.py took 0.097 seconds
[2021-12-03 11:22:34,430] {processor.py:163} INFO - Started process (PID=446) to work on /home/airflow/.local/lib/python3.7/site-packages/airflow/example_dags/example_branch_day_of_week_operator.py
[2021-12-03 11:22:34,431] {processor.py:625} INFO - Processing file /home/airflow/.local/lib/python3.7/site-packages/airflow/example_dags/example_branch_day_of_week_operator.py for tasks to queue
[2021-12-03 11:22:34,432] {logging_mixin.py:109} INFO - [2021-12-03 11:22:34,432] {dagbag.py:500} INFO - Filling up the DagBag from /home/airflow/.local/lib/python3.7/site-packages/airflow/example_dags/example_branch_day_of_week_operator.py
[2021-12-03 11:22:34,465] {processor.py:637} INFO - DAG(s) dict_keys(['example_weekday_branch_operator']) retrieved from /home/airflow/.local/lib/python3.7/site-packages/airflow/example_dags/example_branch_day_of_week_operator.py
[2021-12-03 11:22:34,475] {logging_mixin.py:109} INFO - [2021-12-03 11:22:34,475] {dag.py:2396} INFO - Sync 1 DAGs
[2021-12-03 11:22:34,492] {logging_mixin.py:109} INFO - [2021-12-03 11:22:34,492] {dag.py:2928} INFO - Setting next_dagrun for example_weekday_branch_operator to 2021-12-02 00:00:00+00:00
[2021-12-03 11:22:34,501] {processor.py:171} INFO - Processing /home/airflow/.local/lib/python3.7/site-packages/airflow/example_dags/example_branch_day_of_week_operator.py took 0.074 seconds
[2021-12-03 11:23:04,629] {processor.py:163} INFO - Started process (PID=498) to work on /home/airflow/.local/lib/python3.7/site-packages/airflow/example_dags/example_branch_day_of_week_operator.py
[2021-12-03 11:23:04,630] {processor.py:625} INFO - Processing file /home/airflow/.local/lib/python3.7/site-packages/airflow/example_dags/example_branch_day_of_week_operator.py for tasks to queue
[2021-12-03 11:23:04,631] {logging_mixin.py:109} INFO - [2021-12-03 11:23:04,631] {dagbag.py:500} INFO - Filling up the DagBag from /home/airflow/.local/lib/python3.7/site-packages/airflow/example_dags/example_branch_day_of_week_operator.py
[2021-12-03 11:23:04,660] {processor.py:637} INFO - DAG(s) dict_keys(['example_weekday_branch_operator']) retrieved from /home/airflow/.local/lib/python3.7/site-packages/airflow/example_dags/example_branch_day_of_week_operator.py
[2021-12-03 11:23:04,671] {logging_mixin.py:109} INFO - [2021-12-03 11:23:04,671] {dag.py:2396} INFO - Sync 1 DAGs
[2021-12-03 11:23:04,692] {logging_mixin.py:109} INFO - [2021-12-03 11:23:04,692] {dag.py:2928} INFO - Setting next_dagrun for example_weekday_branch_operator to 2021-12-02 00:00:00+00:00
[2021-12-03 11:23:04,702] {processor.py:171} INFO - Processing /home/airflow/.local/lib/python3.7/site-packages/airflow/example_dags/example_branch_day_of_week_operator.py took 0.076 seconds
[2021-12-03 11:23:35,192] {processor.py:163} INFO - Started process (PID=561) to work on /home/airflow/.local/lib/python3.7/site-packages/airflow/example_dags/example_branch_day_of_week_operator.py
[2021-12-03 11:23:35,194] {processor.py:625} INFO - Processing file /home/airflow/.local/lib/python3.7/site-packages/airflow/example_dags/example_branch_day_of_week_operator.py for tasks to queue
[2021-12-03 11:23:35,194] {logging_mixin.py:109} INFO - [2021-12-03 11:23:35,194] {dagbag.py:500} INFO - Filling up the DagBag from /home/airflow/.local/lib/python3.7/site-packages/airflow/example_dags/example_branch_day_of_week_operator.py
[2021-12-03 11:23:35,228] {processor.py:637} INFO - DAG(s) dict_keys(['example_weekday_branch_operator']) retrieved from /home/airflow/.local/lib/python3.7/site-packages/airflow/example_dags/example_branch_day_of_week_operator.py
[2021-12-03 11:23:35,242] {logging_mixin.py:109} INFO - [2021-12-03 11:23:35,241] {dag.py:2396} INFO - Sync 1 DAGs
[2021-12-03 11:23:35,269] {logging_mixin.py:109} INFO - [2021-12-03 11:23:35,269] {dag.py:2928} INFO - Setting next_dagrun for example_weekday_branch_operator to 2021-12-02 00:00:00+00:00
[2021-12-03 11:23:35,283] {processor.py:171} INFO - Processing /home/airflow/.local/lib/python3.7/site-packages/airflow/example_dags/example_branch_day_of_week_operator.py took 0.094 seconds
[2021-12-03 11:24:05,915] {processor.py:163} INFO - Started process (PID=612) to work on /home/airflow/.local/lib/python3.7/site-packages/airflow/example_dags/example_branch_day_of_week_operator.py
[2021-12-03 11:24:05,916] {processor.py:625} INFO - Processing file /home/airflow/.local/lib/python3.7/site-packages/airflow/example_dags/example_branch_day_of_week_operator.py for tasks to queue
[2021-12-03 11:24:05,917] {logging_mixin.py:109} INFO - [2021-12-03 11:24:05,917] {dagbag.py:500} INFO - Filling up the DagBag from /home/airflow/.local/lib/python3.7/site-packages/airflow/example_dags/example_branch_day_of_week_operator.py
[2021-12-03 11:24:05,948] {processor.py:637} INFO - DAG(s) dict_keys(['example_weekday_branch_operator']) retrieved from /home/airflow/.local/lib/python3.7/site-packages/airflow/example_dags/example_branch_day_of_week_operator.py
[2021-12-03 11:24:05,959] {logging_mixin.py:109} INFO - [2021-12-03 11:24:05,959] {dag.py:2396} INFO - Sync 1 DAGs
[2021-12-03 11:24:05,979] {logging_mixin.py:109} INFO - [2021-12-03 11:24:05,979] {dag.py:2928} INFO - Setting next_dagrun for example_weekday_branch_operator to 2021-12-02 00:00:00+00:00
[2021-12-03 11:24:05,992] {processor.py:171} INFO - Processing /home/airflow/.local/lib/python3.7/site-packages/airflow/example_dags/example_branch_day_of_week_operator.py took 0.080 seconds
[2021-12-03 11:24:36,027] {processor.py:163} INFO - Started process (PID=663) to work on /home/airflow/.local/lib/python3.7/site-packages/airflow/example_dags/example_branch_day_of_week_operator.py
[2021-12-03 11:24:36,029] {processor.py:625} INFO - Processing file /home/airflow/.local/lib/python3.7/site-packages/airflow/example_dags/example_branch_day_of_week_operator.py for tasks to queue
[2021-12-03 11:24:36,029] {logging_mixin.py:109} INFO - [2021-12-03 11:24:36,029] {dagbag.py:500} INFO - Filling up the DagBag from /home/airflow/.local/lib/python3.7/site-packages/airflow/example_dags/example_branch_day_of_week_operator.py
[2021-12-03 11:24:36,063] {processor.py:637} INFO - DAG(s) dict_keys(['example_weekday_branch_operator']) retrieved from /home/airflow/.local/lib/python3.7/site-packages/airflow/example_dags/example_branch_day_of_week_operator.py
[2021-12-03 11:24:36,078] {logging_mixin.py:109} INFO - [2021-12-03 11:24:36,077] {dag.py:2396} INFO - Sync 1 DAGs
[2021-12-03 11:24:36,104] {logging_mixin.py:109} INFO - [2021-12-03 11:24:36,104] {dag.py:2928} INFO - Setting next_dagrun for example_weekday_branch_operator to 2021-12-02 00:00:00+00:00
[2021-12-03 11:24:36,117] {processor.py:171} INFO - Processing /home/airflow/.local/lib/python3.7/site-packages/airflow/example_dags/example_branch_day_of_week_operator.py took 0.093 seconds
[2021-12-03 11:25:06,585] {processor.py:163} INFO - Started process (PID=725) to work on /home/airflow/.local/lib/python3.7/site-packages/airflow/example_dags/example_branch_day_of_week_operator.py
[2021-12-03 11:25:06,587] {processor.py:625} INFO - Processing file /home/airflow/.local/lib/python3.7/site-packages/airflow/example_dags/example_branch_day_of_week_operator.py for tasks to queue
[2021-12-03 11:25:06,588] {logging_mixin.py:109} INFO - [2021-12-03 11:25:06,588] {dagbag.py:500} INFO - Filling up the DagBag from /home/airflow/.local/lib/python3.7/site-packages/airflow/example_dags/example_branch_day_of_week_operator.py
[2021-12-03 11:25:06,629] {processor.py:637} INFO - DAG(s) dict_keys(['example_weekday_branch_operator']) retrieved from /home/airflow/.local/lib/python3.7/site-packages/airflow/example_dags/example_branch_day_of_week_operator.py
[2021-12-03 11:25:06,641] {logging_mixin.py:109} INFO - [2021-12-03 11:25:06,641] {dag.py:2396} INFO - Sync 1 DAGs
[2021-12-03 11:25:06,670] {logging_mixin.py:109} INFO - [2021-12-03 11:25:06,669] {dag.py:2928} INFO - Setting next_dagrun for example_weekday_branch_operator to 2021-12-02 00:00:00+00:00
[2021-12-03 11:25:06,682] {processor.py:171} INFO - Processing /home/airflow/.local/lib/python3.7/site-packages/airflow/example_dags/example_branch_day_of_week_operator.py took 0.105 seconds
[2021-12-03 11:25:37,031] {processor.py:163} INFO - Started process (PID=778) to work on /home/airflow/.local/lib/python3.7/site-packages/airflow/example_dags/example_branch_day_of_week_operator.py
[2021-12-03 11:25:37,032] {processor.py:625} INFO - Processing file /home/airflow/.local/lib/python3.7/site-packages/airflow/example_dags/example_branch_day_of_week_operator.py for tasks to queue
[2021-12-03 11:25:37,033] {logging_mixin.py:109} INFO - [2021-12-03 11:25:37,033] {dagbag.py:500} INFO - Filling up the DagBag from /home/airflow/.local/lib/python3.7/site-packages/airflow/example_dags/example_branch_day_of_week_operator.py
[2021-12-03 11:25:37,067] {processor.py:637} INFO - DAG(s) dict_keys(['example_weekday_branch_operator']) retrieved from /home/airflow/.local/lib/python3.7/site-packages/airflow/example_dags/example_branch_day_of_week_operator.py
[2021-12-03 11:25:37,081] {logging_mixin.py:109} INFO - [2021-12-03 11:25:37,081] {dag.py:2396} INFO - Sync 1 DAGs
[2021-12-03 11:25:37,114] {logging_mixin.py:109} INFO - [2021-12-03 11:25:37,114] {dag.py:2928} INFO - Setting next_dagrun for example_weekday_branch_operator to 2021-12-02 00:00:00+00:00
[2021-12-03 11:25:37,128] {processor.py:171} INFO - Processing /home/airflow/.local/lib/python3.7/site-packages/airflow/example_dags/example_branch_day_of_week_operator.py took 0.099 seconds
[2021-12-03 11:26:07,750] {processor.py:163} INFO - Started process (PID=829) to work on /home/airflow/.local/lib/python3.7/site-packages/airflow/example_dags/example_branch_day_of_week_operator.py
[2021-12-03 11:26:07,752] {processor.py:625} INFO - Processing file /home/airflow/.local/lib/python3.7/site-packages/airflow/example_dags/example_branch_day_of_week_operator.py for tasks to queue
[2021-12-03 11:26:07,753] {logging_mixin.py:109} INFO - [2021-12-03 11:26:07,753] {dagbag.py:500} INFO - Filling up the DagBag from /home/airflow/.local/lib/python3.7/site-packages/airflow/example_dags/example_branch_day_of_week_operator.py
[2021-12-03 11:26:07,785] {processor.py:637} INFO - DAG(s) dict_keys(['example_weekday_branch_operator']) retrieved from /home/airflow/.local/lib/python3.7/site-packages/airflow/example_dags/example_branch_day_of_week_operator.py
[2021-12-03 11:26:07,798] {logging_mixin.py:109} INFO - [2021-12-03 11:26:07,798] {dag.py:2396} INFO - Sync 1 DAGs
[2021-12-03 11:26:07,823] {logging_mixin.py:109} INFO - [2021-12-03 11:26:07,823] {dag.py:2928} INFO - Setting next_dagrun for example_weekday_branch_operator to 2021-12-02 00:00:00+00:00
[2021-12-03 11:26:07,835] {processor.py:171} INFO - Processing /home/airflow/.local/lib/python3.7/site-packages/airflow/example_dags/example_branch_day_of_week_operator.py took 0.087 seconds
[2021-12-03 11:26:38,227] {processor.py:163} INFO - Started process (PID=889) to work on /home/airflow/.local/lib/python3.7/site-packages/airflow/example_dags/example_branch_day_of_week_operator.py
[2021-12-03 11:26:38,228] {processor.py:625} INFO - Processing file /home/airflow/.local/lib/python3.7/site-packages/airflow/example_dags/example_branch_day_of_week_operator.py for tasks to queue
[2021-12-03 11:26:38,229] {logging_mixin.py:109} INFO - [2021-12-03 11:26:38,228] {dagbag.py:500} INFO - Filling up the DagBag from /home/airflow/.local/lib/python3.7/site-packages/airflow/example_dags/example_branch_day_of_week_operator.py
[2021-12-03 11:26:38,294] {processor.py:637} INFO - DAG(s) dict_keys(['example_weekday_branch_operator']) retrieved from /home/airflow/.local/lib/python3.7/site-packages/airflow/example_dags/example_branch_day_of_week_operator.py
[2021-12-03 11:26:38,304] {logging_mixin.py:109} INFO - [2021-12-03 11:26:38,304] {dag.py:2396} INFO - Sync 1 DAGs
[2021-12-03 11:26:38,323] {logging_mixin.py:109} INFO - [2021-12-03 11:26:38,323] {dag.py:2928} INFO - Setting next_dagrun for example_weekday_branch_operator to 2021-12-02 00:00:00+00:00
[2021-12-03 11:26:38,345] {processor.py:171} INFO - Processing /home/airflow/.local/lib/python3.7/site-packages/airflow/example_dags/example_branch_day_of_week_operator.py took 0.122 seconds
[2021-12-03 11:27:08,466] {processor.py:163} INFO - Started process (PID=942) to work on /home/airflow/.local/lib/python3.7/site-packages/airflow/example_dags/example_branch_day_of_week_operator.py
[2021-12-03 11:27:08,467] {processor.py:625} INFO - Processing file /home/airflow/.local/lib/python3.7/site-packages/airflow/example_dags/example_branch_day_of_week_operator.py for tasks to queue
[2021-12-03 11:27:08,468] {logging_mixin.py:109} INFO - [2021-12-03 11:27:08,467] {dagbag.py:500} INFO - Filling up the DagBag from /home/airflow/.local/lib/python3.7/site-packages/airflow/example_dags/example_branch_day_of_week_operator.py
[2021-12-03 11:27:08,496] {processor.py:637} INFO - DAG(s) dict_keys(['example_weekday_branch_operator']) retrieved from /home/airflow/.local/lib/python3.7/site-packages/airflow/example_dags/example_branch_day_of_week_operator.py
[2021-12-03 11:27:08,508] {logging_mixin.py:109} INFO - [2021-12-03 11:27:08,508] {dag.py:2396} INFO - Sync 1 DAGs
[2021-12-03 11:27:08,528] {logging_mixin.py:109} INFO - [2021-12-03 11:27:08,528] {dag.py:2928} INFO - Setting next_dagrun for example_weekday_branch_operator to 2021-12-02 00:00:00+00:00
[2021-12-03 11:27:08,630] {processor.py:171} INFO - Processing /home/airflow/.local/lib/python3.7/site-packages/airflow/example_dags/example_branch_day_of_week_operator.py took 0.168 seconds
[2021-12-03 11:27:39,025] {processor.py:163} INFO - Started process (PID=993) to work on /home/airflow/.local/lib/python3.7/site-packages/airflow/example_dags/example_branch_day_of_week_operator.py
[2021-12-03 11:27:39,026] {processor.py:625} INFO - Processing file /home/airflow/.local/lib/python3.7/site-packages/airflow/example_dags/example_branch_day_of_week_operator.py for tasks to queue
[2021-12-03 11:27:39,027] {logging_mixin.py:109} INFO - [2021-12-03 11:27:39,027] {dagbag.py:500} INFO - Filling up the DagBag from /home/airflow/.local/lib/python3.7/site-packages/airflow/example_dags/example_branch_day_of_week_operator.py
[2021-12-03 11:27:39,058] {processor.py:637} INFO - DAG(s) dict_keys(['example_weekday_branch_operator']) retrieved from /home/airflow/.local/lib/python3.7/site-packages/airflow/example_dags/example_branch_day_of_week_operator.py
[2021-12-03 11:27:39,069] {logging_mixin.py:109} INFO - [2021-12-03 11:27:39,069] {dag.py:2396} INFO - Sync 1 DAGs
[2021-12-03 11:27:39,094] {logging_mixin.py:109} INFO - [2021-12-03 11:27:39,094] {dag.py:2928} INFO - Setting next_dagrun for example_weekday_branch_operator to 2021-12-02 00:00:00+00:00
[2021-12-03 11:27:39,241] {processor.py:171} INFO - Processing /home/airflow/.local/lib/python3.7/site-packages/airflow/example_dags/example_branch_day_of_week_operator.py took 0.219 seconds
[2021-12-03 11:28:09,551] {processor.py:163} INFO - Started process (PID=1054) to work on /home/airflow/.local/lib/python3.7/site-packages/airflow/example_dags/example_branch_day_of_week_operator.py
[2021-12-03 11:28:09,553] {processor.py:625} INFO - Processing file /home/airflow/.local/lib/python3.7/site-packages/airflow/example_dags/example_branch_day_of_week_operator.py for tasks to queue
[2021-12-03 11:28:09,553] {logging_mixin.py:109} INFO - [2021-12-03 11:28:09,553] {dagbag.py:500} INFO - Filling up the DagBag from /home/airflow/.local/lib/python3.7/site-packages/airflow/example_dags/example_branch_day_of_week_operator.py
[2021-12-03 11:28:09,585] {processor.py:637} INFO - DAG(s) dict_keys(['example_weekday_branch_operator']) retrieved from /home/airflow/.local/lib/python3.7/site-packages/airflow/example_dags/example_branch_day_of_week_operator.py
[2021-12-03 11:28:09,597] {logging_mixin.py:109} INFO - [2021-12-03 11:28:09,597] {dag.py:2396} INFO - Sync 1 DAGs
[2021-12-03 11:28:09,716] {logging_mixin.py:109} INFO - [2021-12-03 11:28:09,716] {dag.py:2928} INFO - Setting next_dagrun for example_weekday_branch_operator to 2021-12-02 00:00:00+00:00
[2021-12-03 11:28:09,729] {processor.py:171} INFO - Processing /home/airflow/.local/lib/python3.7/site-packages/airflow/example_dags/example_branch_day_of_week_operator.py took 0.180 seconds
[2021-12-03 11:28:39,898] {processor.py:163} INFO - Started process (PID=1105) to work on /home/airflow/.local/lib/python3.7/site-packages/airflow/example_dags/example_branch_day_of_week_operator.py
[2021-12-03 11:28:39,899] {processor.py:625} INFO - Processing file /home/airflow/.local/lib/python3.7/site-packages/airflow/example_dags/example_branch_day_of_week_operator.py for tasks to queue
[2021-12-03 11:28:39,900] {logging_mixin.py:109} INFO - [2021-12-03 11:28:39,900] {dagbag.py:500} INFO - Filling up the DagBag from /home/airflow/.local/lib/python3.7/site-packages/airflow/example_dags/example_branch_day_of_week_operator.py
[2021-12-03 11:28:39,931] {processor.py:637} INFO - DAG(s) dict_keys(['example_weekday_branch_operator']) retrieved from /home/airflow/.local/lib/python3.7/site-packages/airflow/example_dags/example_branch_day_of_week_operator.py
[2021-12-03 11:28:39,946] {logging_mixin.py:109} INFO - [2021-12-03 11:28:39,945] {dag.py:2396} INFO - Sync 1 DAGs
[2021-12-03 11:28:40,060] {logging_mixin.py:109} INFO - [2021-12-03 11:28:40,060] {dag.py:2928} INFO - Setting next_dagrun for example_weekday_branch_operator to 2021-12-02 00:00:00+00:00
[2021-12-03 11:28:40,070] {processor.py:171} INFO - Processing /home/airflow/.local/lib/python3.7/site-packages/airflow/example_dags/example_branch_day_of_week_operator.py took 0.176 seconds
[2021-12-03 11:29:10,169] {processor.py:163} INFO - Started process (PID=1158) to work on /home/airflow/.local/lib/python3.7/site-packages/airflow/example_dags/example_branch_day_of_week_operator.py
[2021-12-03 11:29:10,170] {processor.py:625} INFO - Processing file /home/airflow/.local/lib/python3.7/site-packages/airflow/example_dags/example_branch_day_of_week_operator.py for tasks to queue
[2021-12-03 11:29:10,171] {logging_mixin.py:109} INFO - [2021-12-03 11:29:10,171] {dagbag.py:500} INFO - Filling up the DagBag from /home/airflow/.local/lib/python3.7/site-packages/airflow/example_dags/example_branch_day_of_week_operator.py
[2021-12-03 11:29:10,197] {processor.py:637} INFO - DAG(s) dict_keys(['example_weekday_branch_operator']) retrieved from /home/airflow/.local/lib/python3.7/site-packages/airflow/example_dags/example_branch_day_of_week_operator.py
[2021-12-03 11:29:10,210] {logging_mixin.py:109} INFO - [2021-12-03 11:29:10,209] {dag.py:2396} INFO - Sync 1 DAGs
[2021-12-03 11:29:10,360] {logging_mixin.py:109} INFO - [2021-12-03 11:29:10,359] {dag.py:2928} INFO - Setting next_dagrun for example_weekday_branch_operator to 2021-12-02 00:00:00+00:00
[2021-12-03 11:29:10,376] {processor.py:171} INFO - Processing /home/airflow/.local/lib/python3.7/site-packages/airflow/example_dags/example_branch_day_of_week_operator.py took 0.210 seconds
[2021-12-03 11:30:53,968] {processor.py:163} INFO - Started process (PID=67) to work on /home/airflow/.local/lib/python3.7/site-packages/airflow/example_dags/example_branch_day_of_week_operator.py
[2021-12-03 11:30:53,969] {processor.py:625} INFO - Processing file /home/airflow/.local/lib/python3.7/site-packages/airflow/example_dags/example_branch_day_of_week_operator.py for tasks to queue
[2021-12-03 11:30:53,970] {logging_mixin.py:109} INFO - [2021-12-03 11:30:53,970] {dagbag.py:500} INFO - Filling up the DagBag from /home/airflow/.local/lib/python3.7/site-packages/airflow/example_dags/example_branch_day_of_week_operator.py
[2021-12-03 11:30:54,005] {processor.py:637} INFO - DAG(s) dict_keys(['example_weekday_branch_operator']) retrieved from /home/airflow/.local/lib/python3.7/site-packages/airflow/example_dags/example_branch_day_of_week_operator.py
[2021-12-03 11:30:54,018] {logging_mixin.py:109} INFO - [2021-12-03 11:30:54,017] {dag.py:2396} INFO - Sync 1 DAGs
[2021-12-03 11:30:54,045] {logging_mixin.py:109} INFO - [2021-12-03 11:30:54,045] {dag.py:2928} INFO - Setting next_dagrun for example_weekday_branch_operator to 2021-12-02 00:00:00+00:00
[2021-12-03 11:30:54,063] {processor.py:171} INFO - Processing /home/airflow/.local/lib/python3.7/site-packages/airflow/example_dags/example_branch_day_of_week_operator.py took 0.100 seconds
