[2021-12-03 11:21:11,126] {processor.py:163} INFO - Started process (PID=120) to work on /home/airflow/.local/lib/python3.7/site-packages/airflow/example_dags/example_kubernetes_executor_config.py
[2021-12-03 11:21:11,129] {processor.py:625} INFO - Processing file /home/airflow/.local/lib/python3.7/site-packages/airflow/example_dags/example_kubernetes_executor_config.py for tasks to queue
[2021-12-03 11:21:11,130] {logging_mixin.py:109} INFO - [2021-12-03 11:21:11,130] {dagbag.py:500} INFO - Filling up the DagBag from /home/airflow/.local/lib/python3.7/site-packages/airflow/example_dags/example_kubernetes_executor_config.py
[2021-12-03 11:21:11,167] {processor.py:637} INFO - DAG(s) dict_keys(['example_kubernetes_executor_config']) retrieved from /home/airflow/.local/lib/python3.7/site-packages/airflow/example_dags/example_kubernetes_executor_config.py
[2021-12-03 11:21:13,175] {logging_mixin.py:109} INFO - [2021-12-03 11:21:13,174] {providers_manager.py:156} WARNING - Exception when importing 'airflow.providers.google.leveldb.hooks.leveldb.LevelDBHook' from 'apache-airflow-providers-google' package: No module named 'plyvel'
[2021-12-03 11:21:13,607] {logging_mixin.py:109} INFO - [2021-12-03 11:21:13,607] {providers_manager.py:156} WARNING - Exception when importing 'airflow.providers.google.leveldb.hooks.leveldb.LevelDBHook' from 'apache-airflow-providers-google' package: No module named 'plyvel'
[2021-12-03 11:21:13,636] {logging_mixin.py:109} INFO - [2021-12-03 11:21:13,636] {manager.py:496} INFO - Created Permission View: can read on DAG:example_kubernetes_executor_config
[2021-12-03 11:21:13,647] {logging_mixin.py:109} INFO - [2021-12-03 11:21:13,647] {manager.py:496} INFO - Created Permission View: can edit on DAG:example_kubernetes_executor_config
[2021-12-03 11:21:13,647] {logging_mixin.py:109} INFO - [2021-12-03 11:21:13,647] {dag.py:2396} INFO - Sync 1 DAGs
[2021-12-03 11:21:13,658] {logging_mixin.py:109} INFO - [2021-12-03 11:21:13,658] {dag.py:2415} INFO - Creating ORM DAG for example_kubernetes_executor_config
[2021-12-03 11:21:13,666] {logging_mixin.py:109} INFO - [2021-12-03 11:21:13,666] {dag.py:2928} INFO - Setting next_dagrun for example_kubernetes_executor_config to None
[2021-12-03 11:21:13,681] {processor.py:171} INFO - Processing /home/airflow/.local/lib/python3.7/site-packages/airflow/example_dags/example_kubernetes_executor_config.py took 2.558 seconds
[2021-12-03 11:21:43,727] {processor.py:163} INFO - Started process (PID=359) to work on /home/airflow/.local/lib/python3.7/site-packages/airflow/example_dags/example_kubernetes_executor_config.py
[2021-12-03 11:21:43,728] {processor.py:625} INFO - Processing file /home/airflow/.local/lib/python3.7/site-packages/airflow/example_dags/example_kubernetes_executor_config.py for tasks to queue
[2021-12-03 11:21:43,728] {logging_mixin.py:109} INFO - [2021-12-03 11:21:43,728] {dagbag.py:500} INFO - Filling up the DagBag from /home/airflow/.local/lib/python3.7/site-packages/airflow/example_dags/example_kubernetes_executor_config.py
[2021-12-03 11:21:43,754] {processor.py:637} INFO - DAG(s) dict_keys(['example_kubernetes_executor_config']) retrieved from /home/airflow/.local/lib/python3.7/site-packages/airflow/example_dags/example_kubernetes_executor_config.py
[2021-12-03 11:21:43,765] {logging_mixin.py:109} INFO - [2021-12-03 11:21:43,765] {dag.py:2396} INFO - Sync 1 DAGs
[2021-12-03 11:21:43,779] {logging_mixin.py:109} INFO - [2021-12-03 11:21:43,779] {dag.py:2928} INFO - Setting next_dagrun for example_kubernetes_executor_config to None
[2021-12-03 11:21:43,788] {processor.py:171} INFO - Processing /home/airflow/.local/lib/python3.7/site-packages/airflow/example_dags/example_kubernetes_executor_config.py took 0.064 seconds
[2021-12-03 11:22:14,705] {processor.py:163} INFO - Started process (PID=410) to work on /home/airflow/.local/lib/python3.7/site-packages/airflow/example_dags/example_kubernetes_executor_config.py
[2021-12-03 11:22:14,708] {processor.py:625} INFO - Processing file /home/airflow/.local/lib/python3.7/site-packages/airflow/example_dags/example_kubernetes_executor_config.py for tasks to queue
[2021-12-03 11:22:14,709] {logging_mixin.py:109} INFO - [2021-12-03 11:22:14,709] {dagbag.py:500} INFO - Filling up the DagBag from /home/airflow/.local/lib/python3.7/site-packages/airflow/example_dags/example_kubernetes_executor_config.py
[2021-12-03 11:22:14,759] {processor.py:637} INFO - DAG(s) dict_keys(['example_kubernetes_executor_config']) retrieved from /home/airflow/.local/lib/python3.7/site-packages/airflow/example_dags/example_kubernetes_executor_config.py
[2021-12-03 11:22:14,790] {logging_mixin.py:109} INFO - [2021-12-03 11:22:14,790] {dag.py:2396} INFO - Sync 1 DAGs
[2021-12-03 11:22:14,811] {logging_mixin.py:109} INFO - [2021-12-03 11:22:14,811] {dag.py:2928} INFO - Setting next_dagrun for example_kubernetes_executor_config to None
[2021-12-03 11:22:14,835] {processor.py:171} INFO - Processing /home/airflow/.local/lib/python3.7/site-packages/airflow/example_dags/example_kubernetes_executor_config.py took 0.134 seconds
[2021-12-03 11:22:44,910] {processor.py:163} INFO - Started process (PID=471) to work on /home/airflow/.local/lib/python3.7/site-packages/airflow/example_dags/example_kubernetes_executor_config.py
[2021-12-03 11:22:44,911] {processor.py:625} INFO - Processing file /home/airflow/.local/lib/python3.7/site-packages/airflow/example_dags/example_kubernetes_executor_config.py for tasks to queue
[2021-12-03 11:22:44,912] {logging_mixin.py:109} INFO - [2021-12-03 11:22:44,912] {dagbag.py:500} INFO - Filling up the DagBag from /home/airflow/.local/lib/python3.7/site-packages/airflow/example_dags/example_kubernetes_executor_config.py
[2021-12-03 11:22:44,951] {processor.py:637} INFO - DAG(s) dict_keys(['example_kubernetes_executor_config']) retrieved from /home/airflow/.local/lib/python3.7/site-packages/airflow/example_dags/example_kubernetes_executor_config.py
[2021-12-03 11:22:44,970] {logging_mixin.py:109} INFO - [2021-12-03 11:22:44,970] {dag.py:2396} INFO - Sync 1 DAGs
[2021-12-03 11:22:44,991] {logging_mixin.py:109} INFO - [2021-12-03 11:22:44,991] {dag.py:2928} INFO - Setting next_dagrun for example_kubernetes_executor_config to None
[2021-12-03 11:22:45,004] {processor.py:171} INFO - Processing /home/airflow/.local/lib/python3.7/site-packages/airflow/example_dags/example_kubernetes_executor_config.py took 0.098 seconds
[2021-12-03 11:23:15,096] {processor.py:163} INFO - Started process (PID=526) to work on /home/airflow/.local/lib/python3.7/site-packages/airflow/example_dags/example_kubernetes_executor_config.py
[2021-12-03 11:23:15,097] {processor.py:625} INFO - Processing file /home/airflow/.local/lib/python3.7/site-packages/airflow/example_dags/example_kubernetes_executor_config.py for tasks to queue
[2021-12-03 11:23:15,098] {logging_mixin.py:109} INFO - [2021-12-03 11:23:15,098] {dagbag.py:500} INFO - Filling up the DagBag from /home/airflow/.local/lib/python3.7/site-packages/airflow/example_dags/example_kubernetes_executor_config.py
[2021-12-03 11:23:15,134] {processor.py:637} INFO - DAG(s) dict_keys(['example_kubernetes_executor_config']) retrieved from /home/airflow/.local/lib/python3.7/site-packages/airflow/example_dags/example_kubernetes_executor_config.py
[2021-12-03 11:23:15,151] {logging_mixin.py:109} INFO - [2021-12-03 11:23:15,151] {dag.py:2396} INFO - Sync 1 DAGs
[2021-12-03 11:23:15,172] {logging_mixin.py:109} INFO - [2021-12-03 11:23:15,172] {dag.py:2928} INFO - Setting next_dagrun for example_kubernetes_executor_config to None
[2021-12-03 11:23:15,186] {processor.py:171} INFO - Processing /home/airflow/.local/lib/python3.7/site-packages/airflow/example_dags/example_kubernetes_executor_config.py took 0.094 seconds
[2021-12-03 11:23:45,427] {processor.py:163} INFO - Started process (PID=577) to work on /home/airflow/.local/lib/python3.7/site-packages/airflow/example_dags/example_kubernetes_executor_config.py
[2021-12-03 11:23:45,429] {processor.py:625} INFO - Processing file /home/airflow/.local/lib/python3.7/site-packages/airflow/example_dags/example_kubernetes_executor_config.py for tasks to queue
[2021-12-03 11:23:45,430] {logging_mixin.py:109} INFO - [2021-12-03 11:23:45,429] {dagbag.py:500} INFO - Filling up the DagBag from /home/airflow/.local/lib/python3.7/site-packages/airflow/example_dags/example_kubernetes_executor_config.py
[2021-12-03 11:23:45,465] {processor.py:637} INFO - DAG(s) dict_keys(['example_kubernetes_executor_config']) retrieved from /home/airflow/.local/lib/python3.7/site-packages/airflow/example_dags/example_kubernetes_executor_config.py
[2021-12-03 11:23:45,480] {logging_mixin.py:109} INFO - [2021-12-03 11:23:45,480] {dag.py:2396} INFO - Sync 1 DAGs
[2021-12-03 11:23:45,503] {logging_mixin.py:109} INFO - [2021-12-03 11:23:45,503] {dag.py:2928} INFO - Setting next_dagrun for example_kubernetes_executor_config to None
[2021-12-03 11:23:45,515] {processor.py:171} INFO - Processing /home/airflow/.local/lib/python3.7/site-packages/airflow/example_dags/example_kubernetes_executor_config.py took 0.092 seconds
[2021-12-03 11:24:15,965] {processor.py:163} INFO - Started process (PID=637) to work on /home/airflow/.local/lib/python3.7/site-packages/airflow/example_dags/example_kubernetes_executor_config.py
[2021-12-03 11:24:15,966] {processor.py:625} INFO - Processing file /home/airflow/.local/lib/python3.7/site-packages/airflow/example_dags/example_kubernetes_executor_config.py for tasks to queue
[2021-12-03 11:24:15,967] {logging_mixin.py:109} INFO - [2021-12-03 11:24:15,967] {dagbag.py:500} INFO - Filling up the DagBag from /home/airflow/.local/lib/python3.7/site-packages/airflow/example_dags/example_kubernetes_executor_config.py
[2021-12-03 11:24:16,005] {processor.py:637} INFO - DAG(s) dict_keys(['example_kubernetes_executor_config']) retrieved from /home/airflow/.local/lib/python3.7/site-packages/airflow/example_dags/example_kubernetes_executor_config.py
[2021-12-03 11:24:16,023] {logging_mixin.py:109} INFO - [2021-12-03 11:24:16,023] {dag.py:2396} INFO - Sync 1 DAGs
[2021-12-03 11:24:16,046] {logging_mixin.py:109} INFO - [2021-12-03 11:24:16,046] {dag.py:2928} INFO - Setting next_dagrun for example_kubernetes_executor_config to None
[2021-12-03 11:24:16,061] {processor.py:171} INFO - Processing /home/airflow/.local/lib/python3.7/site-packages/airflow/example_dags/example_kubernetes_executor_config.py took 0.099 seconds
[2021-12-03 11:24:46,521] {processor.py:163} INFO - Started process (PID=689) to work on /home/airflow/.local/lib/python3.7/site-packages/airflow/example_dags/example_kubernetes_executor_config.py
[2021-12-03 11:24:46,522] {processor.py:625} INFO - Processing file /home/airflow/.local/lib/python3.7/site-packages/airflow/example_dags/example_kubernetes_executor_config.py for tasks to queue
[2021-12-03 11:24:46,523] {logging_mixin.py:109} INFO - [2021-12-03 11:24:46,523] {dagbag.py:500} INFO - Filling up the DagBag from /home/airflow/.local/lib/python3.7/site-packages/airflow/example_dags/example_kubernetes_executor_config.py
[2021-12-03 11:24:46,555] {processor.py:637} INFO - DAG(s) dict_keys(['example_kubernetes_executor_config']) retrieved from /home/airflow/.local/lib/python3.7/site-packages/airflow/example_dags/example_kubernetes_executor_config.py
[2021-12-03 11:24:46,569] {logging_mixin.py:109} INFO - [2021-12-03 11:24:46,569] {dag.py:2396} INFO - Sync 1 DAGs
[2021-12-03 11:24:46,589] {logging_mixin.py:109} INFO - [2021-12-03 11:24:46,589] {dag.py:2928} INFO - Setting next_dagrun for example_kubernetes_executor_config to None
[2021-12-03 11:24:46,601] {processor.py:171} INFO - Processing /home/airflow/.local/lib/python3.7/site-packages/airflow/example_dags/example_kubernetes_executor_config.py took 0.083 seconds
[2021-12-03 11:25:16,983] {processor.py:163} INFO - Started process (PID=741) to work on /home/airflow/.local/lib/python3.7/site-packages/airflow/example_dags/example_kubernetes_executor_config.py
[2021-12-03 11:25:16,985] {processor.py:625} INFO - Processing file /home/airflow/.local/lib/python3.7/site-packages/airflow/example_dags/example_kubernetes_executor_config.py for tasks to queue
[2021-12-03 11:25:16,985] {logging_mixin.py:109} INFO - [2021-12-03 11:25:16,985] {dagbag.py:500} INFO - Filling up the DagBag from /home/airflow/.local/lib/python3.7/site-packages/airflow/example_dags/example_kubernetes_executor_config.py
[2021-12-03 11:25:17,018] {processor.py:637} INFO - DAG(s) dict_keys(['example_kubernetes_executor_config']) retrieved from /home/airflow/.local/lib/python3.7/site-packages/airflow/example_dags/example_kubernetes_executor_config.py
[2021-12-03 11:25:17,035] {logging_mixin.py:109} INFO - [2021-12-03 11:25:17,035] {dag.py:2396} INFO - Sync 1 DAGs
[2021-12-03 11:25:17,059] {logging_mixin.py:109} INFO - [2021-12-03 11:25:17,059] {dag.py:2928} INFO - Setting next_dagrun for example_kubernetes_executor_config to None
[2021-12-03 11:25:17,071] {processor.py:171} INFO - Processing /home/airflow/.local/lib/python3.7/site-packages/airflow/example_dags/example_kubernetes_executor_config.py took 0.092 seconds
[2021-12-03 11:25:47,145] {processor.py:163} INFO - Started process (PID=803) to work on /home/airflow/.local/lib/python3.7/site-packages/airflow/example_dags/example_kubernetes_executor_config.py
[2021-12-03 11:25:47,146] {processor.py:625} INFO - Processing file /home/airflow/.local/lib/python3.7/site-packages/airflow/example_dags/example_kubernetes_executor_config.py for tasks to queue
[2021-12-03 11:25:47,147] {logging_mixin.py:109} INFO - [2021-12-03 11:25:47,147] {dagbag.py:500} INFO - Filling up the DagBag from /home/airflow/.local/lib/python3.7/site-packages/airflow/example_dags/example_kubernetes_executor_config.py
[2021-12-03 11:25:47,184] {processor.py:637} INFO - DAG(s) dict_keys(['example_kubernetes_executor_config']) retrieved from /home/airflow/.local/lib/python3.7/site-packages/airflow/example_dags/example_kubernetes_executor_config.py
[2021-12-03 11:25:47,202] {logging_mixin.py:109} INFO - [2021-12-03 11:25:47,202] {dag.py:2396} INFO - Sync 1 DAGs
[2021-12-03 11:25:47,220] {logging_mixin.py:109} INFO - [2021-12-03 11:25:47,220] {dag.py:2928} INFO - Setting next_dagrun for example_kubernetes_executor_config to None
[2021-12-03 11:25:47,235] {processor.py:171} INFO - Processing /home/airflow/.local/lib/python3.7/site-packages/airflow/example_dags/example_kubernetes_executor_config.py took 0.094 seconds
[2021-12-03 11:26:17,886] {processor.py:163} INFO - Started process (PID=854) to work on /home/airflow/.local/lib/python3.7/site-packages/airflow/example_dags/example_kubernetes_executor_config.py
[2021-12-03 11:26:17,887] {processor.py:625} INFO - Processing file /home/airflow/.local/lib/python3.7/site-packages/airflow/example_dags/example_kubernetes_executor_config.py for tasks to queue
[2021-12-03 11:26:17,888] {logging_mixin.py:109} INFO - [2021-12-03 11:26:17,888] {dagbag.py:500} INFO - Filling up the DagBag from /home/airflow/.local/lib/python3.7/site-packages/airflow/example_dags/example_kubernetes_executor_config.py
[2021-12-03 11:26:17,921] {processor.py:637} INFO - DAG(s) dict_keys(['example_kubernetes_executor_config']) retrieved from /home/airflow/.local/lib/python3.7/site-packages/airflow/example_dags/example_kubernetes_executor_config.py
[2021-12-03 11:26:17,937] {logging_mixin.py:109} INFO - [2021-12-03 11:26:17,937] {dag.py:2396} INFO - Sync 1 DAGs
[2021-12-03 11:26:17,957] {logging_mixin.py:109} INFO - [2021-12-03 11:26:17,956] {dag.py:2928} INFO - Setting next_dagrun for example_kubernetes_executor_config to None
[2021-12-03 11:26:17,968] {processor.py:171} INFO - Processing /home/airflow/.local/lib/python3.7/site-packages/airflow/example_dags/example_kubernetes_executor_config.py took 0.086 seconds
[2021-12-03 11:26:48,274] {processor.py:163} INFO - Started process (PID=905) to work on /home/airflow/.local/lib/python3.7/site-packages/airflow/example_dags/example_kubernetes_executor_config.py
[2021-12-03 11:26:48,275] {processor.py:625} INFO - Processing file /home/airflow/.local/lib/python3.7/site-packages/airflow/example_dags/example_kubernetes_executor_config.py for tasks to queue
[2021-12-03 11:26:48,276] {logging_mixin.py:109} INFO - [2021-12-03 11:26:48,276] {dagbag.py:500} INFO - Filling up the DagBag from /home/airflow/.local/lib/python3.7/site-packages/airflow/example_dags/example_kubernetes_executor_config.py
[2021-12-03 11:26:48,404] {processor.py:637} INFO - DAG(s) dict_keys(['example_kubernetes_executor_config']) retrieved from /home/airflow/.local/lib/python3.7/site-packages/airflow/example_dags/example_kubernetes_executor_config.py
[2021-12-03 11:26:48,424] {logging_mixin.py:109} INFO - [2021-12-03 11:26:48,423] {dag.py:2396} INFO - Sync 1 DAGs
[2021-12-03 11:26:48,452] {logging_mixin.py:109} INFO - [2021-12-03 11:26:48,452] {dag.py:2928} INFO - Setting next_dagrun for example_kubernetes_executor_config to None
[2021-12-03 11:26:48,476] {processor.py:171} INFO - Processing /home/airflow/.local/lib/python3.7/site-packages/airflow/example_dags/example_kubernetes_executor_config.py took 0.205 seconds
[2021-12-03 11:27:18,847] {processor.py:163} INFO - Started process (PID=967) to work on /home/airflow/.local/lib/python3.7/site-packages/airflow/example_dags/example_kubernetes_executor_config.py
[2021-12-03 11:27:18,849] {processor.py:625} INFO - Processing file /home/airflow/.local/lib/python3.7/site-packages/airflow/example_dags/example_kubernetes_executor_config.py for tasks to queue
[2021-12-03 11:27:18,849] {logging_mixin.py:109} INFO - [2021-12-03 11:27:18,849] {dagbag.py:500} INFO - Filling up the DagBag from /home/airflow/.local/lib/python3.7/site-packages/airflow/example_dags/example_kubernetes_executor_config.py
[2021-12-03 11:27:18,979] {processor.py:637} INFO - DAG(s) dict_keys(['example_kubernetes_executor_config']) retrieved from /home/airflow/.local/lib/python3.7/site-packages/airflow/example_dags/example_kubernetes_executor_config.py
[2021-12-03 11:27:18,994] {logging_mixin.py:109} INFO - [2021-12-03 11:27:18,994] {dag.py:2396} INFO - Sync 1 DAGs
[2021-12-03 11:27:19,125] {logging_mixin.py:109} INFO - [2021-12-03 11:27:19,125] {dag.py:2928} INFO - Setting next_dagrun for example_kubernetes_executor_config to None
[2021-12-03 11:27:19,138] {processor.py:171} INFO - Processing /home/airflow/.local/lib/python3.7/site-packages/airflow/example_dags/example_kubernetes_executor_config.py took 0.295 seconds
[2021-12-03 11:27:49,630] {processor.py:163} INFO - Started process (PID=1019) to work on /home/airflow/.local/lib/python3.7/site-packages/airflow/example_dags/example_kubernetes_executor_config.py
[2021-12-03 11:27:49,631] {processor.py:625} INFO - Processing file /home/airflow/.local/lib/python3.7/site-packages/airflow/example_dags/example_kubernetes_executor_config.py for tasks to queue
[2021-12-03 11:27:49,632] {logging_mixin.py:109} INFO - [2021-12-03 11:27:49,632] {dagbag.py:500} INFO - Filling up the DagBag from /home/airflow/.local/lib/python3.7/site-packages/airflow/example_dags/example_kubernetes_executor_config.py
[2021-12-03 11:27:49,668] {processor.py:637} INFO - DAG(s) dict_keys(['example_kubernetes_executor_config']) retrieved from /home/airflow/.local/lib/python3.7/site-packages/airflow/example_dags/example_kubernetes_executor_config.py
[2021-12-03 11:27:49,685] {logging_mixin.py:109} INFO - [2021-12-03 11:27:49,685] {dag.py:2396} INFO - Sync 1 DAGs
[2021-12-03 11:27:49,809] {logging_mixin.py:109} INFO - [2021-12-03 11:27:49,809] {dag.py:2928} INFO - Setting next_dagrun for example_kubernetes_executor_config to None
[2021-12-03 11:27:49,823] {processor.py:171} INFO - Processing /home/airflow/.local/lib/python3.7/site-packages/airflow/example_dags/example_kubernetes_executor_config.py took 0.197 seconds
[2021-12-03 11:28:19,940] {processor.py:163} INFO - Started process (PID=1070) to work on /home/airflow/.local/lib/python3.7/site-packages/airflow/example_dags/example_kubernetes_executor_config.py
[2021-12-03 11:28:19,941] {processor.py:625} INFO - Processing file /home/airflow/.local/lib/python3.7/site-packages/airflow/example_dags/example_kubernetes_executor_config.py for tasks to queue
[2021-12-03 11:28:19,942] {logging_mixin.py:109} INFO - [2021-12-03 11:28:19,942] {dagbag.py:500} INFO - Filling up the DagBag from /home/airflow/.local/lib/python3.7/site-packages/airflow/example_dags/example_kubernetes_executor_config.py
[2021-12-03 11:28:19,971] {processor.py:637} INFO - DAG(s) dict_keys(['example_kubernetes_executor_config']) retrieved from /home/airflow/.local/lib/python3.7/site-packages/airflow/example_dags/example_kubernetes_executor_config.py
[2021-12-03 11:28:19,988] {logging_mixin.py:109} INFO - [2021-12-03 11:28:19,987] {dag.py:2396} INFO - Sync 1 DAGs
[2021-12-03 11:28:20,108] {logging_mixin.py:109} INFO - [2021-12-03 11:28:20,108] {dag.py:2928} INFO - Setting next_dagrun for example_kubernetes_executor_config to None
[2021-12-03 11:28:20,119] {processor.py:171} INFO - Processing /home/airflow/.local/lib/python3.7/site-packages/airflow/example_dags/example_kubernetes_executor_config.py took 0.186 seconds
[2021-12-03 11:28:50,218] {processor.py:163} INFO - Started process (PID=1130) to work on /home/airflow/.local/lib/python3.7/site-packages/airflow/example_dags/example_kubernetes_executor_config.py
[2021-12-03 11:28:50,219] {processor.py:625} INFO - Processing file /home/airflow/.local/lib/python3.7/site-packages/airflow/example_dags/example_kubernetes_executor_config.py for tasks to queue
[2021-12-03 11:28:50,220] {logging_mixin.py:109} INFO - [2021-12-03 11:28:50,220] {dagbag.py:500} INFO - Filling up the DagBag from /home/airflow/.local/lib/python3.7/site-packages/airflow/example_dags/example_kubernetes_executor_config.py
[2021-12-03 11:28:50,252] {processor.py:637} INFO - DAG(s) dict_keys(['example_kubernetes_executor_config']) retrieved from /home/airflow/.local/lib/python3.7/site-packages/airflow/example_dags/example_kubernetes_executor_config.py
[2021-12-03 11:28:50,266] {logging_mixin.py:109} INFO - [2021-12-03 11:28:50,266] {dag.py:2396} INFO - Sync 1 DAGs
[2021-12-03 11:28:50,381] {logging_mixin.py:109} INFO - [2021-12-03 11:28:50,381] {dag.py:2928} INFO - Setting next_dagrun for example_kubernetes_executor_config to None
[2021-12-03 11:28:50,390] {processor.py:171} INFO - Processing /home/airflow/.local/lib/python3.7/site-packages/airflow/example_dags/example_kubernetes_executor_config.py took 0.176 seconds
[2021-12-03 11:29:20,640] {processor.py:163} INFO - Started process (PID=1184) to work on /home/airflow/.local/lib/python3.7/site-packages/airflow/example_dags/example_kubernetes_executor_config.py
[2021-12-03 11:29:20,641] {processor.py:625} INFO - Processing file /home/airflow/.local/lib/python3.7/site-packages/airflow/example_dags/example_kubernetes_executor_config.py for tasks to queue
[2021-12-03 11:29:20,642] {logging_mixin.py:109} INFO - [2021-12-03 11:29:20,641] {dagbag.py:500} INFO - Filling up the DagBag from /home/airflow/.local/lib/python3.7/site-packages/airflow/example_dags/example_kubernetes_executor_config.py
[2021-12-03 11:29:20,672] {processor.py:637} INFO - DAG(s) dict_keys(['example_kubernetes_executor_config']) retrieved from /home/airflow/.local/lib/python3.7/site-packages/airflow/example_dags/example_kubernetes_executor_config.py
[2021-12-03 11:29:20,787] {logging_mixin.py:109} INFO - [2021-12-03 11:29:20,787] {dag.py:2396} INFO - Sync 1 DAGs
[2021-12-03 11:29:20,804] {logging_mixin.py:109} INFO - [2021-12-03 11:29:20,804] {dag.py:2928} INFO - Setting next_dagrun for example_kubernetes_executor_config to None
[2021-12-03 11:29:20,815] {processor.py:171} INFO - Processing /home/airflow/.local/lib/python3.7/site-packages/airflow/example_dags/example_kubernetes_executor_config.py took 0.178 seconds
[2021-12-03 11:30:51,588] {processor.py:163} INFO - Started process (PID=50) to work on /home/airflow/.local/lib/python3.7/site-packages/airflow/example_dags/example_kubernetes_executor_config.py
[2021-12-03 11:30:51,590] {processor.py:625} INFO - Processing file /home/airflow/.local/lib/python3.7/site-packages/airflow/example_dags/example_kubernetes_executor_config.py for tasks to queue
[2021-12-03 11:30:51,590] {logging_mixin.py:109} INFO - [2021-12-03 11:30:51,590] {dagbag.py:500} INFO - Filling up the DagBag from /home/airflow/.local/lib/python3.7/site-packages/airflow/example_dags/example_kubernetes_executor_config.py
[2021-12-03 11:30:51,656] {processor.py:637} INFO - DAG(s) dict_keys(['example_kubernetes_executor_config']) retrieved from /home/airflow/.local/lib/python3.7/site-packages/airflow/example_dags/example_kubernetes_executor_config.py
[2021-12-03 11:30:51,706] {logging_mixin.py:109} INFO - [2021-12-03 11:30:51,706] {dag.py:2396} INFO - Sync 1 DAGs
[2021-12-03 11:30:51,750] {logging_mixin.py:109} INFO - [2021-12-03 11:30:51,750] {dag.py:2928} INFO - Setting next_dagrun for example_kubernetes_executor_config to None
[2021-12-03 11:30:51,791] {processor.py:171} INFO - Processing /home/airflow/.local/lib/python3.7/site-packages/airflow/example_dags/example_kubernetes_executor_config.py took 0.207 seconds
