[2021-12-03 11:21:35,883] {processor.py:163} INFO - Started process (PID=330) to work on /home/airflow/.local/lib/python3.7/site-packages/airflow/example_dags/example_task_group.py
[2021-12-03 11:21:35,884] {processor.py:625} INFO - Processing file /home/airflow/.local/lib/python3.7/site-packages/airflow/example_dags/example_task_group.py for tasks to queue
[2021-12-03 11:21:35,885] {logging_mixin.py:109} INFO - [2021-12-03 11:21:35,884] {dagbag.py:500} INFO - Filling up the DagBag from /home/airflow/.local/lib/python3.7/site-packages/airflow/example_dags/example_task_group.py
[2021-12-03 11:21:35,907] {processor.py:637} INFO - DAG(s) dict_keys(['example_task_group']) retrieved from /home/airflow/.local/lib/python3.7/site-packages/airflow/example_dags/example_task_group.py
[2021-12-03 11:21:37,305] {logging_mixin.py:109} INFO - [2021-12-03 11:21:37,305] {providers_manager.py:156} WARNING - Exception when importing 'airflow.providers.google.leveldb.hooks.leveldb.LevelDBHook' from 'apache-airflow-providers-google' package: No module named 'plyvel'
[2021-12-03 11:21:37,604] {logging_mixin.py:109} INFO - [2021-12-03 11:21:37,604] {providers_manager.py:156} WARNING - Exception when importing 'airflow.providers.google.leveldb.hooks.leveldb.LevelDBHook' from 'apache-airflow-providers-google' package: No module named 'plyvel'
[2021-12-03 11:21:37,622] {logging_mixin.py:109} INFO - [2021-12-03 11:21:37,621] {manager.py:496} INFO - Created Permission View: can read on DAG:example_task_group
[2021-12-03 11:21:37,628] {logging_mixin.py:109} INFO - [2021-12-03 11:21:37,628] {manager.py:496} INFO - Created Permission View: can edit on DAG:example_task_group
[2021-12-03 11:21:37,628] {logging_mixin.py:109} INFO - [2021-12-03 11:21:37,628] {dag.py:2396} INFO - Sync 1 DAGs
[2021-12-03 11:21:37,636] {logging_mixin.py:109} INFO - [2021-12-03 11:21:37,636] {dag.py:2415} INFO - Creating ORM DAG for example_task_group
[2021-12-03 11:21:37,643] {logging_mixin.py:109} INFO - [2021-12-03 11:21:37,643] {dag.py:2928} INFO - Setting next_dagrun for example_task_group to 2021-12-02T11:21:37.643052+00:00
[2021-12-03 11:21:37,652] {processor.py:171} INFO - Processing /home/airflow/.local/lib/python3.7/site-packages/airflow/example_dags/example_task_group.py took 1.771 seconds
[2021-12-03 11:22:08,477] {processor.py:163} INFO - Started process (PID=404) to work on /home/airflow/.local/lib/python3.7/site-packages/airflow/example_dags/example_task_group.py
[2021-12-03 11:22:08,478] {processor.py:625} INFO - Processing file /home/airflow/.local/lib/python3.7/site-packages/airflow/example_dags/example_task_group.py for tasks to queue
[2021-12-03 11:22:08,479] {logging_mixin.py:109} INFO - [2021-12-03 11:22:08,479] {dagbag.py:500} INFO - Filling up the DagBag from /home/airflow/.local/lib/python3.7/site-packages/airflow/example_dags/example_task_group.py
[2021-12-03 11:22:08,504] {processor.py:637} INFO - DAG(s) dict_keys(['example_task_group']) retrieved from /home/airflow/.local/lib/python3.7/site-packages/airflow/example_dags/example_task_group.py
[2021-12-03 11:22:08,516] {logging_mixin.py:109} INFO - [2021-12-03 11:22:08,516] {dag.py:2396} INFO - Sync 1 DAGs
[2021-12-03 11:22:08,538] {logging_mixin.py:109} INFO - [2021-12-03 11:22:08,538] {dag.py:2928} INFO - Setting next_dagrun for example_task_group to 2021-12-02T11:22:08.538443+00:00
[2021-12-03 11:22:08,552] {processor.py:171} INFO - Processing /home/airflow/.local/lib/python3.7/site-packages/airflow/example_dags/example_task_group.py took 0.077 seconds
[2021-12-03 11:22:38,690] {processor.py:163} INFO - Started process (PID=456) to work on /home/airflow/.local/lib/python3.7/site-packages/airflow/example_dags/example_task_group.py
[2021-12-03 11:22:38,691] {processor.py:625} INFO - Processing file /home/airflow/.local/lib/python3.7/site-packages/airflow/example_dags/example_task_group.py for tasks to queue
[2021-12-03 11:22:38,692] {logging_mixin.py:109} INFO - [2021-12-03 11:22:38,692] {dagbag.py:500} INFO - Filling up the DagBag from /home/airflow/.local/lib/python3.7/site-packages/airflow/example_dags/example_task_group.py
[2021-12-03 11:22:38,720] {processor.py:637} INFO - DAG(s) dict_keys(['example_task_group']) retrieved from /home/airflow/.local/lib/python3.7/site-packages/airflow/example_dags/example_task_group.py
[2021-12-03 11:22:38,732] {logging_mixin.py:109} INFO - [2021-12-03 11:22:38,732] {dag.py:2396} INFO - Sync 1 DAGs
[2021-12-03 11:22:38,748] {logging_mixin.py:109} INFO - [2021-12-03 11:22:38,748] {dag.py:2928} INFO - Setting next_dagrun for example_task_group to 2021-12-02T11:22:38.748148+00:00
[2021-12-03 11:22:38,757] {processor.py:171} INFO - Processing /home/airflow/.local/lib/python3.7/site-packages/airflow/example_dags/example_task_group.py took 0.070 seconds
[2021-12-03 11:23:09,421] {processor.py:163} INFO - Started process (PID=518) to work on /home/airflow/.local/lib/python3.7/site-packages/airflow/example_dags/example_task_group.py
[2021-12-03 11:23:09,423] {processor.py:625} INFO - Processing file /home/airflow/.local/lib/python3.7/site-packages/airflow/example_dags/example_task_group.py for tasks to queue
[2021-12-03 11:23:09,423] {logging_mixin.py:109} INFO - [2021-12-03 11:23:09,423] {dagbag.py:500} INFO - Filling up the DagBag from /home/airflow/.local/lib/python3.7/site-packages/airflow/example_dags/example_task_group.py
[2021-12-03 11:23:09,459] {processor.py:637} INFO - DAG(s) dict_keys(['example_task_group']) retrieved from /home/airflow/.local/lib/python3.7/site-packages/airflow/example_dags/example_task_group.py
[2021-12-03 11:23:09,474] {logging_mixin.py:109} INFO - [2021-12-03 11:23:09,474] {dag.py:2396} INFO - Sync 1 DAGs
[2021-12-03 11:23:09,497] {logging_mixin.py:109} INFO - [2021-12-03 11:23:09,497] {dag.py:2928} INFO - Setting next_dagrun for example_task_group to 2021-12-02T11:23:09.496708+00:00
[2021-12-03 11:23:09,507] {processor.py:171} INFO - Processing /home/airflow/.local/lib/python3.7/site-packages/airflow/example_dags/example_task_group.py took 0.090 seconds
[2021-12-03 11:23:39,915] {processor.py:163} INFO - Started process (PID=568) to work on /home/airflow/.local/lib/python3.7/site-packages/airflow/example_dags/example_task_group.py
[2021-12-03 11:23:39,916] {processor.py:625} INFO - Processing file /home/airflow/.local/lib/python3.7/site-packages/airflow/example_dags/example_task_group.py for tasks to queue
[2021-12-03 11:23:39,917] {logging_mixin.py:109} INFO - [2021-12-03 11:23:39,917] {dagbag.py:500} INFO - Filling up the DagBag from /home/airflow/.local/lib/python3.7/site-packages/airflow/example_dags/example_task_group.py
[2021-12-03 11:23:39,949] {processor.py:637} INFO - DAG(s) dict_keys(['example_task_group']) retrieved from /home/airflow/.local/lib/python3.7/site-packages/airflow/example_dags/example_task_group.py
[2021-12-03 11:23:39,965] {logging_mixin.py:109} INFO - [2021-12-03 11:23:39,965] {dag.py:2396} INFO - Sync 1 DAGs
[2021-12-03 11:23:39,988] {logging_mixin.py:109} INFO - [2021-12-03 11:23:39,988] {dag.py:2928} INFO - Setting next_dagrun for example_task_group to 2021-12-02T11:23:39.988150+00:00
[2021-12-03 11:23:40,000] {processor.py:171} INFO - Processing /home/airflow/.local/lib/python3.7/site-packages/airflow/example_dags/example_task_group.py took 0.088 seconds
[2021-12-03 11:24:10,598] {processor.py:163} INFO - Started process (PID=619) to work on /home/airflow/.local/lib/python3.7/site-packages/airflow/example_dags/example_task_group.py
[2021-12-03 11:24:10,599] {processor.py:625} INFO - Processing file /home/airflow/.local/lib/python3.7/site-packages/airflow/example_dags/example_task_group.py for tasks to queue
[2021-12-03 11:24:10,600] {logging_mixin.py:109} INFO - [2021-12-03 11:24:10,600] {dagbag.py:500} INFO - Filling up the DagBag from /home/airflow/.local/lib/python3.7/site-packages/airflow/example_dags/example_task_group.py
[2021-12-03 11:24:10,631] {processor.py:637} INFO - DAG(s) dict_keys(['example_task_group']) retrieved from /home/airflow/.local/lib/python3.7/site-packages/airflow/example_dags/example_task_group.py
[2021-12-03 11:24:10,644] {logging_mixin.py:109} INFO - [2021-12-03 11:24:10,644] {dag.py:2396} INFO - Sync 1 DAGs
[2021-12-03 11:24:10,664] {logging_mixin.py:109} INFO - [2021-12-03 11:24:10,664] {dag.py:2928} INFO - Setting next_dagrun for example_task_group to 2021-12-02T11:24:10.664538+00:00
[2021-12-03 11:24:10,675] {processor.py:171} INFO - Processing /home/airflow/.local/lib/python3.7/site-packages/airflow/example_dags/example_task_group.py took 0.081 seconds
[2021-12-03 11:24:42,278] {processor.py:163} INFO - Started process (PID=683) to work on /home/airflow/.local/lib/python3.7/site-packages/airflow/example_dags/example_task_group.py
[2021-12-03 11:24:42,279] {processor.py:625} INFO - Processing file /home/airflow/.local/lib/python3.7/site-packages/airflow/example_dags/example_task_group.py for tasks to queue
[2021-12-03 11:24:42,280] {logging_mixin.py:109} INFO - [2021-12-03 11:24:42,280] {dagbag.py:500} INFO - Filling up the DagBag from /home/airflow/.local/lib/python3.7/site-packages/airflow/example_dags/example_task_group.py
[2021-12-03 11:24:42,315] {processor.py:637} INFO - DAG(s) dict_keys(['example_task_group']) retrieved from /home/airflow/.local/lib/python3.7/site-packages/airflow/example_dags/example_task_group.py
[2021-12-03 11:24:42,331] {logging_mixin.py:109} INFO - [2021-12-03 11:24:42,331] {dag.py:2396} INFO - Sync 1 DAGs
[2021-12-03 11:24:42,358] {logging_mixin.py:109} INFO - [2021-12-03 11:24:42,358] {dag.py:2928} INFO - Setting next_dagrun for example_task_group to 2021-12-02T11:24:42.358055+00:00
[2021-12-03 11:24:42,375] {processor.py:171} INFO - Processing /home/airflow/.local/lib/python3.7/site-packages/airflow/example_dags/example_task_group.py took 0.101 seconds
[2021-12-03 11:25:12,657] {processor.py:163} INFO - Started process (PID=735) to work on /home/airflow/.local/lib/python3.7/site-packages/airflow/example_dags/example_task_group.py
[2021-12-03 11:25:12,659] {processor.py:625} INFO - Processing file /home/airflow/.local/lib/python3.7/site-packages/airflow/example_dags/example_task_group.py for tasks to queue
[2021-12-03 11:25:12,659] {logging_mixin.py:109} INFO - [2021-12-03 11:25:12,659] {dagbag.py:500} INFO - Filling up the DagBag from /home/airflow/.local/lib/python3.7/site-packages/airflow/example_dags/example_task_group.py
[2021-12-03 11:25:12,696] {processor.py:637} INFO - DAG(s) dict_keys(['example_task_group']) retrieved from /home/airflow/.local/lib/python3.7/site-packages/airflow/example_dags/example_task_group.py
[2021-12-03 11:25:12,708] {logging_mixin.py:109} INFO - [2021-12-03 11:25:12,708] {dag.py:2396} INFO - Sync 1 DAGs
[2021-12-03 11:25:12,727] {logging_mixin.py:109} INFO - [2021-12-03 11:25:12,727] {dag.py:2928} INFO - Setting next_dagrun for example_task_group to 2021-12-02T11:25:12.726967+00:00
[2021-12-03 11:25:12,738] {processor.py:171} INFO - Processing /home/airflow/.local/lib/python3.7/site-packages/airflow/example_dags/example_task_group.py took 0.084 seconds
[2021-12-03 11:25:43,794] {processor.py:163} INFO - Started process (PID=788) to work on /home/airflow/.local/lib/python3.7/site-packages/airflow/example_dags/example_task_group.py
[2021-12-03 11:25:43,802] {processor.py:625} INFO - Processing file /home/airflow/.local/lib/python3.7/site-packages/airflow/example_dags/example_task_group.py for tasks to queue
[2021-12-03 11:25:43,809] {logging_mixin.py:109} INFO - [2021-12-03 11:25:43,808] {dagbag.py:500} INFO - Filling up the DagBag from /home/airflow/.local/lib/python3.7/site-packages/airflow/example_dags/example_task_group.py
[2021-12-03 11:25:43,849] {processor.py:637} INFO - DAG(s) dict_keys(['example_task_group']) retrieved from /home/airflow/.local/lib/python3.7/site-packages/airflow/example_dags/example_task_group.py
[2021-12-03 11:25:43,868] {logging_mixin.py:109} INFO - [2021-12-03 11:25:43,868] {dag.py:2396} INFO - Sync 1 DAGs
[2021-12-03 11:25:43,894] {logging_mixin.py:109} INFO - [2021-12-03 11:25:43,893] {dag.py:2928} INFO - Setting next_dagrun for example_task_group to 2021-12-02T11:25:43.893446+00:00
[2021-12-03 11:25:43,906] {processor.py:171} INFO - Processing /home/airflow/.local/lib/python3.7/site-packages/airflow/example_dags/example_task_group.py took 0.116 seconds
[2021-12-03 11:26:14,577] {processor.py:163} INFO - Started process (PID=847) to work on /home/airflow/.local/lib/python3.7/site-packages/airflow/example_dags/example_task_group.py
[2021-12-03 11:26:14,579] {processor.py:625} INFO - Processing file /home/airflow/.local/lib/python3.7/site-packages/airflow/example_dags/example_task_group.py for tasks to queue
[2021-12-03 11:26:14,580] {logging_mixin.py:109} INFO - [2021-12-03 11:26:14,580] {dagbag.py:500} INFO - Filling up the DagBag from /home/airflow/.local/lib/python3.7/site-packages/airflow/example_dags/example_task_group.py
[2021-12-03 11:26:14,614] {processor.py:637} INFO - DAG(s) dict_keys(['example_task_group']) retrieved from /home/airflow/.local/lib/python3.7/site-packages/airflow/example_dags/example_task_group.py
[2021-12-03 11:26:14,630] {logging_mixin.py:109} INFO - [2021-12-03 11:26:14,630] {dag.py:2396} INFO - Sync 1 DAGs
[2021-12-03 11:26:14,652] {logging_mixin.py:109} INFO - [2021-12-03 11:26:14,652] {dag.py:2928} INFO - Setting next_dagrun for example_task_group to 2021-12-02T11:26:14.651903+00:00
[2021-12-03 11:26:14,666] {processor.py:171} INFO - Processing /home/airflow/.local/lib/python3.7/site-packages/airflow/example_dags/example_task_group.py took 0.092 seconds
[2021-12-03 11:26:44,994] {processor.py:163} INFO - Started process (PID=898) to work on /home/airflow/.local/lib/python3.7/site-packages/airflow/example_dags/example_task_group.py
[2021-12-03 11:26:44,995] {processor.py:625} INFO - Processing file /home/airflow/.local/lib/python3.7/site-packages/airflow/example_dags/example_task_group.py for tasks to queue
[2021-12-03 11:26:44,996] {logging_mixin.py:109} INFO - [2021-12-03 11:26:44,996] {dagbag.py:500} INFO - Filling up the DagBag from /home/airflow/.local/lib/python3.7/site-packages/airflow/example_dags/example_task_group.py
[2021-12-03 11:26:45,027] {processor.py:637} INFO - DAG(s) dict_keys(['example_task_group']) retrieved from /home/airflow/.local/lib/python3.7/site-packages/airflow/example_dags/example_task_group.py
[2021-12-03 11:26:45,041] {logging_mixin.py:109} INFO - [2021-12-03 11:26:45,041] {dag.py:2396} INFO - Sync 1 DAGs
[2021-12-03 11:26:45,062] {logging_mixin.py:109} INFO - [2021-12-03 11:26:45,062] {dag.py:2928} INFO - Setting next_dagrun for example_task_group to 2021-12-02T11:26:45.061743+00:00
[2021-12-03 11:26:45,073] {processor.py:171} INFO - Processing /home/airflow/.local/lib/python3.7/site-packages/airflow/example_dags/example_task_group.py took 0.082 seconds
[2021-12-03 11:27:15,550] {processor.py:163} INFO - Started process (PID=951) to work on /home/airflow/.local/lib/python3.7/site-packages/airflow/example_dags/example_task_group.py
[2021-12-03 11:27:15,551] {processor.py:625} INFO - Processing file /home/airflow/.local/lib/python3.7/site-packages/airflow/example_dags/example_task_group.py for tasks to queue
[2021-12-03 11:27:15,551] {logging_mixin.py:109} INFO - [2021-12-03 11:27:15,551] {dagbag.py:500} INFO - Filling up the DagBag from /home/airflow/.local/lib/python3.7/site-packages/airflow/example_dags/example_task_group.py
[2021-12-03 11:27:15,577] {processor.py:637} INFO - DAG(s) dict_keys(['example_task_group']) retrieved from /home/airflow/.local/lib/python3.7/site-packages/airflow/example_dags/example_task_group.py
[2021-12-03 11:27:15,587] {logging_mixin.py:109} INFO - [2021-12-03 11:27:15,587] {dag.py:2396} INFO - Sync 1 DAGs
[2021-12-03 11:27:15,687] {logging_mixin.py:109} INFO - [2021-12-03 11:27:15,687] {dag.py:2928} INFO - Setting next_dagrun for example_task_group to 2021-12-02T11:27:15.687175+00:00
[2021-12-03 11:27:15,696] {processor.py:171} INFO - Processing /home/airflow/.local/lib/python3.7/site-packages/airflow/example_dags/example_task_group.py took 0.149 seconds
[2021-12-03 11:27:46,080] {processor.py:163} INFO - Started process (PID=1013) to work on /home/airflow/.local/lib/python3.7/site-packages/airflow/example_dags/example_task_group.py
[2021-12-03 11:27:46,082] {processor.py:625} INFO - Processing file /home/airflow/.local/lib/python3.7/site-packages/airflow/example_dags/example_task_group.py for tasks to queue
[2021-12-03 11:27:46,082] {logging_mixin.py:109} INFO - [2021-12-03 11:27:46,082] {dagbag.py:500} INFO - Filling up the DagBag from /home/airflow/.local/lib/python3.7/site-packages/airflow/example_dags/example_task_group.py
[2021-12-03 11:27:46,116] {processor.py:637} INFO - DAG(s) dict_keys(['example_task_group']) retrieved from /home/airflow/.local/lib/python3.7/site-packages/airflow/example_dags/example_task_group.py
[2021-12-03 11:27:46,133] {logging_mixin.py:109} INFO - [2021-12-03 11:27:46,133] {dag.py:2396} INFO - Sync 1 DAGs
[2021-12-03 11:27:46,251] {logging_mixin.py:109} INFO - [2021-12-03 11:27:46,251] {dag.py:2928} INFO - Setting next_dagrun for example_task_group to 2021-12-02T11:27:46.251048+00:00
[2021-12-03 11:27:46,265] {processor.py:171} INFO - Processing /home/airflow/.local/lib/python3.7/site-packages/airflow/example_dags/example_task_group.py took 0.188 seconds
[2021-12-03 11:28:16,498] {processor.py:163} INFO - Started process (PID=1064) to work on /home/airflow/.local/lib/python3.7/site-packages/airflow/example_dags/example_task_group.py
[2021-12-03 11:28:16,499] {processor.py:625} INFO - Processing file /home/airflow/.local/lib/python3.7/site-packages/airflow/example_dags/example_task_group.py for tasks to queue
[2021-12-03 11:28:16,500] {logging_mixin.py:109} INFO - [2021-12-03 11:28:16,500] {dagbag.py:500} INFO - Filling up the DagBag from /home/airflow/.local/lib/python3.7/site-packages/airflow/example_dags/example_task_group.py
[2021-12-03 11:28:16,533] {processor.py:637} INFO - DAG(s) dict_keys(['example_task_group']) retrieved from /home/airflow/.local/lib/python3.7/site-packages/airflow/example_dags/example_task_group.py
[2021-12-03 11:28:16,550] {logging_mixin.py:109} INFO - [2021-12-03 11:28:16,550] {dag.py:2396} INFO - Sync 1 DAGs
[2021-12-03 11:28:16,654] {logging_mixin.py:109} INFO - [2021-12-03 11:28:16,654] {dag.py:2928} INFO - Setting next_dagrun for example_task_group to 2021-12-02T11:28:16.654350+00:00
[2021-12-03 11:28:16,664] {processor.py:171} INFO - Processing /home/airflow/.local/lib/python3.7/site-packages/airflow/example_dags/example_task_group.py took 0.169 seconds
[2021-12-03 11:28:47,765] {processor.py:163} INFO - Started process (PID=1125) to work on /home/airflow/.local/lib/python3.7/site-packages/airflow/example_dags/example_task_group.py
[2021-12-03 11:28:47,766] {processor.py:625} INFO - Processing file /home/airflow/.local/lib/python3.7/site-packages/airflow/example_dags/example_task_group.py for tasks to queue
[2021-12-03 11:28:47,767] {logging_mixin.py:109} INFO - [2021-12-03 11:28:47,767] {dagbag.py:500} INFO - Filling up the DagBag from /home/airflow/.local/lib/python3.7/site-packages/airflow/example_dags/example_task_group.py
[2021-12-03 11:28:47,793] {processor.py:637} INFO - DAG(s) dict_keys(['example_task_group']) retrieved from /home/airflow/.local/lib/python3.7/site-packages/airflow/example_dags/example_task_group.py
[2021-12-03 11:28:47,804] {logging_mixin.py:109} INFO - [2021-12-03 11:28:47,804] {dag.py:2396} INFO - Sync 1 DAGs
[2021-12-03 11:28:47,905] {logging_mixin.py:109} INFO - [2021-12-03 11:28:47,905] {dag.py:2928} INFO - Setting next_dagrun for example_task_group to 2021-12-02T11:28:47.905527+00:00
[2021-12-03 11:28:47,927] {processor.py:171} INFO - Processing /home/airflow/.local/lib/python3.7/site-packages/airflow/example_dags/example_task_group.py took 0.165 seconds
[2021-12-03 11:29:18,390] {processor.py:163} INFO - Started process (PID=1180) to work on /home/airflow/.local/lib/python3.7/site-packages/airflow/example_dags/example_task_group.py
[2021-12-03 11:29:18,391] {processor.py:625} INFO - Processing file /home/airflow/.local/lib/python3.7/site-packages/airflow/example_dags/example_task_group.py for tasks to queue
[2021-12-03 11:29:18,392] {logging_mixin.py:109} INFO - [2021-12-03 11:29:18,392] {dagbag.py:500} INFO - Filling up the DagBag from /home/airflow/.local/lib/python3.7/site-packages/airflow/example_dags/example_task_group.py
[2021-12-03 11:29:18,420] {processor.py:637} INFO - DAG(s) dict_keys(['example_task_group']) retrieved from /home/airflow/.local/lib/python3.7/site-packages/airflow/example_dags/example_task_group.py
[2021-12-03 11:29:18,436] {logging_mixin.py:109} INFO - [2021-12-03 11:29:18,435] {dag.py:2396} INFO - Sync 1 DAGs
[2021-12-03 11:29:18,537] {logging_mixin.py:109} INFO - [2021-12-03 11:29:18,537] {dag.py:2928} INFO - Setting next_dagrun for example_task_group to 2021-12-02T11:29:18.536905+00:00
[2021-12-03 11:29:18,546] {processor.py:171} INFO - Processing /home/airflow/.local/lib/python3.7/site-packages/airflow/example_dags/example_task_group.py took 0.159 seconds
[2021-12-03 11:30:54,248] {processor.py:163} INFO - Started process (PID=71) to work on /home/airflow/.local/lib/python3.7/site-packages/airflow/example_dags/example_task_group.py
[2021-12-03 11:30:54,250] {processor.py:625} INFO - Processing file /home/airflow/.local/lib/python3.7/site-packages/airflow/example_dags/example_task_group.py for tasks to queue
[2021-12-03 11:30:54,251] {logging_mixin.py:109} INFO - [2021-12-03 11:30:54,250] {dagbag.py:500} INFO - Filling up the DagBag from /home/airflow/.local/lib/python3.7/site-packages/airflow/example_dags/example_task_group.py
[2021-12-03 11:30:54,314] {processor.py:637} INFO - DAG(s) dict_keys(['example_task_group']) retrieved from /home/airflow/.local/lib/python3.7/site-packages/airflow/example_dags/example_task_group.py
[2021-12-03 11:30:54,332] {logging_mixin.py:109} INFO - [2021-12-03 11:30:54,332] {dag.py:2396} INFO - Sync 1 DAGs
[2021-12-03 11:30:54,364] {logging_mixin.py:109} INFO - [2021-12-03 11:30:54,364] {dag.py:2928} INFO - Setting next_dagrun for example_task_group to 2021-12-02T11:30:54.364232+00:00
[2021-12-03 11:30:54,386] {processor.py:171} INFO - Processing /home/airflow/.local/lib/python3.7/site-packages/airflow/example_dags/example_task_group.py took 0.142 seconds
