[2021-12-03 11:21:20,882] {processor.py:163} INFO - Started process (PID=192) to work on /home/airflow/.local/lib/python3.7/site-packages/airflow/example_dags/example_dag_decorator.py
[2021-12-03 11:21:20,883] {processor.py:625} INFO - Processing file /home/airflow/.local/lib/python3.7/site-packages/airflow/example_dags/example_dag_decorator.py for tasks to queue
[2021-12-03 11:21:20,884] {logging_mixin.py:109} INFO - [2021-12-03 11:21:20,884] {dagbag.py:500} INFO - Filling up the DagBag from /home/airflow/.local/lib/python3.7/site-packages/airflow/example_dags/example_dag_decorator.py
[2021-12-03 11:21:20,919] {processor.py:637} INFO - DAG(s) dict_keys(['example_dag_decorator']) retrieved from /home/airflow/.local/lib/python3.7/site-packages/airflow/example_dags/example_dag_decorator.py
[2021-12-03 11:21:22,283] {logging_mixin.py:109} INFO - [2021-12-03 11:21:22,282] {providers_manager.py:156} WARNING - Exception when importing 'airflow.providers.google.leveldb.hooks.leveldb.LevelDBHook' from 'apache-airflow-providers-google' package: No module named 'plyvel'
[2021-12-03 11:21:22,912] {logging_mixin.py:109} INFO - [2021-12-03 11:21:22,912] {providers_manager.py:156} WARNING - Exception when importing 'airflow.providers.google.leveldb.hooks.leveldb.LevelDBHook' from 'apache-airflow-providers-google' package: No module named 'plyvel'
[2021-12-03 11:21:22,947] {logging_mixin.py:109} INFO - [2021-12-03 11:21:22,947] {manager.py:496} INFO - Created Permission View: can read on DAG:example_dag_decorator
[2021-12-03 11:21:22,962] {logging_mixin.py:109} INFO - [2021-12-03 11:21:22,962] {manager.py:496} INFO - Created Permission View: can edit on DAG:example_dag_decorator
[2021-12-03 11:21:22,963] {logging_mixin.py:109} INFO - [2021-12-03 11:21:22,962] {dag.py:2396} INFO - Sync 1 DAGs
[2021-12-03 11:21:22,979] {logging_mixin.py:109} INFO - [2021-12-03 11:21:22,979] {dag.py:2415} INFO - Creating ORM DAG for example_dag_decorator
[2021-12-03 11:21:22,993] {logging_mixin.py:109} INFO - [2021-12-03 11:21:22,993] {dag.py:2928} INFO - Setting next_dagrun for example_dag_decorator to None
[2021-12-03 11:21:23,014] {processor.py:171} INFO - Processing /home/airflow/.local/lib/python3.7/site-packages/airflow/example_dags/example_dag_decorator.py took 2.135 seconds
[2021-12-03 11:21:53,083] {processor.py:163} INFO - Started process (PID=376) to work on /home/airflow/.local/lib/python3.7/site-packages/airflow/example_dags/example_dag_decorator.py
[2021-12-03 11:21:53,084] {processor.py:625} INFO - Processing file /home/airflow/.local/lib/python3.7/site-packages/airflow/example_dags/example_dag_decorator.py for tasks to queue
[2021-12-03 11:21:53,085] {logging_mixin.py:109} INFO - [2021-12-03 11:21:53,085] {dagbag.py:500} INFO - Filling up the DagBag from /home/airflow/.local/lib/python3.7/site-packages/airflow/example_dags/example_dag_decorator.py
[2021-12-03 11:21:53,130] {processor.py:637} INFO - DAG(s) dict_keys(['example_dag_decorator']) retrieved from /home/airflow/.local/lib/python3.7/site-packages/airflow/example_dags/example_dag_decorator.py
[2021-12-03 11:21:53,478] {logging_mixin.py:109} INFO - [2021-12-03 11:21:53,478] {dag.py:2396} INFO - Sync 1 DAGs
[2021-12-03 11:21:53,495] {logging_mixin.py:109} INFO - [2021-12-03 11:21:53,495] {dag.py:2928} INFO - Setting next_dagrun for example_dag_decorator to None
[2021-12-03 11:21:53,507] {processor.py:171} INFO - Processing /home/airflow/.local/lib/python3.7/site-packages/airflow/example_dags/example_dag_decorator.py took 0.427 seconds
[2021-12-03 11:22:23,610] {processor.py:163} INFO - Started process (PID=427) to work on /home/airflow/.local/lib/python3.7/site-packages/airflow/example_dags/example_dag_decorator.py
[2021-12-03 11:22:23,613] {processor.py:625} INFO - Processing file /home/airflow/.local/lib/python3.7/site-packages/airflow/example_dags/example_dag_decorator.py for tasks to queue
[2021-12-03 11:22:23,614] {logging_mixin.py:109} INFO - [2021-12-03 11:22:23,614] {dagbag.py:500} INFO - Filling up the DagBag from /home/airflow/.local/lib/python3.7/site-packages/airflow/example_dags/example_dag_decorator.py
[2021-12-03 11:22:23,657] {processor.py:637} INFO - DAG(s) dict_keys(['example_dag_decorator']) retrieved from /home/airflow/.local/lib/python3.7/site-packages/airflow/example_dags/example_dag_decorator.py
[2021-12-03 11:22:24,070] {logging_mixin.py:109} INFO - [2021-12-03 11:22:24,070] {dag.py:2396} INFO - Sync 1 DAGs
[2021-12-03 11:22:24,079] {logging_mixin.py:109} INFO - [2021-12-03 11:22:24,079] {dag.py:2928} INFO - Setting next_dagrun for example_dag_decorator to None
[2021-12-03 11:22:24,107] {processor.py:171} INFO - Processing /home/airflow/.local/lib/python3.7/site-packages/airflow/example_dags/example_dag_decorator.py took 0.504 seconds
[2021-12-03 11:22:54,763] {processor.py:163} INFO - Started process (PID=479) to work on /home/airflow/.local/lib/python3.7/site-packages/airflow/example_dags/example_dag_decorator.py
[2021-12-03 11:22:54,763] {processor.py:625} INFO - Processing file /home/airflow/.local/lib/python3.7/site-packages/airflow/example_dags/example_dag_decorator.py for tasks to queue
[2021-12-03 11:22:54,764] {logging_mixin.py:109} INFO - [2021-12-03 11:22:54,764] {dagbag.py:500} INFO - Filling up the DagBag from /home/airflow/.local/lib/python3.7/site-packages/airflow/example_dags/example_dag_decorator.py
[2021-12-03 11:22:54,795] {processor.py:637} INFO - DAG(s) dict_keys(['example_dag_decorator']) retrieved from /home/airflow/.local/lib/python3.7/site-packages/airflow/example_dags/example_dag_decorator.py
[2021-12-03 11:22:55,120] {logging_mixin.py:109} INFO - [2021-12-03 11:22:55,120] {dag.py:2396} INFO - Sync 1 DAGs
[2021-12-03 11:22:55,138] {logging_mixin.py:109} INFO - [2021-12-03 11:22:55,138] {dag.py:2928} INFO - Setting next_dagrun for example_dag_decorator to None
[2021-12-03 11:22:55,151] {processor.py:171} INFO - Processing /home/airflow/.local/lib/python3.7/site-packages/airflow/example_dags/example_dag_decorator.py took 0.391 seconds
[2021-12-03 11:23:25,994] {processor.py:163} INFO - Started process (PID=543) to work on /home/airflow/.local/lib/python3.7/site-packages/airflow/example_dags/example_dag_decorator.py
[2021-12-03 11:23:25,995] {processor.py:625} INFO - Processing file /home/airflow/.local/lib/python3.7/site-packages/airflow/example_dags/example_dag_decorator.py for tasks to queue
[2021-12-03 11:23:25,996] {logging_mixin.py:109} INFO - [2021-12-03 11:23:25,996] {dagbag.py:500} INFO - Filling up the DagBag from /home/airflow/.local/lib/python3.7/site-packages/airflow/example_dags/example_dag_decorator.py
[2021-12-03 11:23:26,036] {processor.py:637} INFO - DAG(s) dict_keys(['example_dag_decorator']) retrieved from /home/airflow/.local/lib/python3.7/site-packages/airflow/example_dags/example_dag_decorator.py
[2021-12-03 11:23:26,378] {logging_mixin.py:109} INFO - [2021-12-03 11:23:26,377] {dag.py:2396} INFO - Sync 1 DAGs
[2021-12-03 11:23:26,394] {logging_mixin.py:109} INFO - [2021-12-03 11:23:26,394] {dag.py:2928} INFO - Setting next_dagrun for example_dag_decorator to None
[2021-12-03 11:23:26,405] {processor.py:171} INFO - Processing /home/airflow/.local/lib/python3.7/site-packages/airflow/example_dags/example_dag_decorator.py took 0.414 seconds
[2021-12-03 11:23:57,272] {processor.py:163} INFO - Started process (PID=595) to work on /home/airflow/.local/lib/python3.7/site-packages/airflow/example_dags/example_dag_decorator.py
[2021-12-03 11:23:57,273] {processor.py:625} INFO - Processing file /home/airflow/.local/lib/python3.7/site-packages/airflow/example_dags/example_dag_decorator.py for tasks to queue
[2021-12-03 11:23:57,274] {logging_mixin.py:109} INFO - [2021-12-03 11:23:57,274] {dagbag.py:500} INFO - Filling up the DagBag from /home/airflow/.local/lib/python3.7/site-packages/airflow/example_dags/example_dag_decorator.py
[2021-12-03 11:23:57,312] {processor.py:637} INFO - DAG(s) dict_keys(['example_dag_decorator']) retrieved from /home/airflow/.local/lib/python3.7/site-packages/airflow/example_dags/example_dag_decorator.py
[2021-12-03 11:23:57,679] {logging_mixin.py:109} INFO - [2021-12-03 11:23:57,679] {dag.py:2396} INFO - Sync 1 DAGs
[2021-12-03 11:23:57,698] {logging_mixin.py:109} INFO - [2021-12-03 11:23:57,698] {dag.py:2928} INFO - Setting next_dagrun for example_dag_decorator to None
[2021-12-03 11:23:57,713] {processor.py:171} INFO - Processing /home/airflow/.local/lib/python3.7/site-packages/airflow/example_dags/example_dag_decorator.py took 0.444 seconds
[2021-12-03 11:24:28,499] {processor.py:163} INFO - Started process (PID=655) to work on /home/airflow/.local/lib/python3.7/site-packages/airflow/example_dags/example_dag_decorator.py
[2021-12-03 11:24:28,502] {processor.py:625} INFO - Processing file /home/airflow/.local/lib/python3.7/site-packages/airflow/example_dags/example_dag_decorator.py for tasks to queue
[2021-12-03 11:24:28,503] {logging_mixin.py:109} INFO - [2021-12-03 11:24:28,503] {dagbag.py:500} INFO - Filling up the DagBag from /home/airflow/.local/lib/python3.7/site-packages/airflow/example_dags/example_dag_decorator.py
[2021-12-03 11:24:28,533] {processor.py:637} INFO - DAG(s) dict_keys(['example_dag_decorator']) retrieved from /home/airflow/.local/lib/python3.7/site-packages/airflow/example_dags/example_dag_decorator.py
[2021-12-03 11:24:28,935] {logging_mixin.py:109} INFO - [2021-12-03 11:24:28,935] {dag.py:2396} INFO - Sync 1 DAGs
[2021-12-03 11:24:28,952] {logging_mixin.py:109} INFO - [2021-12-03 11:24:28,952] {dag.py:2928} INFO - Setting next_dagrun for example_dag_decorator to None
[2021-12-03 11:24:28,964] {processor.py:171} INFO - Processing /home/airflow/.local/lib/python3.7/site-packages/airflow/example_dags/example_dag_decorator.py took 0.467 seconds
[2021-12-03 11:24:59,145] {processor.py:163} INFO - Started process (PID=707) to work on /home/airflow/.local/lib/python3.7/site-packages/airflow/example_dags/example_dag_decorator.py
[2021-12-03 11:24:59,147] {processor.py:625} INFO - Processing file /home/airflow/.local/lib/python3.7/site-packages/airflow/example_dags/example_dag_decorator.py for tasks to queue
[2021-12-03 11:24:59,147] {logging_mixin.py:109} INFO - [2021-12-03 11:24:59,147] {dagbag.py:500} INFO - Filling up the DagBag from /home/airflow/.local/lib/python3.7/site-packages/airflow/example_dags/example_dag_decorator.py
[2021-12-03 11:24:59,188] {processor.py:637} INFO - DAG(s) dict_keys(['example_dag_decorator']) retrieved from /home/airflow/.local/lib/python3.7/site-packages/airflow/example_dags/example_dag_decorator.py
[2021-12-03 11:24:59,493] {logging_mixin.py:109} INFO - [2021-12-03 11:24:59,493] {dag.py:2396} INFO - Sync 1 DAGs
[2021-12-03 11:24:59,506] {logging_mixin.py:109} INFO - [2021-12-03 11:24:59,506] {dag.py:2928} INFO - Setting next_dagrun for example_dag_decorator to None
[2021-12-03 11:24:59,515] {processor.py:171} INFO - Processing /home/airflow/.local/lib/python3.7/site-packages/airflow/example_dags/example_dag_decorator.py took 0.373 seconds
[2021-12-03 11:25:29,542] {processor.py:163} INFO - Started process (PID=760) to work on /home/airflow/.local/lib/python3.7/site-packages/airflow/example_dags/example_dag_decorator.py
[2021-12-03 11:25:29,543] {processor.py:625} INFO - Processing file /home/airflow/.local/lib/python3.7/site-packages/airflow/example_dags/example_dag_decorator.py for tasks to queue
[2021-12-03 11:25:29,543] {logging_mixin.py:109} INFO - [2021-12-03 11:25:29,543] {dagbag.py:500} INFO - Filling up the DagBag from /home/airflow/.local/lib/python3.7/site-packages/airflow/example_dags/example_dag_decorator.py
[2021-12-03 11:25:29,581] {processor.py:637} INFO - DAG(s) dict_keys(['example_dag_decorator']) retrieved from /home/airflow/.local/lib/python3.7/site-packages/airflow/example_dags/example_dag_decorator.py
[2021-12-03 11:25:29,918] {logging_mixin.py:109} INFO - [2021-12-03 11:25:29,918] {dag.py:2396} INFO - Sync 1 DAGs
[2021-12-03 11:25:29,935] {logging_mixin.py:109} INFO - [2021-12-03 11:25:29,935] {dag.py:2928} INFO - Setting next_dagrun for example_dag_decorator to None
[2021-12-03 11:25:29,947] {processor.py:171} INFO - Processing /home/airflow/.local/lib/python3.7/site-packages/airflow/example_dags/example_dag_decorator.py took 0.408 seconds
[2021-12-03 11:26:00,085] {processor.py:163} INFO - Started process (PID=821) to work on /home/airflow/.local/lib/python3.7/site-packages/airflow/example_dags/example_dag_decorator.py
[2021-12-03 11:26:00,086] {processor.py:625} INFO - Processing file /home/airflow/.local/lib/python3.7/site-packages/airflow/example_dags/example_dag_decorator.py for tasks to queue
[2021-12-03 11:26:00,087] {logging_mixin.py:109} INFO - [2021-12-03 11:26:00,087] {dagbag.py:500} INFO - Filling up the DagBag from /home/airflow/.local/lib/python3.7/site-packages/airflow/example_dags/example_dag_decorator.py
[2021-12-03 11:26:00,119] {processor.py:637} INFO - DAG(s) dict_keys(['example_dag_decorator']) retrieved from /home/airflow/.local/lib/python3.7/site-packages/airflow/example_dags/example_dag_decorator.py
[2021-12-03 11:26:00,449] {logging_mixin.py:109} INFO - [2021-12-03 11:26:00,449] {dag.py:2396} INFO - Sync 1 DAGs
[2021-12-03 11:26:00,465] {logging_mixin.py:109} INFO - [2021-12-03 11:26:00,465] {dag.py:2928} INFO - Setting next_dagrun for example_dag_decorator to None
[2021-12-03 11:26:00,479] {processor.py:171} INFO - Processing /home/airflow/.local/lib/python3.7/site-packages/airflow/example_dags/example_dag_decorator.py took 0.396 seconds
[2021-12-03 11:26:30,709] {processor.py:163} INFO - Started process (PID=872) to work on /home/airflow/.local/lib/python3.7/site-packages/airflow/example_dags/example_dag_decorator.py
[2021-12-03 11:26:30,711] {processor.py:625} INFO - Processing file /home/airflow/.local/lib/python3.7/site-packages/airflow/example_dags/example_dag_decorator.py for tasks to queue
[2021-12-03 11:26:30,711] {logging_mixin.py:109} INFO - [2021-12-03 11:26:30,711] {dagbag.py:500} INFO - Filling up the DagBag from /home/airflow/.local/lib/python3.7/site-packages/airflow/example_dags/example_dag_decorator.py
[2021-12-03 11:26:30,749] {processor.py:637} INFO - DAG(s) dict_keys(['example_dag_decorator']) retrieved from /home/airflow/.local/lib/python3.7/site-packages/airflow/example_dags/example_dag_decorator.py
[2021-12-03 11:26:31,083] {logging_mixin.py:109} INFO - [2021-12-03 11:26:31,083] {dag.py:2396} INFO - Sync 1 DAGs
[2021-12-03 11:26:31,099] {logging_mixin.py:109} INFO - [2021-12-03 11:26:31,099] {dag.py:2928} INFO - Setting next_dagrun for example_dag_decorator to None
[2021-12-03 11:26:31,112] {processor.py:171} INFO - Processing /home/airflow/.local/lib/python3.7/site-packages/airflow/example_dags/example_dag_decorator.py took 0.406 seconds
[2021-12-03 11:27:01,601] {processor.py:163} INFO - Started process (PID=925) to work on /home/airflow/.local/lib/python3.7/site-packages/airflow/example_dags/example_dag_decorator.py
[2021-12-03 11:27:01,602] {processor.py:625} INFO - Processing file /home/airflow/.local/lib/python3.7/site-packages/airflow/example_dags/example_dag_decorator.py for tasks to queue
[2021-12-03 11:27:01,603] {logging_mixin.py:109} INFO - [2021-12-03 11:27:01,603] {dagbag.py:500} INFO - Filling up the DagBag from /home/airflow/.local/lib/python3.7/site-packages/airflow/example_dags/example_dag_decorator.py
[2021-12-03 11:27:01,649] {processor.py:637} INFO - DAG(s) dict_keys(['example_dag_decorator']) retrieved from /home/airflow/.local/lib/python3.7/site-packages/airflow/example_dags/example_dag_decorator.py
[2021-12-03 11:27:01,983] {logging_mixin.py:109} INFO - [2021-12-03 11:27:01,983] {dag.py:2396} INFO - Sync 1 DAGs
[2021-12-03 11:27:02,005] {logging_mixin.py:109} INFO - [2021-12-03 11:27:02,005] {dag.py:2928} INFO - Setting next_dagrun for example_dag_decorator to None
[2021-12-03 11:27:02,018] {processor.py:171} INFO - Processing /home/airflow/.local/lib/python3.7/site-packages/airflow/example_dags/example_dag_decorator.py took 0.420 seconds
[2021-12-03 11:27:32,280] {processor.py:163} INFO - Started process (PID=985) to work on /home/airflow/.local/lib/python3.7/site-packages/airflow/example_dags/example_dag_decorator.py
[2021-12-03 11:27:32,282] {processor.py:625} INFO - Processing file /home/airflow/.local/lib/python3.7/site-packages/airflow/example_dags/example_dag_decorator.py for tasks to queue
[2021-12-03 11:27:32,282] {logging_mixin.py:109} INFO - [2021-12-03 11:27:32,282] {dagbag.py:500} INFO - Filling up the DagBag from /home/airflow/.local/lib/python3.7/site-packages/airflow/example_dags/example_dag_decorator.py
[2021-12-03 11:27:32,322] {processor.py:637} INFO - DAG(s) dict_keys(['example_dag_decorator']) retrieved from /home/airflow/.local/lib/python3.7/site-packages/airflow/example_dags/example_dag_decorator.py
[2021-12-03 11:27:32,637] {logging_mixin.py:109} INFO - [2021-12-03 11:27:32,636] {dag.py:2396} INFO - Sync 1 DAGs
[2021-12-03 11:27:32,654] {logging_mixin.py:109} INFO - [2021-12-03 11:27:32,654] {dag.py:2928} INFO - Setting next_dagrun for example_dag_decorator to None
[2021-12-03 11:27:32,665] {processor.py:171} INFO - Processing /home/airflow/.local/lib/python3.7/site-packages/airflow/example_dags/example_dag_decorator.py took 0.388 seconds
[2021-12-03 11:28:02,736] {processor.py:163} INFO - Started process (PID=1038) to work on /home/airflow/.local/lib/python3.7/site-packages/airflow/example_dags/example_dag_decorator.py
[2021-12-03 11:28:02,737] {processor.py:625} INFO - Processing file /home/airflow/.local/lib/python3.7/site-packages/airflow/example_dags/example_dag_decorator.py for tasks to queue
[2021-12-03 11:28:02,738] {logging_mixin.py:109} INFO - [2021-12-03 11:28:02,738] {dagbag.py:500} INFO - Filling up the DagBag from /home/airflow/.local/lib/python3.7/site-packages/airflow/example_dags/example_dag_decorator.py
[2021-12-03 11:28:02,775] {processor.py:637} INFO - DAG(s) dict_keys(['example_dag_decorator']) retrieved from /home/airflow/.local/lib/python3.7/site-packages/airflow/example_dags/example_dag_decorator.py
[2021-12-03 11:28:03,111] {logging_mixin.py:109} INFO - [2021-12-03 11:28:03,111] {dag.py:2396} INFO - Sync 1 DAGs
[2021-12-03 11:28:03,130] {logging_mixin.py:109} INFO - [2021-12-03 11:28:03,130] {dag.py:2928} INFO - Setting next_dagrun for example_dag_decorator to None
[2021-12-03 11:28:03,145] {processor.py:171} INFO - Processing /home/airflow/.local/lib/python3.7/site-packages/airflow/example_dags/example_dag_decorator.py took 0.411 seconds
[2021-12-03 11:28:33,292] {processor.py:163} INFO - Started process (PID=1090) to work on /home/airflow/.local/lib/python3.7/site-packages/airflow/example_dags/example_dag_decorator.py
[2021-12-03 11:28:33,293] {processor.py:625} INFO - Processing file /home/airflow/.local/lib/python3.7/site-packages/airflow/example_dags/example_dag_decorator.py for tasks to queue
[2021-12-03 11:28:33,294] {logging_mixin.py:109} INFO - [2021-12-03 11:28:33,294] {dagbag.py:500} INFO - Filling up the DagBag from /home/airflow/.local/lib/python3.7/site-packages/airflow/example_dags/example_dag_decorator.py
[2021-12-03 11:28:33,326] {processor.py:637} INFO - DAG(s) dict_keys(['example_dag_decorator']) retrieved from /home/airflow/.local/lib/python3.7/site-packages/airflow/example_dags/example_dag_decorator.py
[2021-12-03 11:28:33,583] {logging_mixin.py:109} INFO - [2021-12-03 11:28:33,583] {dag.py:2396} INFO - Sync 1 DAGs
[2021-12-03 11:28:33,595] {logging_mixin.py:109} INFO - [2021-12-03 11:28:33,595] {dag.py:2928} INFO - Setting next_dagrun for example_dag_decorator to None
[2021-12-03 11:28:33,605] {processor.py:171} INFO - Processing /home/airflow/.local/lib/python3.7/site-packages/airflow/example_dags/example_dag_decorator.py took 0.316 seconds
[2021-12-03 11:29:03,759] {processor.py:163} INFO - Started process (PID=1152) to work on /home/airflow/.local/lib/python3.7/site-packages/airflow/example_dags/example_dag_decorator.py
[2021-12-03 11:29:03,761] {processor.py:625} INFO - Processing file /home/airflow/.local/lib/python3.7/site-packages/airflow/example_dags/example_dag_decorator.py for tasks to queue
[2021-12-03 11:29:03,761] {logging_mixin.py:109} INFO - [2021-12-03 11:29:03,761] {dagbag.py:500} INFO - Filling up the DagBag from /home/airflow/.local/lib/python3.7/site-packages/airflow/example_dags/example_dag_decorator.py
[2021-12-03 11:29:03,885] {processor.py:637} INFO - DAG(s) dict_keys(['example_dag_decorator']) retrieved from /home/airflow/.local/lib/python3.7/site-packages/airflow/example_dags/example_dag_decorator.py
[2021-12-03 11:29:04,076] {logging_mixin.py:109} INFO - [2021-12-03 11:29:04,075] {dag.py:2396} INFO - Sync 1 DAGs
[2021-12-03 11:29:04,087] {logging_mixin.py:109} INFO - [2021-12-03 11:29:04,087] {dag.py:2928} INFO - Setting next_dagrun for example_dag_decorator to None
[2021-12-03 11:29:04,096] {processor.py:171} INFO - Processing /home/airflow/.local/lib/python3.7/site-packages/airflow/example_dags/example_dag_decorator.py took 0.340 seconds
[2021-12-03 11:30:52,653] {processor.py:163} INFO - Started process (PID=58) to work on /home/airflow/.local/lib/python3.7/site-packages/airflow/example_dags/example_dag_decorator.py
[2021-12-03 11:30:52,661] {processor.py:625} INFO - Processing file /home/airflow/.local/lib/python3.7/site-packages/airflow/example_dags/example_dag_decorator.py for tasks to queue
[2021-12-03 11:30:52,661] {logging_mixin.py:109} INFO - [2021-12-03 11:30:52,661] {dagbag.py:500} INFO - Filling up the DagBag from /home/airflow/.local/lib/python3.7/site-packages/airflow/example_dags/example_dag_decorator.py
[2021-12-03 11:30:52,708] {processor.py:637} INFO - DAG(s) dict_keys(['example_dag_decorator']) retrieved from /home/airflow/.local/lib/python3.7/site-packages/airflow/example_dags/example_dag_decorator.py
[2021-12-03 11:30:53,289] {logging_mixin.py:109} INFO - [2021-12-03 11:30:53,289] {dag.py:2396} INFO - Sync 1 DAGs
[2021-12-03 11:30:53,312] {logging_mixin.py:109} INFO - [2021-12-03 11:30:53,311] {dag.py:2928} INFO - Setting next_dagrun for example_dag_decorator to None
[2021-12-03 11:30:53,330] {processor.py:171} INFO - Processing /home/airflow/.local/lib/python3.7/site-packages/airflow/example_dags/example_dag_decorator.py took 0.679 seconds
