[2021-12-03 11:21:22,697] {processor.py:163} INFO - Started process (PID=209) to work on /home/airflow/.local/lib/python3.7/site-packages/airflow/example_dags/example_xcomargs.py
[2021-12-03 11:21:22,698] {processor.py:625} INFO - Processing file /home/airflow/.local/lib/python3.7/site-packages/airflow/example_dags/example_xcomargs.py for tasks to queue
[2021-12-03 11:21:22,699] {logging_mixin.py:109} INFO - [2021-12-03 11:21:22,699] {dagbag.py:500} INFO - Filling up the DagBag from /home/airflow/.local/lib/python3.7/site-packages/airflow/example_dags/example_xcomargs.py
[2021-12-03 11:21:22,748] {processor.py:637} INFO - DAG(s) dict_keys(['example_xcom_args', 'example_xcom_args_with_operators']) retrieved from /home/airflow/.local/lib/python3.7/site-packages/airflow/example_dags/example_xcomargs.py
[2021-12-03 11:21:24,680] {logging_mixin.py:109} INFO - [2021-12-03 11:21:24,678] {providers_manager.py:156} WARNING - Exception when importing 'airflow.providers.google.leveldb.hooks.leveldb.LevelDBHook' from 'apache-airflow-providers-google' package: No module named 'plyvel'
[2021-12-03 11:21:25,137] {logging_mixin.py:109} INFO - [2021-12-03 11:21:25,137] {providers_manager.py:156} WARNING - Exception when importing 'airflow.providers.google.leveldb.hooks.leveldb.LevelDBHook' from 'apache-airflow-providers-google' package: No module named 'plyvel'
[2021-12-03 11:21:25,158] {logging_mixin.py:109} INFO - [2021-12-03 11:21:25,158] {manager.py:496} INFO - Created Permission View: can read on DAG:example_xcom_args
[2021-12-03 11:21:25,171] {logging_mixin.py:109} INFO - [2021-12-03 11:21:25,170] {manager.py:496} INFO - Created Permission View: can edit on DAG:example_xcom_args
[2021-12-03 11:21:25,194] {logging_mixin.py:109} INFO - [2021-12-03 11:21:25,194] {manager.py:496} INFO - Created Permission View: can read on DAG:example_xcom_args_with_operators
[2021-12-03 11:21:25,205] {logging_mixin.py:109} INFO - [2021-12-03 11:21:25,205] {manager.py:496} INFO - Created Permission View: can edit on DAG:example_xcom_args_with_operators
[2021-12-03 11:21:25,205] {logging_mixin.py:109} INFO - [2021-12-03 11:21:25,205] {dag.py:2396} INFO - Sync 2 DAGs
[2021-12-03 11:21:25,215] {logging_mixin.py:109} INFO - [2021-12-03 11:21:25,214] {dag.py:2415} INFO - Creating ORM DAG for example_xcom_args
[2021-12-03 11:21:25,215] {logging_mixin.py:109} INFO - [2021-12-03 11:21:25,215] {dag.py:2415} INFO - Creating ORM DAG for example_xcom_args_with_operators
[2021-12-03 11:21:25,225] {logging_mixin.py:109} INFO - [2021-12-03 11:21:25,225] {dag.py:2928} INFO - Setting next_dagrun for example_xcom_args to None
[2021-12-03 11:21:25,225] {logging_mixin.py:109} INFO - [2021-12-03 11:21:25,225] {dag.py:2928} INFO - Setting next_dagrun for example_xcom_args_with_operators to None
[2021-12-03 11:21:25,240] {processor.py:171} INFO - Processing /home/airflow/.local/lib/python3.7/site-packages/airflow/example_dags/example_xcomargs.py took 2.547 seconds
[2021-12-03 11:21:55,535] {processor.py:163} INFO - Started process (PID=377) to work on /home/airflow/.local/lib/python3.7/site-packages/airflow/example_dags/example_xcomargs.py
[2021-12-03 11:21:55,536] {processor.py:625} INFO - Processing file /home/airflow/.local/lib/python3.7/site-packages/airflow/example_dags/example_xcomargs.py for tasks to queue
[2021-12-03 11:21:55,537] {logging_mixin.py:109} INFO - [2021-12-03 11:21:55,537] {dagbag.py:500} INFO - Filling up the DagBag from /home/airflow/.local/lib/python3.7/site-packages/airflow/example_dags/example_xcomargs.py
[2021-12-03 11:21:55,576] {processor.py:637} INFO - DAG(s) dict_keys(['example_xcom_args', 'example_xcom_args_with_operators']) retrieved from /home/airflow/.local/lib/python3.7/site-packages/airflow/example_dags/example_xcomargs.py
[2021-12-03 11:21:55,904] {logging_mixin.py:109} INFO - [2021-12-03 11:21:55,904] {dag.py:2396} INFO - Sync 2 DAGs
[2021-12-03 11:21:55,917] {logging_mixin.py:109} INFO - [2021-12-03 11:21:55,916] {dag.py:2928} INFO - Setting next_dagrun for example_xcom_args to None
[2021-12-03 11:21:55,917] {logging_mixin.py:109} INFO - [2021-12-03 11:21:55,917] {dag.py:2928} INFO - Setting next_dagrun for example_xcom_args_with_operators to None
[2021-12-03 11:21:55,925] {processor.py:171} INFO - Processing /home/airflow/.local/lib/python3.7/site-packages/airflow/example_dags/example_xcomargs.py took 0.394 seconds
[2021-12-03 11:22:26,720] {processor.py:163} INFO - Started process (PID=429) to work on /home/airflow/.local/lib/python3.7/site-packages/airflow/example_dags/example_xcomargs.py
[2021-12-03 11:22:26,721] {processor.py:625} INFO - Processing file /home/airflow/.local/lib/python3.7/site-packages/airflow/example_dags/example_xcomargs.py for tasks to queue
[2021-12-03 11:22:26,722] {logging_mixin.py:109} INFO - [2021-12-03 11:22:26,722] {dagbag.py:500} INFO - Filling up the DagBag from /home/airflow/.local/lib/python3.7/site-packages/airflow/example_dags/example_xcomargs.py
[2021-12-03 11:22:26,772] {processor.py:637} INFO - DAG(s) dict_keys(['example_xcom_args', 'example_xcom_args_with_operators']) retrieved from /home/airflow/.local/lib/python3.7/site-packages/airflow/example_dags/example_xcomargs.py
[2021-12-03 11:22:27,103] {logging_mixin.py:109} INFO - [2021-12-03 11:22:27,103] {dag.py:2396} INFO - Sync 2 DAGs
[2021-12-03 11:22:27,117] {logging_mixin.py:109} INFO - [2021-12-03 11:22:27,117] {dag.py:2928} INFO - Setting next_dagrun for example_xcom_args to None
[2021-12-03 11:22:27,117] {logging_mixin.py:109} INFO - [2021-12-03 11:22:27,117] {dag.py:2928} INFO - Setting next_dagrun for example_xcom_args_with_operators to None
[2021-12-03 11:22:27,173] {processor.py:171} INFO - Processing /home/airflow/.local/lib/python3.7/site-packages/airflow/example_dags/example_xcomargs.py took 0.456 seconds
[2021-12-03 11:22:57,872] {processor.py:163} INFO - Started process (PID=491) to work on /home/airflow/.local/lib/python3.7/site-packages/airflow/example_dags/example_xcomargs.py
[2021-12-03 11:22:57,873] {processor.py:625} INFO - Processing file /home/airflow/.local/lib/python3.7/site-packages/airflow/example_dags/example_xcomargs.py for tasks to queue
[2021-12-03 11:22:57,874] {logging_mixin.py:109} INFO - [2021-12-03 11:22:57,874] {dagbag.py:500} INFO - Filling up the DagBag from /home/airflow/.local/lib/python3.7/site-packages/airflow/example_dags/example_xcomargs.py
[2021-12-03 11:22:57,913] {processor.py:637} INFO - DAG(s) dict_keys(['example_xcom_args', 'example_xcom_args_with_operators']) retrieved from /home/airflow/.local/lib/python3.7/site-packages/airflow/example_dags/example_xcomargs.py
[2021-12-03 11:22:58,352] {logging_mixin.py:109} INFO - [2021-12-03 11:22:58,352] {dag.py:2396} INFO - Sync 2 DAGs
[2021-12-03 11:22:58,369] {logging_mixin.py:109} INFO - [2021-12-03 11:22:58,369] {dag.py:2928} INFO - Setting next_dagrun for example_xcom_args to None
[2021-12-03 11:22:58,370] {logging_mixin.py:109} INFO - [2021-12-03 11:22:58,369] {dag.py:2928} INFO - Setting next_dagrun for example_xcom_args_with_operators to None
[2021-12-03 11:22:58,381] {processor.py:171} INFO - Processing /home/airflow/.local/lib/python3.7/site-packages/airflow/example_dags/example_xcomargs.py took 0.512 seconds
[2021-12-03 11:23:28,431] {processor.py:163} INFO - Started process (PID=545) to work on /home/airflow/.local/lib/python3.7/site-packages/airflow/example_dags/example_xcomargs.py
[2021-12-03 11:23:28,432] {processor.py:625} INFO - Processing file /home/airflow/.local/lib/python3.7/site-packages/airflow/example_dags/example_xcomargs.py for tasks to queue
[2021-12-03 11:23:28,433] {logging_mixin.py:109} INFO - [2021-12-03 11:23:28,433] {dagbag.py:500} INFO - Filling up the DagBag from /home/airflow/.local/lib/python3.7/site-packages/airflow/example_dags/example_xcomargs.py
[2021-12-03 11:23:28,473] {processor.py:637} INFO - DAG(s) dict_keys(['example_xcom_args', 'example_xcom_args_with_operators']) retrieved from /home/airflow/.local/lib/python3.7/site-packages/airflow/example_dags/example_xcomargs.py
[2021-12-03 11:23:28,814] {logging_mixin.py:109} INFO - [2021-12-03 11:23:28,814] {dag.py:2396} INFO - Sync 2 DAGs
[2021-12-03 11:23:28,832] {logging_mixin.py:109} INFO - [2021-12-03 11:23:28,832] {dag.py:2928} INFO - Setting next_dagrun for example_xcom_args to None
[2021-12-03 11:23:28,832] {logging_mixin.py:109} INFO - [2021-12-03 11:23:28,832] {dag.py:2928} INFO - Setting next_dagrun for example_xcom_args_with_operators to None
[2021-12-03 11:23:28,843] {processor.py:171} INFO - Processing /home/airflow/.local/lib/python3.7/site-packages/airflow/example_dags/example_xcomargs.py took 0.414 seconds
[2021-12-03 11:23:59,367] {processor.py:163} INFO - Started process (PID=596) to work on /home/airflow/.local/lib/python3.7/site-packages/airflow/example_dags/example_xcomargs.py
[2021-12-03 11:23:59,368] {processor.py:625} INFO - Processing file /home/airflow/.local/lib/python3.7/site-packages/airflow/example_dags/example_xcomargs.py for tasks to queue
[2021-12-03 11:23:59,369] {logging_mixin.py:109} INFO - [2021-12-03 11:23:59,369] {dagbag.py:500} INFO - Filling up the DagBag from /home/airflow/.local/lib/python3.7/site-packages/airflow/example_dags/example_xcomargs.py
[2021-12-03 11:23:59,407] {processor.py:637} INFO - DAG(s) dict_keys(['example_xcom_args', 'example_xcom_args_with_operators']) retrieved from /home/airflow/.local/lib/python3.7/site-packages/airflow/example_dags/example_xcomargs.py
[2021-12-03 11:23:59,801] {logging_mixin.py:109} INFO - [2021-12-03 11:23:59,801] {dag.py:2396} INFO - Sync 2 DAGs
[2021-12-03 11:23:59,817] {logging_mixin.py:109} INFO - [2021-12-03 11:23:59,817] {dag.py:2928} INFO - Setting next_dagrun for example_xcom_args to None
[2021-12-03 11:23:59,818] {logging_mixin.py:109} INFO - [2021-12-03 11:23:59,818] {dag.py:2928} INFO - Setting next_dagrun for example_xcom_args_with_operators to None
[2021-12-03 11:23:59,831] {processor.py:171} INFO - Processing /home/airflow/.local/lib/python3.7/site-packages/airflow/example_dags/example_xcomargs.py took 0.468 seconds
[2021-12-03 11:24:30,682] {processor.py:163} INFO - Started process (PID=658) to work on /home/airflow/.local/lib/python3.7/site-packages/airflow/example_dags/example_xcomargs.py
[2021-12-03 11:24:30,683] {processor.py:625} INFO - Processing file /home/airflow/.local/lib/python3.7/site-packages/airflow/example_dags/example_xcomargs.py for tasks to queue
[2021-12-03 11:24:30,684] {logging_mixin.py:109} INFO - [2021-12-03 11:24:30,684] {dagbag.py:500} INFO - Filling up the DagBag from /home/airflow/.local/lib/python3.7/site-packages/airflow/example_dags/example_xcomargs.py
[2021-12-03 11:24:30,722] {processor.py:637} INFO - DAG(s) dict_keys(['example_xcom_args', 'example_xcom_args_with_operators']) retrieved from /home/airflow/.local/lib/python3.7/site-packages/airflow/example_dags/example_xcomargs.py
[2021-12-03 11:24:31,078] {logging_mixin.py:109} INFO - [2021-12-03 11:24:31,078] {dag.py:2396} INFO - Sync 2 DAGs
[2021-12-03 11:24:31,097] {logging_mixin.py:109} INFO - [2021-12-03 11:24:31,097] {dag.py:2928} INFO - Setting next_dagrun for example_xcom_args to None
[2021-12-03 11:24:31,097] {logging_mixin.py:109} INFO - [2021-12-03 11:24:31,097] {dag.py:2928} INFO - Setting next_dagrun for example_xcom_args_with_operators to None
[2021-12-03 11:24:31,112] {processor.py:171} INFO - Processing /home/airflow/.local/lib/python3.7/site-packages/airflow/example_dags/example_xcomargs.py took 0.433 seconds
[2021-12-03 11:25:01,348] {processor.py:163} INFO - Started process (PID=710) to work on /home/airflow/.local/lib/python3.7/site-packages/airflow/example_dags/example_xcomargs.py
[2021-12-03 11:25:01,349] {processor.py:625} INFO - Processing file /home/airflow/.local/lib/python3.7/site-packages/airflow/example_dags/example_xcomargs.py for tasks to queue
[2021-12-03 11:25:01,350] {logging_mixin.py:109} INFO - [2021-12-03 11:25:01,350] {dagbag.py:500} INFO - Filling up the DagBag from /home/airflow/.local/lib/python3.7/site-packages/airflow/example_dags/example_xcomargs.py
[2021-12-03 11:25:01,391] {processor.py:637} INFO - DAG(s) dict_keys(['example_xcom_args', 'example_xcom_args_with_operators']) retrieved from /home/airflow/.local/lib/python3.7/site-packages/airflow/example_dags/example_xcomargs.py
[2021-12-03 11:25:01,736] {logging_mixin.py:109} INFO - [2021-12-03 11:25:01,736] {dag.py:2396} INFO - Sync 2 DAGs
[2021-12-03 11:25:01,752] {logging_mixin.py:109} INFO - [2021-12-03 11:25:01,752] {dag.py:2928} INFO - Setting next_dagrun for example_xcom_args to None
[2021-12-03 11:25:01,752] {logging_mixin.py:109} INFO - [2021-12-03 11:25:01,752] {dag.py:2928} INFO - Setting next_dagrun for example_xcom_args_with_operators to None
[2021-12-03 11:25:01,765] {processor.py:171} INFO - Processing /home/airflow/.local/lib/python3.7/site-packages/airflow/example_dags/example_xcomargs.py took 0.421 seconds
[2021-12-03 11:25:31,786] {processor.py:163} INFO - Started process (PID=763) to work on /home/airflow/.local/lib/python3.7/site-packages/airflow/example_dags/example_xcomargs.py
[2021-12-03 11:25:31,787] {processor.py:625} INFO - Processing file /home/airflow/.local/lib/python3.7/site-packages/airflow/example_dags/example_xcomargs.py for tasks to queue
[2021-12-03 11:25:31,787] {logging_mixin.py:109} INFO - [2021-12-03 11:25:31,787] {dagbag.py:500} INFO - Filling up the DagBag from /home/airflow/.local/lib/python3.7/site-packages/airflow/example_dags/example_xcomargs.py
[2021-12-03 11:25:31,819] {processor.py:637} INFO - DAG(s) dict_keys(['example_xcom_args', 'example_xcom_args_with_operators']) retrieved from /home/airflow/.local/lib/python3.7/site-packages/airflow/example_dags/example_xcomargs.py
[2021-12-03 11:25:32,205] {logging_mixin.py:109} INFO - [2021-12-03 11:25:32,205] {dag.py:2396} INFO - Sync 2 DAGs
[2021-12-03 11:25:32,233] {logging_mixin.py:109} INFO - [2021-12-03 11:25:32,233] {dag.py:2928} INFO - Setting next_dagrun for example_xcom_args to None
[2021-12-03 11:25:32,234] {logging_mixin.py:109} INFO - [2021-12-03 11:25:32,233] {dag.py:2928} INFO - Setting next_dagrun for example_xcom_args_with_operators to None
[2021-12-03 11:25:32,261] {processor.py:171} INFO - Processing /home/airflow/.local/lib/python3.7/site-packages/airflow/example_dags/example_xcomargs.py took 0.478 seconds
[2021-12-03 11:26:03,212] {processor.py:163} INFO - Started process (PID=824) to work on /home/airflow/.local/lib/python3.7/site-packages/airflow/example_dags/example_xcomargs.py
[2021-12-03 11:26:03,214] {processor.py:625} INFO - Processing file /home/airflow/.local/lib/python3.7/site-packages/airflow/example_dags/example_xcomargs.py for tasks to queue
[2021-12-03 11:26:03,214] {logging_mixin.py:109} INFO - [2021-12-03 11:26:03,214] {dagbag.py:500} INFO - Filling up the DagBag from /home/airflow/.local/lib/python3.7/site-packages/airflow/example_dags/example_xcomargs.py
[2021-12-03 11:26:03,257] {processor.py:637} INFO - DAG(s) dict_keys(['example_xcom_args', 'example_xcom_args_with_operators']) retrieved from /home/airflow/.local/lib/python3.7/site-packages/airflow/example_dags/example_xcomargs.py
[2021-12-03 11:26:03,797] {logging_mixin.py:109} INFO - [2021-12-03 11:26:03,796] {dag.py:2396} INFO - Sync 2 DAGs
[2021-12-03 11:26:03,813] {logging_mixin.py:109} INFO - [2021-12-03 11:26:03,813] {dag.py:2928} INFO - Setting next_dagrun for example_xcom_args to None
[2021-12-03 11:26:03,814] {logging_mixin.py:109} INFO - [2021-12-03 11:26:03,814] {dag.py:2928} INFO - Setting next_dagrun for example_xcom_args_with_operators to None
[2021-12-03 11:26:03,826] {processor.py:171} INFO - Processing /home/airflow/.local/lib/python3.7/site-packages/airflow/example_dags/example_xcomargs.py took 0.617 seconds
[2021-12-03 11:26:33,939] {processor.py:163} INFO - Started process (PID=877) to work on /home/airflow/.local/lib/python3.7/site-packages/airflow/example_dags/example_xcomargs.py
[2021-12-03 11:26:33,941] {processor.py:625} INFO - Processing file /home/airflow/.local/lib/python3.7/site-packages/airflow/example_dags/example_xcomargs.py for tasks to queue
[2021-12-03 11:26:33,941] {logging_mixin.py:109} INFO - [2021-12-03 11:26:33,941] {dagbag.py:500} INFO - Filling up the DagBag from /home/airflow/.local/lib/python3.7/site-packages/airflow/example_dags/example_xcomargs.py
[2021-12-03 11:26:33,995] {processor.py:637} INFO - DAG(s) dict_keys(['example_xcom_args', 'example_xcom_args_with_operators']) retrieved from /home/airflow/.local/lib/python3.7/site-packages/airflow/example_dags/example_xcomargs.py
[2021-12-03 11:26:34,388] {logging_mixin.py:109} INFO - [2021-12-03 11:26:34,388] {dag.py:2396} INFO - Sync 2 DAGs
[2021-12-03 11:26:34,407] {logging_mixin.py:109} INFO - [2021-12-03 11:26:34,406] {dag.py:2928} INFO - Setting next_dagrun for example_xcom_args to None
[2021-12-03 11:26:34,407] {logging_mixin.py:109} INFO - [2021-12-03 11:26:34,407] {dag.py:2928} INFO - Setting next_dagrun for example_xcom_args_with_operators to None
[2021-12-03 11:26:34,420] {processor.py:171} INFO - Processing /home/airflow/.local/lib/python3.7/site-packages/airflow/example_dags/example_xcomargs.py took 0.485 seconds
[2021-12-03 11:27:05,240] {processor.py:163} INFO - Started process (PID=939) to work on /home/airflow/.local/lib/python3.7/site-packages/airflow/example_dags/example_xcomargs.py
[2021-12-03 11:27:05,241] {processor.py:625} INFO - Processing file /home/airflow/.local/lib/python3.7/site-packages/airflow/example_dags/example_xcomargs.py for tasks to queue
[2021-12-03 11:27:05,242] {logging_mixin.py:109} INFO - [2021-12-03 11:27:05,242] {dagbag.py:500} INFO - Filling up the DagBag from /home/airflow/.local/lib/python3.7/site-packages/airflow/example_dags/example_xcomargs.py
[2021-12-03 11:27:05,288] {processor.py:637} INFO - DAG(s) dict_keys(['example_xcom_args', 'example_xcom_args_with_operators']) retrieved from /home/airflow/.local/lib/python3.7/site-packages/airflow/example_dags/example_xcomargs.py
[2021-12-03 11:27:05,612] {logging_mixin.py:109} INFO - [2021-12-03 11:27:05,612] {dag.py:2396} INFO - Sync 2 DAGs
[2021-12-03 11:27:05,628] {logging_mixin.py:109} INFO - [2021-12-03 11:27:05,628] {dag.py:2928} INFO - Setting next_dagrun for example_xcom_args to None
[2021-12-03 11:27:05,628] {logging_mixin.py:109} INFO - [2021-12-03 11:27:05,628] {dag.py:2928} INFO - Setting next_dagrun for example_xcom_args_with_operators to None
[2021-12-03 11:27:05,638] {processor.py:171} INFO - Processing /home/airflow/.local/lib/python3.7/site-packages/airflow/example_dags/example_xcomargs.py took 0.402 seconds
[2021-12-03 11:27:35,890] {processor.py:163} INFO - Started process (PID=990) to work on /home/airflow/.local/lib/python3.7/site-packages/airflow/example_dags/example_xcomargs.py
[2021-12-03 11:27:35,891] {processor.py:625} INFO - Processing file /home/airflow/.local/lib/python3.7/site-packages/airflow/example_dags/example_xcomargs.py for tasks to queue
[2021-12-03 11:27:35,892] {logging_mixin.py:109} INFO - [2021-12-03 11:27:35,892] {dagbag.py:500} INFO - Filling up the DagBag from /home/airflow/.local/lib/python3.7/site-packages/airflow/example_dags/example_xcomargs.py
[2021-12-03 11:27:35,926] {processor.py:637} INFO - DAG(s) dict_keys(['example_xcom_args', 'example_xcom_args_with_operators']) retrieved from /home/airflow/.local/lib/python3.7/site-packages/airflow/example_dags/example_xcomargs.py
[2021-12-03 11:27:36,245] {logging_mixin.py:109} INFO - [2021-12-03 11:27:36,245] {dag.py:2396} INFO - Sync 2 DAGs
[2021-12-03 11:27:36,262] {logging_mixin.py:109} INFO - [2021-12-03 11:27:36,262] {dag.py:2928} INFO - Setting next_dagrun for example_xcom_args to None
[2021-12-03 11:27:36,262] {logging_mixin.py:109} INFO - [2021-12-03 11:27:36,262] {dag.py:2928} INFO - Setting next_dagrun for example_xcom_args_with_operators to None
[2021-12-03 11:27:36,273] {processor.py:171} INFO - Processing /home/airflow/.local/lib/python3.7/site-packages/airflow/example_dags/example_xcomargs.py took 0.386 seconds
[2021-12-03 11:28:07,145] {processor.py:163} INFO - Started process (PID=1042) to work on /home/airflow/.local/lib/python3.7/site-packages/airflow/example_dags/example_xcomargs.py
[2021-12-03 11:28:07,146] {processor.py:625} INFO - Processing file /home/airflow/.local/lib/python3.7/site-packages/airflow/example_dags/example_xcomargs.py for tasks to queue
[2021-12-03 11:28:07,147] {logging_mixin.py:109} INFO - [2021-12-03 11:28:07,147] {dagbag.py:500} INFO - Filling up the DagBag from /home/airflow/.local/lib/python3.7/site-packages/airflow/example_dags/example_xcomargs.py
[2021-12-03 11:28:07,184] {processor.py:637} INFO - DAG(s) dict_keys(['example_xcom_args', 'example_xcom_args_with_operators']) retrieved from /home/airflow/.local/lib/python3.7/site-packages/airflow/example_dags/example_xcomargs.py
[2021-12-03 11:28:07,618] {logging_mixin.py:109} INFO - [2021-12-03 11:28:07,618] {dag.py:2396} INFO - Sync 2 DAGs
[2021-12-03 11:28:07,637] {logging_mixin.py:109} INFO - [2021-12-03 11:28:07,637] {dag.py:2928} INFO - Setting next_dagrun for example_xcom_args to None
[2021-12-03 11:28:07,637] {logging_mixin.py:109} INFO - [2021-12-03 11:28:07,637] {dag.py:2928} INFO - Setting next_dagrun for example_xcom_args_with_operators to None
[2021-12-03 11:28:07,650] {processor.py:171} INFO - Processing /home/airflow/.local/lib/python3.7/site-packages/airflow/example_dags/example_xcomargs.py took 0.509 seconds
[2021-12-03 11:28:37,705] {processor.py:163} INFO - Started process (PID=1103) to work on /home/airflow/.local/lib/python3.7/site-packages/airflow/example_dags/example_xcomargs.py
[2021-12-03 11:28:37,707] {processor.py:625} INFO - Processing file /home/airflow/.local/lib/python3.7/site-packages/airflow/example_dags/example_xcomargs.py for tasks to queue
[2021-12-03 11:28:37,707] {logging_mixin.py:109} INFO - [2021-12-03 11:28:37,707] {dagbag.py:500} INFO - Filling up the DagBag from /home/airflow/.local/lib/python3.7/site-packages/airflow/example_dags/example_xcomargs.py
[2021-12-03 11:28:37,745] {processor.py:637} INFO - DAG(s) dict_keys(['example_xcom_args', 'example_xcom_args_with_operators']) retrieved from /home/airflow/.local/lib/python3.7/site-packages/airflow/example_dags/example_xcomargs.py
[2021-12-03 11:28:38,056] {logging_mixin.py:109} INFO - [2021-12-03 11:28:38,056] {dag.py:2396} INFO - Sync 2 DAGs
[2021-12-03 11:28:38,070] {logging_mixin.py:109} INFO - [2021-12-03 11:28:38,070] {dag.py:2928} INFO - Setting next_dagrun for example_xcom_args to None
[2021-12-03 11:28:38,070] {logging_mixin.py:109} INFO - [2021-12-03 11:28:38,070] {dag.py:2928} INFO - Setting next_dagrun for example_xcom_args_with_operators to None
[2021-12-03 11:28:38,079] {processor.py:171} INFO - Processing /home/airflow/.local/lib/python3.7/site-packages/airflow/example_dags/example_xcomargs.py took 0.377 seconds
[2021-12-03 11:29:08,161] {processor.py:163} INFO - Started process (PID=1157) to work on /home/airflow/.local/lib/python3.7/site-packages/airflow/example_dags/example_xcomargs.py
[2021-12-03 11:29:08,162] {processor.py:625} INFO - Processing file /home/airflow/.local/lib/python3.7/site-packages/airflow/example_dags/example_xcomargs.py for tasks to queue
[2021-12-03 11:29:08,162] {logging_mixin.py:109} INFO - [2021-12-03 11:29:08,162] {dagbag.py:500} INFO - Filling up the DagBag from /home/airflow/.local/lib/python3.7/site-packages/airflow/example_dags/example_xcomargs.py
[2021-12-03 11:29:08,202] {processor.py:637} INFO - DAG(s) dict_keys(['example_xcom_args', 'example_xcom_args_with_operators']) retrieved from /home/airflow/.local/lib/python3.7/site-packages/airflow/example_dags/example_xcomargs.py
[2021-12-03 11:29:08,516] {logging_mixin.py:109} INFO - [2021-12-03 11:29:08,516] {dag.py:2396} INFO - Sync 2 DAGs
[2021-12-03 11:29:08,530] {logging_mixin.py:109} INFO - [2021-12-03 11:29:08,530] {dag.py:2928} INFO - Setting next_dagrun for example_xcom_args to None
[2021-12-03 11:29:08,530] {logging_mixin.py:109} INFO - [2021-12-03 11:29:08,530] {dag.py:2928} INFO - Setting next_dagrun for example_xcom_args_with_operators to None
[2021-12-03 11:29:08,542] {processor.py:171} INFO - Processing /home/airflow/.local/lib/python3.7/site-packages/airflow/example_dags/example_xcomargs.py took 0.384 seconds
[2021-12-03 11:30:52,775] {processor.py:163} INFO - Started process (PID=59) to work on /home/airflow/.local/lib/python3.7/site-packages/airflow/example_dags/example_xcomargs.py
[2021-12-03 11:30:52,777] {processor.py:625} INFO - Processing file /home/airflow/.local/lib/python3.7/site-packages/airflow/example_dags/example_xcomargs.py for tasks to queue
[2021-12-03 11:30:52,778] {logging_mixin.py:109} INFO - [2021-12-03 11:30:52,778] {dagbag.py:500} INFO - Filling up the DagBag from /home/airflow/.local/lib/python3.7/site-packages/airflow/example_dags/example_xcomargs.py
[2021-12-03 11:30:52,873] {processor.py:637} INFO - DAG(s) dict_keys(['example_xcom_args', 'example_xcom_args_with_operators']) retrieved from /home/airflow/.local/lib/python3.7/site-packages/airflow/example_dags/example_xcomargs.py
[2021-12-03 11:30:53,349] {logging_mixin.py:109} INFO - [2021-12-03 11:30:53,348] {dag.py:2396} INFO - Sync 2 DAGs
[2021-12-03 11:30:53,378] {logging_mixin.py:109} INFO - [2021-12-03 11:30:53,378] {dag.py:2928} INFO - Setting next_dagrun for example_xcom_args to None
[2021-12-03 11:30:53,378] {logging_mixin.py:109} INFO - [2021-12-03 11:30:53,378] {dag.py:2928} INFO - Setting next_dagrun for example_xcom_args_with_operators to None
[2021-12-03 11:30:53,403] {processor.py:171} INFO - Processing /home/airflow/.local/lib/python3.7/site-packages/airflow/example_dags/example_xcomargs.py took 0.631 seconds
