[2021-12-03 11:21:32,005] {processor.py:163} INFO - Started process (PID=295) to work on /home/airflow/.local/lib/python3.7/site-packages/airflow/example_dags/example_branch_datetime_operator.py
[2021-12-03 11:21:32,007] {processor.py:625} INFO - Processing file /home/airflow/.local/lib/python3.7/site-packages/airflow/example_dags/example_branch_datetime_operator.py for tasks to queue
[2021-12-03 11:21:32,007] {logging_mixin.py:109} INFO - [2021-12-03 11:21:32,007] {dagbag.py:500} INFO - Filling up the DagBag from /home/airflow/.local/lib/python3.7/site-packages/airflow/example_dags/example_branch_datetime_operator.py
[2021-12-03 11:21:32,041] {processor.py:637} INFO - DAG(s) dict_keys(['example_branch_datetime_operator_2']) retrieved from /home/airflow/.local/lib/python3.7/site-packages/airflow/example_dags/example_branch_datetime_operator.py
[2021-12-03 11:21:33,683] {logging_mixin.py:109} INFO - [2021-12-03 11:21:33,683] {providers_manager.py:156} WARNING - Exception when importing 'airflow.providers.google.leveldb.hooks.leveldb.LevelDBHook' from 'apache-airflow-providers-google' package: No module named 'plyvel'
[2021-12-03 11:21:34,014] {logging_mixin.py:109} INFO - [2021-12-03 11:21:34,014] {providers_manager.py:156} WARNING - Exception when importing 'airflow.providers.google.leveldb.hooks.leveldb.LevelDBHook' from 'apache-airflow-providers-google' package: No module named 'plyvel'
[2021-12-03 11:21:34,035] {logging_mixin.py:109} INFO - [2021-12-03 11:21:34,035] {manager.py:496} INFO - Created Permission View: can read on DAG:example_branch_datetime_operator_2
[2021-12-03 11:21:34,047] {logging_mixin.py:109} INFO - [2021-12-03 11:21:34,047] {manager.py:496} INFO - Created Permission View: can edit on DAG:example_branch_datetime_operator_2
[2021-12-03 11:21:34,048] {logging_mixin.py:109} INFO - [2021-12-03 11:21:34,047] {dag.py:2396} INFO - Sync 1 DAGs
[2021-12-03 11:21:34,055] {logging_mixin.py:109} INFO - [2021-12-03 11:21:34,054] {dag.py:2415} INFO - Creating ORM DAG for example_branch_datetime_operator_2
[2021-12-03 11:21:34,064] {logging_mixin.py:109} INFO - [2021-12-03 11:21:34,064] {dag.py:2928} INFO - Setting next_dagrun for example_branch_datetime_operator_2 to 2021-12-02 00:00:00+00:00
[2021-12-03 11:21:34,079] {processor.py:171} INFO - Processing /home/airflow/.local/lib/python3.7/site-packages/airflow/example_dags/example_branch_datetime_operator.py took 2.077 seconds
[2021-12-03 11:22:04,309] {processor.py:163} INFO - Started process (PID=395) to work on /home/airflow/.local/lib/python3.7/site-packages/airflow/example_dags/example_branch_datetime_operator.py
[2021-12-03 11:22:04,310] {processor.py:625} INFO - Processing file /home/airflow/.local/lib/python3.7/site-packages/airflow/example_dags/example_branch_datetime_operator.py for tasks to queue
[2021-12-03 11:22:04,310] {logging_mixin.py:109} INFO - [2021-12-03 11:22:04,310] {dagbag.py:500} INFO - Filling up the DagBag from /home/airflow/.local/lib/python3.7/site-packages/airflow/example_dags/example_branch_datetime_operator.py
[2021-12-03 11:22:04,340] {processor.py:637} INFO - DAG(s) dict_keys(['example_branch_datetime_operator_2']) retrieved from /home/airflow/.local/lib/python3.7/site-packages/airflow/example_dags/example_branch_datetime_operator.py
[2021-12-03 11:22:04,353] {logging_mixin.py:109} INFO - [2021-12-03 11:22:04,353] {dag.py:2396} INFO - Sync 1 DAGs
[2021-12-03 11:22:04,375] {logging_mixin.py:109} INFO - [2021-12-03 11:22:04,375] {dag.py:2928} INFO - Setting next_dagrun for example_branch_datetime_operator_2 to 2021-12-02 00:00:00+00:00
[2021-12-03 11:22:04,393] {processor.py:171} INFO - Processing /home/airflow/.local/lib/python3.7/site-packages/airflow/example_dags/example_branch_datetime_operator.py took 0.088 seconds
[2021-12-03 11:22:34,436] {processor.py:163} INFO - Started process (PID=447) to work on /home/airflow/.local/lib/python3.7/site-packages/airflow/example_dags/example_branch_datetime_operator.py
[2021-12-03 11:22:34,437] {processor.py:625} INFO - Processing file /home/airflow/.local/lib/python3.7/site-packages/airflow/example_dags/example_branch_datetime_operator.py for tasks to queue
[2021-12-03 11:22:34,438] {logging_mixin.py:109} INFO - [2021-12-03 11:22:34,438] {dagbag.py:500} INFO - Filling up the DagBag from /home/airflow/.local/lib/python3.7/site-packages/airflow/example_dags/example_branch_datetime_operator.py
[2021-12-03 11:22:34,470] {processor.py:637} INFO - DAG(s) dict_keys(['example_branch_datetime_operator_2']) retrieved from /home/airflow/.local/lib/python3.7/site-packages/airflow/example_dags/example_branch_datetime_operator.py
[2021-12-03 11:22:34,479] {logging_mixin.py:109} INFO - [2021-12-03 11:22:34,479] {dag.py:2396} INFO - Sync 1 DAGs
[2021-12-03 11:22:34,498] {logging_mixin.py:109} INFO - [2021-12-03 11:22:34,498] {dag.py:2928} INFO - Setting next_dagrun for example_branch_datetime_operator_2 to 2021-12-02 00:00:00+00:00
[2021-12-03 11:22:34,508] {processor.py:171} INFO - Processing /home/airflow/.local/lib/python3.7/site-packages/airflow/example_dags/example_branch_datetime_operator.py took 0.076 seconds
[2021-12-03 11:23:04,633] {processor.py:163} INFO - Started process (PID=499) to work on /home/airflow/.local/lib/python3.7/site-packages/airflow/example_dags/example_branch_datetime_operator.py
[2021-12-03 11:23:04,634] {processor.py:625} INFO - Processing file /home/airflow/.local/lib/python3.7/site-packages/airflow/example_dags/example_branch_datetime_operator.py for tasks to queue
[2021-12-03 11:23:04,635] {logging_mixin.py:109} INFO - [2021-12-03 11:23:04,635] {dagbag.py:500} INFO - Filling up the DagBag from /home/airflow/.local/lib/python3.7/site-packages/airflow/example_dags/example_branch_datetime_operator.py
[2021-12-03 11:23:04,664] {processor.py:637} INFO - DAG(s) dict_keys(['example_branch_datetime_operator_2']) retrieved from /home/airflow/.local/lib/python3.7/site-packages/airflow/example_dags/example_branch_datetime_operator.py
[2021-12-03 11:23:04,675] {logging_mixin.py:109} INFO - [2021-12-03 11:23:04,675] {dag.py:2396} INFO - Sync 1 DAGs
[2021-12-03 11:23:04,697] {logging_mixin.py:109} INFO - [2021-12-03 11:23:04,697] {dag.py:2928} INFO - Setting next_dagrun for example_branch_datetime_operator_2 to 2021-12-02 00:00:00+00:00
[2021-12-03 11:23:04,708] {processor.py:171} INFO - Processing /home/airflow/.local/lib/python3.7/site-packages/airflow/example_dags/example_branch_datetime_operator.py took 0.077 seconds
[2021-12-03 11:23:35,198] {processor.py:163} INFO - Started process (PID=562) to work on /home/airflow/.local/lib/python3.7/site-packages/airflow/example_dags/example_branch_datetime_operator.py
[2021-12-03 11:23:35,199] {processor.py:625} INFO - Processing file /home/airflow/.local/lib/python3.7/site-packages/airflow/example_dags/example_branch_datetime_operator.py for tasks to queue
[2021-12-03 11:23:35,200] {logging_mixin.py:109} INFO - [2021-12-03 11:23:35,200] {dagbag.py:500} INFO - Filling up the DagBag from /home/airflow/.local/lib/python3.7/site-packages/airflow/example_dags/example_branch_datetime_operator.py
[2021-12-03 11:23:35,244] {processor.py:637} INFO - DAG(s) dict_keys(['example_branch_datetime_operator_2']) retrieved from /home/airflow/.local/lib/python3.7/site-packages/airflow/example_dags/example_branch_datetime_operator.py
[2021-12-03 11:23:35,262] {logging_mixin.py:109} INFO - [2021-12-03 11:23:35,262] {dag.py:2396} INFO - Sync 1 DAGs
[2021-12-03 11:23:35,295] {logging_mixin.py:109} INFO - [2021-12-03 11:23:35,295] {dag.py:2928} INFO - Setting next_dagrun for example_branch_datetime_operator_2 to 2021-12-02 00:00:00+00:00
[2021-12-03 11:23:35,306] {processor.py:171} INFO - Processing /home/airflow/.local/lib/python3.7/site-packages/airflow/example_dags/example_branch_datetime_operator.py took 0.111 seconds
[2021-12-03 11:24:05,921] {processor.py:163} INFO - Started process (PID=613) to work on /home/airflow/.local/lib/python3.7/site-packages/airflow/example_dags/example_branch_datetime_operator.py
[2021-12-03 11:24:05,923] {processor.py:625} INFO - Processing file /home/airflow/.local/lib/python3.7/site-packages/airflow/example_dags/example_branch_datetime_operator.py for tasks to queue
[2021-12-03 11:24:05,924] {logging_mixin.py:109} INFO - [2021-12-03 11:24:05,923] {dagbag.py:500} INFO - Filling up the DagBag from /home/airflow/.local/lib/python3.7/site-packages/airflow/example_dags/example_branch_datetime_operator.py
[2021-12-03 11:24:05,954] {processor.py:637} INFO - DAG(s) dict_keys(['example_branch_datetime_operator_2']) retrieved from /home/airflow/.local/lib/python3.7/site-packages/airflow/example_dags/example_branch_datetime_operator.py
[2021-12-03 11:24:05,966] {logging_mixin.py:109} INFO - [2021-12-03 11:24:05,966] {dag.py:2396} INFO - Sync 1 DAGs
[2021-12-03 11:24:05,988] {logging_mixin.py:109} INFO - [2021-12-03 11:24:05,988] {dag.py:2928} INFO - Setting next_dagrun for example_branch_datetime_operator_2 to 2021-12-02 00:00:00+00:00
[2021-12-03 11:24:06,000] {processor.py:171} INFO - Processing /home/airflow/.local/lib/python3.7/site-packages/airflow/example_dags/example_branch_datetime_operator.py took 0.083 seconds
[2021-12-03 11:24:36,032] {processor.py:163} INFO - Started process (PID=664) to work on /home/airflow/.local/lib/python3.7/site-packages/airflow/example_dags/example_branch_datetime_operator.py
[2021-12-03 11:24:36,033] {processor.py:625} INFO - Processing file /home/airflow/.local/lib/python3.7/site-packages/airflow/example_dags/example_branch_datetime_operator.py for tasks to queue
[2021-12-03 11:24:36,033] {logging_mixin.py:109} INFO - [2021-12-03 11:24:36,033] {dagbag.py:500} INFO - Filling up the DagBag from /home/airflow/.local/lib/python3.7/site-packages/airflow/example_dags/example_branch_datetime_operator.py
[2021-12-03 11:24:36,064] {processor.py:637} INFO - DAG(s) dict_keys(['example_branch_datetime_operator_2']) retrieved from /home/airflow/.local/lib/python3.7/site-packages/airflow/example_dags/example_branch_datetime_operator.py
[2021-12-03 11:24:36,078] {logging_mixin.py:109} INFO - [2021-12-03 11:24:36,077] {dag.py:2396} INFO - Sync 1 DAGs
[2021-12-03 11:24:36,105] {logging_mixin.py:109} INFO - [2021-12-03 11:24:36,105] {dag.py:2928} INFO - Setting next_dagrun for example_branch_datetime_operator_2 to 2021-12-02 00:00:00+00:00
[2021-12-03 11:24:36,117] {processor.py:171} INFO - Processing /home/airflow/.local/lib/python3.7/site-packages/airflow/example_dags/example_branch_datetime_operator.py took 0.088 seconds
[2021-12-03 11:25:06,586] {processor.py:163} INFO - Started process (PID=726) to work on /home/airflow/.local/lib/python3.7/site-packages/airflow/example_dags/example_branch_datetime_operator.py
[2021-12-03 11:25:06,588] {processor.py:625} INFO - Processing file /home/airflow/.local/lib/python3.7/site-packages/airflow/example_dags/example_branch_datetime_operator.py for tasks to queue
[2021-12-03 11:25:06,588] {logging_mixin.py:109} INFO - [2021-12-03 11:25:06,588] {dagbag.py:500} INFO - Filling up the DagBag from /home/airflow/.local/lib/python3.7/site-packages/airflow/example_dags/example_branch_datetime_operator.py
[2021-12-03 11:25:06,627] {processor.py:637} INFO - DAG(s) dict_keys(['example_branch_datetime_operator_2']) retrieved from /home/airflow/.local/lib/python3.7/site-packages/airflow/example_dags/example_branch_datetime_operator.py
[2021-12-03 11:25:06,639] {logging_mixin.py:109} INFO - [2021-12-03 11:25:06,639] {dag.py:2396} INFO - Sync 1 DAGs
[2021-12-03 11:25:06,675] {logging_mixin.py:109} INFO - [2021-12-03 11:25:06,675] {dag.py:2928} INFO - Setting next_dagrun for example_branch_datetime_operator_2 to 2021-12-02 00:00:00+00:00
[2021-12-03 11:25:06,691] {processor.py:171} INFO - Processing /home/airflow/.local/lib/python3.7/site-packages/airflow/example_dags/example_branch_datetime_operator.py took 0.109 seconds
[2021-12-03 11:25:37,038] {processor.py:163} INFO - Started process (PID=779) to work on /home/airflow/.local/lib/python3.7/site-packages/airflow/example_dags/example_branch_datetime_operator.py
[2021-12-03 11:25:37,039] {processor.py:625} INFO - Processing file /home/airflow/.local/lib/python3.7/site-packages/airflow/example_dags/example_branch_datetime_operator.py for tasks to queue
[2021-12-03 11:25:37,040] {logging_mixin.py:109} INFO - [2021-12-03 11:25:37,040] {dagbag.py:500} INFO - Filling up the DagBag from /home/airflow/.local/lib/python3.7/site-packages/airflow/example_dags/example_branch_datetime_operator.py
[2021-12-03 11:25:37,074] {processor.py:637} INFO - DAG(s) dict_keys(['example_branch_datetime_operator_2']) retrieved from /home/airflow/.local/lib/python3.7/site-packages/airflow/example_dags/example_branch_datetime_operator.py
[2021-12-03 11:25:37,087] {logging_mixin.py:109} INFO - [2021-12-03 11:25:37,087] {dag.py:2396} INFO - Sync 1 DAGs
[2021-12-03 11:25:37,113] {logging_mixin.py:109} INFO - [2021-12-03 11:25:37,113] {dag.py:2928} INFO - Setting next_dagrun for example_branch_datetime_operator_2 to 2021-12-02 00:00:00+00:00
[2021-12-03 11:25:37,127] {processor.py:171} INFO - Processing /home/airflow/.local/lib/python3.7/site-packages/airflow/example_dags/example_branch_datetime_operator.py took 0.093 seconds
[2021-12-03 11:26:07,755] {processor.py:163} INFO - Started process (PID=830) to work on /home/airflow/.local/lib/python3.7/site-packages/airflow/example_dags/example_branch_datetime_operator.py
[2021-12-03 11:26:07,756] {processor.py:625} INFO - Processing file /home/airflow/.local/lib/python3.7/site-packages/airflow/example_dags/example_branch_datetime_operator.py for tasks to queue
[2021-12-03 11:26:07,757] {logging_mixin.py:109} INFO - [2021-12-03 11:26:07,756] {dagbag.py:500} INFO - Filling up the DagBag from /home/airflow/.local/lib/python3.7/site-packages/airflow/example_dags/example_branch_datetime_operator.py
[2021-12-03 11:26:07,787] {processor.py:637} INFO - DAG(s) dict_keys(['example_branch_datetime_operator_2']) retrieved from /home/airflow/.local/lib/python3.7/site-packages/airflow/example_dags/example_branch_datetime_operator.py
[2021-12-03 11:26:07,799] {logging_mixin.py:109} INFO - [2021-12-03 11:26:07,798] {dag.py:2396} INFO - Sync 1 DAGs
[2021-12-03 11:26:07,826] {logging_mixin.py:109} INFO - [2021-12-03 11:26:07,826] {dag.py:2928} INFO - Setting next_dagrun for example_branch_datetime_operator_2 to 2021-12-02 00:00:00+00:00
[2021-12-03 11:26:07,837] {processor.py:171} INFO - Processing /home/airflow/.local/lib/python3.7/site-packages/airflow/example_dags/example_branch_datetime_operator.py took 0.085 seconds
[2021-12-03 11:26:38,240] {processor.py:163} INFO - Started process (PID=890) to work on /home/airflow/.local/lib/python3.7/site-packages/airflow/example_dags/example_branch_datetime_operator.py
[2021-12-03 11:26:38,241] {processor.py:625} INFO - Processing file /home/airflow/.local/lib/python3.7/site-packages/airflow/example_dags/example_branch_datetime_operator.py for tasks to queue
[2021-12-03 11:26:38,242] {logging_mixin.py:109} INFO - [2021-12-03 11:26:38,242] {dagbag.py:500} INFO - Filling up the DagBag from /home/airflow/.local/lib/python3.7/site-packages/airflow/example_dags/example_branch_datetime_operator.py
[2021-12-03 11:26:38,295] {processor.py:637} INFO - DAG(s) dict_keys(['example_branch_datetime_operator_2']) retrieved from /home/airflow/.local/lib/python3.7/site-packages/airflow/example_dags/example_branch_datetime_operator.py
[2021-12-03 11:26:38,304] {logging_mixin.py:109} INFO - [2021-12-03 11:26:38,304] {dag.py:2396} INFO - Sync 1 DAGs
[2021-12-03 11:26:38,324] {logging_mixin.py:109} INFO - [2021-12-03 11:26:38,324] {dag.py:2928} INFO - Setting next_dagrun for example_branch_datetime_operator_2 to 2021-12-02 00:00:00+00:00
[2021-12-03 11:26:38,345] {processor.py:171} INFO - Processing /home/airflow/.local/lib/python3.7/site-packages/airflow/example_dags/example_branch_datetime_operator.py took 0.118 seconds
[2021-12-03 11:27:08,471] {processor.py:163} INFO - Started process (PID=943) to work on /home/airflow/.local/lib/python3.7/site-packages/airflow/example_dags/example_branch_datetime_operator.py
[2021-12-03 11:27:08,472] {processor.py:625} INFO - Processing file /home/airflow/.local/lib/python3.7/site-packages/airflow/example_dags/example_branch_datetime_operator.py for tasks to queue
[2021-12-03 11:27:08,473] {logging_mixin.py:109} INFO - [2021-12-03 11:27:08,473] {dagbag.py:500} INFO - Filling up the DagBag from /home/airflow/.local/lib/python3.7/site-packages/airflow/example_dags/example_branch_datetime_operator.py
[2021-12-03 11:27:08,501] {processor.py:637} INFO - DAG(s) dict_keys(['example_branch_datetime_operator_2']) retrieved from /home/airflow/.local/lib/python3.7/site-packages/airflow/example_dags/example_branch_datetime_operator.py
[2021-12-03 11:27:08,512] {logging_mixin.py:109} INFO - [2021-12-03 11:27:08,512] {dag.py:2396} INFO - Sync 1 DAGs
[2021-12-03 11:27:08,532] {logging_mixin.py:109} INFO - [2021-12-03 11:27:08,532] {dag.py:2928} INFO - Setting next_dagrun for example_branch_datetime_operator_2 to 2021-12-02 00:00:00+00:00
[2021-12-03 11:27:08,633] {processor.py:171} INFO - Processing /home/airflow/.local/lib/python3.7/site-packages/airflow/example_dags/example_branch_datetime_operator.py took 0.165 seconds
[2021-12-03 11:27:39,029] {processor.py:163} INFO - Started process (PID=994) to work on /home/airflow/.local/lib/python3.7/site-packages/airflow/example_dags/example_branch_datetime_operator.py
[2021-12-03 11:27:39,031] {processor.py:625} INFO - Processing file /home/airflow/.local/lib/python3.7/site-packages/airflow/example_dags/example_branch_datetime_operator.py for tasks to queue
[2021-12-03 11:27:39,031] {logging_mixin.py:109} INFO - [2021-12-03 11:27:39,031] {dagbag.py:500} INFO - Filling up the DagBag from /home/airflow/.local/lib/python3.7/site-packages/airflow/example_dags/example_branch_datetime_operator.py
[2021-12-03 11:27:39,059] {processor.py:637} INFO - DAG(s) dict_keys(['example_branch_datetime_operator_2']) retrieved from /home/airflow/.local/lib/python3.7/site-packages/airflow/example_dags/example_branch_datetime_operator.py
[2021-12-03 11:27:39,069] {logging_mixin.py:109} INFO - [2021-12-03 11:27:39,069] {dag.py:2396} INFO - Sync 1 DAGs
[2021-12-03 11:27:39,219] {logging_mixin.py:109} INFO - [2021-12-03 11:27:39,219] {dag.py:2928} INFO - Setting next_dagrun for example_branch_datetime_operator_2 to 2021-12-02 00:00:00+00:00
[2021-12-03 11:27:39,234] {processor.py:171} INFO - Processing /home/airflow/.local/lib/python3.7/site-packages/airflow/example_dags/example_branch_datetime_operator.py took 0.209 seconds
[2021-12-03 11:28:09,556] {processor.py:163} INFO - Started process (PID=1055) to work on /home/airflow/.local/lib/python3.7/site-packages/airflow/example_dags/example_branch_datetime_operator.py
[2021-12-03 11:28:09,558] {processor.py:625} INFO - Processing file /home/airflow/.local/lib/python3.7/site-packages/airflow/example_dags/example_branch_datetime_operator.py for tasks to queue
[2021-12-03 11:28:09,558] {logging_mixin.py:109} INFO - [2021-12-03 11:28:09,558] {dagbag.py:500} INFO - Filling up the DagBag from /home/airflow/.local/lib/python3.7/site-packages/airflow/example_dags/example_branch_datetime_operator.py
[2021-12-03 11:28:09,592] {processor.py:637} INFO - DAG(s) dict_keys(['example_branch_datetime_operator_2']) retrieved from /home/airflow/.local/lib/python3.7/site-packages/airflow/example_dags/example_branch_datetime_operator.py
[2021-12-03 11:28:09,605] {logging_mixin.py:109} INFO - [2021-12-03 11:28:09,605] {dag.py:2396} INFO - Sync 1 DAGs
[2021-12-03 11:28:09,721] {logging_mixin.py:109} INFO - [2021-12-03 11:28:09,721] {dag.py:2928} INFO - Setting next_dagrun for example_branch_datetime_operator_2 to 2021-12-02 00:00:00+00:00
[2021-12-03 11:28:09,732] {processor.py:171} INFO - Processing /home/airflow/.local/lib/python3.7/site-packages/airflow/example_dags/example_branch_datetime_operator.py took 0.179 seconds
[2021-12-03 11:28:39,903] {processor.py:163} INFO - Started process (PID=1106) to work on /home/airflow/.local/lib/python3.7/site-packages/airflow/example_dags/example_branch_datetime_operator.py
[2021-12-03 11:28:39,904] {processor.py:625} INFO - Processing file /home/airflow/.local/lib/python3.7/site-packages/airflow/example_dags/example_branch_datetime_operator.py for tasks to queue
[2021-12-03 11:28:39,905] {logging_mixin.py:109} INFO - [2021-12-03 11:28:39,905] {dagbag.py:500} INFO - Filling up the DagBag from /home/airflow/.local/lib/python3.7/site-packages/airflow/example_dags/example_branch_datetime_operator.py
[2021-12-03 11:28:39,934] {processor.py:637} INFO - DAG(s) dict_keys(['example_branch_datetime_operator_2']) retrieved from /home/airflow/.local/lib/python3.7/site-packages/airflow/example_dags/example_branch_datetime_operator.py
[2021-12-03 11:28:39,947] {logging_mixin.py:109} INFO - [2021-12-03 11:28:39,946] {dag.py:2396} INFO - Sync 1 DAGs
[2021-12-03 11:28:40,058] {logging_mixin.py:109} INFO - [2021-12-03 11:28:40,058] {dag.py:2928} INFO - Setting next_dagrun for example_branch_datetime_operator_2 to 2021-12-02 00:00:00+00:00
[2021-12-03 11:28:40,068] {processor.py:171} INFO - Processing /home/airflow/.local/lib/python3.7/site-packages/airflow/example_dags/example_branch_datetime_operator.py took 0.168 seconds
[2021-12-03 11:29:10,174] {processor.py:163} INFO - Started process (PID=1159) to work on /home/airflow/.local/lib/python3.7/site-packages/airflow/example_dags/example_branch_datetime_operator.py
[2021-12-03 11:29:10,175] {processor.py:625} INFO - Processing file /home/airflow/.local/lib/python3.7/site-packages/airflow/example_dags/example_branch_datetime_operator.py for tasks to queue
[2021-12-03 11:29:10,176] {logging_mixin.py:109} INFO - [2021-12-03 11:29:10,176] {dagbag.py:500} INFO - Filling up the DagBag from /home/airflow/.local/lib/python3.7/site-packages/airflow/example_dags/example_branch_datetime_operator.py
[2021-12-03 11:29:10,204] {processor.py:637} INFO - DAG(s) dict_keys(['example_branch_datetime_operator_2']) retrieved from /home/airflow/.local/lib/python3.7/site-packages/airflow/example_dags/example_branch_datetime_operator.py
[2021-12-03 11:29:10,217] {logging_mixin.py:109} INFO - [2021-12-03 11:29:10,217] {dag.py:2396} INFO - Sync 1 DAGs
[2021-12-03 11:29:10,372] {logging_mixin.py:109} INFO - [2021-12-03 11:29:10,372] {dag.py:2928} INFO - Setting next_dagrun for example_branch_datetime_operator_2 to 2021-12-02 00:00:00+00:00
[2021-12-03 11:29:10,388] {processor.py:171} INFO - Processing /home/airflow/.local/lib/python3.7/site-packages/airflow/example_dags/example_branch_datetime_operator.py took 0.218 seconds
[2021-12-03 11:30:54,022] {processor.py:163} INFO - Started process (PID=68) to work on /home/airflow/.local/lib/python3.7/site-packages/airflow/example_dags/example_branch_datetime_operator.py
[2021-12-03 11:30:54,024] {processor.py:625} INFO - Processing file /home/airflow/.local/lib/python3.7/site-packages/airflow/example_dags/example_branch_datetime_operator.py for tasks to queue
[2021-12-03 11:30:54,025] {logging_mixin.py:109} INFO - [2021-12-03 11:30:54,025] {dagbag.py:500} INFO - Filling up the DagBag from /home/airflow/.local/lib/python3.7/site-packages/airflow/example_dags/example_branch_datetime_operator.py
[2021-12-03 11:30:54,062] {processor.py:637} INFO - DAG(s) dict_keys(['example_branch_datetime_operator_2']) retrieved from /home/airflow/.local/lib/python3.7/site-packages/airflow/example_dags/example_branch_datetime_operator.py
[2021-12-03 11:30:54,077] {logging_mixin.py:109} INFO - [2021-12-03 11:30:54,076] {dag.py:2396} INFO - Sync 1 DAGs
[2021-12-03 11:30:54,115] {logging_mixin.py:109} INFO - [2021-12-03 11:30:54,115] {dag.py:2928} INFO - Setting next_dagrun for example_branch_datetime_operator_2 to 2021-12-02 00:00:00+00:00
[2021-12-03 11:30:54,130] {processor.py:171} INFO - Processing /home/airflow/.local/lib/python3.7/site-packages/airflow/example_dags/example_branch_datetime_operator.py took 0.112 seconds
