[2021-12-03 11:21:25,481] {processor.py:163} INFO - Started process (PID=241) to work on /home/airflow/.local/lib/python3.7/site-packages/airflow/example_dags/example_short_circuit_operator.py
[2021-12-03 11:21:25,484] {processor.py:625} INFO - Processing file /home/airflow/.local/lib/python3.7/site-packages/airflow/example_dags/example_short_circuit_operator.py for tasks to queue
[2021-12-03 11:21:25,485] {logging_mixin.py:109} INFO - [2021-12-03 11:21:25,484] {dagbag.py:500} INFO - Filling up the DagBag from /home/airflow/.local/lib/python3.7/site-packages/airflow/example_dags/example_short_circuit_operator.py
[2021-12-03 11:21:25,516] {processor.py:637} INFO - DAG(s) dict_keys(['example_short_circuit_operator']) retrieved from /home/airflow/.local/lib/python3.7/site-packages/airflow/example_dags/example_short_circuit_operator.py
[2021-12-03 11:21:27,170] {logging_mixin.py:109} INFO - [2021-12-03 11:21:27,170] {providers_manager.py:156} WARNING - Exception when importing 'airflow.providers.google.leveldb.hooks.leveldb.LevelDBHook' from 'apache-airflow-providers-google' package: No module named 'plyvel'
[2021-12-03 11:21:27,538] {logging_mixin.py:109} INFO - [2021-12-03 11:21:27,538] {providers_manager.py:156} WARNING - Exception when importing 'airflow.providers.google.leveldb.hooks.leveldb.LevelDBHook' from 'apache-airflow-providers-google' package: No module named 'plyvel'
[2021-12-03 11:21:27,556] {logging_mixin.py:109} INFO - [2021-12-03 11:21:27,555] {manager.py:496} INFO - Created Permission View: can read on DAG:example_short_circuit_operator
[2021-12-03 11:21:27,570] {logging_mixin.py:109} INFO - [2021-12-03 11:21:27,570] {manager.py:496} INFO - Created Permission View: can edit on DAG:example_short_circuit_operator
[2021-12-03 11:21:27,570] {logging_mixin.py:109} INFO - [2021-12-03 11:21:27,570] {dag.py:2396} INFO - Sync 1 DAGs
[2021-12-03 11:21:27,583] {logging_mixin.py:109} INFO - [2021-12-03 11:21:27,583] {dag.py:2415} INFO - Creating ORM DAG for example_short_circuit_operator
[2021-12-03 11:21:27,594] {logging_mixin.py:109} INFO - [2021-12-03 11:21:27,594] {dag.py:2928} INFO - Setting next_dagrun for example_short_circuit_operator to 2021-12-02T11:21:27.593891+00:00
[2021-12-03 11:21:27,612] {processor.py:171} INFO - Processing /home/airflow/.local/lib/python3.7/site-packages/airflow/example_dags/example_short_circuit_operator.py took 2.135 seconds
[2021-12-03 11:21:57,965] {processor.py:163} INFO - Started process (PID=380) to work on /home/airflow/.local/lib/python3.7/site-packages/airflow/example_dags/example_short_circuit_operator.py
[2021-12-03 11:21:57,967] {processor.py:625} INFO - Processing file /home/airflow/.local/lib/python3.7/site-packages/airflow/example_dags/example_short_circuit_operator.py for tasks to queue
[2021-12-03 11:21:57,967] {logging_mixin.py:109} INFO - [2021-12-03 11:21:57,967] {dagbag.py:500} INFO - Filling up the DagBag from /home/airflow/.local/lib/python3.7/site-packages/airflow/example_dags/example_short_circuit_operator.py
[2021-12-03 11:21:57,998] {processor.py:637} INFO - DAG(s) dict_keys(['example_short_circuit_operator']) retrieved from /home/airflow/.local/lib/python3.7/site-packages/airflow/example_dags/example_short_circuit_operator.py
[2021-12-03 11:21:58,015] {logging_mixin.py:109} INFO - [2021-12-03 11:21:58,015] {dag.py:2396} INFO - Sync 1 DAGs
[2021-12-03 11:21:58,041] {logging_mixin.py:109} INFO - [2021-12-03 11:21:58,041] {dag.py:2928} INFO - Setting next_dagrun for example_short_circuit_operator to 2021-12-02T11:21:58.040643+00:00
[2021-12-03 11:21:58,054] {processor.py:171} INFO - Processing /home/airflow/.local/lib/python3.7/site-packages/airflow/example_dags/example_short_circuit_operator.py took 0.092 seconds
[2021-12-03 11:22:28,200] {processor.py:163} INFO - Started process (PID=431) to work on /home/airflow/.local/lib/python3.7/site-packages/airflow/example_dags/example_short_circuit_operator.py
[2021-12-03 11:22:28,222] {processor.py:625} INFO - Processing file /home/airflow/.local/lib/python3.7/site-packages/airflow/example_dags/example_short_circuit_operator.py for tasks to queue
[2021-12-03 11:22:28,223] {logging_mixin.py:109} INFO - [2021-12-03 11:22:28,223] {dagbag.py:500} INFO - Filling up the DagBag from /home/airflow/.local/lib/python3.7/site-packages/airflow/example_dags/example_short_circuit_operator.py
[2021-12-03 11:22:28,249] {processor.py:637} INFO - DAG(s) dict_keys(['example_short_circuit_operator']) retrieved from /home/airflow/.local/lib/python3.7/site-packages/airflow/example_dags/example_short_circuit_operator.py
[2021-12-03 11:22:28,261] {logging_mixin.py:109} INFO - [2021-12-03 11:22:28,261] {dag.py:2396} INFO - Sync 1 DAGs
[2021-12-03 11:22:28,277] {logging_mixin.py:109} INFO - [2021-12-03 11:22:28,277] {dag.py:2928} INFO - Setting next_dagrun for example_short_circuit_operator to 2021-12-02T11:22:28.277090+00:00
[2021-12-03 11:22:28,290] {processor.py:171} INFO - Processing /home/airflow/.local/lib/python3.7/site-packages/airflow/example_dags/example_short_circuit_operator.py took 0.093 seconds
[2021-12-03 11:22:58,406] {processor.py:163} INFO - Started process (PID=493) to work on /home/airflow/.local/lib/python3.7/site-packages/airflow/example_dags/example_short_circuit_operator.py
[2021-12-03 11:22:58,408] {processor.py:625} INFO - Processing file /home/airflow/.local/lib/python3.7/site-packages/airflow/example_dags/example_short_circuit_operator.py for tasks to queue
[2021-12-03 11:22:58,408] {logging_mixin.py:109} INFO - [2021-12-03 11:22:58,408] {dagbag.py:500} INFO - Filling up the DagBag from /home/airflow/.local/lib/python3.7/site-packages/airflow/example_dags/example_short_circuit_operator.py
[2021-12-03 11:22:58,439] {processor.py:637} INFO - DAG(s) dict_keys(['example_short_circuit_operator']) retrieved from /home/airflow/.local/lib/python3.7/site-packages/airflow/example_dags/example_short_circuit_operator.py
[2021-12-03 11:22:58,454] {logging_mixin.py:109} INFO - [2021-12-03 11:22:58,454] {dag.py:2396} INFO - Sync 1 DAGs
[2021-12-03 11:22:58,473] {logging_mixin.py:109} INFO - [2021-12-03 11:22:58,473] {dag.py:2928} INFO - Setting next_dagrun for example_short_circuit_operator to 2021-12-02T11:22:58.473159+00:00
[2021-12-03 11:22:58,484] {processor.py:171} INFO - Processing /home/airflow/.local/lib/python3.7/site-packages/airflow/example_dags/example_short_circuit_operator.py took 0.081 seconds
[2021-12-03 11:23:28,867] {processor.py:163} INFO - Started process (PID=547) to work on /home/airflow/.local/lib/python3.7/site-packages/airflow/example_dags/example_short_circuit_operator.py
[2021-12-03 11:23:28,868] {processor.py:625} INFO - Processing file /home/airflow/.local/lib/python3.7/site-packages/airflow/example_dags/example_short_circuit_operator.py for tasks to queue
[2021-12-03 11:23:28,869] {logging_mixin.py:109} INFO - [2021-12-03 11:23:28,869] {dagbag.py:500} INFO - Filling up the DagBag from /home/airflow/.local/lib/python3.7/site-packages/airflow/example_dags/example_short_circuit_operator.py
[2021-12-03 11:23:28,898] {processor.py:637} INFO - DAG(s) dict_keys(['example_short_circuit_operator']) retrieved from /home/airflow/.local/lib/python3.7/site-packages/airflow/example_dags/example_short_circuit_operator.py
[2021-12-03 11:23:28,912] {logging_mixin.py:109} INFO - [2021-12-03 11:23:28,912] {dag.py:2396} INFO - Sync 1 DAGs
[2021-12-03 11:23:28,935] {logging_mixin.py:109} INFO - [2021-12-03 11:23:28,935] {dag.py:2928} INFO - Setting next_dagrun for example_short_circuit_operator to 2021-12-02T11:23:28.935090+00:00
[2021-12-03 11:23:28,946] {processor.py:171} INFO - Processing /home/airflow/.local/lib/python3.7/site-packages/airflow/example_dags/example_short_circuit_operator.py took 0.082 seconds
[2021-12-03 11:23:59,482] {processor.py:163} INFO - Started process (PID=598) to work on /home/airflow/.local/lib/python3.7/site-packages/airflow/example_dags/example_short_circuit_operator.py
[2021-12-03 11:23:59,483] {processor.py:625} INFO - Processing file /home/airflow/.local/lib/python3.7/site-packages/airflow/example_dags/example_short_circuit_operator.py for tasks to queue
[2021-12-03 11:23:59,484] {logging_mixin.py:109} INFO - [2021-12-03 11:23:59,484] {dagbag.py:500} INFO - Filling up the DagBag from /home/airflow/.local/lib/python3.7/site-packages/airflow/example_dags/example_short_circuit_operator.py
[2021-12-03 11:23:59,521] {processor.py:637} INFO - DAG(s) dict_keys(['example_short_circuit_operator']) retrieved from /home/airflow/.local/lib/python3.7/site-packages/airflow/example_dags/example_short_circuit_operator.py
[2021-12-03 11:23:59,537] {logging_mixin.py:109} INFO - [2021-12-03 11:23:59,537] {dag.py:2396} INFO - Sync 1 DAGs
[2021-12-03 11:23:59,557] {logging_mixin.py:109} INFO - [2021-12-03 11:23:59,557] {dag.py:2928} INFO - Setting next_dagrun for example_short_circuit_operator to 2021-12-02T11:23:59.557111+00:00
[2021-12-03 11:23:59,570] {processor.py:171} INFO - Processing /home/airflow/.local/lib/python3.7/site-packages/airflow/example_dags/example_short_circuit_operator.py took 0.091 seconds
[2021-12-03 11:24:29,677] {processor.py:163} INFO - Started process (PID=657) to work on /home/airflow/.local/lib/python3.7/site-packages/airflow/example_dags/example_short_circuit_operator.py
[2021-12-03 11:24:29,678] {processor.py:625} INFO - Processing file /home/airflow/.local/lib/python3.7/site-packages/airflow/example_dags/example_short_circuit_operator.py for tasks to queue
[2021-12-03 11:24:29,679] {logging_mixin.py:109} INFO - [2021-12-03 11:24:29,678] {dagbag.py:500} INFO - Filling up the DagBag from /home/airflow/.local/lib/python3.7/site-packages/airflow/example_dags/example_short_circuit_operator.py
[2021-12-03 11:24:29,713] {processor.py:637} INFO - DAG(s) dict_keys(['example_short_circuit_operator']) retrieved from /home/airflow/.local/lib/python3.7/site-packages/airflow/example_dags/example_short_circuit_operator.py
[2021-12-03 11:24:29,726] {logging_mixin.py:109} INFO - [2021-12-03 11:24:29,725] {dag.py:2396} INFO - Sync 1 DAGs
[2021-12-03 11:24:29,748] {logging_mixin.py:109} INFO - [2021-12-03 11:24:29,748] {dag.py:2928} INFO - Setting next_dagrun for example_short_circuit_operator to 2021-12-02T11:24:29.748407+00:00
[2021-12-03 11:24:29,761] {processor.py:171} INFO - Processing /home/airflow/.local/lib/python3.7/site-packages/airflow/example_dags/example_short_circuit_operator.py took 0.086 seconds
[2021-12-03 11:25:00,254] {processor.py:163} INFO - Started process (PID=709) to work on /home/airflow/.local/lib/python3.7/site-packages/airflow/example_dags/example_short_circuit_operator.py
[2021-12-03 11:25:00,255] {processor.py:625} INFO - Processing file /home/airflow/.local/lib/python3.7/site-packages/airflow/example_dags/example_short_circuit_operator.py for tasks to queue
[2021-12-03 11:25:00,256] {logging_mixin.py:109} INFO - [2021-12-03 11:25:00,256] {dagbag.py:500} INFO - Filling up the DagBag from /home/airflow/.local/lib/python3.7/site-packages/airflow/example_dags/example_short_circuit_operator.py
[2021-12-03 11:25:00,287] {processor.py:637} INFO - DAG(s) dict_keys(['example_short_circuit_operator']) retrieved from /home/airflow/.local/lib/python3.7/site-packages/airflow/example_dags/example_short_circuit_operator.py
[2021-12-03 11:25:00,299] {logging_mixin.py:109} INFO - [2021-12-03 11:25:00,299] {dag.py:2396} INFO - Sync 1 DAGs
[2021-12-03 11:25:00,319] {logging_mixin.py:109} INFO - [2021-12-03 11:25:00,319] {dag.py:2928} INFO - Setting next_dagrun for example_short_circuit_operator to 2021-12-02T11:25:00.319037+00:00
[2021-12-03 11:25:00,332] {processor.py:171} INFO - Processing /home/airflow/.local/lib/python3.7/site-packages/airflow/example_dags/example_short_circuit_operator.py took 0.082 seconds
[2021-12-03 11:25:30,637] {processor.py:163} INFO - Started process (PID=762) to work on /home/airflow/.local/lib/python3.7/site-packages/airflow/example_dags/example_short_circuit_operator.py
[2021-12-03 11:25:30,638] {processor.py:625} INFO - Processing file /home/airflow/.local/lib/python3.7/site-packages/airflow/example_dags/example_short_circuit_operator.py for tasks to queue
[2021-12-03 11:25:30,638] {logging_mixin.py:109} INFO - [2021-12-03 11:25:30,638] {dagbag.py:500} INFO - Filling up the DagBag from /home/airflow/.local/lib/python3.7/site-packages/airflow/example_dags/example_short_circuit_operator.py
[2021-12-03 11:25:30,669] {processor.py:637} INFO - DAG(s) dict_keys(['example_short_circuit_operator']) retrieved from /home/airflow/.local/lib/python3.7/site-packages/airflow/example_dags/example_short_circuit_operator.py
[2021-12-03 11:25:30,679] {logging_mixin.py:109} INFO - [2021-12-03 11:25:30,679] {dag.py:2396} INFO - Sync 1 DAGs
[2021-12-03 11:25:30,749] {logging_mixin.py:109} INFO - [2021-12-03 11:25:30,749] {dag.py:2928} INFO - Setting next_dagrun for example_short_circuit_operator to 2021-12-02T11:25:30.749083+00:00
[2021-12-03 11:25:30,760] {processor.py:171} INFO - Processing /home/airflow/.local/lib/python3.7/site-packages/airflow/example_dags/example_short_circuit_operator.py took 0.127 seconds
[2021-12-03 11:26:01,099] {processor.py:163} INFO - Started process (PID=823) to work on /home/airflow/.local/lib/python3.7/site-packages/airflow/example_dags/example_short_circuit_operator.py
[2021-12-03 11:26:01,101] {processor.py:625} INFO - Processing file /home/airflow/.local/lib/python3.7/site-packages/airflow/example_dags/example_short_circuit_operator.py for tasks to queue
[2021-12-03 11:26:01,102] {logging_mixin.py:109} INFO - [2021-12-03 11:26:01,102] {dagbag.py:500} INFO - Filling up the DagBag from /home/airflow/.local/lib/python3.7/site-packages/airflow/example_dags/example_short_circuit_operator.py
[2021-12-03 11:26:01,136] {processor.py:637} INFO - DAG(s) dict_keys(['example_short_circuit_operator']) retrieved from /home/airflow/.local/lib/python3.7/site-packages/airflow/example_dags/example_short_circuit_operator.py
[2021-12-03 11:26:01,152] {logging_mixin.py:109} INFO - [2021-12-03 11:26:01,152] {dag.py:2396} INFO - Sync 1 DAGs
[2021-12-03 11:26:01,180] {logging_mixin.py:109} INFO - [2021-12-03 11:26:01,180] {dag.py:2928} INFO - Setting next_dagrun for example_short_circuit_operator to 2021-12-02T11:26:01.179623+00:00
[2021-12-03 11:26:01,192] {processor.py:171} INFO - Processing /home/airflow/.local/lib/python3.7/site-packages/airflow/example_dags/example_short_circuit_operator.py took 0.096 seconds
[2021-12-03 11:26:31,724] {processor.py:163} INFO - Started process (PID=874) to work on /home/airflow/.local/lib/python3.7/site-packages/airflow/example_dags/example_short_circuit_operator.py
[2021-12-03 11:26:31,725] {processor.py:625} INFO - Processing file /home/airflow/.local/lib/python3.7/site-packages/airflow/example_dags/example_short_circuit_operator.py for tasks to queue
[2021-12-03 11:26:31,726] {logging_mixin.py:109} INFO - [2021-12-03 11:26:31,726] {dagbag.py:500} INFO - Filling up the DagBag from /home/airflow/.local/lib/python3.7/site-packages/airflow/example_dags/example_short_circuit_operator.py
[2021-12-03 11:26:31,763] {processor.py:637} INFO - DAG(s) dict_keys(['example_short_circuit_operator']) retrieved from /home/airflow/.local/lib/python3.7/site-packages/airflow/example_dags/example_short_circuit_operator.py
[2021-12-03 11:26:31,775] {logging_mixin.py:109} INFO - [2021-12-03 11:26:31,775] {dag.py:2396} INFO - Sync 1 DAGs
[2021-12-03 11:26:31,796] {logging_mixin.py:109} INFO - [2021-12-03 11:26:31,796] {dag.py:2928} INFO - Setting next_dagrun for example_short_circuit_operator to 2021-12-02T11:26:31.796553+00:00
[2021-12-03 11:26:31,807] {processor.py:171} INFO - Processing /home/airflow/.local/lib/python3.7/site-packages/airflow/example_dags/example_short_circuit_operator.py took 0.088 seconds
[2021-12-03 11:27:01,993] {processor.py:163} INFO - Started process (PID=927) to work on /home/airflow/.local/lib/python3.7/site-packages/airflow/example_dags/example_short_circuit_operator.py
[2021-12-03 11:27:01,994] {processor.py:625} INFO - Processing file /home/airflow/.local/lib/python3.7/site-packages/airflow/example_dags/example_short_circuit_operator.py for tasks to queue
[2021-12-03 11:27:01,995] {logging_mixin.py:109} INFO - [2021-12-03 11:27:01,995] {dagbag.py:500} INFO - Filling up the DagBag from /home/airflow/.local/lib/python3.7/site-packages/airflow/example_dags/example_short_circuit_operator.py
[2021-12-03 11:27:02,024] {processor.py:637} INFO - DAG(s) dict_keys(['example_short_circuit_operator']) retrieved from /home/airflow/.local/lib/python3.7/site-packages/airflow/example_dags/example_short_circuit_operator.py
[2021-12-03 11:27:02,034] {logging_mixin.py:109} INFO - [2021-12-03 11:27:02,034] {dag.py:2396} INFO - Sync 1 DAGs
[2021-12-03 11:27:02,052] {logging_mixin.py:109} INFO - [2021-12-03 11:27:02,052] {dag.py:2928} INFO - Setting next_dagrun for example_short_circuit_operator to 2021-12-02T11:27:02.052477+00:00
[2021-12-03 11:27:02,146] {processor.py:171} INFO - Processing /home/airflow/.local/lib/python3.7/site-packages/airflow/example_dags/example_short_circuit_operator.py took 0.155 seconds
[2021-12-03 11:27:32,386] {processor.py:163} INFO - Started process (PID=987) to work on /home/airflow/.local/lib/python3.7/site-packages/airflow/example_dags/example_short_circuit_operator.py
[2021-12-03 11:27:32,388] {processor.py:625} INFO - Processing file /home/airflow/.local/lib/python3.7/site-packages/airflow/example_dags/example_short_circuit_operator.py for tasks to queue
[2021-12-03 11:27:32,388] {logging_mixin.py:109} INFO - [2021-12-03 11:27:32,388] {dagbag.py:500} INFO - Filling up the DagBag from /home/airflow/.local/lib/python3.7/site-packages/airflow/example_dags/example_short_circuit_operator.py
[2021-12-03 11:27:32,421] {processor.py:637} INFO - DAG(s) dict_keys(['example_short_circuit_operator']) retrieved from /home/airflow/.local/lib/python3.7/site-packages/airflow/example_dags/example_short_circuit_operator.py
[2021-12-03 11:27:32,433] {logging_mixin.py:109} INFO - [2021-12-03 11:27:32,433] {dag.py:2396} INFO - Sync 1 DAGs
[2021-12-03 11:27:32,538] {logging_mixin.py:109} INFO - [2021-12-03 11:27:32,537] {dag.py:2928} INFO - Setting next_dagrun for example_short_circuit_operator to 2021-12-02T11:27:32.537669+00:00
[2021-12-03 11:27:32,568] {processor.py:171} INFO - Processing /home/airflow/.local/lib/python3.7/site-packages/airflow/example_dags/example_short_circuit_operator.py took 0.185 seconds
[2021-12-03 11:28:02,742] {processor.py:163} INFO - Started process (PID=1039) to work on /home/airflow/.local/lib/python3.7/site-packages/airflow/example_dags/example_short_circuit_operator.py
[2021-12-03 11:28:02,743] {processor.py:625} INFO - Processing file /home/airflow/.local/lib/python3.7/site-packages/airflow/example_dags/example_short_circuit_operator.py for tasks to queue
[2021-12-03 11:28:02,744] {logging_mixin.py:109} INFO - [2021-12-03 11:28:02,743] {dagbag.py:500} INFO - Filling up the DagBag from /home/airflow/.local/lib/python3.7/site-packages/airflow/example_dags/example_short_circuit_operator.py
[2021-12-03 11:28:02,773] {processor.py:637} INFO - DAG(s) dict_keys(['example_short_circuit_operator']) retrieved from /home/airflow/.local/lib/python3.7/site-packages/airflow/example_dags/example_short_circuit_operator.py
[2021-12-03 11:28:02,786] {logging_mixin.py:109} INFO - [2021-12-03 11:28:02,786] {dag.py:2396} INFO - Sync 1 DAGs
[2021-12-03 11:28:02,892] {logging_mixin.py:109} INFO - [2021-12-03 11:28:02,892] {dag.py:2928} INFO - Setting next_dagrun for example_short_circuit_operator to 2021-12-02T11:28:02.891755+00:00
[2021-12-03 11:28:02,903] {processor.py:171} INFO - Processing /home/airflow/.local/lib/python3.7/site-packages/airflow/example_dags/example_short_circuit_operator.py took 0.166 seconds
[2021-12-03 11:28:32,999] {processor.py:163} INFO - Started process (PID=1089) to work on /home/airflow/.local/lib/python3.7/site-packages/airflow/example_dags/example_short_circuit_operator.py
[2021-12-03 11:28:33,001] {processor.py:625} INFO - Processing file /home/airflow/.local/lib/python3.7/site-packages/airflow/example_dags/example_short_circuit_operator.py for tasks to queue
[2021-12-03 11:28:33,001] {logging_mixin.py:109} INFO - [2021-12-03 11:28:33,001] {dagbag.py:500} INFO - Filling up the DagBag from /home/airflow/.local/lib/python3.7/site-packages/airflow/example_dags/example_short_circuit_operator.py
[2021-12-03 11:28:33,029] {processor.py:637} INFO - DAG(s) dict_keys(['example_short_circuit_operator']) retrieved from /home/airflow/.local/lib/python3.7/site-packages/airflow/example_dags/example_short_circuit_operator.py
[2021-12-03 11:28:33,042] {logging_mixin.py:109} INFO - [2021-12-03 11:28:33,042] {dag.py:2396} INFO - Sync 1 DAGs
[2021-12-03 11:28:33,268] {logging_mixin.py:109} INFO - [2021-12-03 11:28:33,268] {dag.py:2928} INFO - Setting next_dagrun for example_short_circuit_operator to 2021-12-02T11:28:33.268518+00:00
[2021-12-03 11:28:33,279] {processor.py:171} INFO - Processing /home/airflow/.local/lib/python3.7/site-packages/airflow/example_dags/example_short_circuit_operator.py took 0.283 seconds
[2021-12-03 11:29:03,566] {processor.py:163} INFO - Started process (PID=1151) to work on /home/airflow/.local/lib/python3.7/site-packages/airflow/example_dags/example_short_circuit_operator.py
[2021-12-03 11:29:03,567] {processor.py:625} INFO - Processing file /home/airflow/.local/lib/python3.7/site-packages/airflow/example_dags/example_short_circuit_operator.py for tasks to queue
[2021-12-03 11:29:03,568] {logging_mixin.py:109} INFO - [2021-12-03 11:29:03,568] {dagbag.py:500} INFO - Filling up the DagBag from /home/airflow/.local/lib/python3.7/site-packages/airflow/example_dags/example_short_circuit_operator.py
[2021-12-03 11:29:03,597] {processor.py:637} INFO - DAG(s) dict_keys(['example_short_circuit_operator']) retrieved from /home/airflow/.local/lib/python3.7/site-packages/airflow/example_dags/example_short_circuit_operator.py
[2021-12-03 11:29:03,612] {logging_mixin.py:109} INFO - [2021-12-03 11:29:03,611] {dag.py:2396} INFO - Sync 1 DAGs
[2021-12-03 11:29:03,734] {logging_mixin.py:109} INFO - [2021-12-03 11:29:03,734] {dag.py:2928} INFO - Setting next_dagrun for example_short_circuit_operator to 2021-12-02T11:29:03.733789+00:00
[2021-12-03 11:29:03,744] {processor.py:171} INFO - Processing /home/airflow/.local/lib/python3.7/site-packages/airflow/example_dags/example_short_circuit_operator.py took 0.181 seconds
[2021-12-03 11:30:53,540] {processor.py:163} INFO - Started process (PID=62) to work on /home/airflow/.local/lib/python3.7/site-packages/airflow/example_dags/example_short_circuit_operator.py
[2021-12-03 11:30:53,542] {processor.py:625} INFO - Processing file /home/airflow/.local/lib/python3.7/site-packages/airflow/example_dags/example_short_circuit_operator.py for tasks to queue
[2021-12-03 11:30:53,544] {logging_mixin.py:109} INFO - [2021-12-03 11:30:53,544] {dagbag.py:500} INFO - Filling up the DagBag from /home/airflow/.local/lib/python3.7/site-packages/airflow/example_dags/example_short_circuit_operator.py
[2021-12-03 11:30:53,593] {processor.py:637} INFO - DAG(s) dict_keys(['example_short_circuit_operator']) retrieved from /home/airflow/.local/lib/python3.7/site-packages/airflow/example_dags/example_short_circuit_operator.py
[2021-12-03 11:30:53,612] {logging_mixin.py:109} INFO - [2021-12-03 11:30:53,612] {dag.py:2396} INFO - Sync 1 DAGs
[2021-12-03 11:30:53,644] {logging_mixin.py:109} INFO - [2021-12-03 11:30:53,644] {dag.py:2928} INFO - Setting next_dagrun for example_short_circuit_operator to 2021-12-02T11:30:53.644338+00:00
[2021-12-03 11:30:53,667] {processor.py:171} INFO - Processing /home/airflow/.local/lib/python3.7/site-packages/airflow/example_dags/example_short_circuit_operator.py took 0.131 seconds
