[2021-12-03 11:21:23,060] {processor.py:163} INFO - Started process (PID=210) to work on /home/airflow/.local/lib/python3.7/site-packages/airflow/example_dags/example_python_operator.py
[2021-12-03 11:21:23,061] {processor.py:625} INFO - Processing file /home/airflow/.local/lib/python3.7/site-packages/airflow/example_dags/example_python_operator.py for tasks to queue
[2021-12-03 11:21:23,062] {logging_mixin.py:109} INFO - [2021-12-03 11:21:23,062] {dagbag.py:500} INFO - Filling up the DagBag from /home/airflow/.local/lib/python3.7/site-packages/airflow/example_dags/example_python_operator.py
[2021-12-03 11:21:23,096] {processor.py:637} INFO - DAG(s) dict_keys(['example_python_operator']) retrieved from /home/airflow/.local/lib/python3.7/site-packages/airflow/example_dags/example_python_operator.py
[2021-12-03 11:21:24,958] {logging_mixin.py:109} INFO - [2021-12-03 11:21:24,957] {providers_manager.py:156} WARNING - Exception when importing 'airflow.providers.google.leveldb.hooks.leveldb.LevelDBHook' from 'apache-airflow-providers-google' package: No module named 'plyvel'
[2021-12-03 11:21:25,367] {logging_mixin.py:109} INFO - [2021-12-03 11:21:25,367] {providers_manager.py:156} WARNING - Exception when importing 'airflow.providers.google.leveldb.hooks.leveldb.LevelDBHook' from 'apache-airflow-providers-google' package: No module named 'plyvel'
[2021-12-03 11:21:25,392] {logging_mixin.py:109} INFO - [2021-12-03 11:21:25,392] {manager.py:496} INFO - Created Permission View: can read on DAG:example_python_operator
[2021-12-03 11:21:25,406] {logging_mixin.py:109} INFO - [2021-12-03 11:21:25,406] {manager.py:496} INFO - Created Permission View: can edit on DAG:example_python_operator
[2021-12-03 11:21:25,406] {logging_mixin.py:109} INFO - [2021-12-03 11:21:25,406] {dag.py:2396} INFO - Sync 1 DAGs
[2021-12-03 11:21:25,416] {logging_mixin.py:109} INFO - [2021-12-03 11:21:25,416] {dag.py:2415} INFO - Creating ORM DAG for example_python_operator
[2021-12-03 11:21:25,428] {logging_mixin.py:109} INFO - [2021-12-03 11:21:25,428] {dag.py:2928} INFO - Setting next_dagrun for example_python_operator to None
[2021-12-03 11:21:25,447] {processor.py:171} INFO - Processing /home/airflow/.local/lib/python3.7/site-packages/airflow/example_dags/example_python_operator.py took 2.390 seconds
[2021-12-03 11:21:55,541] {processor.py:163} INFO - Started process (PID=378) to work on /home/airflow/.local/lib/python3.7/site-packages/airflow/example_dags/example_python_operator.py
[2021-12-03 11:21:55,542] {processor.py:625} INFO - Processing file /home/airflow/.local/lib/python3.7/site-packages/airflow/example_dags/example_python_operator.py for tasks to queue
[2021-12-03 11:21:55,543] {logging_mixin.py:109} INFO - [2021-12-03 11:21:55,543] {dagbag.py:500} INFO - Filling up the DagBag from /home/airflow/.local/lib/python3.7/site-packages/airflow/example_dags/example_python_operator.py
[2021-12-03 11:21:55,572] {processor.py:637} INFO - DAG(s) dict_keys(['example_python_operator']) retrieved from /home/airflow/.local/lib/python3.7/site-packages/airflow/example_dags/example_python_operator.py
[2021-12-03 11:21:55,586] {logging_mixin.py:109} INFO - [2021-12-03 11:21:55,585] {dag.py:2396} INFO - Sync 1 DAGs
[2021-12-03 11:21:55,603] {logging_mixin.py:109} INFO - [2021-12-03 11:21:55,603] {dag.py:2928} INFO - Setting next_dagrun for example_python_operator to None
[2021-12-03 11:21:55,613] {processor.py:171} INFO - Processing /home/airflow/.local/lib/python3.7/site-packages/airflow/example_dags/example_python_operator.py took 0.075 seconds
[2021-12-03 11:22:25,716] {processor.py:163} INFO - Started process (PID=428) to work on /home/airflow/.local/lib/python3.7/site-packages/airflow/example_dags/example_python_operator.py
[2021-12-03 11:22:25,717] {processor.py:625} INFO - Processing file /home/airflow/.local/lib/python3.7/site-packages/airflow/example_dags/example_python_operator.py for tasks to queue
[2021-12-03 11:22:25,718] {logging_mixin.py:109} INFO - [2021-12-03 11:22:25,718] {dagbag.py:500} INFO - Filling up the DagBag from /home/airflow/.local/lib/python3.7/site-packages/airflow/example_dags/example_python_operator.py
[2021-12-03 11:22:25,760] {processor.py:637} INFO - DAG(s) dict_keys(['example_python_operator']) retrieved from /home/airflow/.local/lib/python3.7/site-packages/airflow/example_dags/example_python_operator.py
[2021-12-03 11:22:25,776] {logging_mixin.py:109} INFO - [2021-12-03 11:22:25,776] {dag.py:2396} INFO - Sync 1 DAGs
[2021-12-03 11:22:25,798] {logging_mixin.py:109} INFO - [2021-12-03 11:22:25,798] {dag.py:2928} INFO - Setting next_dagrun for example_python_operator to None
[2021-12-03 11:22:25,809] {processor.py:171} INFO - Processing /home/airflow/.local/lib/python3.7/site-packages/airflow/example_dags/example_python_operator.py took 0.098 seconds
[2021-12-03 11:22:55,861] {processor.py:163} INFO - Started process (PID=490) to work on /home/airflow/.local/lib/python3.7/site-packages/airflow/example_dags/example_python_operator.py
[2021-12-03 11:22:55,862] {processor.py:625} INFO - Processing file /home/airflow/.local/lib/python3.7/site-packages/airflow/example_dags/example_python_operator.py for tasks to queue
[2021-12-03 11:22:55,862] {logging_mixin.py:109} INFO - [2021-12-03 11:22:55,862] {dagbag.py:500} INFO - Filling up the DagBag from /home/airflow/.local/lib/python3.7/site-packages/airflow/example_dags/example_python_operator.py
[2021-12-03 11:22:55,888] {processor.py:637} INFO - DAG(s) dict_keys(['example_python_operator']) retrieved from /home/airflow/.local/lib/python3.7/site-packages/airflow/example_dags/example_python_operator.py
[2021-12-03 11:22:55,897] {logging_mixin.py:109} INFO - [2021-12-03 11:22:55,896] {dag.py:2396} INFO - Sync 1 DAGs
[2021-12-03 11:22:55,913] {logging_mixin.py:109} INFO - [2021-12-03 11:22:55,913] {dag.py:2928} INFO - Setting next_dagrun for example_python_operator to None
[2021-12-03 11:22:55,923] {processor.py:171} INFO - Processing /home/airflow/.local/lib/python3.7/site-packages/airflow/example_dags/example_python_operator.py took 0.065 seconds
[2021-12-03 11:23:25,998] {processor.py:163} INFO - Started process (PID=544) to work on /home/airflow/.local/lib/python3.7/site-packages/airflow/example_dags/example_python_operator.py
[2021-12-03 11:23:26,000] {processor.py:625} INFO - Processing file /home/airflow/.local/lib/python3.7/site-packages/airflow/example_dags/example_python_operator.py for tasks to queue
[2021-12-03 11:23:26,001] {logging_mixin.py:109} INFO - [2021-12-03 11:23:26,001] {dagbag.py:500} INFO - Filling up the DagBag from /home/airflow/.local/lib/python3.7/site-packages/airflow/example_dags/example_python_operator.py
[2021-12-03 11:23:26,033] {processor.py:637} INFO - DAG(s) dict_keys(['example_python_operator']) retrieved from /home/airflow/.local/lib/python3.7/site-packages/airflow/example_dags/example_python_operator.py
[2021-12-03 11:23:26,045] {logging_mixin.py:109} INFO - [2021-12-03 11:23:26,045] {dag.py:2396} INFO - Sync 1 DAGs
[2021-12-03 11:23:26,064] {logging_mixin.py:109} INFO - [2021-12-03 11:23:26,064] {dag.py:2928} INFO - Setting next_dagrun for example_python_operator to None
[2021-12-03 11:23:26,076] {processor.py:171} INFO - Processing /home/airflow/.local/lib/python3.7/site-packages/airflow/example_dags/example_python_operator.py took 0.080 seconds
[2021-12-03 11:23:56,267] {processor.py:163} INFO - Started process (PID=594) to work on /home/airflow/.local/lib/python3.7/site-packages/airflow/example_dags/example_python_operator.py
[2021-12-03 11:23:56,268] {processor.py:625} INFO - Processing file /home/airflow/.local/lib/python3.7/site-packages/airflow/example_dags/example_python_operator.py for tasks to queue
[2021-12-03 11:23:56,269] {logging_mixin.py:109} INFO - [2021-12-03 11:23:56,268] {dagbag.py:500} INFO - Filling up the DagBag from /home/airflow/.local/lib/python3.7/site-packages/airflow/example_dags/example_python_operator.py
[2021-12-03 11:23:56,301] {processor.py:637} INFO - DAG(s) dict_keys(['example_python_operator']) retrieved from /home/airflow/.local/lib/python3.7/site-packages/airflow/example_dags/example_python_operator.py
[2021-12-03 11:23:56,312] {logging_mixin.py:109} INFO - [2021-12-03 11:23:56,312] {dag.py:2396} INFO - Sync 1 DAGs
[2021-12-03 11:23:56,331] {logging_mixin.py:109} INFO - [2021-12-03 11:23:56,331] {dag.py:2928} INFO - Setting next_dagrun for example_python_operator to None
[2021-12-03 11:23:56,341] {processor.py:171} INFO - Processing /home/airflow/.local/lib/python3.7/site-packages/airflow/example_dags/example_python_operator.py took 0.078 seconds
[2021-12-03 11:24:26,484] {processor.py:163} INFO - Started process (PID=645) to work on /home/airflow/.local/lib/python3.7/site-packages/airflow/example_dags/example_python_operator.py
[2021-12-03 11:24:26,485] {processor.py:625} INFO - Processing file /home/airflow/.local/lib/python3.7/site-packages/airflow/example_dags/example_python_operator.py for tasks to queue
[2021-12-03 11:24:26,486] {logging_mixin.py:109} INFO - [2021-12-03 11:24:26,486] {dagbag.py:500} INFO - Filling up the DagBag from /home/airflow/.local/lib/python3.7/site-packages/airflow/example_dags/example_python_operator.py
[2021-12-03 11:24:26,514] {processor.py:637} INFO - DAG(s) dict_keys(['example_python_operator']) retrieved from /home/airflow/.local/lib/python3.7/site-packages/airflow/example_dags/example_python_operator.py
[2021-12-03 11:24:26,525] {logging_mixin.py:109} INFO - [2021-12-03 11:24:26,525] {dag.py:2396} INFO - Sync 1 DAGs
[2021-12-03 11:24:26,544] {logging_mixin.py:109} INFO - [2021-12-03 11:24:26,544] {dag.py:2928} INFO - Setting next_dagrun for example_python_operator to None
[2021-12-03 11:24:26,553] {processor.py:171} INFO - Processing /home/airflow/.local/lib/python3.7/site-packages/airflow/example_dags/example_python_operator.py took 0.072 seconds
[2021-12-03 11:24:57,136] {processor.py:163} INFO - Started process (PID=706) to work on /home/airflow/.local/lib/python3.7/site-packages/airflow/example_dags/example_python_operator.py
[2021-12-03 11:24:57,137] {processor.py:625} INFO - Processing file /home/airflow/.local/lib/python3.7/site-packages/airflow/example_dags/example_python_operator.py for tasks to queue
[2021-12-03 11:24:57,138] {logging_mixin.py:109} INFO - [2021-12-03 11:24:57,138] {dagbag.py:500} INFO - Filling up the DagBag from /home/airflow/.local/lib/python3.7/site-packages/airflow/example_dags/example_python_operator.py
[2021-12-03 11:24:57,171] {processor.py:637} INFO - DAG(s) dict_keys(['example_python_operator']) retrieved from /home/airflow/.local/lib/python3.7/site-packages/airflow/example_dags/example_python_operator.py
[2021-12-03 11:24:57,185] {logging_mixin.py:109} INFO - [2021-12-03 11:24:57,185] {dag.py:2396} INFO - Sync 1 DAGs
[2021-12-03 11:24:57,208] {logging_mixin.py:109} INFO - [2021-12-03 11:24:57,207] {dag.py:2928} INFO - Setting next_dagrun for example_python_operator to None
[2021-12-03 11:24:57,218] {processor.py:171} INFO - Processing /home/airflow/.local/lib/python3.7/site-packages/airflow/example_dags/example_python_operator.py took 0.087 seconds
[2021-12-03 11:25:27,532] {processor.py:163} INFO - Started process (PID=759) to work on /home/airflow/.local/lib/python3.7/site-packages/airflow/example_dags/example_python_operator.py
[2021-12-03 11:25:27,534] {processor.py:625} INFO - Processing file /home/airflow/.local/lib/python3.7/site-packages/airflow/example_dags/example_python_operator.py for tasks to queue
[2021-12-03 11:25:27,535] {logging_mixin.py:109} INFO - [2021-12-03 11:25:27,535] {dagbag.py:500} INFO - Filling up the DagBag from /home/airflow/.local/lib/python3.7/site-packages/airflow/example_dags/example_python_operator.py
[2021-12-03 11:25:27,567] {processor.py:637} INFO - DAG(s) dict_keys(['example_python_operator']) retrieved from /home/airflow/.local/lib/python3.7/site-packages/airflow/example_dags/example_python_operator.py
[2021-12-03 11:25:27,579] {logging_mixin.py:109} INFO - [2021-12-03 11:25:27,578] {dag.py:2396} INFO - Sync 1 DAGs
[2021-12-03 11:25:27,597] {logging_mixin.py:109} INFO - [2021-12-03 11:25:27,597] {dag.py:2928} INFO - Setting next_dagrun for example_python_operator to None
[2021-12-03 11:25:27,607] {processor.py:171} INFO - Processing /home/airflow/.local/lib/python3.7/site-packages/airflow/example_dags/example_python_operator.py took 0.078 seconds
[2021-12-03 11:25:57,679] {processor.py:163} INFO - Started process (PID=811) to work on /home/airflow/.local/lib/python3.7/site-packages/airflow/example_dags/example_python_operator.py
[2021-12-03 11:25:57,681] {processor.py:625} INFO - Processing file /home/airflow/.local/lib/python3.7/site-packages/airflow/example_dags/example_python_operator.py for tasks to queue
[2021-12-03 11:25:57,682] {logging_mixin.py:109} INFO - [2021-12-03 11:25:57,681] {dagbag.py:500} INFO - Filling up the DagBag from /home/airflow/.local/lib/python3.7/site-packages/airflow/example_dags/example_python_operator.py
[2021-12-03 11:25:57,755] {processor.py:637} INFO - DAG(s) dict_keys(['example_python_operator']) retrieved from /home/airflow/.local/lib/python3.7/site-packages/airflow/example_dags/example_python_operator.py
[2021-12-03 11:25:57,769] {logging_mixin.py:109} INFO - [2021-12-03 11:25:57,768] {dag.py:2396} INFO - Sync 1 DAGs
[2021-12-03 11:25:57,791] {logging_mixin.py:109} INFO - [2021-12-03 11:25:57,791] {dag.py:2928} INFO - Setting next_dagrun for example_python_operator to None
[2021-12-03 11:25:57,806] {processor.py:171} INFO - Processing /home/airflow/.local/lib/python3.7/site-packages/airflow/example_dags/example_python_operator.py took 0.130 seconds
[2021-12-03 11:26:28,256] {processor.py:163} INFO - Started process (PID=871) to work on /home/airflow/.local/lib/python3.7/site-packages/airflow/example_dags/example_python_operator.py
[2021-12-03 11:26:28,257] {processor.py:625} INFO - Processing file /home/airflow/.local/lib/python3.7/site-packages/airflow/example_dags/example_python_operator.py for tasks to queue
[2021-12-03 11:26:28,258] {logging_mixin.py:109} INFO - [2021-12-03 11:26:28,258] {dagbag.py:500} INFO - Filling up the DagBag from /home/airflow/.local/lib/python3.7/site-packages/airflow/example_dags/example_python_operator.py
[2021-12-03 11:26:28,292] {processor.py:637} INFO - DAG(s) dict_keys(['example_python_operator']) retrieved from /home/airflow/.local/lib/python3.7/site-packages/airflow/example_dags/example_python_operator.py
[2021-12-03 11:26:28,304] {logging_mixin.py:109} INFO - [2021-12-03 11:26:28,304] {dag.py:2396} INFO - Sync 1 DAGs
[2021-12-03 11:26:28,324] {logging_mixin.py:109} INFO - [2021-12-03 11:26:28,324] {dag.py:2928} INFO - Setting next_dagrun for example_python_operator to None
[2021-12-03 11:26:28,336] {processor.py:171} INFO - Processing /home/airflow/.local/lib/python3.7/site-packages/airflow/example_dags/example_python_operator.py took 0.083 seconds
[2021-12-03 11:26:58,492] {processor.py:163} INFO - Started process (PID=923) to work on /home/airflow/.local/lib/python3.7/site-packages/airflow/example_dags/example_python_operator.py
[2021-12-03 11:26:58,493] {processor.py:625} INFO - Processing file /home/airflow/.local/lib/python3.7/site-packages/airflow/example_dags/example_python_operator.py for tasks to queue
[2021-12-03 11:26:58,494] {logging_mixin.py:109} INFO - [2021-12-03 11:26:58,494] {dagbag.py:500} INFO - Filling up the DagBag from /home/airflow/.local/lib/python3.7/site-packages/airflow/example_dags/example_python_operator.py
[2021-12-03 11:26:58,533] {processor.py:637} INFO - DAG(s) dict_keys(['example_python_operator']) retrieved from /home/airflow/.local/lib/python3.7/site-packages/airflow/example_dags/example_python_operator.py
[2021-12-03 11:26:58,546] {logging_mixin.py:109} INFO - [2021-12-03 11:26:58,546] {dag.py:2396} INFO - Sync 1 DAGs
[2021-12-03 11:26:58,563] {logging_mixin.py:109} INFO - [2021-12-03 11:26:58,563] {dag.py:2928} INFO - Setting next_dagrun for example_python_operator to None
[2021-12-03 11:26:58,572] {processor.py:171} INFO - Processing /home/airflow/.local/lib/python3.7/site-packages/airflow/example_dags/example_python_operator.py took 0.084 seconds
[2021-12-03 11:27:28,660] {processor.py:163} INFO - Started process (PID=974) to work on /home/airflow/.local/lib/python3.7/site-packages/airflow/example_dags/example_python_operator.py
[2021-12-03 11:27:28,662] {processor.py:625} INFO - Processing file /home/airflow/.local/lib/python3.7/site-packages/airflow/example_dags/example_python_operator.py for tasks to queue
[2021-12-03 11:27:28,662] {logging_mixin.py:109} INFO - [2021-12-03 11:27:28,662] {dagbag.py:500} INFO - Filling up the DagBag from /home/airflow/.local/lib/python3.7/site-packages/airflow/example_dags/example_python_operator.py
[2021-12-03 11:27:28,697] {processor.py:637} INFO - DAG(s) dict_keys(['example_python_operator']) retrieved from /home/airflow/.local/lib/python3.7/site-packages/airflow/example_dags/example_python_operator.py
[2021-12-03 11:27:28,713] {logging_mixin.py:109} INFO - [2021-12-03 11:27:28,713] {dag.py:2396} INFO - Sync 1 DAGs
[2021-12-03 11:27:28,841] {logging_mixin.py:109} INFO - [2021-12-03 11:27:28,841] {dag.py:2928} INFO - Setting next_dagrun for example_python_operator to None
[2021-12-03 11:27:28,852] {processor.py:171} INFO - Processing /home/airflow/.local/lib/python3.7/site-packages/airflow/example_dags/example_python_operator.py took 0.195 seconds
[2021-12-03 11:27:59,345] {processor.py:163} INFO - Started process (PID=1035) to work on /home/airflow/.local/lib/python3.7/site-packages/airflow/example_dags/example_python_operator.py
[2021-12-03 11:27:59,347] {processor.py:625} INFO - Processing file /home/airflow/.local/lib/python3.7/site-packages/airflow/example_dags/example_python_operator.py for tasks to queue
[2021-12-03 11:27:59,348] {logging_mixin.py:109} INFO - [2021-12-03 11:27:59,348] {dagbag.py:500} INFO - Filling up the DagBag from /home/airflow/.local/lib/python3.7/site-packages/airflow/example_dags/example_python_operator.py
[2021-12-03 11:27:59,382] {processor.py:637} INFO - DAG(s) dict_keys(['example_python_operator']) retrieved from /home/airflow/.local/lib/python3.7/site-packages/airflow/example_dags/example_python_operator.py
[2021-12-03 11:27:59,394] {logging_mixin.py:109} INFO - [2021-12-03 11:27:59,394] {dag.py:2396} INFO - Sync 1 DAGs
[2021-12-03 11:27:59,504] {logging_mixin.py:109} INFO - [2021-12-03 11:27:59,503] {dag.py:2928} INFO - Setting next_dagrun for example_python_operator to None
[2021-12-03 11:27:59,514] {processor.py:171} INFO - Processing /home/airflow/.local/lib/python3.7/site-packages/airflow/example_dags/example_python_operator.py took 0.172 seconds
[2021-12-03 11:28:29,797] {processor.py:163} INFO - Started process (PID=1086) to work on /home/airflow/.local/lib/python3.7/site-packages/airflow/example_dags/example_python_operator.py
[2021-12-03 11:28:29,798] {processor.py:625} INFO - Processing file /home/airflow/.local/lib/python3.7/site-packages/airflow/example_dags/example_python_operator.py for tasks to queue
[2021-12-03 11:28:29,799] {logging_mixin.py:109} INFO - [2021-12-03 11:28:29,799] {dagbag.py:500} INFO - Filling up the DagBag from /home/airflow/.local/lib/python3.7/site-packages/airflow/example_dags/example_python_operator.py
[2021-12-03 11:28:29,830] {processor.py:637} INFO - DAG(s) dict_keys(['example_python_operator']) retrieved from /home/airflow/.local/lib/python3.7/site-packages/airflow/example_dags/example_python_operator.py
[2021-12-03 11:28:29,842] {logging_mixin.py:109} INFO - [2021-12-03 11:28:29,842] {dag.py:2396} INFO - Sync 1 DAGs
[2021-12-03 11:28:29,950] {logging_mixin.py:109} INFO - [2021-12-03 11:28:29,949] {dag.py:2928} INFO - Setting next_dagrun for example_python_operator to None
[2021-12-03 11:28:29,960] {processor.py:171} INFO - Processing /home/airflow/.local/lib/python3.7/site-packages/airflow/example_dags/example_python_operator.py took 0.166 seconds
[2021-12-03 11:28:59,979] {processor.py:163} INFO - Started process (PID=1148) to work on /home/airflow/.local/lib/python3.7/site-packages/airflow/example_dags/example_python_operator.py
[2021-12-03 11:28:59,980] {processor.py:625} INFO - Processing file /home/airflow/.local/lib/python3.7/site-packages/airflow/example_dags/example_python_operator.py for tasks to queue
[2021-12-03 11:28:59,980] {logging_mixin.py:109} INFO - [2021-12-03 11:28:59,980] {dagbag.py:500} INFO - Filling up the DagBag from /home/airflow/.local/lib/python3.7/site-packages/airflow/example_dags/example_python_operator.py
[2021-12-03 11:29:00,007] {processor.py:637} INFO - DAG(s) dict_keys(['example_python_operator']) retrieved from /home/airflow/.local/lib/python3.7/site-packages/airflow/example_dags/example_python_operator.py
[2021-12-03 11:29:00,020] {logging_mixin.py:109} INFO - [2021-12-03 11:29:00,020] {dag.py:2396} INFO - Sync 1 DAGs
[2021-12-03 11:29:00,127] {logging_mixin.py:109} INFO - [2021-12-03 11:29:00,126] {dag.py:2928} INFO - Setting next_dagrun for example_python_operator to None
[2021-12-03 11:29:00,139] {processor.py:171} INFO - Processing /home/airflow/.local/lib/python3.7/site-packages/airflow/example_dags/example_python_operator.py took 0.163 seconds
[2021-12-03 11:29:30,201] {processor.py:163} INFO - Started process (PID=1200) to work on /home/airflow/.local/lib/python3.7/site-packages/airflow/example_dags/example_python_operator.py
[2021-12-03 11:29:30,202] {processor.py:625} INFO - Processing file /home/airflow/.local/lib/python3.7/site-packages/airflow/example_dags/example_python_operator.py for tasks to queue
[2021-12-03 11:29:30,203] {logging_mixin.py:109} INFO - [2021-12-03 11:29:30,203] {dagbag.py:500} INFO - Filling up the DagBag from /home/airflow/.local/lib/python3.7/site-packages/airflow/example_dags/example_python_operator.py
[2021-12-03 11:29:30,236] {processor.py:637} INFO - DAG(s) dict_keys(['example_python_operator']) retrieved from /home/airflow/.local/lib/python3.7/site-packages/airflow/example_dags/example_python_operator.py
[2021-12-03 11:29:30,250] {logging_mixin.py:109} INFO - [2021-12-03 11:29:30,249] {dag.py:2396} INFO - Sync 1 DAGs
[2021-12-03 11:29:31,132] {logging_mixin.py:109} WARNING - Exception ignored in: <function WeakValueDictionary.__init__.<locals>.remove at 0x7f48f3f770e0>
[2021-12-03 11:29:31,132] {logging_mixin.py:109} WARNING - Traceback (most recent call last):
[2021-12-03 11:29:31,132] {logging_mixin.py:109} WARNING -   File "/usr/local/lib/python3.7/weakref.py", line 109, in remove
[2021-12-03 11:29:31,133] {logging_mixin.py:109} WARNING -     def remove(wr, selfref=ref(self), _atomic_removal=_remove_dead_weakref):
[2021-12-03 11:29:31,133] {logging_mixin.py:109} WARNING -   File "/home/airflow/.local/lib/python3.7/site-packages/airflow/dag_processing/manager.py", line 486, in _exit_gracefully
[2021-12-03 11:29:31,133] {logging_mixin.py:109} WARNING -     self.log.debug("Current Stacktrace is: %s", '\n'.join(map(str, inspect.stack())))
[2021-12-03 11:29:31,133] {logging_mixin.py:109} WARNING -   File "/usr/local/lib/python3.7/inspect.py", line 1513, in stack
[2021-12-03 11:29:31,134] {logging_mixin.py:109} WARNING -     return getouterframes(sys._getframe(1), context)
[2021-12-03 11:29:31,134] {logging_mixin.py:109} WARNING -   File "/usr/local/lib/python3.7/inspect.py", line 1490, in getouterframes
[2021-12-03 11:29:31,134] {logging_mixin.py:109} WARNING -     frameinfo = (frame,) + getframeinfo(frame, context)
[2021-12-03 11:29:31,134] {logging_mixin.py:109} WARNING -   File "/usr/local/lib/python3.7/inspect.py", line 1464, in getframeinfo
[2021-12-03 11:29:31,135] {logging_mixin.py:109} WARNING -     lines, lnum = findsource(frame)
[2021-12-03 11:29:31,135] {logging_mixin.py:109} WARNING -   File "/usr/local/lib/python3.7/inspect.py", line 780, in findsource
[2021-12-03 11:29:31,135] {logging_mixin.py:109} WARNING -     module = getmodule(object, file)
[2021-12-03 11:29:31,135] {logging_mixin.py:109} WARNING -   File "/usr/local/lib/python3.7/inspect.py", line 739, in getmodule
[2021-12-03 11:29:31,136] {logging_mixin.py:109} WARNING -     f = getabsfile(module)
[2021-12-03 11:29:31,136] {logging_mixin.py:109} WARNING -   File "/usr/local/lib/python3.7/inspect.py", line 708, in getabsfile
[2021-12-03 11:29:31,136] {logging_mixin.py:109} WARNING -     _filename = getsourcefile(object) or getfile(object)
[2021-12-03 11:29:31,136] {logging_mixin.py:109} WARNING -   File "/usr/local/lib/python3.7/inspect.py", line 693, in getsourcefile
[2021-12-03 11:29:31,136] {logging_mixin.py:109} WARNING -     if os.path.exists(filename):
[2021-12-03 11:29:31,137] {logging_mixin.py:109} WARNING -   File "/usr/local/lib/python3.7/genericpath.py", line 19, in exists
[2021-12-03 11:29:31,137] {logging_mixin.py:109} WARNING -     os.stat(path)
[2021-12-03 11:29:31,137] {logging_mixin.py:109} WARNING -   File "/home/airflow/.local/lib/python3.7/site-packages/airflow/dag_processing/manager.py", line 490, in _exit_gracefully
[2021-12-03 11:29:31,137] {logging_mixin.py:109} WARNING -     sys.exit(os.EX_OK)
[2021-12-03 11:29:31,137] {logging_mixin.py:109} WARNING - SystemExit: 0
[2021-12-03 11:29:31,153] {logging_mixin.py:109} INFO - [2021-12-03 11:29:31,153] {dag.py:2928} INFO - Setting next_dagrun for example_python_operator to None
[2021-12-03 11:29:31,164] {processor.py:171} INFO - Processing /home/airflow/.local/lib/python3.7/site-packages/airflow/example_dags/example_python_operator.py took 0.966 seconds
[2021-12-03 11:30:53,372] {processor.py:163} INFO - Started process (PID=60) to work on /home/airflow/.local/lib/python3.7/site-packages/airflow/example_dags/example_python_operator.py
[2021-12-03 11:30:53,374] {processor.py:625} INFO - Processing file /home/airflow/.local/lib/python3.7/site-packages/airflow/example_dags/example_python_operator.py for tasks to queue
[2021-12-03 11:30:53,374] {logging_mixin.py:109} INFO - [2021-12-03 11:30:53,374] {dagbag.py:500} INFO - Filling up the DagBag from /home/airflow/.local/lib/python3.7/site-packages/airflow/example_dags/example_python_operator.py
[2021-12-03 11:30:53,444] {processor.py:637} INFO - DAG(s) dict_keys(['example_python_operator']) retrieved from /home/airflow/.local/lib/python3.7/site-packages/airflow/example_dags/example_python_operator.py
[2021-12-03 11:30:53,461] {logging_mixin.py:109} INFO - [2021-12-03 11:30:53,461] {dag.py:2396} INFO - Sync 1 DAGs
[2021-12-03 11:30:53,494] {logging_mixin.py:109} INFO - [2021-12-03 11:30:53,494] {dag.py:2928} INFO - Setting next_dagrun for example_python_operator to None
[2021-12-03 11:30:53,514] {processor.py:171} INFO - Processing /home/airflow/.local/lib/python3.7/site-packages/airflow/example_dags/example_python_operator.py took 0.148 seconds
