[2021-12-03 11:21:27,677] {processor.py:163} INFO - Started process (PID=259) to work on /home/airflow/.local/lib/python3.7/site-packages/airflow/example_dags/example_nested_branch_dag.py
[2021-12-03 11:21:27,678] {processor.py:625} INFO - Processing file /home/airflow/.local/lib/python3.7/site-packages/airflow/example_dags/example_nested_branch_dag.py for tasks to queue
[2021-12-03 11:21:27,679] {logging_mixin.py:109} INFO - [2021-12-03 11:21:27,679] {dagbag.py:500} INFO - Filling up the DagBag from /home/airflow/.local/lib/python3.7/site-packages/airflow/example_dags/example_nested_branch_dag.py
[2021-12-03 11:21:27,709] {processor.py:637} INFO - DAG(s) dict_keys(['example_nested_branch_dag']) retrieved from /home/airflow/.local/lib/python3.7/site-packages/airflow/example_dags/example_nested_branch_dag.py
[2021-12-03 11:21:29,155] {logging_mixin.py:109} INFO - [2021-12-03 11:21:29,154] {providers_manager.py:156} WARNING - Exception when importing 'airflow.providers.google.leveldb.hooks.leveldb.LevelDBHook' from 'apache-airflow-providers-google' package: No module named 'plyvel'
[2021-12-03 11:21:29,548] {logging_mixin.py:109} INFO - [2021-12-03 11:21:29,548] {providers_manager.py:156} WARNING - Exception when importing 'airflow.providers.google.leveldb.hooks.leveldb.LevelDBHook' from 'apache-airflow-providers-google' package: No module named 'plyvel'
[2021-12-03 11:21:29,565] {logging_mixin.py:109} INFO - [2021-12-03 11:21:29,565] {manager.py:496} INFO - Created Permission View: can read on DAG:example_nested_branch_dag
[2021-12-03 11:21:29,573] {logging_mixin.py:109} INFO - [2021-12-03 11:21:29,573] {manager.py:496} INFO - Created Permission View: can edit on DAG:example_nested_branch_dag
[2021-12-03 11:21:29,573] {logging_mixin.py:109} INFO - [2021-12-03 11:21:29,573] {dag.py:2396} INFO - Sync 1 DAGs
[2021-12-03 11:21:29,582] {logging_mixin.py:109} INFO - [2021-12-03 11:21:29,582] {dag.py:2415} INFO - Creating ORM DAG for example_nested_branch_dag
[2021-12-03 11:21:29,592] {logging_mixin.py:109} INFO - [2021-12-03 11:21:29,592] {dag.py:2928} INFO - Setting next_dagrun for example_nested_branch_dag to 2021-12-02 00:00:00+00:00
[2021-12-03 11:21:29,606] {processor.py:171} INFO - Processing /home/airflow/.local/lib/python3.7/site-packages/airflow/example_dags/example_nested_branch_dag.py took 1.932 seconds
[2021-12-03 11:22:00,105] {processor.py:163} INFO - Started process (PID=382) to work on /home/airflow/.local/lib/python3.7/site-packages/airflow/example_dags/example_nested_branch_dag.py
[2021-12-03 11:22:00,106] {processor.py:625} INFO - Processing file /home/airflow/.local/lib/python3.7/site-packages/airflow/example_dags/example_nested_branch_dag.py for tasks to queue
[2021-12-03 11:22:00,107] {logging_mixin.py:109} INFO - [2021-12-03 11:22:00,107] {dagbag.py:500} INFO - Filling up the DagBag from /home/airflow/.local/lib/python3.7/site-packages/airflow/example_dags/example_nested_branch_dag.py
[2021-12-03 11:22:00,143] {processor.py:637} INFO - DAG(s) dict_keys(['example_nested_branch_dag']) retrieved from /home/airflow/.local/lib/python3.7/site-packages/airflow/example_dags/example_nested_branch_dag.py
[2021-12-03 11:22:00,154] {logging_mixin.py:109} INFO - [2021-12-03 11:22:00,154] {dag.py:2396} INFO - Sync 1 DAGs
[2021-12-03 11:22:00,172] {logging_mixin.py:109} INFO - [2021-12-03 11:22:00,172] {dag.py:2928} INFO - Setting next_dagrun for example_nested_branch_dag to 2021-12-02 00:00:00+00:00
[2021-12-03 11:22:00,182] {processor.py:171} INFO - Processing /home/airflow/.local/lib/python3.7/site-packages/airflow/example_dags/example_nested_branch_dag.py took 0.081 seconds
[2021-12-03 11:22:30,225] {processor.py:163} INFO - Started process (PID=443) to work on /home/airflow/.local/lib/python3.7/site-packages/airflow/example_dags/example_nested_branch_dag.py
[2021-12-03 11:22:30,228] {processor.py:625} INFO - Processing file /home/airflow/.local/lib/python3.7/site-packages/airflow/example_dags/example_nested_branch_dag.py for tasks to queue
[2021-12-03 11:22:30,229] {logging_mixin.py:109} INFO - [2021-12-03 11:22:30,229] {dagbag.py:500} INFO - Filling up the DagBag from /home/airflow/.local/lib/python3.7/site-packages/airflow/example_dags/example_nested_branch_dag.py
[2021-12-03 11:22:30,271] {processor.py:637} INFO - DAG(s) dict_keys(['example_nested_branch_dag']) retrieved from /home/airflow/.local/lib/python3.7/site-packages/airflow/example_dags/example_nested_branch_dag.py
[2021-12-03 11:22:30,286] {logging_mixin.py:109} INFO - [2021-12-03 11:22:30,286] {dag.py:2396} INFO - Sync 1 DAGs
[2021-12-03 11:22:30,311] {logging_mixin.py:109} INFO - [2021-12-03 11:22:30,311] {dag.py:2928} INFO - Setting next_dagrun for example_nested_branch_dag to 2021-12-02 00:00:00+00:00
[2021-12-03 11:22:30,323] {processor.py:171} INFO - Processing /home/airflow/.local/lib/python3.7/site-packages/airflow/example_dags/example_nested_branch_dag.py took 0.103 seconds
[2021-12-03 11:23:00,512] {processor.py:163} INFO - Started process (PID=495) to work on /home/airflow/.local/lib/python3.7/site-packages/airflow/example_dags/example_nested_branch_dag.py
[2021-12-03 11:23:00,514] {processor.py:625} INFO - Processing file /home/airflow/.local/lib/python3.7/site-packages/airflow/example_dags/example_nested_branch_dag.py for tasks to queue
[2021-12-03 11:23:00,515] {logging_mixin.py:109} INFO - [2021-12-03 11:23:00,515] {dagbag.py:500} INFO - Filling up the DagBag from /home/airflow/.local/lib/python3.7/site-packages/airflow/example_dags/example_nested_branch_dag.py
[2021-12-03 11:23:00,547] {processor.py:637} INFO - DAG(s) dict_keys(['example_nested_branch_dag']) retrieved from /home/airflow/.local/lib/python3.7/site-packages/airflow/example_dags/example_nested_branch_dag.py
[2021-12-03 11:23:00,559] {logging_mixin.py:109} INFO - [2021-12-03 11:23:00,559] {dag.py:2396} INFO - Sync 1 DAGs
[2021-12-03 11:23:00,580] {logging_mixin.py:109} INFO - [2021-12-03 11:23:00,579] {dag.py:2928} INFO - Setting next_dagrun for example_nested_branch_dag to 2021-12-02 00:00:00+00:00
[2021-12-03 11:23:00,590] {processor.py:171} INFO - Processing /home/airflow/.local/lib/python3.7/site-packages/airflow/example_dags/example_nested_branch_dag.py took 0.082 seconds
[2021-12-03 11:23:30,977] {processor.py:163} INFO - Started process (PID=549) to work on /home/airflow/.local/lib/python3.7/site-packages/airflow/example_dags/example_nested_branch_dag.py
[2021-12-03 11:23:30,978] {processor.py:625} INFO - Processing file /home/airflow/.local/lib/python3.7/site-packages/airflow/example_dags/example_nested_branch_dag.py for tasks to queue
[2021-12-03 11:23:30,978] {logging_mixin.py:109} INFO - [2021-12-03 11:23:30,978] {dagbag.py:500} INFO - Filling up the DagBag from /home/airflow/.local/lib/python3.7/site-packages/airflow/example_dags/example_nested_branch_dag.py
[2021-12-03 11:23:31,010] {processor.py:637} INFO - DAG(s) dict_keys(['example_nested_branch_dag']) retrieved from /home/airflow/.local/lib/python3.7/site-packages/airflow/example_dags/example_nested_branch_dag.py
[2021-12-03 11:23:31,023] {logging_mixin.py:109} INFO - [2021-12-03 11:23:31,023] {dag.py:2396} INFO - Sync 1 DAGs
[2021-12-03 11:23:31,045] {logging_mixin.py:109} INFO - [2021-12-03 11:23:31,045] {dag.py:2928} INFO - Setting next_dagrun for example_nested_branch_dag to 2021-12-02 00:00:00+00:00
[2021-12-03 11:23:31,057] {processor.py:171} INFO - Processing /home/airflow/.local/lib/python3.7/site-packages/airflow/example_dags/example_nested_branch_dag.py took 0.084 seconds
[2021-12-03 11:24:01,623] {processor.py:163} INFO - Started process (PID=609) to work on /home/airflow/.local/lib/python3.7/site-packages/airflow/example_dags/example_nested_branch_dag.py
[2021-12-03 11:24:01,625] {processor.py:625} INFO - Processing file /home/airflow/.local/lib/python3.7/site-packages/airflow/example_dags/example_nested_branch_dag.py for tasks to queue
[2021-12-03 11:24:01,626] {logging_mixin.py:109} INFO - [2021-12-03 11:24:01,626] {dagbag.py:500} INFO - Filling up the DagBag from /home/airflow/.local/lib/python3.7/site-packages/airflow/example_dags/example_nested_branch_dag.py
[2021-12-03 11:24:01,693] {processor.py:637} INFO - DAG(s) dict_keys(['example_nested_branch_dag']) retrieved from /home/airflow/.local/lib/python3.7/site-packages/airflow/example_dags/example_nested_branch_dag.py
[2021-12-03 11:24:01,715] {logging_mixin.py:109} INFO - [2021-12-03 11:24:01,715] {dag.py:2396} INFO - Sync 1 DAGs
[2021-12-03 11:24:01,757] {logging_mixin.py:109} INFO - [2021-12-03 11:24:01,757] {dag.py:2928} INFO - Setting next_dagrun for example_nested_branch_dag to 2021-12-02 00:00:00+00:00
[2021-12-03 11:24:01,774] {processor.py:171} INFO - Processing /home/airflow/.local/lib/python3.7/site-packages/airflow/example_dags/example_nested_branch_dag.py took 0.157 seconds
[2021-12-03 11:24:31,906] {processor.py:163} INFO - Started process (PID=660) to work on /home/airflow/.local/lib/python3.7/site-packages/airflow/example_dags/example_nested_branch_dag.py
[2021-12-03 11:24:31,907] {processor.py:625} INFO - Processing file /home/airflow/.local/lib/python3.7/site-packages/airflow/example_dags/example_nested_branch_dag.py for tasks to queue
[2021-12-03 11:24:31,908] {logging_mixin.py:109} INFO - [2021-12-03 11:24:31,908] {dagbag.py:500} INFO - Filling up the DagBag from /home/airflow/.local/lib/python3.7/site-packages/airflow/example_dags/example_nested_branch_dag.py
[2021-12-03 11:24:31,944] {processor.py:637} INFO - DAG(s) dict_keys(['example_nested_branch_dag']) retrieved from /home/airflow/.local/lib/python3.7/site-packages/airflow/example_dags/example_nested_branch_dag.py
[2021-12-03 11:24:31,957] {logging_mixin.py:109} INFO - [2021-12-03 11:24:31,957] {dag.py:2396} INFO - Sync 1 DAGs
[2021-12-03 11:24:31,983] {logging_mixin.py:109} INFO - [2021-12-03 11:24:31,982] {dag.py:2928} INFO - Setting next_dagrun for example_nested_branch_dag to 2021-12-02 00:00:00+00:00
[2021-12-03 11:24:31,997] {processor.py:171} INFO - Processing /home/airflow/.local/lib/python3.7/site-packages/airflow/example_dags/example_nested_branch_dag.py took 0.094 seconds
[2021-12-03 11:25:02,373] {processor.py:163} INFO - Started process (PID=712) to work on /home/airflow/.local/lib/python3.7/site-packages/airflow/example_dags/example_nested_branch_dag.py
[2021-12-03 11:25:02,374] {processor.py:625} INFO - Processing file /home/airflow/.local/lib/python3.7/site-packages/airflow/example_dags/example_nested_branch_dag.py for tasks to queue
[2021-12-03 11:25:02,375] {logging_mixin.py:109} INFO - [2021-12-03 11:25:02,375] {dagbag.py:500} INFO - Filling up the DagBag from /home/airflow/.local/lib/python3.7/site-packages/airflow/example_dags/example_nested_branch_dag.py
[2021-12-03 11:25:02,408] {processor.py:637} INFO - DAG(s) dict_keys(['example_nested_branch_dag']) retrieved from /home/airflow/.local/lib/python3.7/site-packages/airflow/example_dags/example_nested_branch_dag.py
[2021-12-03 11:25:02,422] {logging_mixin.py:109} INFO - [2021-12-03 11:25:02,421] {dag.py:2396} INFO - Sync 1 DAGs
[2021-12-03 11:25:02,444] {logging_mixin.py:109} INFO - [2021-12-03 11:25:02,444] {dag.py:2928} INFO - Setting next_dagrun for example_nested_branch_dag to 2021-12-02 00:00:00+00:00
[2021-12-03 11:25:02,455] {processor.py:171} INFO - Processing /home/airflow/.local/lib/python3.7/site-packages/airflow/example_dags/example_nested_branch_dag.py took 0.085 seconds
[2021-12-03 11:25:32,797] {processor.py:163} INFO - Started process (PID=775) to work on /home/airflow/.local/lib/python3.7/site-packages/airflow/example_dags/example_nested_branch_dag.py
[2021-12-03 11:25:32,798] {processor.py:625} INFO - Processing file /home/airflow/.local/lib/python3.7/site-packages/airflow/example_dags/example_nested_branch_dag.py for tasks to queue
[2021-12-03 11:25:32,799] {logging_mixin.py:109} INFO - [2021-12-03 11:25:32,799] {dagbag.py:500} INFO - Filling up the DagBag from /home/airflow/.local/lib/python3.7/site-packages/airflow/example_dags/example_nested_branch_dag.py
[2021-12-03 11:25:32,837] {processor.py:637} INFO - DAG(s) dict_keys(['example_nested_branch_dag']) retrieved from /home/airflow/.local/lib/python3.7/site-packages/airflow/example_dags/example_nested_branch_dag.py
[2021-12-03 11:25:32,854] {logging_mixin.py:109} INFO - [2021-12-03 11:25:32,854] {dag.py:2396} INFO - Sync 1 DAGs
[2021-12-03 11:25:32,882] {logging_mixin.py:109} INFO - [2021-12-03 11:25:32,882] {dag.py:2928} INFO - Setting next_dagrun for example_nested_branch_dag to 2021-12-02 00:00:00+00:00
[2021-12-03 11:25:32,895] {processor.py:171} INFO - Processing /home/airflow/.local/lib/python3.7/site-packages/airflow/example_dags/example_nested_branch_dag.py took 0.101 seconds
[2021-12-03 11:26:03,604] {processor.py:163} INFO - Started process (PID=826) to work on /home/airflow/.local/lib/python3.7/site-packages/airflow/example_dags/example_nested_branch_dag.py
[2021-12-03 11:26:03,605] {processor.py:625} INFO - Processing file /home/airflow/.local/lib/python3.7/site-packages/airflow/example_dags/example_nested_branch_dag.py for tasks to queue
[2021-12-03 11:26:03,606] {logging_mixin.py:109} INFO - [2021-12-03 11:26:03,606] {dagbag.py:500} INFO - Filling up the DagBag from /home/airflow/.local/lib/python3.7/site-packages/airflow/example_dags/example_nested_branch_dag.py
[2021-12-03 11:26:03,645] {processor.py:637} INFO - DAG(s) dict_keys(['example_nested_branch_dag']) retrieved from /home/airflow/.local/lib/python3.7/site-packages/airflow/example_dags/example_nested_branch_dag.py
[2021-12-03 11:26:03,664] {logging_mixin.py:109} INFO - [2021-12-03 11:26:03,663] {dag.py:2396} INFO - Sync 1 DAGs
[2021-12-03 11:26:03,692] {logging_mixin.py:109} INFO - [2021-12-03 11:26:03,692] {dag.py:2928} INFO - Setting next_dagrun for example_nested_branch_dag to 2021-12-02 00:00:00+00:00
[2021-12-03 11:26:03,704] {processor.py:171} INFO - Processing /home/airflow/.local/lib/python3.7/site-packages/airflow/example_dags/example_nested_branch_dag.py took 0.106 seconds
[2021-12-03 11:26:33,827] {processor.py:163} INFO - Started process (PID=876) to work on /home/airflow/.local/lib/python3.7/site-packages/airflow/example_dags/example_nested_branch_dag.py
[2021-12-03 11:26:33,828] {processor.py:625} INFO - Processing file /home/airflow/.local/lib/python3.7/site-packages/airflow/example_dags/example_nested_branch_dag.py for tasks to queue
[2021-12-03 11:26:33,829] {logging_mixin.py:109} INFO - [2021-12-03 11:26:33,829] {dagbag.py:500} INFO - Filling up the DagBag from /home/airflow/.local/lib/python3.7/site-packages/airflow/example_dags/example_nested_branch_dag.py
[2021-12-03 11:26:33,865] {processor.py:637} INFO - DAG(s) dict_keys(['example_nested_branch_dag']) retrieved from /home/airflow/.local/lib/python3.7/site-packages/airflow/example_dags/example_nested_branch_dag.py
[2021-12-03 11:26:33,879] {logging_mixin.py:109} INFO - [2021-12-03 11:26:33,879] {dag.py:2396} INFO - Sync 1 DAGs
[2021-12-03 11:26:33,904] {logging_mixin.py:109} INFO - [2021-12-03 11:26:33,903] {dag.py:2928} INFO - Setting next_dagrun for example_nested_branch_dag to 2021-12-02 00:00:00+00:00
[2021-12-03 11:26:33,916] {processor.py:171} INFO - Processing /home/airflow/.local/lib/python3.7/site-packages/airflow/example_dags/example_nested_branch_dag.py took 0.093 seconds
[2021-12-03 11:27:04,054] {processor.py:163} INFO - Started process (PID=937) to work on /home/airflow/.local/lib/python3.7/site-packages/airflow/example_dags/example_nested_branch_dag.py
[2021-12-03 11:27:04,055] {processor.py:625} INFO - Processing file /home/airflow/.local/lib/python3.7/site-packages/airflow/example_dags/example_nested_branch_dag.py for tasks to queue
[2021-12-03 11:27:04,056] {logging_mixin.py:109} INFO - [2021-12-03 11:27:04,056] {dagbag.py:500} INFO - Filling up the DagBag from /home/airflow/.local/lib/python3.7/site-packages/airflow/example_dags/example_nested_branch_dag.py
[2021-12-03 11:27:04,085] {processor.py:637} INFO - DAG(s) dict_keys(['example_nested_branch_dag']) retrieved from /home/airflow/.local/lib/python3.7/site-packages/airflow/example_dags/example_nested_branch_dag.py
[2021-12-03 11:27:04,097] {logging_mixin.py:109} INFO - [2021-12-03 11:27:04,096] {dag.py:2396} INFO - Sync 1 DAGs
[2021-12-03 11:27:04,203] {logging_mixin.py:109} INFO - [2021-12-03 11:27:04,203] {dag.py:2928} INFO - Setting next_dagrun for example_nested_branch_dag to 2021-12-02 00:00:00+00:00
[2021-12-03 11:27:04,213] {processor.py:171} INFO - Processing /home/airflow/.local/lib/python3.7/site-packages/airflow/example_dags/example_nested_branch_dag.py took 0.161 seconds
[2021-12-03 11:27:34,608] {processor.py:163} INFO - Started process (PID=989) to work on /home/airflow/.local/lib/python3.7/site-packages/airflow/example_dags/example_nested_branch_dag.py
[2021-12-03 11:27:34,609] {processor.py:625} INFO - Processing file /home/airflow/.local/lib/python3.7/site-packages/airflow/example_dags/example_nested_branch_dag.py for tasks to queue
[2021-12-03 11:27:34,610] {logging_mixin.py:109} INFO - [2021-12-03 11:27:34,610] {dagbag.py:500} INFO - Filling up the DagBag from /home/airflow/.local/lib/python3.7/site-packages/airflow/example_dags/example_nested_branch_dag.py
[2021-12-03 11:27:34,642] {processor.py:637} INFO - DAG(s) dict_keys(['example_nested_branch_dag']) retrieved from /home/airflow/.local/lib/python3.7/site-packages/airflow/example_dags/example_nested_branch_dag.py
[2021-12-03 11:27:34,657] {logging_mixin.py:109} INFO - [2021-12-03 11:27:34,656] {dag.py:2396} INFO - Sync 1 DAGs
[2021-12-03 11:27:34,855] {logging_mixin.py:109} INFO - [2021-12-03 11:27:34,855] {dag.py:2928} INFO - Setting next_dagrun for example_nested_branch_dag to 2021-12-02 00:00:00+00:00
[2021-12-03 11:27:34,866] {processor.py:171} INFO - Processing /home/airflow/.local/lib/python3.7/site-packages/airflow/example_dags/example_nested_branch_dag.py took 0.262 seconds
[2021-12-03 11:28:04,945] {processor.py:163} INFO - Started process (PID=1041) to work on /home/airflow/.local/lib/python3.7/site-packages/airflow/example_dags/example_nested_branch_dag.py
[2021-12-03 11:28:04,946] {processor.py:625} INFO - Processing file /home/airflow/.local/lib/python3.7/site-packages/airflow/example_dags/example_nested_branch_dag.py for tasks to queue
[2021-12-03 11:28:04,947] {logging_mixin.py:109} INFO - [2021-12-03 11:28:04,946] {dagbag.py:500} INFO - Filling up the DagBag from /home/airflow/.local/lib/python3.7/site-packages/airflow/example_dags/example_nested_branch_dag.py
[2021-12-03 11:28:04,976] {processor.py:637} INFO - DAG(s) dict_keys(['example_nested_branch_dag']) retrieved from /home/airflow/.local/lib/python3.7/site-packages/airflow/example_dags/example_nested_branch_dag.py
[2021-12-03 11:28:04,988] {logging_mixin.py:109} INFO - [2021-12-03 11:28:04,988] {dag.py:2396} INFO - Sync 1 DAGs
[2021-12-03 11:28:05,105] {logging_mixin.py:109} INFO - [2021-12-03 11:28:05,105] {dag.py:2928} INFO - Setting next_dagrun for example_nested_branch_dag to 2021-12-02 00:00:00+00:00
[2021-12-03 11:28:05,116] {processor.py:171} INFO - Processing /home/airflow/.local/lib/python3.7/site-packages/airflow/example_dags/example_nested_branch_dag.py took 0.175 seconds
[2021-12-03 11:28:35,317] {processor.py:163} INFO - Started process (PID=1101) to work on /home/airflow/.local/lib/python3.7/site-packages/airflow/example_dags/example_nested_branch_dag.py
[2021-12-03 11:28:35,318] {processor.py:625} INFO - Processing file /home/airflow/.local/lib/python3.7/site-packages/airflow/example_dags/example_nested_branch_dag.py for tasks to queue
[2021-12-03 11:28:35,319] {logging_mixin.py:109} INFO - [2021-12-03 11:28:35,319] {dagbag.py:500} INFO - Filling up the DagBag from /home/airflow/.local/lib/python3.7/site-packages/airflow/example_dags/example_nested_branch_dag.py
[2021-12-03 11:28:35,345] {processor.py:637} INFO - DAG(s) dict_keys(['example_nested_branch_dag']) retrieved from /home/airflow/.local/lib/python3.7/site-packages/airflow/example_dags/example_nested_branch_dag.py
[2021-12-03 11:28:35,357] {logging_mixin.py:109} INFO - [2021-12-03 11:28:35,357] {dag.py:2396} INFO - Sync 1 DAGs
[2021-12-03 11:28:35,486] {logging_mixin.py:109} INFO - [2021-12-03 11:28:35,486] {dag.py:2928} INFO - Setting next_dagrun for example_nested_branch_dag to 2021-12-02 00:00:00+00:00
[2021-12-03 11:28:35,497] {processor.py:171} INFO - Processing /home/airflow/.local/lib/python3.7/site-packages/airflow/example_dags/example_nested_branch_dag.py took 0.183 seconds
[2021-12-03 11:29:05,783] {processor.py:163} INFO - Started process (PID=1154) to work on /home/airflow/.local/lib/python3.7/site-packages/airflow/example_dags/example_nested_branch_dag.py
[2021-12-03 11:29:05,784] {processor.py:625} INFO - Processing file /home/airflow/.local/lib/python3.7/site-packages/airflow/example_dags/example_nested_branch_dag.py for tasks to queue
[2021-12-03 11:29:05,786] {logging_mixin.py:109} INFO - [2021-12-03 11:29:05,785] {dagbag.py:500} INFO - Filling up the DagBag from /home/airflow/.local/lib/python3.7/site-packages/airflow/example_dags/example_nested_branch_dag.py
[2021-12-03 11:29:05,817] {processor.py:637} INFO - DAG(s) dict_keys(['example_nested_branch_dag']) retrieved from /home/airflow/.local/lib/python3.7/site-packages/airflow/example_dags/example_nested_branch_dag.py
[2021-12-03 11:29:05,829] {logging_mixin.py:109} INFO - [2021-12-03 11:29:05,828] {dag.py:2396} INFO - Sync 1 DAGs
[2021-12-03 11:29:05,940] {logging_mixin.py:109} INFO - [2021-12-03 11:29:05,940] {dag.py:2928} INFO - Setting next_dagrun for example_nested_branch_dag to 2021-12-02 00:00:00+00:00
[2021-12-03 11:29:05,951] {processor.py:171} INFO - Processing /home/airflow/.local/lib/python3.7/site-packages/airflow/example_dags/example_nested_branch_dag.py took 0.172 seconds
[2021-12-03 11:30:53,695] {processor.py:163} INFO - Started process (PID=64) to work on /home/airflow/.local/lib/python3.7/site-packages/airflow/example_dags/example_nested_branch_dag.py
[2021-12-03 11:30:53,696] {processor.py:625} INFO - Processing file /home/airflow/.local/lib/python3.7/site-packages/airflow/example_dags/example_nested_branch_dag.py for tasks to queue
[2021-12-03 11:30:53,697] {logging_mixin.py:109} INFO - [2021-12-03 11:30:53,697] {dagbag.py:500} INFO - Filling up the DagBag from /home/airflow/.local/lib/python3.7/site-packages/airflow/example_dags/example_nested_branch_dag.py
[2021-12-03 11:30:53,791] {processor.py:637} INFO - DAG(s) dict_keys(['example_nested_branch_dag']) retrieved from /home/airflow/.local/lib/python3.7/site-packages/airflow/example_dags/example_nested_branch_dag.py
[2021-12-03 11:30:53,808] {logging_mixin.py:109} INFO - [2021-12-03 11:30:53,808] {dag.py:2396} INFO - Sync 1 DAGs
[2021-12-03 11:30:53,838] {logging_mixin.py:109} INFO - [2021-12-03 11:30:53,838] {dag.py:2928} INFO - Setting next_dagrun for example_nested_branch_dag to 2021-12-02 00:00:00+00:00
[2021-12-03 11:30:53,853] {processor.py:171} INFO - Processing /home/airflow/.local/lib/python3.7/site-packages/airflow/example_dags/example_nested_branch_dag.py took 0.163 seconds
