[2021-12-03 11:21:04,482] {processor.py:163} INFO - Started process (PID=57) to work on /home/airflow/.local/lib/python3.7/site-packages/airflow/example_dags/example_task_group_decorator.py
[2021-12-03 11:21:04,483] {processor.py:625} INFO - Processing file /home/airflow/.local/lib/python3.7/site-packages/airflow/example_dags/example_task_group_decorator.py for tasks to queue
[2021-12-03 11:21:04,484] {logging_mixin.py:109} INFO - [2021-12-03 11:21:04,484] {dagbag.py:500} INFO - Filling up the DagBag from /home/airflow/.local/lib/python3.7/site-packages/airflow/example_dags/example_task_group_decorator.py
[2021-12-03 11:21:04,527] {processor.py:637} INFO - DAG(s) dict_keys(['example_task_group_decorator']) retrieved from /home/airflow/.local/lib/python3.7/site-packages/airflow/example_dags/example_task_group_decorator.py
[2021-12-03 11:21:06,043] {logging_mixin.py:109} INFO - [2021-12-03 11:21:06,043] {providers_manager.py:156} WARNING - Exception when importing 'airflow.providers.google.leveldb.hooks.leveldb.LevelDBHook' from 'apache-airflow-providers-google' package: No module named 'plyvel'
[2021-12-03 11:21:06,373] {logging_mixin.py:109} INFO - [2021-12-03 11:21:06,373] {providers_manager.py:156} WARNING - Exception when importing 'airflow.providers.google.leveldb.hooks.leveldb.LevelDBHook' from 'apache-airflow-providers-google' package: No module named 'plyvel'
[2021-12-03 11:21:06,391] {logging_mixin.py:109} INFO - [2021-12-03 11:21:06,391] {manager.py:496} INFO - Created Permission View: can read on DAG:example_task_group_decorator
[2021-12-03 11:21:06,399] {logging_mixin.py:109} INFO - [2021-12-03 11:21:06,399] {manager.py:496} INFO - Created Permission View: can edit on DAG:example_task_group_decorator
[2021-12-03 11:21:06,399] {logging_mixin.py:109} INFO - [2021-12-03 11:21:06,399] {dag.py:2396} INFO - Sync 1 DAGs
[2021-12-03 11:21:06,408] {logging_mixin.py:109} INFO - [2021-12-03 11:21:06,406] {dag.py:2415} INFO - Creating ORM DAG for example_task_group_decorator
[2021-12-03 11:21:06,416] {logging_mixin.py:109} INFO - [2021-12-03 11:21:06,415] {dag.py:2928} INFO - Setting next_dagrun for example_task_group_decorator to 2021-12-02T11:21:06.415745+00:00
[2021-12-03 11:21:06,426] {processor.py:171} INFO - Processing /home/airflow/.local/lib/python3.7/site-packages/airflow/example_dags/example_task_group_decorator.py took 1.946 seconds
[2021-12-03 11:21:36,604] {processor.py:163} INFO - Started process (PID=343) to work on /home/airflow/.local/lib/python3.7/site-packages/airflow/example_dags/example_task_group_decorator.py
[2021-12-03 11:21:36,605] {processor.py:625} INFO - Processing file /home/airflow/.local/lib/python3.7/site-packages/airflow/example_dags/example_task_group_decorator.py for tasks to queue
[2021-12-03 11:21:36,606] {logging_mixin.py:109} INFO - [2021-12-03 11:21:36,606] {dagbag.py:500} INFO - Filling up the DagBag from /home/airflow/.local/lib/python3.7/site-packages/airflow/example_dags/example_task_group_decorator.py
[2021-12-03 11:21:36,646] {processor.py:637} INFO - DAG(s) dict_keys(['example_task_group_decorator']) retrieved from /home/airflow/.local/lib/python3.7/site-packages/airflow/example_dags/example_task_group_decorator.py
[2021-12-03 11:21:36,922] {logging_mixin.py:109} INFO - [2021-12-03 11:21:36,922] {dag.py:2396} INFO - Sync 1 DAGs
[2021-12-03 11:21:36,936] {logging_mixin.py:109} INFO - [2021-12-03 11:21:36,935] {dag.py:2928} INFO - Setting next_dagrun for example_task_group_decorator to 2021-12-02T11:21:36.935747+00:00
[2021-12-03 11:21:36,945] {processor.py:171} INFO - Processing /home/airflow/.local/lib/python3.7/site-packages/airflow/example_dags/example_task_group_decorator.py took 0.344 seconds
[2021-12-03 11:22:07,145] {processor.py:163} INFO - Started process (PID=403) to work on /home/airflow/.local/lib/python3.7/site-packages/airflow/example_dags/example_task_group_decorator.py
[2021-12-03 11:22:07,146] {processor.py:625} INFO - Processing file /home/airflow/.local/lib/python3.7/site-packages/airflow/example_dags/example_task_group_decorator.py for tasks to queue
[2021-12-03 11:22:07,147] {logging_mixin.py:109} INFO - [2021-12-03 11:22:07,147] {dagbag.py:500} INFO - Filling up the DagBag from /home/airflow/.local/lib/python3.7/site-packages/airflow/example_dags/example_task_group_decorator.py
[2021-12-03 11:22:07,209] {processor.py:637} INFO - DAG(s) dict_keys(['example_task_group_decorator']) retrieved from /home/airflow/.local/lib/python3.7/site-packages/airflow/example_dags/example_task_group_decorator.py
[2021-12-03 11:22:07,517] {logging_mixin.py:109} INFO - [2021-12-03 11:22:07,517] {dag.py:2396} INFO - Sync 1 DAGs
[2021-12-03 11:22:07,534] {logging_mixin.py:109} INFO - [2021-12-03 11:22:07,534] {dag.py:2928} INFO - Setting next_dagrun for example_task_group_decorator to 2021-12-02T11:22:07.534495+00:00
[2021-12-03 11:22:07,552] {processor.py:171} INFO - Processing /home/airflow/.local/lib/python3.7/site-packages/airflow/example_dags/example_task_group_decorator.py took 0.410 seconds
[2021-12-03 11:22:38,282] {processor.py:163} INFO - Started process (PID=455) to work on /home/airflow/.local/lib/python3.7/site-packages/airflow/example_dags/example_task_group_decorator.py
[2021-12-03 11:22:38,283] {processor.py:625} INFO - Processing file /home/airflow/.local/lib/python3.7/site-packages/airflow/example_dags/example_task_group_decorator.py for tasks to queue
[2021-12-03 11:22:38,284] {logging_mixin.py:109} INFO - [2021-12-03 11:22:38,284] {dagbag.py:500} INFO - Filling up the DagBag from /home/airflow/.local/lib/python3.7/site-packages/airflow/example_dags/example_task_group_decorator.py
[2021-12-03 11:22:38,325] {processor.py:637} INFO - DAG(s) dict_keys(['example_task_group_decorator']) retrieved from /home/airflow/.local/lib/python3.7/site-packages/airflow/example_dags/example_task_group_decorator.py
[2021-12-03 11:22:38,643] {logging_mixin.py:109} INFO - [2021-12-03 11:22:38,643] {dag.py:2396} INFO - Sync 1 DAGs
[2021-12-03 11:22:38,659] {logging_mixin.py:109} INFO - [2021-12-03 11:22:38,659] {dag.py:2928} INFO - Setting next_dagrun for example_task_group_decorator to 2021-12-02T11:22:38.659039+00:00
[2021-12-03 11:22:38,671] {processor.py:171} INFO - Processing /home/airflow/.local/lib/python3.7/site-packages/airflow/example_dags/example_task_group_decorator.py took 0.392 seconds
[2021-12-03 11:23:08,851] {processor.py:163} INFO - Started process (PID=516) to work on /home/airflow/.local/lib/python3.7/site-packages/airflow/example_dags/example_task_group_decorator.py
[2021-12-03 11:23:08,852] {processor.py:625} INFO - Processing file /home/airflow/.local/lib/python3.7/site-packages/airflow/example_dags/example_task_group_decorator.py for tasks to queue
[2021-12-03 11:23:08,860] {logging_mixin.py:109} INFO - [2021-12-03 11:23:08,853] {dagbag.py:500} INFO - Filling up the DagBag from /home/airflow/.local/lib/python3.7/site-packages/airflow/example_dags/example_task_group_decorator.py
[2021-12-03 11:23:08,943] {processor.py:637} INFO - DAG(s) dict_keys(['example_task_group_decorator']) retrieved from /home/airflow/.local/lib/python3.7/site-packages/airflow/example_dags/example_task_group_decorator.py
[2021-12-03 11:23:09,364] {logging_mixin.py:109} INFO - [2021-12-03 11:23:09,364] {dag.py:2396} INFO - Sync 1 DAGs
[2021-12-03 11:23:09,382] {logging_mixin.py:109} INFO - [2021-12-03 11:23:09,382] {dag.py:2928} INFO - Setting next_dagrun for example_task_group_decorator to 2021-12-02T11:23:09.382461+00:00
[2021-12-03 11:23:09,397] {processor.py:171} INFO - Processing /home/airflow/.local/lib/python3.7/site-packages/airflow/example_dags/example_task_group_decorator.py took 0.559 seconds
[2021-12-03 11:23:39,452] {processor.py:163} INFO - Started process (PID=567) to work on /home/airflow/.local/lib/python3.7/site-packages/airflow/example_dags/example_task_group_decorator.py
[2021-12-03 11:23:39,454] {processor.py:625} INFO - Processing file /home/airflow/.local/lib/python3.7/site-packages/airflow/example_dags/example_task_group_decorator.py for tasks to queue
[2021-12-03 11:23:39,455] {logging_mixin.py:109} INFO - [2021-12-03 11:23:39,455] {dagbag.py:500} INFO - Filling up the DagBag from /home/airflow/.local/lib/python3.7/site-packages/airflow/example_dags/example_task_group_decorator.py
[2021-12-03 11:23:39,518] {processor.py:637} INFO - DAG(s) dict_keys(['example_task_group_decorator']) retrieved from /home/airflow/.local/lib/python3.7/site-packages/airflow/example_dags/example_task_group_decorator.py
[2021-12-03 11:23:39,889] {logging_mixin.py:109} INFO - [2021-12-03 11:23:39,889] {dag.py:2396} INFO - Sync 1 DAGs
[2021-12-03 11:23:39,910] {logging_mixin.py:109} INFO - [2021-12-03 11:23:39,910] {dag.py:2928} INFO - Setting next_dagrun for example_task_group_decorator to 2021-12-02T11:23:39.909856+00:00
[2021-12-03 11:23:39,925] {processor.py:171} INFO - Processing /home/airflow/.local/lib/python3.7/site-packages/airflow/example_dags/example_task_group_decorator.py took 0.477 seconds
[2021-12-03 11:24:10,142] {processor.py:163} INFO - Started process (PID=618) to work on /home/airflow/.local/lib/python3.7/site-packages/airflow/example_dags/example_task_group_decorator.py
[2021-12-03 11:24:10,143] {processor.py:625} INFO - Processing file /home/airflow/.local/lib/python3.7/site-packages/airflow/example_dags/example_task_group_decorator.py for tasks to queue
[2021-12-03 11:24:10,144] {logging_mixin.py:109} INFO - [2021-12-03 11:24:10,144] {dagbag.py:500} INFO - Filling up the DagBag from /home/airflow/.local/lib/python3.7/site-packages/airflow/example_dags/example_task_group_decorator.py
[2021-12-03 11:24:10,199] {processor.py:637} INFO - DAG(s) dict_keys(['example_task_group_decorator']) retrieved from /home/airflow/.local/lib/python3.7/site-packages/airflow/example_dags/example_task_group_decorator.py
[2021-12-03 11:24:10,553] {logging_mixin.py:109} INFO - [2021-12-03 11:24:10,553] {dag.py:2396} INFO - Sync 1 DAGs
[2021-12-03 11:24:10,570] {logging_mixin.py:109} INFO - [2021-12-03 11:24:10,570] {dag.py:2928} INFO - Setting next_dagrun for example_task_group_decorator to 2021-12-02T11:24:10.570195+00:00
[2021-12-03 11:24:10,581] {processor.py:171} INFO - Processing /home/airflow/.local/lib/python3.7/site-packages/airflow/example_dags/example_task_group_decorator.py took 0.443 seconds
[2021-12-03 11:24:41,264] {processor.py:163} INFO - Started process (PID=679) to work on /home/airflow/.local/lib/python3.7/site-packages/airflow/example_dags/example_task_group_decorator.py
[2021-12-03 11:24:41,265] {processor.py:625} INFO - Processing file /home/airflow/.local/lib/python3.7/site-packages/airflow/example_dags/example_task_group_decorator.py for tasks to queue
[2021-12-03 11:24:41,265] {logging_mixin.py:109} INFO - [2021-12-03 11:24:41,265] {dagbag.py:500} INFO - Filling up the DagBag from /home/airflow/.local/lib/python3.7/site-packages/airflow/example_dags/example_task_group_decorator.py
[2021-12-03 11:24:41,312] {processor.py:637} INFO - DAG(s) dict_keys(['example_task_group_decorator']) retrieved from /home/airflow/.local/lib/python3.7/site-packages/airflow/example_dags/example_task_group_decorator.py
[2021-12-03 11:24:41,618] {logging_mixin.py:109} INFO - [2021-12-03 11:24:41,618] {dag.py:2396} INFO - Sync 1 DAGs
[2021-12-03 11:24:41,638] {logging_mixin.py:109} INFO - [2021-12-03 11:24:41,638] {dag.py:2928} INFO - Setting next_dagrun for example_task_group_decorator to 2021-12-02T11:24:41.638128+00:00
[2021-12-03 11:24:41,650] {processor.py:171} INFO - Processing /home/airflow/.local/lib/python3.7/site-packages/airflow/example_dags/example_task_group_decorator.py took 0.389 seconds
[2021-12-03 11:25:11,866] {processor.py:163} INFO - Started process (PID=731) to work on /home/airflow/.local/lib/python3.7/site-packages/airflow/example_dags/example_task_group_decorator.py
[2021-12-03 11:25:11,867] {processor.py:625} INFO - Processing file /home/airflow/.local/lib/python3.7/site-packages/airflow/example_dags/example_task_group_decorator.py for tasks to queue
[2021-12-03 11:25:11,868] {logging_mixin.py:109} INFO - [2021-12-03 11:25:11,868] {dagbag.py:500} INFO - Filling up the DagBag from /home/airflow/.local/lib/python3.7/site-packages/airflow/example_dags/example_task_group_decorator.py
[2021-12-03 11:25:11,921] {processor.py:637} INFO - DAG(s) dict_keys(['example_task_group_decorator']) retrieved from /home/airflow/.local/lib/python3.7/site-packages/airflow/example_dags/example_task_group_decorator.py
[2021-12-03 11:25:12,457] {logging_mixin.py:109} INFO - [2021-12-03 11:25:12,457] {dag.py:2396} INFO - Sync 1 DAGs
[2021-12-03 11:25:12,477] {logging_mixin.py:109} INFO - [2021-12-03 11:25:12,477] {dag.py:2928} INFO - Setting next_dagrun for example_task_group_decorator to 2021-12-02T11:25:12.477319+00:00
[2021-12-03 11:25:12,491] {processor.py:171} INFO - Processing /home/airflow/.local/lib/python3.7/site-packages/airflow/example_dags/example_task_group_decorator.py took 0.628 seconds
[2021-12-03 11:25:43,174] {processor.py:163} INFO - Started process (PID=784) to work on /home/airflow/.local/lib/python3.7/site-packages/airflow/example_dags/example_task_group_decorator.py
[2021-12-03 11:25:43,176] {processor.py:625} INFO - Processing file /home/airflow/.local/lib/python3.7/site-packages/airflow/example_dags/example_task_group_decorator.py for tasks to queue
[2021-12-03 11:25:43,176] {logging_mixin.py:109} INFO - [2021-12-03 11:25:43,176] {dagbag.py:500} INFO - Filling up the DagBag from /home/airflow/.local/lib/python3.7/site-packages/airflow/example_dags/example_task_group_decorator.py
[2021-12-03 11:25:43,239] {processor.py:637} INFO - DAG(s) dict_keys(['example_task_group_decorator']) retrieved from /home/airflow/.local/lib/python3.7/site-packages/airflow/example_dags/example_task_group_decorator.py
[2021-12-03 11:25:43,621] {logging_mixin.py:109} INFO - [2021-12-03 11:25:43,621] {dag.py:2396} INFO - Sync 1 DAGs
[2021-12-03 11:25:43,643] {logging_mixin.py:109} INFO - [2021-12-03 11:25:43,643] {dag.py:2928} INFO - Setting next_dagrun for example_task_group_decorator to 2021-12-02T11:25:43.643366+00:00
[2021-12-03 11:25:43,661] {processor.py:171} INFO - Processing /home/airflow/.local/lib/python3.7/site-packages/airflow/example_dags/example_task_group_decorator.py took 0.490 seconds
[2021-12-03 11:26:13,959] {processor.py:163} INFO - Started process (PID=844) to work on /home/airflow/.local/lib/python3.7/site-packages/airflow/example_dags/example_task_group_decorator.py
[2021-12-03 11:26:13,960] {processor.py:625} INFO - Processing file /home/airflow/.local/lib/python3.7/site-packages/airflow/example_dags/example_task_group_decorator.py for tasks to queue
[2021-12-03 11:26:13,961] {logging_mixin.py:109} INFO - [2021-12-03 11:26:13,961] {dagbag.py:500} INFO - Filling up the DagBag from /home/airflow/.local/lib/python3.7/site-packages/airflow/example_dags/example_task_group_decorator.py
[2021-12-03 11:26:14,021] {processor.py:637} INFO - DAG(s) dict_keys(['example_task_group_decorator']) retrieved from /home/airflow/.local/lib/python3.7/site-packages/airflow/example_dags/example_task_group_decorator.py
[2021-12-03 11:26:14,403] {logging_mixin.py:109} INFO - [2021-12-03 11:26:14,403] {dag.py:2396} INFO - Sync 1 DAGs
[2021-12-03 11:26:14,424] {logging_mixin.py:109} INFO - [2021-12-03 11:26:14,424] {dag.py:2928} INFO - Setting next_dagrun for example_task_group_decorator to 2021-12-02T11:26:14.424275+00:00
[2021-12-03 11:26:14,439] {processor.py:171} INFO - Processing /home/airflow/.local/lib/python3.7/site-packages/airflow/example_dags/example_task_group_decorator.py took 0.485 seconds
[2021-12-03 11:26:44,467] {processor.py:163} INFO - Started process (PID=894) to work on /home/airflow/.local/lib/python3.7/site-packages/airflow/example_dags/example_task_group_decorator.py
[2021-12-03 11:26:44,469] {processor.py:625} INFO - Processing file /home/airflow/.local/lib/python3.7/site-packages/airflow/example_dags/example_task_group_decorator.py for tasks to queue
[2021-12-03 11:26:44,469] {logging_mixin.py:109} INFO - [2021-12-03 11:26:44,469] {dagbag.py:500} INFO - Filling up the DagBag from /home/airflow/.local/lib/python3.7/site-packages/airflow/example_dags/example_task_group_decorator.py
[2021-12-03 11:26:44,513] {processor.py:637} INFO - DAG(s) dict_keys(['example_task_group_decorator']) retrieved from /home/airflow/.local/lib/python3.7/site-packages/airflow/example_dags/example_task_group_decorator.py
[2021-12-03 11:26:44,831] {logging_mixin.py:109} INFO - [2021-12-03 11:26:44,831] {dag.py:2396} INFO - Sync 1 DAGs
[2021-12-03 11:26:44,847] {logging_mixin.py:109} INFO - [2021-12-03 11:26:44,847] {dag.py:2928} INFO - Setting next_dagrun for example_task_group_decorator to 2021-12-02T11:26:44.847503+00:00
[2021-12-03 11:26:44,859] {processor.py:171} INFO - Processing /home/airflow/.local/lib/python3.7/site-packages/airflow/example_dags/example_task_group_decorator.py took 0.395 seconds
[2021-12-03 11:27:14,976] {processor.py:163} INFO - Started process (PID=947) to work on /home/airflow/.local/lib/python3.7/site-packages/airflow/example_dags/example_task_group_decorator.py
[2021-12-03 11:27:14,977] {processor.py:625} INFO - Processing file /home/airflow/.local/lib/python3.7/site-packages/airflow/example_dags/example_task_group_decorator.py for tasks to queue
[2021-12-03 11:27:14,978] {logging_mixin.py:109} INFO - [2021-12-03 11:27:14,978] {dagbag.py:500} INFO - Filling up the DagBag from /home/airflow/.local/lib/python3.7/site-packages/airflow/example_dags/example_task_group_decorator.py
[2021-12-03 11:27:15,039] {processor.py:637} INFO - DAG(s) dict_keys(['example_task_group_decorator']) retrieved from /home/airflow/.local/lib/python3.7/site-packages/airflow/example_dags/example_task_group_decorator.py
[2021-12-03 11:27:15,439] {logging_mixin.py:109} INFO - [2021-12-03 11:27:15,438] {dag.py:2396} INFO - Sync 1 DAGs
[2021-12-03 11:27:15,453] {logging_mixin.py:109} INFO - [2021-12-03 11:27:15,453] {dag.py:2928} INFO - Setting next_dagrun for example_task_group_decorator to 2021-12-02T11:27:15.452818+00:00
[2021-12-03 11:27:15,463] {processor.py:171} INFO - Processing /home/airflow/.local/lib/python3.7/site-packages/airflow/example_dags/example_task_group_decorator.py took 0.490 seconds
[2021-12-03 11:27:45,538] {processor.py:163} INFO - Started process (PID=1008) to work on /home/airflow/.local/lib/python3.7/site-packages/airflow/example_dags/example_task_group_decorator.py
[2021-12-03 11:27:45,539] {processor.py:625} INFO - Processing file /home/airflow/.local/lib/python3.7/site-packages/airflow/example_dags/example_task_group_decorator.py for tasks to queue
[2021-12-03 11:27:45,540] {logging_mixin.py:109} INFO - [2021-12-03 11:27:45,540] {dagbag.py:500} INFO - Filling up the DagBag from /home/airflow/.local/lib/python3.7/site-packages/airflow/example_dags/example_task_group_decorator.py
[2021-12-03 11:27:45,585] {processor.py:637} INFO - DAG(s) dict_keys(['example_task_group_decorator']) retrieved from /home/airflow/.local/lib/python3.7/site-packages/airflow/example_dags/example_task_group_decorator.py
[2021-12-03 11:27:45,907] {logging_mixin.py:109} INFO - [2021-12-03 11:27:45,907] {dag.py:2396} INFO - Sync 1 DAGs
[2021-12-03 11:27:45,923] {logging_mixin.py:109} INFO - [2021-12-03 11:27:45,923] {dag.py:2928} INFO - Setting next_dagrun for example_task_group_decorator to 2021-12-02T11:27:45.923525+00:00
[2021-12-03 11:27:45,934] {processor.py:171} INFO - Processing /home/airflow/.local/lib/python3.7/site-packages/airflow/example_dags/example_task_group_decorator.py took 0.400 seconds
[2021-12-03 11:28:16,082] {processor.py:163} INFO - Started process (PID=1060) to work on /home/airflow/.local/lib/python3.7/site-packages/airflow/example_dags/example_task_group_decorator.py
[2021-12-03 11:28:16,083] {processor.py:625} INFO - Processing file /home/airflow/.local/lib/python3.7/site-packages/airflow/example_dags/example_task_group_decorator.py for tasks to queue
[2021-12-03 11:28:16,084] {logging_mixin.py:109} INFO - [2021-12-03 11:28:16,084] {dagbag.py:500} INFO - Filling up the DagBag from /home/airflow/.local/lib/python3.7/site-packages/airflow/example_dags/example_task_group_decorator.py
[2021-12-03 11:28:16,130] {processor.py:637} INFO - DAG(s) dict_keys(['example_task_group_decorator']) retrieved from /home/airflow/.local/lib/python3.7/site-packages/airflow/example_dags/example_task_group_decorator.py
[2021-12-03 11:28:16,450] {logging_mixin.py:109} INFO - [2021-12-03 11:28:16,450] {dag.py:2396} INFO - Sync 1 DAGs
[2021-12-03 11:28:16,467] {logging_mixin.py:109} INFO - [2021-12-03 11:28:16,467] {dag.py:2928} INFO - Setting next_dagrun for example_task_group_decorator to 2021-12-02T11:28:16.466929+00:00
[2021-12-03 11:28:16,479] {processor.py:171} INFO - Processing /home/airflow/.local/lib/python3.7/site-packages/airflow/example_dags/example_task_group_decorator.py took 0.400 seconds
[2021-12-03 11:28:47,399] {processor.py:163} INFO - Started process (PID=1123) to work on /home/airflow/.local/lib/python3.7/site-packages/airflow/example_dags/example_task_group_decorator.py
[2021-12-03 11:28:47,400] {processor.py:625} INFO - Processing file /home/airflow/.local/lib/python3.7/site-packages/airflow/example_dags/example_task_group_decorator.py for tasks to queue
[2021-12-03 11:28:47,401] {logging_mixin.py:109} INFO - [2021-12-03 11:28:47,401] {dagbag.py:500} INFO - Filling up the DagBag from /home/airflow/.local/lib/python3.7/site-packages/airflow/example_dags/example_task_group_decorator.py
[2021-12-03 11:28:47,530] {processor.py:637} INFO - DAG(s) dict_keys(['example_task_group_decorator']) retrieved from /home/airflow/.local/lib/python3.7/site-packages/airflow/example_dags/example_task_group_decorator.py
[2021-12-03 11:28:47,721] {logging_mixin.py:109} INFO - [2021-12-03 11:28:47,721] {dag.py:2396} INFO - Sync 1 DAGs
[2021-12-03 11:28:47,736] {logging_mixin.py:109} INFO - [2021-12-03 11:28:47,736] {dag.py:2928} INFO - Setting next_dagrun for example_task_group_decorator to 2021-12-02T11:28:47.736220+00:00
[2021-12-03 11:28:47,746] {processor.py:171} INFO - Processing /home/airflow/.local/lib/python3.7/site-packages/airflow/example_dags/example_task_group_decorator.py took 0.350 seconds
[2021-12-03 11:29:17,836] {processor.py:163} INFO - Started process (PID=1177) to work on /home/airflow/.local/lib/python3.7/site-packages/airflow/example_dags/example_task_group_decorator.py
[2021-12-03 11:29:17,837] {processor.py:625} INFO - Processing file /home/airflow/.local/lib/python3.7/site-packages/airflow/example_dags/example_task_group_decorator.py for tasks to queue
[2021-12-03 11:29:17,838] {logging_mixin.py:109} INFO - [2021-12-03 11:29:17,838] {dagbag.py:500} INFO - Filling up the DagBag from /home/airflow/.local/lib/python3.7/site-packages/airflow/example_dags/example_task_group_decorator.py
[2021-12-03 11:29:17,990] {processor.py:637} INFO - DAG(s) dict_keys(['example_task_group_decorator']) retrieved from /home/airflow/.local/lib/python3.7/site-packages/airflow/example_dags/example_task_group_decorator.py
[2021-12-03 11:29:18,173] {logging_mixin.py:109} INFO - [2021-12-03 11:29:18,173] {dag.py:2396} INFO - Sync 1 DAGs
[2021-12-03 11:29:18,185] {logging_mixin.py:109} INFO - [2021-12-03 11:29:18,185] {dag.py:2928} INFO - Setting next_dagrun for example_task_group_decorator to 2021-12-02T11:29:18.185111+00:00
[2021-12-03 11:29:18,194] {processor.py:171} INFO - Processing /home/airflow/.local/lib/python3.7/site-packages/airflow/example_dags/example_task_group_decorator.py took 0.362 seconds
[2021-12-03 11:30:50,164] {processor.py:163} INFO - Started process (PID=44) to work on /home/airflow/.local/lib/python3.7/site-packages/airflow/example_dags/example_task_group_decorator.py
[2021-12-03 11:30:50,174] {processor.py:625} INFO - Processing file /home/airflow/.local/lib/python3.7/site-packages/airflow/example_dags/example_task_group_decorator.py for tasks to queue
[2021-12-03 11:30:50,177] {logging_mixin.py:109} INFO - [2021-12-03 11:30:50,177] {dagbag.py:500} INFO - Filling up the DagBag from /home/airflow/.local/lib/python3.7/site-packages/airflow/example_dags/example_task_group_decorator.py
[2021-12-03 11:30:50,244] {processor.py:637} INFO - DAG(s) dict_keys(['example_task_group_decorator']) retrieved from /home/airflow/.local/lib/python3.7/site-packages/airflow/example_dags/example_task_group_decorator.py
[2021-12-03 11:30:51,273] {logging_mixin.py:109} INFO - [2021-12-03 11:30:51,272] {dag.py:2396} INFO - Sync 1 DAGs
[2021-12-03 11:30:51,380] {logging_mixin.py:109} INFO - [2021-12-03 11:30:51,379] {dag.py:2928} INFO - Setting next_dagrun for example_task_group_decorator to 2021-12-02T11:30:51.379559+00:00
[2021-12-03 11:30:51,422] {processor.py:171} INFO - Processing /home/airflow/.local/lib/python3.7/site-packages/airflow/example_dags/example_task_group_decorator.py took 1.261 seconds
