[2021-12-03 11:21:11,099] {processor.py:163} INFO - Started process (PID=119) to work on /home/airflow/.local/lib/python3.7/site-packages/airflow/example_dags/example_trigger_target_dag.py
[2021-12-03 11:21:11,101] {processor.py:625} INFO - Processing file /home/airflow/.local/lib/python3.7/site-packages/airflow/example_dags/example_trigger_target_dag.py for tasks to queue
[2021-12-03 11:21:11,101] {logging_mixin.py:109} INFO - [2021-12-03 11:21:11,101] {dagbag.py:500} INFO - Filling up the DagBag from /home/airflow/.local/lib/python3.7/site-packages/airflow/example_dags/example_trigger_target_dag.py
[2021-12-03 11:21:11,144] {processor.py:637} INFO - DAG(s) dict_keys(['example_trigger_target_dag']) retrieved from /home/airflow/.local/lib/python3.7/site-packages/airflow/example_dags/example_trigger_target_dag.py
[2021-12-03 11:21:13,181] {logging_mixin.py:109} INFO - [2021-12-03 11:21:13,181] {providers_manager.py:156} WARNING - Exception when importing 'airflow.providers.google.leveldb.hooks.leveldb.LevelDBHook' from 'apache-airflow-providers-google' package: No module named 'plyvel'
[2021-12-03 11:21:13,596] {logging_mixin.py:109} INFO - [2021-12-03 11:21:13,596] {providers_manager.py:156} WARNING - Exception when importing 'airflow.providers.google.leveldb.hooks.leveldb.LevelDBHook' from 'apache-airflow-providers-google' package: No module named 'plyvel'
[2021-12-03 11:21:13,628] {logging_mixin.py:109} INFO - [2021-12-03 11:21:13,628] {manager.py:496} INFO - Created Permission View: can read on DAG:example_trigger_target_dag
[2021-12-03 11:21:13,643] {logging_mixin.py:109} INFO - [2021-12-03 11:21:13,643] {manager.py:496} INFO - Created Permission View: can edit on DAG:example_trigger_target_dag
[2021-12-03 11:21:13,644] {logging_mixin.py:109} INFO - [2021-12-03 11:21:13,643] {dag.py:2396} INFO - Sync 1 DAGs
[2021-12-03 11:21:13,659] {logging_mixin.py:109} INFO - [2021-12-03 11:21:13,658] {dag.py:2415} INFO - Creating ORM DAG for example_trigger_target_dag
[2021-12-03 11:21:13,667] {logging_mixin.py:109} INFO - [2021-12-03 11:21:13,667] {dag.py:2928} INFO - Setting next_dagrun for example_trigger_target_dag to None
[2021-12-03 11:21:13,682] {processor.py:171} INFO - Processing /home/airflow/.local/lib/python3.7/site-packages/airflow/example_dags/example_trigger_target_dag.py took 2.586 seconds
[2021-12-03 11:21:43,722] {processor.py:163} INFO - Started process (PID=358) to work on /home/airflow/.local/lib/python3.7/site-packages/airflow/example_dags/example_trigger_target_dag.py
[2021-12-03 11:21:43,723] {processor.py:625} INFO - Processing file /home/airflow/.local/lib/python3.7/site-packages/airflow/example_dags/example_trigger_target_dag.py for tasks to queue
[2021-12-03 11:21:43,723] {logging_mixin.py:109} INFO - [2021-12-03 11:21:43,723] {dagbag.py:500} INFO - Filling up the DagBag from /home/airflow/.local/lib/python3.7/site-packages/airflow/example_dags/example_trigger_target_dag.py
[2021-12-03 11:21:43,747] {processor.py:637} INFO - DAG(s) dict_keys(['example_trigger_target_dag']) retrieved from /home/airflow/.local/lib/python3.7/site-packages/airflow/example_dags/example_trigger_target_dag.py
[2021-12-03 11:21:43,756] {logging_mixin.py:109} INFO - [2021-12-03 11:21:43,756] {dag.py:2396} INFO - Sync 1 DAGs
[2021-12-03 11:21:43,774] {logging_mixin.py:109} INFO - [2021-12-03 11:21:43,774] {dag.py:2928} INFO - Setting next_dagrun for example_trigger_target_dag to None
[2021-12-03 11:21:43,782] {processor.py:171} INFO - Processing /home/airflow/.local/lib/python3.7/site-packages/airflow/example_dags/example_trigger_target_dag.py took 0.063 seconds
[2021-12-03 11:22:14,699] {processor.py:163} INFO - Started process (PID=409) to work on /home/airflow/.local/lib/python3.7/site-packages/airflow/example_dags/example_trigger_target_dag.py
[2021-12-03 11:22:14,703] {processor.py:625} INFO - Processing file /home/airflow/.local/lib/python3.7/site-packages/airflow/example_dags/example_trigger_target_dag.py for tasks to queue
[2021-12-03 11:22:14,706] {logging_mixin.py:109} INFO - [2021-12-03 11:22:14,704] {dagbag.py:500} INFO - Filling up the DagBag from /home/airflow/.local/lib/python3.7/site-packages/airflow/example_dags/example_trigger_target_dag.py
[2021-12-03 11:22:14,755] {processor.py:637} INFO - DAG(s) dict_keys(['example_trigger_target_dag']) retrieved from /home/airflow/.local/lib/python3.7/site-packages/airflow/example_dags/example_trigger_target_dag.py
[2021-12-03 11:22:14,771] {logging_mixin.py:109} INFO - [2021-12-03 11:22:14,771] {dag.py:2396} INFO - Sync 1 DAGs
[2021-12-03 11:22:14,802] {logging_mixin.py:109} INFO - [2021-12-03 11:22:14,802] {dag.py:2928} INFO - Setting next_dagrun for example_trigger_target_dag to None
[2021-12-03 11:22:14,820] {processor.py:171} INFO - Processing /home/airflow/.local/lib/python3.7/site-packages/airflow/example_dags/example_trigger_target_dag.py took 0.124 seconds
[2021-12-03 11:22:44,903] {processor.py:163} INFO - Started process (PID=470) to work on /home/airflow/.local/lib/python3.7/site-packages/airflow/example_dags/example_trigger_target_dag.py
[2021-12-03 11:22:44,905] {processor.py:625} INFO - Processing file /home/airflow/.local/lib/python3.7/site-packages/airflow/example_dags/example_trigger_target_dag.py for tasks to queue
[2021-12-03 11:22:44,906] {logging_mixin.py:109} INFO - [2021-12-03 11:22:44,906] {dagbag.py:500} INFO - Filling up the DagBag from /home/airflow/.local/lib/python3.7/site-packages/airflow/example_dags/example_trigger_target_dag.py
[2021-12-03 11:22:44,944] {processor.py:637} INFO - DAG(s) dict_keys(['example_trigger_target_dag']) retrieved from /home/airflow/.local/lib/python3.7/site-packages/airflow/example_dags/example_trigger_target_dag.py
[2021-12-03 11:22:44,956] {logging_mixin.py:109} INFO - [2021-12-03 11:22:44,955] {dag.py:2396} INFO - Sync 1 DAGs
[2021-12-03 11:22:44,978] {logging_mixin.py:109} INFO - [2021-12-03 11:22:44,978] {dag.py:2928} INFO - Setting next_dagrun for example_trigger_target_dag to None
[2021-12-03 11:22:44,989] {processor.py:171} INFO - Processing /home/airflow/.local/lib/python3.7/site-packages/airflow/example_dags/example_trigger_target_dag.py took 0.089 seconds
[2021-12-03 11:23:15,090] {processor.py:163} INFO - Started process (PID=525) to work on /home/airflow/.local/lib/python3.7/site-packages/airflow/example_dags/example_trigger_target_dag.py
[2021-12-03 11:23:15,091] {processor.py:625} INFO - Processing file /home/airflow/.local/lib/python3.7/site-packages/airflow/example_dags/example_trigger_target_dag.py for tasks to queue
[2021-12-03 11:23:15,092] {logging_mixin.py:109} INFO - [2021-12-03 11:23:15,092] {dagbag.py:500} INFO - Filling up the DagBag from /home/airflow/.local/lib/python3.7/site-packages/airflow/example_dags/example_trigger_target_dag.py
[2021-12-03 11:23:15,128] {processor.py:637} INFO - DAG(s) dict_keys(['example_trigger_target_dag']) retrieved from /home/airflow/.local/lib/python3.7/site-packages/airflow/example_dags/example_trigger_target_dag.py
[2021-12-03 11:23:15,140] {logging_mixin.py:109} INFO - [2021-12-03 11:23:15,140] {dag.py:2396} INFO - Sync 1 DAGs
[2021-12-03 11:23:15,162] {logging_mixin.py:109} INFO - [2021-12-03 11:23:15,161] {dag.py:2928} INFO - Setting next_dagrun for example_trigger_target_dag to None
[2021-12-03 11:23:15,173] {processor.py:171} INFO - Processing /home/airflow/.local/lib/python3.7/site-packages/airflow/example_dags/example_trigger_target_dag.py took 0.086 seconds
[2021-12-03 11:23:45,421] {processor.py:163} INFO - Started process (PID=576) to work on /home/airflow/.local/lib/python3.7/site-packages/airflow/example_dags/example_trigger_target_dag.py
[2021-12-03 11:23:45,422] {processor.py:625} INFO - Processing file /home/airflow/.local/lib/python3.7/site-packages/airflow/example_dags/example_trigger_target_dag.py for tasks to queue
[2021-12-03 11:23:45,423] {logging_mixin.py:109} INFO - [2021-12-03 11:23:45,423] {dagbag.py:500} INFO - Filling up the DagBag from /home/airflow/.local/lib/python3.7/site-packages/airflow/example_dags/example_trigger_target_dag.py
[2021-12-03 11:23:45,460] {processor.py:637} INFO - DAG(s) dict_keys(['example_trigger_target_dag']) retrieved from /home/airflow/.local/lib/python3.7/site-packages/airflow/example_dags/example_trigger_target_dag.py
[2021-12-03 11:23:45,471] {logging_mixin.py:109} INFO - [2021-12-03 11:23:45,471] {dag.py:2396} INFO - Sync 1 DAGs
[2021-12-03 11:23:45,494] {logging_mixin.py:109} INFO - [2021-12-03 11:23:45,494] {dag.py:2928} INFO - Setting next_dagrun for example_trigger_target_dag to None
[2021-12-03 11:23:45,505] {processor.py:171} INFO - Processing /home/airflow/.local/lib/python3.7/site-packages/airflow/example_dags/example_trigger_target_dag.py took 0.087 seconds
[2021-12-03 11:24:15,951] {processor.py:163} INFO - Started process (PID=636) to work on /home/airflow/.local/lib/python3.7/site-packages/airflow/example_dags/example_trigger_target_dag.py
[2021-12-03 11:24:15,952] {processor.py:625} INFO - Processing file /home/airflow/.local/lib/python3.7/site-packages/airflow/example_dags/example_trigger_target_dag.py for tasks to queue
[2021-12-03 11:24:15,953] {logging_mixin.py:109} INFO - [2021-12-03 11:24:15,953] {dagbag.py:500} INFO - Filling up the DagBag from /home/airflow/.local/lib/python3.7/site-packages/airflow/example_dags/example_trigger_target_dag.py
[2021-12-03 11:24:16,002] {processor.py:637} INFO - DAG(s) dict_keys(['example_trigger_target_dag']) retrieved from /home/airflow/.local/lib/python3.7/site-packages/airflow/example_dags/example_trigger_target_dag.py
[2021-12-03 11:24:16,022] {logging_mixin.py:109} INFO - [2021-12-03 11:24:16,022] {dag.py:2396} INFO - Sync 1 DAGs
[2021-12-03 11:24:16,056] {logging_mixin.py:109} INFO - [2021-12-03 11:24:16,056] {dag.py:2928} INFO - Setting next_dagrun for example_trigger_target_dag to None
[2021-12-03 11:24:16,074] {processor.py:171} INFO - Processing /home/airflow/.local/lib/python3.7/site-packages/airflow/example_dags/example_trigger_target_dag.py took 0.127 seconds
[2021-12-03 11:24:46,515] {processor.py:163} INFO - Started process (PID=688) to work on /home/airflow/.local/lib/python3.7/site-packages/airflow/example_dags/example_trigger_target_dag.py
[2021-12-03 11:24:46,516] {processor.py:625} INFO - Processing file /home/airflow/.local/lib/python3.7/site-packages/airflow/example_dags/example_trigger_target_dag.py for tasks to queue
[2021-12-03 11:24:46,517] {logging_mixin.py:109} INFO - [2021-12-03 11:24:46,517] {dagbag.py:500} INFO - Filling up the DagBag from /home/airflow/.local/lib/python3.7/site-packages/airflow/example_dags/example_trigger_target_dag.py
[2021-12-03 11:24:46,548] {processor.py:637} INFO - DAG(s) dict_keys(['example_trigger_target_dag']) retrieved from /home/airflow/.local/lib/python3.7/site-packages/airflow/example_dags/example_trigger_target_dag.py
[2021-12-03 11:24:46,559] {logging_mixin.py:109} INFO - [2021-12-03 11:24:46,559] {dag.py:2396} INFO - Sync 1 DAGs
[2021-12-03 11:24:46,580] {logging_mixin.py:109} INFO - [2021-12-03 11:24:46,579] {dag.py:2928} INFO - Setting next_dagrun for example_trigger_target_dag to None
[2021-12-03 11:24:46,590] {processor.py:171} INFO - Processing /home/airflow/.local/lib/python3.7/site-packages/airflow/example_dags/example_trigger_target_dag.py took 0.078 seconds
[2021-12-03 11:25:16,978] {processor.py:163} INFO - Started process (PID=740) to work on /home/airflow/.local/lib/python3.7/site-packages/airflow/example_dags/example_trigger_target_dag.py
[2021-12-03 11:25:16,979] {processor.py:625} INFO - Processing file /home/airflow/.local/lib/python3.7/site-packages/airflow/example_dags/example_trigger_target_dag.py for tasks to queue
[2021-12-03 11:25:16,980] {logging_mixin.py:109} INFO - [2021-12-03 11:25:16,980] {dagbag.py:500} INFO - Filling up the DagBag from /home/airflow/.local/lib/python3.7/site-packages/airflow/example_dags/example_trigger_target_dag.py
[2021-12-03 11:25:17,011] {processor.py:637} INFO - DAG(s) dict_keys(['example_trigger_target_dag']) retrieved from /home/airflow/.local/lib/python3.7/site-packages/airflow/example_dags/example_trigger_target_dag.py
[2021-12-03 11:25:17,025] {logging_mixin.py:109} INFO - [2021-12-03 11:25:17,025] {dag.py:2396} INFO - Sync 1 DAGs
[2021-12-03 11:25:17,050] {logging_mixin.py:109} INFO - [2021-12-03 11:25:17,050] {dag.py:2928} INFO - Setting next_dagrun for example_trigger_target_dag to None
[2021-12-03 11:25:17,062] {processor.py:171} INFO - Processing /home/airflow/.local/lib/python3.7/site-packages/airflow/example_dags/example_trigger_target_dag.py took 0.087 seconds
[2021-12-03 11:25:47,141] {processor.py:163} INFO - Started process (PID=802) to work on /home/airflow/.local/lib/python3.7/site-packages/airflow/example_dags/example_trigger_target_dag.py
[2021-12-03 11:25:47,142] {processor.py:625} INFO - Processing file /home/airflow/.local/lib/python3.7/site-packages/airflow/example_dags/example_trigger_target_dag.py for tasks to queue
[2021-12-03 11:25:47,143] {logging_mixin.py:109} INFO - [2021-12-03 11:25:47,143] {dagbag.py:500} INFO - Filling up the DagBag from /home/airflow/.local/lib/python3.7/site-packages/airflow/example_dags/example_trigger_target_dag.py
[2021-12-03 11:25:47,180] {processor.py:637} INFO - DAG(s) dict_keys(['example_trigger_target_dag']) retrieved from /home/airflow/.local/lib/python3.7/site-packages/airflow/example_dags/example_trigger_target_dag.py
[2021-12-03 11:25:47,193] {logging_mixin.py:109} INFO - [2021-12-03 11:25:47,193] {dag.py:2396} INFO - Sync 1 DAGs
[2021-12-03 11:25:47,216] {logging_mixin.py:109} INFO - [2021-12-03 11:25:47,216] {dag.py:2928} INFO - Setting next_dagrun for example_trigger_target_dag to None
[2021-12-03 11:25:47,228] {processor.py:171} INFO - Processing /home/airflow/.local/lib/python3.7/site-packages/airflow/example_dags/example_trigger_target_dag.py took 0.092 seconds
[2021-12-03 11:26:17,881] {processor.py:163} INFO - Started process (PID=853) to work on /home/airflow/.local/lib/python3.7/site-packages/airflow/example_dags/example_trigger_target_dag.py
[2021-12-03 11:26:17,883] {processor.py:625} INFO - Processing file /home/airflow/.local/lib/python3.7/site-packages/airflow/example_dags/example_trigger_target_dag.py for tasks to queue
[2021-12-03 11:26:17,883] {logging_mixin.py:109} INFO - [2021-12-03 11:26:17,883] {dagbag.py:500} INFO - Filling up the DagBag from /home/airflow/.local/lib/python3.7/site-packages/airflow/example_dags/example_trigger_target_dag.py
[2021-12-03 11:26:17,918] {processor.py:637} INFO - DAG(s) dict_keys(['example_trigger_target_dag']) retrieved from /home/airflow/.local/lib/python3.7/site-packages/airflow/example_dags/example_trigger_target_dag.py
[2021-12-03 11:26:17,931] {logging_mixin.py:109} INFO - [2021-12-03 11:26:17,931] {dag.py:2396} INFO - Sync 1 DAGs
[2021-12-03 11:26:17,954] {logging_mixin.py:109} INFO - [2021-12-03 11:26:17,954] {dag.py:2928} INFO - Setting next_dagrun for example_trigger_target_dag to None
[2021-12-03 11:26:17,967] {processor.py:171} INFO - Processing /home/airflow/.local/lib/python3.7/site-packages/airflow/example_dags/example_trigger_target_dag.py took 0.090 seconds
[2021-12-03 11:26:48,269] {processor.py:163} INFO - Started process (PID=904) to work on /home/airflow/.local/lib/python3.7/site-packages/airflow/example_dags/example_trigger_target_dag.py
[2021-12-03 11:26:48,270] {processor.py:625} INFO - Processing file /home/airflow/.local/lib/python3.7/site-packages/airflow/example_dags/example_trigger_target_dag.py for tasks to queue
[2021-12-03 11:26:48,271] {logging_mixin.py:109} INFO - [2021-12-03 11:26:48,271] {dagbag.py:500} INFO - Filling up the DagBag from /home/airflow/.local/lib/python3.7/site-packages/airflow/example_dags/example_trigger_target_dag.py
[2021-12-03 11:26:48,403] {processor.py:637} INFO - DAG(s) dict_keys(['example_trigger_target_dag']) retrieved from /home/airflow/.local/lib/python3.7/site-packages/airflow/example_dags/example_trigger_target_dag.py
[2021-12-03 11:26:48,419] {logging_mixin.py:109} INFO - [2021-12-03 11:26:48,419] {dag.py:2396} INFO - Sync 1 DAGs
[2021-12-03 11:26:48,444] {logging_mixin.py:109} INFO - [2021-12-03 11:26:48,444] {dag.py:2928} INFO - Setting next_dagrun for example_trigger_target_dag to None
[2021-12-03 11:26:48,470] {processor.py:171} INFO - Processing /home/airflow/.local/lib/python3.7/site-packages/airflow/example_dags/example_trigger_target_dag.py took 0.205 seconds
[2021-12-03 11:27:18,843] {processor.py:163} INFO - Started process (PID=966) to work on /home/airflow/.local/lib/python3.7/site-packages/airflow/example_dags/example_trigger_target_dag.py
[2021-12-03 11:27:18,844] {processor.py:625} INFO - Processing file /home/airflow/.local/lib/python3.7/site-packages/airflow/example_dags/example_trigger_target_dag.py for tasks to queue
[2021-12-03 11:27:18,845] {logging_mixin.py:109} INFO - [2021-12-03 11:27:18,845] {dagbag.py:500} INFO - Filling up the DagBag from /home/airflow/.local/lib/python3.7/site-packages/airflow/example_dags/example_trigger_target_dag.py
[2021-12-03 11:27:18,970] {processor.py:637} INFO - DAG(s) dict_keys(['example_trigger_target_dag']) retrieved from /home/airflow/.local/lib/python3.7/site-packages/airflow/example_dags/example_trigger_target_dag.py
[2021-12-03 11:27:18,982] {logging_mixin.py:109} INFO - [2021-12-03 11:27:18,981] {dag.py:2396} INFO - Sync 1 DAGs
[2021-12-03 11:27:19,118] {logging_mixin.py:109} INFO - [2021-12-03 11:27:19,118] {dag.py:2928} INFO - Setting next_dagrun for example_trigger_target_dag to None
[2021-12-03 11:27:19,132] {processor.py:171} INFO - Processing /home/airflow/.local/lib/python3.7/site-packages/airflow/example_dags/example_trigger_target_dag.py took 0.294 seconds
[2021-12-03 11:27:49,625] {processor.py:163} INFO - Started process (PID=1018) to work on /home/airflow/.local/lib/python3.7/site-packages/airflow/example_dags/example_trigger_target_dag.py
[2021-12-03 11:27:49,626] {processor.py:625} INFO - Processing file /home/airflow/.local/lib/python3.7/site-packages/airflow/example_dags/example_trigger_target_dag.py for tasks to queue
[2021-12-03 11:27:49,627] {logging_mixin.py:109} INFO - [2021-12-03 11:27:49,627] {dagbag.py:500} INFO - Filling up the DagBag from /home/airflow/.local/lib/python3.7/site-packages/airflow/example_dags/example_trigger_target_dag.py
[2021-12-03 11:27:49,657] {processor.py:637} INFO - DAG(s) dict_keys(['example_trigger_target_dag']) retrieved from /home/airflow/.local/lib/python3.7/site-packages/airflow/example_dags/example_trigger_target_dag.py
[2021-12-03 11:27:49,671] {logging_mixin.py:109} INFO - [2021-12-03 11:27:49,671] {dag.py:2396} INFO - Sync 1 DAGs
[2021-12-03 11:27:49,809] {logging_mixin.py:109} INFO - [2021-12-03 11:27:49,809] {dag.py:2928} INFO - Setting next_dagrun for example_trigger_target_dag to None
[2021-12-03 11:27:49,823] {processor.py:171} INFO - Processing /home/airflow/.local/lib/python3.7/site-packages/airflow/example_dags/example_trigger_target_dag.py took 0.202 seconds
[2021-12-03 11:28:19,931] {processor.py:163} INFO - Started process (PID=1069) to work on /home/airflow/.local/lib/python3.7/site-packages/airflow/example_dags/example_trigger_target_dag.py
[2021-12-03 11:28:19,933] {processor.py:625} INFO - Processing file /home/airflow/.local/lib/python3.7/site-packages/airflow/example_dags/example_trigger_target_dag.py for tasks to queue
[2021-12-03 11:28:19,934] {logging_mixin.py:109} INFO - [2021-12-03 11:28:19,934] {dagbag.py:500} INFO - Filling up the DagBag from /home/airflow/.local/lib/python3.7/site-packages/airflow/example_dags/example_trigger_target_dag.py
[2021-12-03 11:28:19,966] {processor.py:637} INFO - DAG(s) dict_keys(['example_trigger_target_dag']) retrieved from /home/airflow/.local/lib/python3.7/site-packages/airflow/example_dags/example_trigger_target_dag.py
[2021-12-03 11:28:19,980] {logging_mixin.py:109} INFO - [2021-12-03 11:28:19,980] {dag.py:2396} INFO - Sync 1 DAGs
[2021-12-03 11:28:20,104] {logging_mixin.py:109} INFO - [2021-12-03 11:28:20,104] {dag.py:2928} INFO - Setting next_dagrun for example_trigger_target_dag to None
[2021-12-03 11:28:20,116] {processor.py:171} INFO - Processing /home/airflow/.local/lib/python3.7/site-packages/airflow/example_dags/example_trigger_target_dag.py took 0.189 seconds
[2021-12-03 11:28:50,213] {processor.py:163} INFO - Started process (PID=1129) to work on /home/airflow/.local/lib/python3.7/site-packages/airflow/example_dags/example_trigger_target_dag.py
[2021-12-03 11:28:50,214] {processor.py:625} INFO - Processing file /home/airflow/.local/lib/python3.7/site-packages/airflow/example_dags/example_trigger_target_dag.py for tasks to queue
[2021-12-03 11:28:50,215] {logging_mixin.py:109} INFO - [2021-12-03 11:28:50,215] {dagbag.py:500} INFO - Filling up the DagBag from /home/airflow/.local/lib/python3.7/site-packages/airflow/example_dags/example_trigger_target_dag.py
[2021-12-03 11:28:50,248] {processor.py:637} INFO - DAG(s) dict_keys(['example_trigger_target_dag']) retrieved from /home/airflow/.local/lib/python3.7/site-packages/airflow/example_dags/example_trigger_target_dag.py
[2021-12-03 11:28:50,260] {logging_mixin.py:109} INFO - [2021-12-03 11:28:50,259] {dag.py:2396} INFO - Sync 1 DAGs
[2021-12-03 11:28:50,379] {logging_mixin.py:109} INFO - [2021-12-03 11:28:50,379] {dag.py:2928} INFO - Setting next_dagrun for example_trigger_target_dag to None
[2021-12-03 11:28:50,387] {processor.py:171} INFO - Processing /home/airflow/.local/lib/python3.7/site-packages/airflow/example_dags/example_trigger_target_dag.py took 0.179 seconds
[2021-12-03 11:29:20,635] {processor.py:163} INFO - Started process (PID=1183) to work on /home/airflow/.local/lib/python3.7/site-packages/airflow/example_dags/example_trigger_target_dag.py
[2021-12-03 11:29:20,637] {processor.py:625} INFO - Processing file /home/airflow/.local/lib/python3.7/site-packages/airflow/example_dags/example_trigger_target_dag.py for tasks to queue
[2021-12-03 11:29:20,637] {logging_mixin.py:109} INFO - [2021-12-03 11:29:20,637] {dagbag.py:500} INFO - Filling up the DagBag from /home/airflow/.local/lib/python3.7/site-packages/airflow/example_dags/example_trigger_target_dag.py
[2021-12-03 11:29:20,667] {processor.py:637} INFO - DAG(s) dict_keys(['example_trigger_target_dag']) retrieved from /home/airflow/.local/lib/python3.7/site-packages/airflow/example_dags/example_trigger_target_dag.py
[2021-12-03 11:29:20,677] {logging_mixin.py:109} INFO - [2021-12-03 11:29:20,677] {dag.py:2396} INFO - Sync 1 DAGs
[2021-12-03 11:29:20,800] {logging_mixin.py:109} INFO - [2021-12-03 11:29:20,800] {dag.py:2928} INFO - Setting next_dagrun for example_trigger_target_dag to None
[2021-12-03 11:29:20,815] {processor.py:171} INFO - Processing /home/airflow/.local/lib/python3.7/site-packages/airflow/example_dags/example_trigger_target_dag.py took 0.183 seconds
[2021-12-03 11:30:51,485] {processor.py:163} INFO - Started process (PID=49) to work on /home/airflow/.local/lib/python3.7/site-packages/airflow/example_dags/example_trigger_target_dag.py
[2021-12-03 11:30:51,492] {processor.py:625} INFO - Processing file /home/airflow/.local/lib/python3.7/site-packages/airflow/example_dags/example_trigger_target_dag.py for tasks to queue
[2021-12-03 11:30:51,493] {logging_mixin.py:109} INFO - [2021-12-03 11:30:51,493] {dagbag.py:500} INFO - Filling up the DagBag from /home/airflow/.local/lib/python3.7/site-packages/airflow/example_dags/example_trigger_target_dag.py
[2021-12-03 11:30:51,556] {processor.py:637} INFO - DAG(s) dict_keys(['example_trigger_target_dag']) retrieved from /home/airflow/.local/lib/python3.7/site-packages/airflow/example_dags/example_trigger_target_dag.py
[2021-12-03 11:30:51,581] {logging_mixin.py:109} INFO - [2021-12-03 11:30:51,580] {dag.py:2396} INFO - Sync 1 DAGs
[2021-12-03 11:30:51,617] {logging_mixin.py:109} INFO - [2021-12-03 11:30:51,616] {dag.py:2928} INFO - Setting next_dagrun for example_trigger_target_dag to None
[2021-12-03 11:30:51,647] {processor.py:171} INFO - Processing /home/airflow/.local/lib/python3.7/site-packages/airflow/example_dags/example_trigger_target_dag.py took 0.165 seconds
