[2021-12-03 11:21:29,601] {processor.py:163} INFO - Started process (PID=276) to work on /home/airflow/.local/lib/python3.7/site-packages/airflow/example_dags/example_time_delta_sensor_async.py
[2021-12-03 11:21:29,603] {processor.py:625} INFO - Processing file /home/airflow/.local/lib/python3.7/site-packages/airflow/example_dags/example_time_delta_sensor_async.py for tasks to queue
[2021-12-03 11:21:29,603] {logging_mixin.py:109} INFO - [2021-12-03 11:21:29,603] {dagbag.py:500} INFO - Filling up the DagBag from /home/airflow/.local/lib/python3.7/site-packages/airflow/example_dags/example_time_delta_sensor_async.py
[2021-12-03 11:21:29,638] {processor.py:637} INFO - DAG(s) dict_keys(['example_time_delta_sensor_async']) retrieved from /home/airflow/.local/lib/python3.7/site-packages/airflow/example_dags/example_time_delta_sensor_async.py
[2021-12-03 11:21:31,517] {logging_mixin.py:109} INFO - [2021-12-03 11:21:31,517] {providers_manager.py:156} WARNING - Exception when importing 'airflow.providers.google.leveldb.hooks.leveldb.LevelDBHook' from 'apache-airflow-providers-google' package: No module named 'plyvel'
[2021-12-03 11:21:31,903] {logging_mixin.py:109} INFO - [2021-12-03 11:21:31,903] {providers_manager.py:156} WARNING - Exception when importing 'airflow.providers.google.leveldb.hooks.leveldb.LevelDBHook' from 'apache-airflow-providers-google' package: No module named 'plyvel'
[2021-12-03 11:21:31,925] {logging_mixin.py:109} INFO - [2021-12-03 11:21:31,924] {manager.py:496} INFO - Created Permission View: can read on DAG:example_time_delta_sensor_async
[2021-12-03 11:21:31,934] {logging_mixin.py:109} INFO - [2021-12-03 11:21:31,934] {manager.py:496} INFO - Created Permission View: can edit on DAG:example_time_delta_sensor_async
[2021-12-03 11:21:31,935] {logging_mixin.py:109} INFO - [2021-12-03 11:21:31,934] {dag.py:2396} INFO - Sync 1 DAGs
[2021-12-03 11:21:31,942] {logging_mixin.py:109} INFO - [2021-12-03 11:21:31,942] {dag.py:2415} INFO - Creating ORM DAG for example_time_delta_sensor_async
[2021-12-03 11:21:31,953] {logging_mixin.py:109} INFO - [2021-12-03 11:21:31,953] {dag.py:2928} INFO - Setting next_dagrun for example_time_delta_sensor_async to None
[2021-12-03 11:21:31,970] {processor.py:171} INFO - Processing /home/airflow/.local/lib/python3.7/site-packages/airflow/example_dags/example_time_delta_sensor_async.py took 2.372 seconds
[2021-12-03 11:22:02,202] {processor.py:163} INFO - Started process (PID=383) to work on /home/airflow/.local/lib/python3.7/site-packages/airflow/example_dags/example_time_delta_sensor_async.py
[2021-12-03 11:22:02,209] {processor.py:625} INFO - Processing file /home/airflow/.local/lib/python3.7/site-packages/airflow/example_dags/example_time_delta_sensor_async.py for tasks to queue
[2021-12-03 11:22:02,209] {logging_mixin.py:109} INFO - [2021-12-03 11:22:02,209] {dagbag.py:500} INFO - Filling up the DagBag from /home/airflow/.local/lib/python3.7/site-packages/airflow/example_dags/example_time_delta_sensor_async.py
[2021-12-03 11:22:02,231] {processor.py:637} INFO - DAG(s) dict_keys(['example_time_delta_sensor_async']) retrieved from /home/airflow/.local/lib/python3.7/site-packages/airflow/example_dags/example_time_delta_sensor_async.py
[2021-12-03 11:22:02,243] {logging_mixin.py:109} INFO - [2021-12-03 11:22:02,243] {dag.py:2396} INFO - Sync 1 DAGs
[2021-12-03 11:22:02,261] {logging_mixin.py:109} INFO - [2021-12-03 11:22:02,261] {dag.py:2928} INFO - Setting next_dagrun for example_time_delta_sensor_async to None
[2021-12-03 11:22:02,272] {processor.py:171} INFO - Processing /home/airflow/.local/lib/python3.7/site-packages/airflow/example_dags/example_time_delta_sensor_async.py took 0.072 seconds
[2021-12-03 11:22:32,342] {processor.py:163} INFO - Started process (PID=444) to work on /home/airflow/.local/lib/python3.7/site-packages/airflow/example_dags/example_time_delta_sensor_async.py
[2021-12-03 11:22:32,343] {processor.py:625} INFO - Processing file /home/airflow/.local/lib/python3.7/site-packages/airflow/example_dags/example_time_delta_sensor_async.py for tasks to queue
[2021-12-03 11:22:32,344] {logging_mixin.py:109} INFO - [2021-12-03 11:22:32,344] {dagbag.py:500} INFO - Filling up the DagBag from /home/airflow/.local/lib/python3.7/site-packages/airflow/example_dags/example_time_delta_sensor_async.py
[2021-12-03 11:22:32,370] {processor.py:637} INFO - DAG(s) dict_keys(['example_time_delta_sensor_async']) retrieved from /home/airflow/.local/lib/python3.7/site-packages/airflow/example_dags/example_time_delta_sensor_async.py
[2021-12-03 11:22:32,381] {logging_mixin.py:109} INFO - [2021-12-03 11:22:32,381] {dag.py:2396} INFO - Sync 1 DAGs
[2021-12-03 11:22:32,398] {logging_mixin.py:109} INFO - [2021-12-03 11:22:32,398] {dag.py:2928} INFO - Setting next_dagrun for example_time_delta_sensor_async to None
[2021-12-03 11:22:32,409] {processor.py:171} INFO - Processing /home/airflow/.local/lib/python3.7/site-packages/airflow/example_dags/example_time_delta_sensor_async.py took 0.069 seconds
[2021-12-03 11:23:02,534] {processor.py:163} INFO - Started process (PID=496) to work on /home/airflow/.local/lib/python3.7/site-packages/airflow/example_dags/example_time_delta_sensor_async.py
[2021-12-03 11:23:02,535] {processor.py:625} INFO - Processing file /home/airflow/.local/lib/python3.7/site-packages/airflow/example_dags/example_time_delta_sensor_async.py for tasks to queue
[2021-12-03 11:23:02,536] {logging_mixin.py:109} INFO - [2021-12-03 11:23:02,536] {dagbag.py:500} INFO - Filling up the DagBag from /home/airflow/.local/lib/python3.7/site-packages/airflow/example_dags/example_time_delta_sensor_async.py
[2021-12-03 11:23:02,565] {processor.py:637} INFO - DAG(s) dict_keys(['example_time_delta_sensor_async']) retrieved from /home/airflow/.local/lib/python3.7/site-packages/airflow/example_dags/example_time_delta_sensor_async.py
[2021-12-03 11:23:02,576] {logging_mixin.py:109} INFO - [2021-12-03 11:23:02,576] {dag.py:2396} INFO - Sync 1 DAGs
[2021-12-03 11:23:02,595] {logging_mixin.py:109} INFO - [2021-12-03 11:23:02,595] {dag.py:2928} INFO - Setting next_dagrun for example_time_delta_sensor_async to None
[2021-12-03 11:23:02,606] {processor.py:171} INFO - Processing /home/airflow/.local/lib/python3.7/site-packages/airflow/example_dags/example_time_delta_sensor_async.py took 0.075 seconds
[2021-12-03 11:23:33,095] {processor.py:163} INFO - Started process (PID=550) to work on /home/airflow/.local/lib/python3.7/site-packages/airflow/example_dags/example_time_delta_sensor_async.py
[2021-12-03 11:23:33,097] {processor.py:625} INFO - Processing file /home/airflow/.local/lib/python3.7/site-packages/airflow/example_dags/example_time_delta_sensor_async.py for tasks to queue
[2021-12-03 11:23:33,098] {logging_mixin.py:109} INFO - [2021-12-03 11:23:33,098] {dagbag.py:500} INFO - Filling up the DagBag from /home/airflow/.local/lib/python3.7/site-packages/airflow/example_dags/example_time_delta_sensor_async.py
[2021-12-03 11:23:33,129] {processor.py:637} INFO - DAG(s) dict_keys(['example_time_delta_sensor_async']) retrieved from /home/airflow/.local/lib/python3.7/site-packages/airflow/example_dags/example_time_delta_sensor_async.py
[2021-12-03 11:23:33,140] {logging_mixin.py:109} INFO - [2021-12-03 11:23:33,140] {dag.py:2396} INFO - Sync 1 DAGs
[2021-12-03 11:23:33,159] {logging_mixin.py:109} INFO - [2021-12-03 11:23:33,159] {dag.py:2928} INFO - Setting next_dagrun for example_time_delta_sensor_async to None
[2021-12-03 11:23:33,169] {processor.py:171} INFO - Processing /home/airflow/.local/lib/python3.7/site-packages/airflow/example_dags/example_time_delta_sensor_async.py took 0.078 seconds
[2021-12-03 11:24:03,777] {processor.py:163} INFO - Started process (PID=610) to work on /home/airflow/.local/lib/python3.7/site-packages/airflow/example_dags/example_time_delta_sensor_async.py
[2021-12-03 11:24:03,779] {processor.py:625} INFO - Processing file /home/airflow/.local/lib/python3.7/site-packages/airflow/example_dags/example_time_delta_sensor_async.py for tasks to queue
[2021-12-03 11:24:03,780] {logging_mixin.py:109} INFO - [2021-12-03 11:24:03,779] {dagbag.py:500} INFO - Filling up the DagBag from /home/airflow/.local/lib/python3.7/site-packages/airflow/example_dags/example_time_delta_sensor_async.py
[2021-12-03 11:24:03,823] {processor.py:637} INFO - DAG(s) dict_keys(['example_time_delta_sensor_async']) retrieved from /home/airflow/.local/lib/python3.7/site-packages/airflow/example_dags/example_time_delta_sensor_async.py
[2021-12-03 11:24:03,841] {logging_mixin.py:109} INFO - [2021-12-03 11:24:03,841] {dag.py:2396} INFO - Sync 1 DAGs
[2021-12-03 11:24:03,869] {logging_mixin.py:109} INFO - [2021-12-03 11:24:03,869] {dag.py:2928} INFO - Setting next_dagrun for example_time_delta_sensor_async to None
[2021-12-03 11:24:03,886] {processor.py:171} INFO - Processing /home/airflow/.local/lib/python3.7/site-packages/airflow/example_dags/example_time_delta_sensor_async.py took 0.112 seconds
[2021-12-03 11:24:33,915] {processor.py:163} INFO - Started process (PID=661) to work on /home/airflow/.local/lib/python3.7/site-packages/airflow/example_dags/example_time_delta_sensor_async.py
[2021-12-03 11:24:33,916] {processor.py:625} INFO - Processing file /home/airflow/.local/lib/python3.7/site-packages/airflow/example_dags/example_time_delta_sensor_async.py for tasks to queue
[2021-12-03 11:24:33,917] {logging_mixin.py:109} INFO - [2021-12-03 11:24:33,917] {dagbag.py:500} INFO - Filling up the DagBag from /home/airflow/.local/lib/python3.7/site-packages/airflow/example_dags/example_time_delta_sensor_async.py
[2021-12-03 11:24:33,944] {processor.py:637} INFO - DAG(s) dict_keys(['example_time_delta_sensor_async']) retrieved from /home/airflow/.local/lib/python3.7/site-packages/airflow/example_dags/example_time_delta_sensor_async.py
[2021-12-03 11:24:33,955] {logging_mixin.py:109} INFO - [2021-12-03 11:24:33,955] {dag.py:2396} INFO - Sync 1 DAGs
[2021-12-03 11:24:33,974] {logging_mixin.py:109} INFO - [2021-12-03 11:24:33,974] {dag.py:2928} INFO - Setting next_dagrun for example_time_delta_sensor_async to None
[2021-12-03 11:24:33,985] {processor.py:171} INFO - Processing /home/airflow/.local/lib/python3.7/site-packages/airflow/example_dags/example_time_delta_sensor_async.py took 0.074 seconds
[2021-12-03 11:25:04,479] {processor.py:163} INFO - Started process (PID=713) to work on /home/airflow/.local/lib/python3.7/site-packages/airflow/example_dags/example_time_delta_sensor_async.py
[2021-12-03 11:25:04,481] {processor.py:625} INFO - Processing file /home/airflow/.local/lib/python3.7/site-packages/airflow/example_dags/example_time_delta_sensor_async.py for tasks to queue
[2021-12-03 11:25:04,481] {logging_mixin.py:109} INFO - [2021-12-03 11:25:04,481] {dagbag.py:500} INFO - Filling up the DagBag from /home/airflow/.local/lib/python3.7/site-packages/airflow/example_dags/example_time_delta_sensor_async.py
[2021-12-03 11:25:04,509] {processor.py:637} INFO - DAG(s) dict_keys(['example_time_delta_sensor_async']) retrieved from /home/airflow/.local/lib/python3.7/site-packages/airflow/example_dags/example_time_delta_sensor_async.py
[2021-12-03 11:25:04,519] {logging_mixin.py:109} INFO - [2021-12-03 11:25:04,519] {dag.py:2396} INFO - Sync 1 DAGs
[2021-12-03 11:25:04,535] {logging_mixin.py:109} INFO - [2021-12-03 11:25:04,535] {dag.py:2928} INFO - Setting next_dagrun for example_time_delta_sensor_async to None
[2021-12-03 11:25:04,544] {processor.py:171} INFO - Processing /home/airflow/.local/lib/python3.7/site-packages/airflow/example_dags/example_time_delta_sensor_async.py took 0.068 seconds
[2021-12-03 11:25:34,916] {processor.py:163} INFO - Started process (PID=776) to work on /home/airflow/.local/lib/python3.7/site-packages/airflow/example_dags/example_time_delta_sensor_async.py
[2021-12-03 11:25:34,918] {processor.py:625} INFO - Processing file /home/airflow/.local/lib/python3.7/site-packages/airflow/example_dags/example_time_delta_sensor_async.py for tasks to queue
[2021-12-03 11:25:34,919] {logging_mixin.py:109} INFO - [2021-12-03 11:25:34,919] {dagbag.py:500} INFO - Filling up the DagBag from /home/airflow/.local/lib/python3.7/site-packages/airflow/example_dags/example_time_delta_sensor_async.py
[2021-12-03 11:25:34,949] {processor.py:637} INFO - DAG(s) dict_keys(['example_time_delta_sensor_async']) retrieved from /home/airflow/.local/lib/python3.7/site-packages/airflow/example_dags/example_time_delta_sensor_async.py
[2021-12-03 11:25:34,962] {logging_mixin.py:109} INFO - [2021-12-03 11:25:34,962] {dag.py:2396} INFO - Sync 1 DAGs
[2021-12-03 11:25:34,982] {logging_mixin.py:109} INFO - [2021-12-03 11:25:34,982] {dag.py:2928} INFO - Setting next_dagrun for example_time_delta_sensor_async to None
[2021-12-03 11:25:34,993] {processor.py:171} INFO - Processing /home/airflow/.local/lib/python3.7/site-packages/airflow/example_dags/example_time_delta_sensor_async.py took 0.080 seconds
[2021-12-03 11:26:05,728] {processor.py:163} INFO - Started process (PID=827) to work on /home/airflow/.local/lib/python3.7/site-packages/airflow/example_dags/example_time_delta_sensor_async.py
[2021-12-03 11:26:05,730] {processor.py:625} INFO - Processing file /home/airflow/.local/lib/python3.7/site-packages/airflow/example_dags/example_time_delta_sensor_async.py for tasks to queue
[2021-12-03 11:26:05,730] {logging_mixin.py:109} INFO - [2021-12-03 11:26:05,730] {dagbag.py:500} INFO - Filling up the DagBag from /home/airflow/.local/lib/python3.7/site-packages/airflow/example_dags/example_time_delta_sensor_async.py
[2021-12-03 11:26:05,762] {processor.py:637} INFO - DAG(s) dict_keys(['example_time_delta_sensor_async']) retrieved from /home/airflow/.local/lib/python3.7/site-packages/airflow/example_dags/example_time_delta_sensor_async.py
[2021-12-03 11:26:05,773] {logging_mixin.py:109} INFO - [2021-12-03 11:26:05,773] {dag.py:2396} INFO - Sync 1 DAGs
[2021-12-03 11:26:05,792] {logging_mixin.py:109} INFO - [2021-12-03 11:26:05,792] {dag.py:2928} INFO - Setting next_dagrun for example_time_delta_sensor_async to None
[2021-12-03 11:26:05,808] {processor.py:171} INFO - Processing /home/airflow/.local/lib/python3.7/site-packages/airflow/example_dags/example_time_delta_sensor_async.py took 0.084 seconds
[2021-12-03 11:26:36,116] {processor.py:163} INFO - Started process (PID=878) to work on /home/airflow/.local/lib/python3.7/site-packages/airflow/example_dags/example_time_delta_sensor_async.py
[2021-12-03 11:26:36,118] {processor.py:625} INFO - Processing file /home/airflow/.local/lib/python3.7/site-packages/airflow/example_dags/example_time_delta_sensor_async.py for tasks to queue
[2021-12-03 11:26:36,119] {logging_mixin.py:109} INFO - [2021-12-03 11:26:36,119] {dagbag.py:500} INFO - Filling up the DagBag from /home/airflow/.local/lib/python3.7/site-packages/airflow/example_dags/example_time_delta_sensor_async.py
[2021-12-03 11:26:36,147] {processor.py:637} INFO - DAG(s) dict_keys(['example_time_delta_sensor_async']) retrieved from /home/airflow/.local/lib/python3.7/site-packages/airflow/example_dags/example_time_delta_sensor_async.py
[2021-12-03 11:26:36,159] {logging_mixin.py:109} INFO - [2021-12-03 11:26:36,159] {dag.py:2396} INFO - Sync 1 DAGs
[2021-12-03 11:26:36,179] {logging_mixin.py:109} INFO - [2021-12-03 11:26:36,179] {dag.py:2928} INFO - Setting next_dagrun for example_time_delta_sensor_async to None
[2021-12-03 11:26:36,204] {processor.py:171} INFO - Processing /home/airflow/.local/lib/python3.7/site-packages/airflow/example_dags/example_time_delta_sensor_async.py took 0.091 seconds
[2021-12-03 11:27:06,361] {processor.py:163} INFO - Started process (PID=940) to work on /home/airflow/.local/lib/python3.7/site-packages/airflow/example_dags/example_time_delta_sensor_async.py
[2021-12-03 11:27:06,362] {processor.py:625} INFO - Processing file /home/airflow/.local/lib/python3.7/site-packages/airflow/example_dags/example_time_delta_sensor_async.py for tasks to queue
[2021-12-03 11:27:06,363] {logging_mixin.py:109} INFO - [2021-12-03 11:27:06,363] {dagbag.py:500} INFO - Filling up the DagBag from /home/airflow/.local/lib/python3.7/site-packages/airflow/example_dags/example_time_delta_sensor_async.py
[2021-12-03 11:27:06,391] {processor.py:637} INFO - DAG(s) dict_keys(['example_time_delta_sensor_async']) retrieved from /home/airflow/.local/lib/python3.7/site-packages/airflow/example_dags/example_time_delta_sensor_async.py
[2021-12-03 11:27:06,404] {logging_mixin.py:109} INFO - [2021-12-03 11:27:06,404] {dag.py:2396} INFO - Sync 1 DAGs
[2021-12-03 11:27:06,425] {logging_mixin.py:109} INFO - [2021-12-03 11:27:06,425] {dag.py:2928} INFO - Setting next_dagrun for example_time_delta_sensor_async to None
[2021-12-03 11:27:06,439] {processor.py:171} INFO - Processing /home/airflow/.local/lib/python3.7/site-packages/airflow/example_dags/example_time_delta_sensor_async.py took 0.082 seconds
[2021-12-03 11:27:36,900] {processor.py:163} INFO - Started process (PID=991) to work on /home/airflow/.local/lib/python3.7/site-packages/airflow/example_dags/example_time_delta_sensor_async.py
[2021-12-03 11:27:36,902] {processor.py:625} INFO - Processing file /home/airflow/.local/lib/python3.7/site-packages/airflow/example_dags/example_time_delta_sensor_async.py for tasks to queue
[2021-12-03 11:27:36,903] {logging_mixin.py:109} INFO - [2021-12-03 11:27:36,902] {dagbag.py:500} INFO - Filling up the DagBag from /home/airflow/.local/lib/python3.7/site-packages/airflow/example_dags/example_time_delta_sensor_async.py
[2021-12-03 11:27:36,931] {processor.py:637} INFO - DAG(s) dict_keys(['example_time_delta_sensor_async']) retrieved from /home/airflow/.local/lib/python3.7/site-packages/airflow/example_dags/example_time_delta_sensor_async.py
[2021-12-03 11:27:36,945] {logging_mixin.py:109} INFO - [2021-12-03 11:27:36,945] {dag.py:2396} INFO - Sync 1 DAGs
[2021-12-03 11:27:36,966] {logging_mixin.py:109} INFO - [2021-12-03 11:27:36,966] {dag.py:2928} INFO - Setting next_dagrun for example_time_delta_sensor_async to None
[2021-12-03 11:27:36,974] {processor.py:171} INFO - Processing /home/airflow/.local/lib/python3.7/site-packages/airflow/example_dags/example_time_delta_sensor_async.py took 0.078 seconds
[2021-12-03 11:28:07,150] {processor.py:163} INFO - Started process (PID=1043) to work on /home/airflow/.local/lib/python3.7/site-packages/airflow/example_dags/example_time_delta_sensor_async.py
[2021-12-03 11:28:07,151] {processor.py:625} INFO - Processing file /home/airflow/.local/lib/python3.7/site-packages/airflow/example_dags/example_time_delta_sensor_async.py for tasks to queue
[2021-12-03 11:28:07,152] {logging_mixin.py:109} INFO - [2021-12-03 11:28:07,152] {dagbag.py:500} INFO - Filling up the DagBag from /home/airflow/.local/lib/python3.7/site-packages/airflow/example_dags/example_time_delta_sensor_async.py
[2021-12-03 11:28:07,184] {processor.py:637} INFO - DAG(s) dict_keys(['example_time_delta_sensor_async']) retrieved from /home/airflow/.local/lib/python3.7/site-packages/airflow/example_dags/example_time_delta_sensor_async.py
[2021-12-03 11:28:07,197] {logging_mixin.py:109} INFO - [2021-12-03 11:28:07,197] {dag.py:2396} INFO - Sync 1 DAGs
[2021-12-03 11:28:07,224] {logging_mixin.py:109} INFO - [2021-12-03 11:28:07,224] {dag.py:2928} INFO - Setting next_dagrun for example_time_delta_sensor_async to None
[2021-12-03 11:28:07,343] {processor.py:171} INFO - Processing /home/airflow/.local/lib/python3.7/site-packages/airflow/example_dags/example_time_delta_sensor_async.py took 0.197 seconds
[2021-12-03 11:28:37,525] {processor.py:163} INFO - Started process (PID=1102) to work on /home/airflow/.local/lib/python3.7/site-packages/airflow/example_dags/example_time_delta_sensor_async.py
[2021-12-03 11:28:37,526] {processor.py:625} INFO - Processing file /home/airflow/.local/lib/python3.7/site-packages/airflow/example_dags/example_time_delta_sensor_async.py for tasks to queue
[2021-12-03 11:28:37,527] {logging_mixin.py:109} INFO - [2021-12-03 11:28:37,527] {dagbag.py:500} INFO - Filling up the DagBag from /home/airflow/.local/lib/python3.7/site-packages/airflow/example_dags/example_time_delta_sensor_async.py
[2021-12-03 11:28:37,556] {processor.py:637} INFO - DAG(s) dict_keys(['example_time_delta_sensor_async']) retrieved from /home/airflow/.local/lib/python3.7/site-packages/airflow/example_dags/example_time_delta_sensor_async.py
[2021-12-03 11:28:37,568] {logging_mixin.py:109} INFO - [2021-12-03 11:28:37,568] {dag.py:2396} INFO - Sync 1 DAGs
[2021-12-03 11:28:37,675] {logging_mixin.py:109} INFO - [2021-12-03 11:28:37,675] {dag.py:2928} INFO - Setting next_dagrun for example_time_delta_sensor_async to None
[2021-12-03 11:28:37,686] {processor.py:171} INFO - Processing /home/airflow/.local/lib/python3.7/site-packages/airflow/example_dags/example_time_delta_sensor_async.py took 0.164 seconds
[2021-12-03 11:29:07,979] {processor.py:163} INFO - Started process (PID=1155) to work on /home/airflow/.local/lib/python3.7/site-packages/airflow/example_dags/example_time_delta_sensor_async.py
[2021-12-03 11:29:07,981] {processor.py:625} INFO - Processing file /home/airflow/.local/lib/python3.7/site-packages/airflow/example_dags/example_time_delta_sensor_async.py for tasks to queue
[2021-12-03 11:29:07,981] {logging_mixin.py:109} INFO - [2021-12-03 11:29:07,981] {dagbag.py:500} INFO - Filling up the DagBag from /home/airflow/.local/lib/python3.7/site-packages/airflow/example_dags/example_time_delta_sensor_async.py
[2021-12-03 11:29:08,008] {processor.py:637} INFO - DAG(s) dict_keys(['example_time_delta_sensor_async']) retrieved from /home/airflow/.local/lib/python3.7/site-packages/airflow/example_dags/example_time_delta_sensor_async.py
[2021-12-03 11:29:08,020] {logging_mixin.py:109} INFO - [2021-12-03 11:29:08,020] {dag.py:2396} INFO - Sync 1 DAGs
[2021-12-03 11:29:08,130] {logging_mixin.py:109} INFO - [2021-12-03 11:29:08,130] {dag.py:2928} INFO - Setting next_dagrun for example_time_delta_sensor_async to None
[2021-12-03 11:29:08,141] {processor.py:171} INFO - Processing /home/airflow/.local/lib/python3.7/site-packages/airflow/example_dags/example_time_delta_sensor_async.py took 0.165 seconds
[2021-12-03 11:30:53,764] {processor.py:163} INFO - Started process (PID=65) to work on /home/airflow/.local/lib/python3.7/site-packages/airflow/example_dags/example_time_delta_sensor_async.py
[2021-12-03 11:30:53,769] {processor.py:625} INFO - Processing file /home/airflow/.local/lib/python3.7/site-packages/airflow/example_dags/example_time_delta_sensor_async.py for tasks to queue
[2021-12-03 11:30:53,770] {logging_mixin.py:109} INFO - [2021-12-03 11:30:53,770] {dagbag.py:500} INFO - Filling up the DagBag from /home/airflow/.local/lib/python3.7/site-packages/airflow/example_dags/example_time_delta_sensor_async.py
[2021-12-03 11:30:53,827] {processor.py:637} INFO - DAG(s) dict_keys(['example_time_delta_sensor_async']) retrieved from /home/airflow/.local/lib/python3.7/site-packages/airflow/example_dags/example_time_delta_sensor_async.py
[2021-12-03 11:30:53,862] {logging_mixin.py:109} INFO - [2021-12-03 11:30:53,861] {dag.py:2396} INFO - Sync 1 DAGs
[2021-12-03 11:30:53,908] {logging_mixin.py:109} INFO - [2021-12-03 11:30:53,908] {dag.py:2928} INFO - Setting next_dagrun for example_time_delta_sensor_async to None
[2021-12-03 11:30:53,935] {processor.py:171} INFO - Processing /home/airflow/.local/lib/python3.7/site-packages/airflow/example_dags/example_time_delta_sensor_async.py took 0.175 seconds
