[2021-12-03 11:21:14,131] {processor.py:163} INFO - Started process (PID=138) to work on /home/airflow/.local/lib/python3.7/site-packages/airflow/example_dags/example_bash_operator.py
[2021-12-03 11:21:14,132] {processor.py:625} INFO - Processing file /home/airflow/.local/lib/python3.7/site-packages/airflow/example_dags/example_bash_operator.py for tasks to queue
[2021-12-03 11:21:14,133] {logging_mixin.py:109} INFO - [2021-12-03 11:21:14,133] {dagbag.py:500} INFO - Filling up the DagBag from /home/airflow/.local/lib/python3.7/site-packages/airflow/example_dags/example_bash_operator.py
[2021-12-03 11:21:14,172] {processor.py:637} INFO - DAG(s) dict_keys(['example_bash_operator']) retrieved from /home/airflow/.local/lib/python3.7/site-packages/airflow/example_dags/example_bash_operator.py
[2021-12-03 11:21:16,000] {logging_mixin.py:109} INFO - [2021-12-03 11:21:16,000] {providers_manager.py:156} WARNING - Exception when importing 'airflow.providers.google.leveldb.hooks.leveldb.LevelDBHook' from 'apache-airflow-providers-google' package: No module named 'plyvel'
[2021-12-03 11:21:16,454] {logging_mixin.py:109} INFO - [2021-12-03 11:21:16,454] {providers_manager.py:156} WARNING - Exception when importing 'airflow.providers.google.leveldb.hooks.leveldb.LevelDBHook' from 'apache-airflow-providers-google' package: No module named 'plyvel'
[2021-12-03 11:21:16,481] {logging_mixin.py:109} INFO - [2021-12-03 11:21:16,481] {manager.py:496} INFO - Created Permission View: can read on DAG:example_bash_operator
[2021-12-03 11:21:16,500] {logging_mixin.py:109} INFO - [2021-12-03 11:21:16,500] {manager.py:496} INFO - Created Permission View: can edit on DAG:example_bash_operator
[2021-12-03 11:21:16,502] {logging_mixin.py:109} INFO - [2021-12-03 11:21:16,502] {dag.py:2396} INFO - Sync 1 DAGs
[2021-12-03 11:21:16,513] {logging_mixin.py:109} INFO - [2021-12-03 11:21:16,513] {dag.py:2415} INFO - Creating ORM DAG for example_bash_operator
[2021-12-03 11:21:16,527] {logging_mixin.py:109} INFO - [2021-12-03 11:21:16,527] {dag.py:2928} INFO - Setting next_dagrun for example_bash_operator to 2021-12-02 00:00:00+00:00
[2021-12-03 11:21:16,544] {processor.py:171} INFO - Processing /home/airflow/.local/lib/python3.7/site-packages/airflow/example_dags/example_bash_operator.py took 2.416 seconds
[2021-12-03 11:21:46,815] {processor.py:163} INFO - Started process (PID=361) to work on /home/airflow/.local/lib/python3.7/site-packages/airflow/example_dags/example_bash_operator.py
[2021-12-03 11:21:46,816] {processor.py:625} INFO - Processing file /home/airflow/.local/lib/python3.7/site-packages/airflow/example_dags/example_bash_operator.py for tasks to queue
[2021-12-03 11:21:46,816] {logging_mixin.py:109} INFO - [2021-12-03 11:21:46,816] {dagbag.py:500} INFO - Filling up the DagBag from /home/airflow/.local/lib/python3.7/site-packages/airflow/example_dags/example_bash_operator.py
[2021-12-03 11:21:46,848] {processor.py:637} INFO - DAG(s) dict_keys(['example_bash_operator']) retrieved from /home/airflow/.local/lib/python3.7/site-packages/airflow/example_dags/example_bash_operator.py
[2021-12-03 11:21:46,859] {logging_mixin.py:109} INFO - [2021-12-03 11:21:46,859] {dag.py:2396} INFO - Sync 1 DAGs
[2021-12-03 11:21:46,878] {logging_mixin.py:109} INFO - [2021-12-03 11:21:46,878] {dag.py:2928} INFO - Setting next_dagrun for example_bash_operator to 2021-12-02 00:00:00+00:00
[2021-12-03 11:21:46,888] {processor.py:171} INFO - Processing /home/airflow/.local/lib/python3.7/site-packages/airflow/example_dags/example_bash_operator.py took 0.076 seconds
[2021-12-03 11:22:17,852] {processor.py:163} INFO - Started process (PID=421) to work on /home/airflow/.local/lib/python3.7/site-packages/airflow/example_dags/example_bash_operator.py
[2021-12-03 11:22:17,876] {processor.py:625} INFO - Processing file /home/airflow/.local/lib/python3.7/site-packages/airflow/example_dags/example_bash_operator.py for tasks to queue
[2021-12-03 11:22:17,877] {logging_mixin.py:109} INFO - [2021-12-03 11:22:17,877] {dagbag.py:500} INFO - Filling up the DagBag from /home/airflow/.local/lib/python3.7/site-packages/airflow/example_dags/example_bash_operator.py
[2021-12-03 11:22:18,022] {processor.py:637} INFO - DAG(s) dict_keys(['example_bash_operator']) retrieved from /home/airflow/.local/lib/python3.7/site-packages/airflow/example_dags/example_bash_operator.py
[2021-12-03 11:22:18,087] {logging_mixin.py:109} INFO - [2021-12-03 11:22:18,087] {dag.py:2396} INFO - Sync 1 DAGs
[2021-12-03 11:22:18,152] {logging_mixin.py:109} INFO - [2021-12-03 11:22:18,152] {dag.py:2928} INFO - Setting next_dagrun for example_bash_operator to 2021-12-02 00:00:00+00:00
[2021-12-03 11:22:18,165] {processor.py:171} INFO - Processing /home/airflow/.local/lib/python3.7/site-packages/airflow/example_dags/example_bash_operator.py took 0.316 seconds
[2021-12-03 11:22:49,026] {processor.py:163} INFO - Started process (PID=473) to work on /home/airflow/.local/lib/python3.7/site-packages/airflow/example_dags/example_bash_operator.py
[2021-12-03 11:22:49,028] {processor.py:625} INFO - Processing file /home/airflow/.local/lib/python3.7/site-packages/airflow/example_dags/example_bash_operator.py for tasks to queue
[2021-12-03 11:22:49,028] {logging_mixin.py:109} INFO - [2021-12-03 11:22:49,028] {dagbag.py:500} INFO - Filling up the DagBag from /home/airflow/.local/lib/python3.7/site-packages/airflow/example_dags/example_bash_operator.py
[2021-12-03 11:22:49,080] {processor.py:637} INFO - DAG(s) dict_keys(['example_bash_operator']) retrieved from /home/airflow/.local/lib/python3.7/site-packages/airflow/example_dags/example_bash_operator.py
[2021-12-03 11:22:49,091] {logging_mixin.py:109} INFO - [2021-12-03 11:22:49,091] {dag.py:2396} INFO - Sync 1 DAGs
[2021-12-03 11:22:49,113] {logging_mixin.py:109} INFO - [2021-12-03 11:22:49,112] {dag.py:2928} INFO - Setting next_dagrun for example_bash_operator to 2021-12-02 00:00:00+00:00
[2021-12-03 11:22:49,124] {processor.py:171} INFO - Processing /home/airflow/.local/lib/python3.7/site-packages/airflow/example_dags/example_bash_operator.py took 0.101 seconds
[2021-12-03 11:23:19,207] {processor.py:163} INFO - Started process (PID=528) to work on /home/airflow/.local/lib/python3.7/site-packages/airflow/example_dags/example_bash_operator.py
[2021-12-03 11:23:19,208] {processor.py:625} INFO - Processing file /home/airflow/.local/lib/python3.7/site-packages/airflow/example_dags/example_bash_operator.py for tasks to queue
[2021-12-03 11:23:19,209] {logging_mixin.py:109} INFO - [2021-12-03 11:23:19,209] {dagbag.py:500} INFO - Filling up the DagBag from /home/airflow/.local/lib/python3.7/site-packages/airflow/example_dags/example_bash_operator.py
[2021-12-03 11:23:19,241] {processor.py:637} INFO - DAG(s) dict_keys(['example_bash_operator']) retrieved from /home/airflow/.local/lib/python3.7/site-packages/airflow/example_dags/example_bash_operator.py
[2021-12-03 11:23:19,253] {logging_mixin.py:109} INFO - [2021-12-03 11:23:19,253] {dag.py:2396} INFO - Sync 1 DAGs
[2021-12-03 11:23:19,273] {logging_mixin.py:109} INFO - [2021-12-03 11:23:19,273] {dag.py:2928} INFO - Setting next_dagrun for example_bash_operator to 2021-12-02 00:00:00+00:00
[2021-12-03 11:23:19,283] {processor.py:171} INFO - Processing /home/airflow/.local/lib/python3.7/site-packages/airflow/example_dags/example_bash_operator.py took 0.079 seconds
[2021-12-03 11:23:49,541] {processor.py:163} INFO - Started process (PID=588) to work on /home/airflow/.local/lib/python3.7/site-packages/airflow/example_dags/example_bash_operator.py
[2021-12-03 11:23:49,542] {processor.py:625} INFO - Processing file /home/airflow/.local/lib/python3.7/site-packages/airflow/example_dags/example_bash_operator.py for tasks to queue
[2021-12-03 11:23:49,543] {logging_mixin.py:109} INFO - [2021-12-03 11:23:49,543] {dagbag.py:500} INFO - Filling up the DagBag from /home/airflow/.local/lib/python3.7/site-packages/airflow/example_dags/example_bash_operator.py
[2021-12-03 11:23:49,582] {processor.py:637} INFO - DAG(s) dict_keys(['example_bash_operator']) retrieved from /home/airflow/.local/lib/python3.7/site-packages/airflow/example_dags/example_bash_operator.py
[2021-12-03 11:23:49,597] {logging_mixin.py:109} INFO - [2021-12-03 11:23:49,597] {dag.py:2396} INFO - Sync 1 DAGs
[2021-12-03 11:23:49,623] {logging_mixin.py:109} INFO - [2021-12-03 11:23:49,623] {dag.py:2928} INFO - Setting next_dagrun for example_bash_operator to 2021-12-02 00:00:00+00:00
[2021-12-03 11:23:49,637] {processor.py:171} INFO - Processing /home/airflow/.local/lib/python3.7/site-packages/airflow/example_dags/example_bash_operator.py took 0.098 seconds
[2021-12-03 11:24:20,109] {processor.py:163} INFO - Started process (PID=639) to work on /home/airflow/.local/lib/python3.7/site-packages/airflow/example_dags/example_bash_operator.py
[2021-12-03 11:24:20,110] {processor.py:625} INFO - Processing file /home/airflow/.local/lib/python3.7/site-packages/airflow/example_dags/example_bash_operator.py for tasks to queue
[2021-12-03 11:24:20,111] {logging_mixin.py:109} INFO - [2021-12-03 11:24:20,111] {dagbag.py:500} INFO - Filling up the DagBag from /home/airflow/.local/lib/python3.7/site-packages/airflow/example_dags/example_bash_operator.py
[2021-12-03 11:24:20,145] {processor.py:637} INFO - DAG(s) dict_keys(['example_bash_operator']) retrieved from /home/airflow/.local/lib/python3.7/site-packages/airflow/example_dags/example_bash_operator.py
[2021-12-03 11:24:20,158] {logging_mixin.py:109} INFO - [2021-12-03 11:24:20,158] {dag.py:2396} INFO - Sync 1 DAGs
[2021-12-03 11:24:20,179] {logging_mixin.py:109} INFO - [2021-12-03 11:24:20,179] {dag.py:2928} INFO - Setting next_dagrun for example_bash_operator to 2021-12-02 00:00:00+00:00
[2021-12-03 11:24:20,190] {processor.py:171} INFO - Processing /home/airflow/.local/lib/python3.7/site-packages/airflow/example_dags/example_bash_operator.py took 0.085 seconds
[2021-12-03 11:24:50,625] {processor.py:163} INFO - Started process (PID=691) to work on /home/airflow/.local/lib/python3.7/site-packages/airflow/example_dags/example_bash_operator.py
[2021-12-03 11:24:50,626] {processor.py:625} INFO - Processing file /home/airflow/.local/lib/python3.7/site-packages/airflow/example_dags/example_bash_operator.py for tasks to queue
[2021-12-03 11:24:50,627] {logging_mixin.py:109} INFO - [2021-12-03 11:24:50,627] {dagbag.py:500} INFO - Filling up the DagBag from /home/airflow/.local/lib/python3.7/site-packages/airflow/example_dags/example_bash_operator.py
[2021-12-03 11:24:50,675] {processor.py:637} INFO - DAG(s) dict_keys(['example_bash_operator']) retrieved from /home/airflow/.local/lib/python3.7/site-packages/airflow/example_dags/example_bash_operator.py
[2021-12-03 11:24:50,691] {logging_mixin.py:109} INFO - [2021-12-03 11:24:50,691] {dag.py:2396} INFO - Sync 1 DAGs
[2021-12-03 11:24:50,714] {logging_mixin.py:109} INFO - [2021-12-03 11:24:50,714] {dag.py:2928} INFO - Setting next_dagrun for example_bash_operator to 2021-12-02 00:00:00+00:00
[2021-12-03 11:24:50,726] {processor.py:171} INFO - Processing /home/airflow/.local/lib/python3.7/site-packages/airflow/example_dags/example_bash_operator.py took 0.104 seconds
[2021-12-03 11:25:21,103] {processor.py:163} INFO - Started process (PID=753) to work on /home/airflow/.local/lib/python3.7/site-packages/airflow/example_dags/example_bash_operator.py
[2021-12-03 11:25:21,105] {processor.py:625} INFO - Processing file /home/airflow/.local/lib/python3.7/site-packages/airflow/example_dags/example_bash_operator.py for tasks to queue
[2021-12-03 11:25:21,105] {logging_mixin.py:109} INFO - [2021-12-03 11:25:21,105] {dagbag.py:500} INFO - Filling up the DagBag from /home/airflow/.local/lib/python3.7/site-packages/airflow/example_dags/example_bash_operator.py
[2021-12-03 11:25:21,151] {processor.py:637} INFO - DAG(s) dict_keys(['example_bash_operator']) retrieved from /home/airflow/.local/lib/python3.7/site-packages/airflow/example_dags/example_bash_operator.py
[2021-12-03 11:25:21,170] {logging_mixin.py:109} INFO - [2021-12-03 11:25:21,170] {dag.py:2396} INFO - Sync 1 DAGs
[2021-12-03 11:25:21,195] {logging_mixin.py:109} INFO - [2021-12-03 11:25:21,195] {dag.py:2928} INFO - Setting next_dagrun for example_bash_operator to 2021-12-02 00:00:00+00:00
[2021-12-03 11:25:21,209] {processor.py:171} INFO - Processing /home/airflow/.local/lib/python3.7/site-packages/airflow/example_dags/example_bash_operator.py took 0.109 seconds
[2021-12-03 11:25:51,262] {processor.py:163} INFO - Started process (PID=805) to work on /home/airflow/.local/lib/python3.7/site-packages/airflow/example_dags/example_bash_operator.py
[2021-12-03 11:25:51,263] {processor.py:625} INFO - Processing file /home/airflow/.local/lib/python3.7/site-packages/airflow/example_dags/example_bash_operator.py for tasks to queue
[2021-12-03 11:25:51,264] {logging_mixin.py:109} INFO - [2021-12-03 11:25:51,264] {dagbag.py:500} INFO - Filling up the DagBag from /home/airflow/.local/lib/python3.7/site-packages/airflow/example_dags/example_bash_operator.py
[2021-12-03 11:25:51,300] {processor.py:637} INFO - DAG(s) dict_keys(['example_bash_operator']) retrieved from /home/airflow/.local/lib/python3.7/site-packages/airflow/example_dags/example_bash_operator.py
[2021-12-03 11:25:51,313] {logging_mixin.py:109} INFO - [2021-12-03 11:25:51,313] {dag.py:2396} INFO - Sync 1 DAGs
[2021-12-03 11:25:51,332] {logging_mixin.py:109} INFO - [2021-12-03 11:25:51,332] {dag.py:2928} INFO - Setting next_dagrun for example_bash_operator to 2021-12-02 00:00:00+00:00
[2021-12-03 11:25:51,342] {processor.py:171} INFO - Processing /home/airflow/.local/lib/python3.7/site-packages/airflow/example_dags/example_bash_operator.py took 0.084 seconds
[2021-12-03 11:26:22,002] {processor.py:163} INFO - Started process (PID=856) to work on /home/airflow/.local/lib/python3.7/site-packages/airflow/example_dags/example_bash_operator.py
[2021-12-03 11:26:22,003] {processor.py:625} INFO - Processing file /home/airflow/.local/lib/python3.7/site-packages/airflow/example_dags/example_bash_operator.py for tasks to queue
[2021-12-03 11:26:22,003] {logging_mixin.py:109} INFO - [2021-12-03 11:26:22,003] {dagbag.py:500} INFO - Filling up the DagBag from /home/airflow/.local/lib/python3.7/site-packages/airflow/example_dags/example_bash_operator.py
[2021-12-03 11:26:22,039] {processor.py:637} INFO - DAG(s) dict_keys(['example_bash_operator']) retrieved from /home/airflow/.local/lib/python3.7/site-packages/airflow/example_dags/example_bash_operator.py
[2021-12-03 11:26:22,051] {logging_mixin.py:109} INFO - [2021-12-03 11:26:22,051] {dag.py:2396} INFO - Sync 1 DAGs
[2021-12-03 11:26:22,073] {logging_mixin.py:109} INFO - [2021-12-03 11:26:22,073] {dag.py:2928} INFO - Setting next_dagrun for example_bash_operator to 2021-12-02 00:00:00+00:00
[2021-12-03 11:26:22,084] {processor.py:171} INFO - Processing /home/airflow/.local/lib/python3.7/site-packages/airflow/example_dags/example_bash_operator.py took 0.085 seconds
[2021-12-03 11:26:52,296] {processor.py:163} INFO - Started process (PID=918) to work on /home/airflow/.local/lib/python3.7/site-packages/airflow/example_dags/example_bash_operator.py
[2021-12-03 11:26:52,297] {processor.py:625} INFO - Processing file /home/airflow/.local/lib/python3.7/site-packages/airflow/example_dags/example_bash_operator.py for tasks to queue
[2021-12-03 11:26:52,298] {logging_mixin.py:109} INFO - [2021-12-03 11:26:52,298] {dagbag.py:500} INFO - Filling up the DagBag from /home/airflow/.local/lib/python3.7/site-packages/airflow/example_dags/example_bash_operator.py
[2021-12-03 11:26:52,332] {processor.py:637} INFO - DAG(s) dict_keys(['example_bash_operator']) retrieved from /home/airflow/.local/lib/python3.7/site-packages/airflow/example_dags/example_bash_operator.py
[2021-12-03 11:26:52,348] {logging_mixin.py:109} INFO - [2021-12-03 11:26:52,347] {dag.py:2396} INFO - Sync 1 DAGs
[2021-12-03 11:26:52,373] {logging_mixin.py:109} INFO - [2021-12-03 11:26:52,373] {dag.py:2928} INFO - Setting next_dagrun for example_bash_operator to 2021-12-02 00:00:00+00:00
[2021-12-03 11:26:52,475] {processor.py:171} INFO - Processing /home/airflow/.local/lib/python3.7/site-packages/airflow/example_dags/example_bash_operator.py took 0.182 seconds
[2021-12-03 11:27:23,251] {processor.py:163} INFO - Started process (PID=969) to work on /home/airflow/.local/lib/python3.7/site-packages/airflow/example_dags/example_bash_operator.py
[2021-12-03 11:27:23,254] {processor.py:625} INFO - Processing file /home/airflow/.local/lib/python3.7/site-packages/airflow/example_dags/example_bash_operator.py for tasks to queue
[2021-12-03 11:27:23,256] {logging_mixin.py:109} INFO - [2021-12-03 11:27:23,255] {dagbag.py:500} INFO - Filling up the DagBag from /home/airflow/.local/lib/python3.7/site-packages/airflow/example_dags/example_bash_operator.py
[2021-12-03 11:27:23,303] {processor.py:637} INFO - DAG(s) dict_keys(['example_bash_operator']) retrieved from /home/airflow/.local/lib/python3.7/site-packages/airflow/example_dags/example_bash_operator.py
[2021-12-03 11:27:23,315] {logging_mixin.py:109} INFO - [2021-12-03 11:27:23,315] {dag.py:2396} INFO - Sync 1 DAGs
[2021-12-03 11:27:23,440] {logging_mixin.py:109} INFO - [2021-12-03 11:27:23,439] {dag.py:2928} INFO - Setting next_dagrun for example_bash_operator to 2021-12-02 00:00:00+00:00
[2021-12-03 11:27:23,449] {processor.py:171} INFO - Processing /home/airflow/.local/lib/python3.7/site-packages/airflow/example_dags/example_bash_operator.py took 0.280 seconds
[2021-12-03 11:27:53,858] {processor.py:163} INFO - Started process (PID=1021) to work on /home/airflow/.local/lib/python3.7/site-packages/airflow/example_dags/example_bash_operator.py
[2021-12-03 11:27:53,859] {processor.py:625} INFO - Processing file /home/airflow/.local/lib/python3.7/site-packages/airflow/example_dags/example_bash_operator.py for tasks to queue
[2021-12-03 11:27:53,860] {logging_mixin.py:109} INFO - [2021-12-03 11:27:53,860] {dagbag.py:500} INFO - Filling up the DagBag from /home/airflow/.local/lib/python3.7/site-packages/airflow/example_dags/example_bash_operator.py
[2021-12-03 11:27:53,894] {processor.py:637} INFO - DAG(s) dict_keys(['example_bash_operator']) retrieved from /home/airflow/.local/lib/python3.7/site-packages/airflow/example_dags/example_bash_operator.py
[2021-12-03 11:27:53,909] {logging_mixin.py:109} INFO - [2021-12-03 11:27:53,909] {dag.py:2396} INFO - Sync 1 DAGs
[2021-12-03 11:27:54,022] {logging_mixin.py:109} INFO - [2021-12-03 11:27:54,021] {dag.py:2928} INFO - Setting next_dagrun for example_bash_operator to 2021-12-02 00:00:00+00:00
[2021-12-03 11:27:54,032] {processor.py:171} INFO - Processing /home/airflow/.local/lib/python3.7/site-packages/airflow/example_dags/example_bash_operator.py took 0.177 seconds
[2021-12-03 11:28:24,145] {processor.py:163} INFO - Started process (PID=1081) to work on /home/airflow/.local/lib/python3.7/site-packages/airflow/example_dags/example_bash_operator.py
[2021-12-03 11:28:24,199] {processor.py:625} INFO - Processing file /home/airflow/.local/lib/python3.7/site-packages/airflow/example_dags/example_bash_operator.py for tasks to queue
[2021-12-03 11:28:24,200] {logging_mixin.py:109} INFO - [2021-12-03 11:28:24,200] {dagbag.py:500} INFO - Filling up the DagBag from /home/airflow/.local/lib/python3.7/site-packages/airflow/example_dags/example_bash_operator.py
[2021-12-03 11:28:24,305] {processor.py:637} INFO - DAG(s) dict_keys(['example_bash_operator']) retrieved from /home/airflow/.local/lib/python3.7/site-packages/airflow/example_dags/example_bash_operator.py
[2021-12-03 11:28:24,325] {logging_mixin.py:109} INFO - [2021-12-03 11:28:24,324] {dag.py:2396} INFO - Sync 1 DAGs
[2021-12-03 11:28:24,469] {logging_mixin.py:109} INFO - [2021-12-03 11:28:24,469] {dag.py:2928} INFO - Setting next_dagrun for example_bash_operator to 2021-12-02 00:00:00+00:00
[2021-12-03 11:28:24,480] {processor.py:171} INFO - Processing /home/airflow/.local/lib/python3.7/site-packages/airflow/example_dags/example_bash_operator.py took 0.338 seconds
[2021-12-03 11:28:54,605] {processor.py:163} INFO - Started process (PID=1132) to work on /home/airflow/.local/lib/python3.7/site-packages/airflow/example_dags/example_bash_operator.py
[2021-12-03 11:28:54,606] {processor.py:625} INFO - Processing file /home/airflow/.local/lib/python3.7/site-packages/airflow/example_dags/example_bash_operator.py for tasks to queue
[2021-12-03 11:28:54,607] {logging_mixin.py:109} INFO - [2021-12-03 11:28:54,607] {dagbag.py:500} INFO - Filling up the DagBag from /home/airflow/.local/lib/python3.7/site-packages/airflow/example_dags/example_bash_operator.py
[2021-12-03 11:28:54,645] {processor.py:637} INFO - DAG(s) dict_keys(['example_bash_operator']) retrieved from /home/airflow/.local/lib/python3.7/site-packages/airflow/example_dags/example_bash_operator.py
[2021-12-03 11:28:54,656] {logging_mixin.py:109} INFO - [2021-12-03 11:28:54,656] {dag.py:2396} INFO - Sync 1 DAGs
[2021-12-03 11:28:54,760] {logging_mixin.py:109} INFO - [2021-12-03 11:28:54,760] {dag.py:2928} INFO - Setting next_dagrun for example_bash_operator to 2021-12-02 00:00:00+00:00
[2021-12-03 11:28:54,769] {processor.py:171} INFO - Processing /home/airflow/.local/lib/python3.7/site-packages/airflow/example_dags/example_bash_operator.py took 0.168 seconds
[2021-12-03 11:29:24,812] {processor.py:163} INFO - Started process (PID=1195) to work on /home/airflow/.local/lib/python3.7/site-packages/airflow/example_dags/example_bash_operator.py
[2021-12-03 11:29:24,813] {processor.py:625} INFO - Processing file /home/airflow/.local/lib/python3.7/site-packages/airflow/example_dags/example_bash_operator.py for tasks to queue
[2021-12-03 11:29:24,814] {logging_mixin.py:109} INFO - [2021-12-03 11:29:24,814] {dagbag.py:500} INFO - Filling up the DagBag from /home/airflow/.local/lib/python3.7/site-packages/airflow/example_dags/example_bash_operator.py
[2021-12-03 11:29:24,840] {processor.py:637} INFO - DAG(s) dict_keys(['example_bash_operator']) retrieved from /home/airflow/.local/lib/python3.7/site-packages/airflow/example_dags/example_bash_operator.py
[2021-12-03 11:29:24,931] {logging_mixin.py:109} INFO - [2021-12-03 11:29:24,931] {dag.py:2396} INFO - Sync 1 DAGs
[2021-12-03 11:29:24,950] {logging_mixin.py:109} INFO - [2021-12-03 11:29:24,950] {dag.py:2928} INFO - Setting next_dagrun for example_bash_operator to 2021-12-02 00:00:00+00:00
[2021-12-03 11:29:24,960] {processor.py:171} INFO - Processing /home/airflow/.local/lib/python3.7/site-packages/airflow/example_dags/example_bash_operator.py took 0.150 seconds
[2021-12-03 11:30:51,841] {processor.py:163} INFO - Started process (PID=52) to work on /home/airflow/.local/lib/python3.7/site-packages/airflow/example_dags/example_bash_operator.py
[2021-12-03 11:30:51,858] {processor.py:625} INFO - Processing file /home/airflow/.local/lib/python3.7/site-packages/airflow/example_dags/example_bash_operator.py for tasks to queue
[2021-12-03 11:30:51,859] {logging_mixin.py:109} INFO - [2021-12-03 11:30:51,859] {dagbag.py:500} INFO - Filling up the DagBag from /home/airflow/.local/lib/python3.7/site-packages/airflow/example_dags/example_bash_operator.py
[2021-12-03 11:30:51,938] {processor.py:637} INFO - DAG(s) dict_keys(['example_bash_operator']) retrieved from /home/airflow/.local/lib/python3.7/site-packages/airflow/example_dags/example_bash_operator.py
[2021-12-03 11:30:51,964] {logging_mixin.py:109} INFO - [2021-12-03 11:30:51,964] {dag.py:2396} INFO - Sync 1 DAGs
[2021-12-03 11:30:52,006] {logging_mixin.py:109} INFO - [2021-12-03 11:30:52,006] {dag.py:2928} INFO - Setting next_dagrun for example_bash_operator to 2021-12-02 00:00:00+00:00
[2021-12-03 11:30:52,042] {processor.py:171} INFO - Processing /home/airflow/.local/lib/python3.7/site-packages/airflow/example_dags/example_bash_operator.py took 0.223 seconds
