[2021-12-03 11:21:29,639] {processor.py:163} INFO - Started process (PID=277) to work on /home/airflow/.local/lib/python3.7/site-packages/airflow/example_dags/example_latest_only_with_trigger.py
[2021-12-03 11:21:29,640] {processor.py:625} INFO - Processing file /home/airflow/.local/lib/python3.7/site-packages/airflow/example_dags/example_latest_only_with_trigger.py for tasks to queue
[2021-12-03 11:21:29,641] {logging_mixin.py:109} INFO - [2021-12-03 11:21:29,640] {dagbag.py:500} INFO - Filling up the DagBag from /home/airflow/.local/lib/python3.7/site-packages/airflow/example_dags/example_latest_only_with_trigger.py
[2021-12-03 11:21:29,669] {processor.py:637} INFO - DAG(s) dict_keys(['latest_only_with_trigger']) retrieved from /home/airflow/.local/lib/python3.7/site-packages/airflow/example_dags/example_latest_only_with_trigger.py
[2021-12-03 11:21:31,505] {logging_mixin.py:109} INFO - [2021-12-03 11:21:31,505] {providers_manager.py:156} WARNING - Exception when importing 'airflow.providers.google.leveldb.hooks.leveldb.LevelDBHook' from 'apache-airflow-providers-google' package: No module named 'plyvel'
[2021-12-03 11:21:31,873] {logging_mixin.py:109} INFO - [2021-12-03 11:21:31,873] {providers_manager.py:156} WARNING - Exception when importing 'airflow.providers.google.leveldb.hooks.leveldb.LevelDBHook' from 'apache-airflow-providers-google' package: No module named 'plyvel'
[2021-12-03 11:21:31,892] {logging_mixin.py:109} INFO - [2021-12-03 11:21:31,891] {manager.py:496} INFO - Created Permission View: can read on DAG:latest_only_with_trigger
[2021-12-03 11:21:31,901] {logging_mixin.py:109} INFO - [2021-12-03 11:21:31,901] {manager.py:496} INFO - Created Permission View: can edit on DAG:latest_only_with_trigger
[2021-12-03 11:21:31,902] {logging_mixin.py:109} INFO - [2021-12-03 11:21:31,902] {dag.py:2396} INFO - Sync 1 DAGs
[2021-12-03 11:21:31,911] {logging_mixin.py:109} INFO - [2021-12-03 11:21:31,911] {dag.py:2415} INFO - Creating ORM DAG for latest_only_with_trigger
[2021-12-03 11:21:31,920] {logging_mixin.py:109} INFO - [2021-12-03 11:21:31,920] {dag.py:2928} INFO - Setting next_dagrun for latest_only_with_trigger to 2021-12-03T07:21:31.920393+00:00
[2021-12-03 11:21:31,936] {processor.py:171} INFO - Processing /home/airflow/.local/lib/python3.7/site-packages/airflow/example_dags/example_latest_only_with_trigger.py took 2.300 seconds
[2021-12-03 11:22:02,207] {processor.py:163} INFO - Started process (PID=384) to work on /home/airflow/.local/lib/python3.7/site-packages/airflow/example_dags/example_latest_only_with_trigger.py
[2021-12-03 11:22:02,209] {processor.py:625} INFO - Processing file /home/airflow/.local/lib/python3.7/site-packages/airflow/example_dags/example_latest_only_with_trigger.py for tasks to queue
[2021-12-03 11:22:02,210] {logging_mixin.py:109} INFO - [2021-12-03 11:22:02,209] {dagbag.py:500} INFO - Filling up the DagBag from /home/airflow/.local/lib/python3.7/site-packages/airflow/example_dags/example_latest_only_with_trigger.py
[2021-12-03 11:22:02,231] {processor.py:637} INFO - DAG(s) dict_keys(['latest_only_with_trigger']) retrieved from /home/airflow/.local/lib/python3.7/site-packages/airflow/example_dags/example_latest_only_with_trigger.py
[2021-12-03 11:22:02,244] {logging_mixin.py:109} INFO - [2021-12-03 11:22:02,244] {dag.py:2396} INFO - Sync 1 DAGs
[2021-12-03 11:22:02,269] {logging_mixin.py:109} INFO - [2021-12-03 11:22:02,269] {dag.py:2928} INFO - Setting next_dagrun for latest_only_with_trigger to 2021-12-03T07:22:02.268826+00:00
[2021-12-03 11:22:02,286] {processor.py:171} INFO - Processing /home/airflow/.local/lib/python3.7/site-packages/airflow/example_dags/example_latest_only_with_trigger.py took 0.081 seconds
[2021-12-03 11:22:32,347] {processor.py:163} INFO - Started process (PID=445) to work on /home/airflow/.local/lib/python3.7/site-packages/airflow/example_dags/example_latest_only_with_trigger.py
[2021-12-03 11:22:32,348] {processor.py:625} INFO - Processing file /home/airflow/.local/lib/python3.7/site-packages/airflow/example_dags/example_latest_only_with_trigger.py for tasks to queue
[2021-12-03 11:22:32,348] {logging_mixin.py:109} INFO - [2021-12-03 11:22:32,348] {dagbag.py:500} INFO - Filling up the DagBag from /home/airflow/.local/lib/python3.7/site-packages/airflow/example_dags/example_latest_only_with_trigger.py
[2021-12-03 11:22:32,375] {processor.py:637} INFO - DAG(s) dict_keys(['latest_only_with_trigger']) retrieved from /home/airflow/.local/lib/python3.7/site-packages/airflow/example_dags/example_latest_only_with_trigger.py
[2021-12-03 11:22:32,387] {logging_mixin.py:109} INFO - [2021-12-03 11:22:32,387] {dag.py:2396} INFO - Sync 1 DAGs
[2021-12-03 11:22:32,406] {logging_mixin.py:109} INFO - [2021-12-03 11:22:32,405] {dag.py:2928} INFO - Setting next_dagrun for latest_only_with_trigger to 2021-12-03T07:22:32.405549+00:00
[2021-12-03 11:22:32,416] {processor.py:171} INFO - Processing /home/airflow/.local/lib/python3.7/site-packages/airflow/example_dags/example_latest_only_with_trigger.py took 0.072 seconds
[2021-12-03 11:23:02,539] {processor.py:163} INFO - Started process (PID=497) to work on /home/airflow/.local/lib/python3.7/site-packages/airflow/example_dags/example_latest_only_with_trigger.py
[2021-12-03 11:23:02,540] {processor.py:625} INFO - Processing file /home/airflow/.local/lib/python3.7/site-packages/airflow/example_dags/example_latest_only_with_trigger.py for tasks to queue
[2021-12-03 11:23:02,541] {logging_mixin.py:109} INFO - [2021-12-03 11:23:02,541] {dagbag.py:500} INFO - Filling up the DagBag from /home/airflow/.local/lib/python3.7/site-packages/airflow/example_dags/example_latest_only_with_trigger.py
[2021-12-03 11:23:02,570] {processor.py:637} INFO - DAG(s) dict_keys(['latest_only_with_trigger']) retrieved from /home/airflow/.local/lib/python3.7/site-packages/airflow/example_dags/example_latest_only_with_trigger.py
[2021-12-03 11:23:02,581] {logging_mixin.py:109} INFO - [2021-12-03 11:23:02,581] {dag.py:2396} INFO - Sync 1 DAGs
[2021-12-03 11:23:02,599] {logging_mixin.py:109} INFO - [2021-12-03 11:23:02,599] {dag.py:2928} INFO - Setting next_dagrun for latest_only_with_trigger to 2021-12-03T07:23:02.598977+00:00
[2021-12-03 11:23:02,609] {processor.py:171} INFO - Processing /home/airflow/.local/lib/python3.7/site-packages/airflow/example_dags/example_latest_only_with_trigger.py took 0.074 seconds
[2021-12-03 11:23:33,098] {processor.py:163} INFO - Started process (PID=551) to work on /home/airflow/.local/lib/python3.7/site-packages/airflow/example_dags/example_latest_only_with_trigger.py
[2021-12-03 11:23:33,099] {processor.py:625} INFO - Processing file /home/airflow/.local/lib/python3.7/site-packages/airflow/example_dags/example_latest_only_with_trigger.py for tasks to queue
[2021-12-03 11:23:33,100] {logging_mixin.py:109} INFO - [2021-12-03 11:23:33,100] {dagbag.py:500} INFO - Filling up the DagBag from /home/airflow/.local/lib/python3.7/site-packages/airflow/example_dags/example_latest_only_with_trigger.py
[2021-12-03 11:23:33,129] {processor.py:637} INFO - DAG(s) dict_keys(['latest_only_with_trigger']) retrieved from /home/airflow/.local/lib/python3.7/site-packages/airflow/example_dags/example_latest_only_with_trigger.py
[2021-12-03 11:23:33,143] {logging_mixin.py:109} INFO - [2021-12-03 11:23:33,143] {dag.py:2396} INFO - Sync 1 DAGs
[2021-12-03 11:23:33,165] {logging_mixin.py:109} INFO - [2021-12-03 11:23:33,165] {dag.py:2928} INFO - Setting next_dagrun for latest_only_with_trigger to 2021-12-03T07:23:33.165149+00:00
[2021-12-03 11:23:33,177] {processor.py:171} INFO - Processing /home/airflow/.local/lib/python3.7/site-packages/airflow/example_dags/example_latest_only_with_trigger.py took 0.081 seconds
[2021-12-03 11:24:03,783] {processor.py:163} INFO - Started process (PID=611) to work on /home/airflow/.local/lib/python3.7/site-packages/airflow/example_dags/example_latest_only_with_trigger.py
[2021-12-03 11:24:03,785] {processor.py:625} INFO - Processing file /home/airflow/.local/lib/python3.7/site-packages/airflow/example_dags/example_latest_only_with_trigger.py for tasks to queue
[2021-12-03 11:24:03,786] {logging_mixin.py:109} INFO - [2021-12-03 11:24:03,785] {dagbag.py:500} INFO - Filling up the DagBag from /home/airflow/.local/lib/python3.7/site-packages/airflow/example_dags/example_latest_only_with_trigger.py
[2021-12-03 11:24:03,827] {processor.py:637} INFO - DAG(s) dict_keys(['latest_only_with_trigger']) retrieved from /home/airflow/.local/lib/python3.7/site-packages/airflow/example_dags/example_latest_only_with_trigger.py
[2021-12-03 11:24:03,858] {logging_mixin.py:109} INFO - [2021-12-03 11:24:03,858] {dag.py:2396} INFO - Sync 1 DAGs
[2021-12-03 11:24:03,890] {logging_mixin.py:109} INFO - [2021-12-03 11:24:03,889] {dag.py:2928} INFO - Setting next_dagrun for latest_only_with_trigger to 2021-12-03T07:24:03.889548+00:00
[2021-12-03 11:24:03,919] {processor.py:171} INFO - Processing /home/airflow/.local/lib/python3.7/site-packages/airflow/example_dags/example_latest_only_with_trigger.py took 0.141 seconds
[2021-12-03 11:24:34,003] {processor.py:163} INFO - Started process (PID=662) to work on /home/airflow/.local/lib/python3.7/site-packages/airflow/example_dags/example_latest_only_with_trigger.py
[2021-12-03 11:24:34,004] {processor.py:625} INFO - Processing file /home/airflow/.local/lib/python3.7/site-packages/airflow/example_dags/example_latest_only_with_trigger.py for tasks to queue
[2021-12-03 11:24:34,005] {logging_mixin.py:109} INFO - [2021-12-03 11:24:34,005] {dagbag.py:500} INFO - Filling up the DagBag from /home/airflow/.local/lib/python3.7/site-packages/airflow/example_dags/example_latest_only_with_trigger.py
[2021-12-03 11:24:34,033] {processor.py:637} INFO - DAG(s) dict_keys(['latest_only_with_trigger']) retrieved from /home/airflow/.local/lib/python3.7/site-packages/airflow/example_dags/example_latest_only_with_trigger.py
[2021-12-03 11:24:34,046] {logging_mixin.py:109} INFO - [2021-12-03 11:24:34,046] {dag.py:2396} INFO - Sync 1 DAGs
[2021-12-03 11:24:34,065] {logging_mixin.py:109} INFO - [2021-12-03 11:24:34,064] {dag.py:2928} INFO - Setting next_dagrun for latest_only_with_trigger to 2021-12-03T07:24:34.064679+00:00
[2021-12-03 11:24:34,076] {processor.py:171} INFO - Processing /home/airflow/.local/lib/python3.7/site-packages/airflow/example_dags/example_latest_only_with_trigger.py took 0.076 seconds
[2021-12-03 11:25:04,483] {processor.py:163} INFO - Started process (PID=714) to work on /home/airflow/.local/lib/python3.7/site-packages/airflow/example_dags/example_latest_only_with_trigger.py
[2021-12-03 11:25:04,484] {processor.py:625} INFO - Processing file /home/airflow/.local/lib/python3.7/site-packages/airflow/example_dags/example_latest_only_with_trigger.py for tasks to queue
[2021-12-03 11:25:04,485] {logging_mixin.py:109} INFO - [2021-12-03 11:25:04,485] {dagbag.py:500} INFO - Filling up the DagBag from /home/airflow/.local/lib/python3.7/site-packages/airflow/example_dags/example_latest_only_with_trigger.py
[2021-12-03 11:25:04,512] {processor.py:637} INFO - DAG(s) dict_keys(['latest_only_with_trigger']) retrieved from /home/airflow/.local/lib/python3.7/site-packages/airflow/example_dags/example_latest_only_with_trigger.py
[2021-12-03 11:25:04,522] {logging_mixin.py:109} INFO - [2021-12-03 11:25:04,522] {dag.py:2396} INFO - Sync 1 DAGs
[2021-12-03 11:25:04,540] {logging_mixin.py:109} INFO - [2021-12-03 11:25:04,540] {dag.py:2928} INFO - Setting next_dagrun for latest_only_with_trigger to 2021-12-03T07:25:04.540192+00:00
[2021-12-03 11:25:04,549] {processor.py:171} INFO - Processing /home/airflow/.local/lib/python3.7/site-packages/airflow/example_dags/example_latest_only_with_trigger.py took 0.069 seconds
[2021-12-03 11:25:34,922] {processor.py:163} INFO - Started process (PID=777) to work on /home/airflow/.local/lib/python3.7/site-packages/airflow/example_dags/example_latest_only_with_trigger.py
[2021-12-03 11:25:34,924] {processor.py:625} INFO - Processing file /home/airflow/.local/lib/python3.7/site-packages/airflow/example_dags/example_latest_only_with_trigger.py for tasks to queue
[2021-12-03 11:25:34,925] {logging_mixin.py:109} INFO - [2021-12-03 11:25:34,924] {dagbag.py:500} INFO - Filling up the DagBag from /home/airflow/.local/lib/python3.7/site-packages/airflow/example_dags/example_latest_only_with_trigger.py
[2021-12-03 11:25:34,956] {processor.py:637} INFO - DAG(s) dict_keys(['latest_only_with_trigger']) retrieved from /home/airflow/.local/lib/python3.7/site-packages/airflow/example_dags/example_latest_only_with_trigger.py
[2021-12-03 11:25:34,970] {logging_mixin.py:109} INFO - [2021-12-03 11:25:34,970] {dag.py:2396} INFO - Sync 1 DAGs
[2021-12-03 11:25:34,993] {logging_mixin.py:109} INFO - [2021-12-03 11:25:34,993] {dag.py:2928} INFO - Setting next_dagrun for latest_only_with_trigger to 2021-12-03T07:25:34.993157+00:00
[2021-12-03 11:25:35,009] {processor.py:171} INFO - Processing /home/airflow/.local/lib/python3.7/site-packages/airflow/example_dags/example_latest_only_with_trigger.py took 0.090 seconds
[2021-12-03 11:26:05,733] {processor.py:163} INFO - Started process (PID=828) to work on /home/airflow/.local/lib/python3.7/site-packages/airflow/example_dags/example_latest_only_with_trigger.py
[2021-12-03 11:26:05,734] {processor.py:625} INFO - Processing file /home/airflow/.local/lib/python3.7/site-packages/airflow/example_dags/example_latest_only_with_trigger.py for tasks to queue
[2021-12-03 11:26:05,735] {logging_mixin.py:109} INFO - [2021-12-03 11:26:05,735] {dagbag.py:500} INFO - Filling up the DagBag from /home/airflow/.local/lib/python3.7/site-packages/airflow/example_dags/example_latest_only_with_trigger.py
[2021-12-03 11:26:05,766] {processor.py:637} INFO - DAG(s) dict_keys(['latest_only_with_trigger']) retrieved from /home/airflow/.local/lib/python3.7/site-packages/airflow/example_dags/example_latest_only_with_trigger.py
[2021-12-03 11:26:05,778] {logging_mixin.py:109} INFO - [2021-12-03 11:26:05,778] {dag.py:2396} INFO - Sync 1 DAGs
[2021-12-03 11:26:05,797] {logging_mixin.py:109} INFO - [2021-12-03 11:26:05,797] {dag.py:2928} INFO - Setting next_dagrun for latest_only_with_trigger to 2021-12-03T07:26:05.796941+00:00
[2021-12-03 11:26:05,809] {processor.py:171} INFO - Processing /home/airflow/.local/lib/python3.7/site-packages/airflow/example_dags/example_latest_only_with_trigger.py took 0.080 seconds
[2021-12-03 11:26:36,120] {processor.py:163} INFO - Started process (PID=879) to work on /home/airflow/.local/lib/python3.7/site-packages/airflow/example_dags/example_latest_only_with_trigger.py
[2021-12-03 11:26:36,122] {processor.py:625} INFO - Processing file /home/airflow/.local/lib/python3.7/site-packages/airflow/example_dags/example_latest_only_with_trigger.py for tasks to queue
[2021-12-03 11:26:36,122] {logging_mixin.py:109} INFO - [2021-12-03 11:26:36,122] {dagbag.py:500} INFO - Filling up the DagBag from /home/airflow/.local/lib/python3.7/site-packages/airflow/example_dags/example_latest_only_with_trigger.py
[2021-12-03 11:26:36,148] {processor.py:637} INFO - DAG(s) dict_keys(['latest_only_with_trigger']) retrieved from /home/airflow/.local/lib/python3.7/site-packages/airflow/example_dags/example_latest_only_with_trigger.py
[2021-12-03 11:26:36,159] {logging_mixin.py:109} INFO - [2021-12-03 11:26:36,159] {dag.py:2396} INFO - Sync 1 DAGs
[2021-12-03 11:26:36,179] {logging_mixin.py:109} INFO - [2021-12-03 11:26:36,179] {dag.py:2928} INFO - Setting next_dagrun for latest_only_with_trigger to 2021-12-03T07:26:36.179331+00:00
[2021-12-03 11:26:36,203] {processor.py:171} INFO - Processing /home/airflow/.local/lib/python3.7/site-packages/airflow/example_dags/example_latest_only_with_trigger.py took 0.085 seconds
[2021-12-03 11:27:06,363] {processor.py:163} INFO - Started process (PID=941) to work on /home/airflow/.local/lib/python3.7/site-packages/airflow/example_dags/example_latest_only_with_trigger.py
[2021-12-03 11:27:06,364] {processor.py:625} INFO - Processing file /home/airflow/.local/lib/python3.7/site-packages/airflow/example_dags/example_latest_only_with_trigger.py for tasks to queue
[2021-12-03 11:27:06,365] {logging_mixin.py:109} INFO - [2021-12-03 11:27:06,365] {dagbag.py:500} INFO - Filling up the DagBag from /home/airflow/.local/lib/python3.7/site-packages/airflow/example_dags/example_latest_only_with_trigger.py
[2021-12-03 11:27:06,394] {processor.py:637} INFO - DAG(s) dict_keys(['latest_only_with_trigger']) retrieved from /home/airflow/.local/lib/python3.7/site-packages/airflow/example_dags/example_latest_only_with_trigger.py
[2021-12-03 11:27:06,407] {logging_mixin.py:109} INFO - [2021-12-03 11:27:06,407] {dag.py:2396} INFO - Sync 1 DAGs
[2021-12-03 11:27:06,429] {logging_mixin.py:109} INFO - [2021-12-03 11:27:06,429] {dag.py:2928} INFO - Setting next_dagrun for latest_only_with_trigger to 2021-12-03T07:27:06.428632+00:00
[2021-12-03 11:27:06,539] {processor.py:171} INFO - Processing /home/airflow/.local/lib/python3.7/site-packages/airflow/example_dags/example_latest_only_with_trigger.py took 0.178 seconds
[2021-12-03 11:27:36,905] {processor.py:163} INFO - Started process (PID=992) to work on /home/airflow/.local/lib/python3.7/site-packages/airflow/example_dags/example_latest_only_with_trigger.py
[2021-12-03 11:27:36,906] {processor.py:625} INFO - Processing file /home/airflow/.local/lib/python3.7/site-packages/airflow/example_dags/example_latest_only_with_trigger.py for tasks to queue
[2021-12-03 11:27:36,907] {logging_mixin.py:109} INFO - [2021-12-03 11:27:36,907] {dagbag.py:500} INFO - Filling up the DagBag from /home/airflow/.local/lib/python3.7/site-packages/airflow/example_dags/example_latest_only_with_trigger.py
[2021-12-03 11:27:36,941] {processor.py:637} INFO - DAG(s) dict_keys(['latest_only_with_trigger']) retrieved from /home/airflow/.local/lib/python3.7/site-packages/airflow/example_dags/example_latest_only_with_trigger.py
[2021-12-03 11:27:36,956] {logging_mixin.py:109} INFO - [2021-12-03 11:27:36,956] {dag.py:2396} INFO - Sync 1 DAGs
[2021-12-03 11:27:36,975] {logging_mixin.py:109} INFO - [2021-12-03 11:27:36,975] {dag.py:2928} INFO - Setting next_dagrun for latest_only_with_trigger to 2021-12-03T07:27:36.974898+00:00
[2021-12-03 11:27:37,078] {processor.py:171} INFO - Processing /home/airflow/.local/lib/python3.7/site-packages/airflow/example_dags/example_latest_only_with_trigger.py took 0.177 seconds
[2021-12-03 11:28:07,364] {processor.py:163} INFO - Started process (PID=1044) to work on /home/airflow/.local/lib/python3.7/site-packages/airflow/example_dags/example_latest_only_with_trigger.py
[2021-12-03 11:28:07,365] {processor.py:625} INFO - Processing file /home/airflow/.local/lib/python3.7/site-packages/airflow/example_dags/example_latest_only_with_trigger.py for tasks to queue
[2021-12-03 11:28:07,366] {logging_mixin.py:109} INFO - [2021-12-03 11:28:07,366] {dagbag.py:500} INFO - Filling up the DagBag from /home/airflow/.local/lib/python3.7/site-packages/airflow/example_dags/example_latest_only_with_trigger.py
[2021-12-03 11:28:07,393] {processor.py:637} INFO - DAG(s) dict_keys(['latest_only_with_trigger']) retrieved from /home/airflow/.local/lib/python3.7/site-packages/airflow/example_dags/example_latest_only_with_trigger.py
[2021-12-03 11:28:07,406] {logging_mixin.py:109} INFO - [2021-12-03 11:28:07,406] {dag.py:2396} INFO - Sync 1 DAGs
[2021-12-03 11:28:07,515] {logging_mixin.py:109} INFO - [2021-12-03 11:28:07,515] {dag.py:2928} INFO - Setting next_dagrun for latest_only_with_trigger to 2021-12-03T07:28:07.515086+00:00
[2021-12-03 11:28:07,526] {processor.py:171} INFO - Processing /home/airflow/.local/lib/python3.7/site-packages/airflow/example_dags/example_latest_only_with_trigger.py took 0.165 seconds
[2021-12-03 11:28:37,712] {processor.py:163} INFO - Started process (PID=1104) to work on /home/airflow/.local/lib/python3.7/site-packages/airflow/example_dags/example_latest_only_with_trigger.py
[2021-12-03 11:28:37,713] {processor.py:625} INFO - Processing file /home/airflow/.local/lib/python3.7/site-packages/airflow/example_dags/example_latest_only_with_trigger.py for tasks to queue
[2021-12-03 11:28:37,714] {logging_mixin.py:109} INFO - [2021-12-03 11:28:37,714] {dagbag.py:500} INFO - Filling up the DagBag from /home/airflow/.local/lib/python3.7/site-packages/airflow/example_dags/example_latest_only_with_trigger.py
[2021-12-03 11:28:37,742] {processor.py:637} INFO - DAG(s) dict_keys(['latest_only_with_trigger']) retrieved from /home/airflow/.local/lib/python3.7/site-packages/airflow/example_dags/example_latest_only_with_trigger.py
[2021-12-03 11:28:37,755] {logging_mixin.py:109} INFO - [2021-12-03 11:28:37,754] {dag.py:2396} INFO - Sync 1 DAGs
[2021-12-03 11:28:37,864] {logging_mixin.py:109} INFO - [2021-12-03 11:28:37,863] {dag.py:2928} INFO - Setting next_dagrun for latest_only_with_trigger to 2021-12-03T07:28:37.863736+00:00
[2021-12-03 11:28:37,873] {processor.py:171} INFO - Processing /home/airflow/.local/lib/python3.7/site-packages/airflow/example_dags/example_latest_only_with_trigger.py took 0.165 seconds
[2021-12-03 11:29:07,984] {processor.py:163} INFO - Started process (PID=1156) to work on /home/airflow/.local/lib/python3.7/site-packages/airflow/example_dags/example_latest_only_with_trigger.py
[2021-12-03 11:29:07,985] {processor.py:625} INFO - Processing file /home/airflow/.local/lib/python3.7/site-packages/airflow/example_dags/example_latest_only_with_trigger.py for tasks to queue
[2021-12-03 11:29:07,986] {logging_mixin.py:109} INFO - [2021-12-03 11:29:07,986] {dagbag.py:500} INFO - Filling up the DagBag from /home/airflow/.local/lib/python3.7/site-packages/airflow/example_dags/example_latest_only_with_trigger.py
[2021-12-03 11:29:08,015] {processor.py:637} INFO - DAG(s) dict_keys(['latest_only_with_trigger']) retrieved from /home/airflow/.local/lib/python3.7/site-packages/airflow/example_dags/example_latest_only_with_trigger.py
[2021-12-03 11:29:08,025] {logging_mixin.py:109} INFO - [2021-12-03 11:29:08,025] {dag.py:2396} INFO - Sync 1 DAGs
[2021-12-03 11:29:08,132] {logging_mixin.py:109} INFO - [2021-12-03 11:29:08,132] {dag.py:2928} INFO - Setting next_dagrun for latest_only_with_trigger to 2021-12-03T07:29:08.132405+00:00
[2021-12-03 11:29:08,142] {processor.py:171} INFO - Processing /home/airflow/.local/lib/python3.7/site-packages/airflow/example_dags/example_latest_only_with_trigger.py took 0.162 seconds
[2021-12-03 11:30:53,880] {processor.py:163} INFO - Started process (PID=66) to work on /home/airflow/.local/lib/python3.7/site-packages/airflow/example_dags/example_latest_only_with_trigger.py
[2021-12-03 11:30:53,885] {processor.py:625} INFO - Processing file /home/airflow/.local/lib/python3.7/site-packages/airflow/example_dags/example_latest_only_with_trigger.py for tasks to queue
[2021-12-03 11:30:53,886] {logging_mixin.py:109} INFO - [2021-12-03 11:30:53,886] {dagbag.py:500} INFO - Filling up the DagBag from /home/airflow/.local/lib/python3.7/site-packages/airflow/example_dags/example_latest_only_with_trigger.py
[2021-12-03 11:30:53,941] {processor.py:637} INFO - DAG(s) dict_keys(['latest_only_with_trigger']) retrieved from /home/airflow/.local/lib/python3.7/site-packages/airflow/example_dags/example_latest_only_with_trigger.py
[2021-12-03 11:30:53,959] {logging_mixin.py:109} INFO - [2021-12-03 11:30:53,959] {dag.py:2396} INFO - Sync 1 DAGs
[2021-12-03 11:30:53,986] {logging_mixin.py:109} INFO - [2021-12-03 11:30:53,986] {dag.py:2928} INFO - Setting next_dagrun for latest_only_with_trigger to 2021-12-03T07:30:53.985904+00:00
[2021-12-03 11:30:53,997] {processor.py:171} INFO - Processing /home/airflow/.local/lib/python3.7/site-packages/airflow/example_dags/example_latest_only_with_trigger.py took 0.124 seconds
