[2021-12-03 11:21:08,608] {processor.py:163} INFO - Started process (PID=102) to work on /home/airflow/.local/lib/python3.7/site-packages/airflow/example_dags/example_skip_dag.py
[2021-12-03 11:21:08,609] {processor.py:625} INFO - Processing file /home/airflow/.local/lib/python3.7/site-packages/airflow/example_dags/example_skip_dag.py for tasks to queue
[2021-12-03 11:21:08,609] {logging_mixin.py:109} INFO - [2021-12-03 11:21:08,609] {dagbag.py:500} INFO - Filling up the DagBag from /home/airflow/.local/lib/python3.7/site-packages/airflow/example_dags/example_skip_dag.py
[2021-12-03 11:21:08,632] {processor.py:637} INFO - DAG(s) dict_keys(['example_skip_dag']) retrieved from /home/airflow/.local/lib/python3.7/site-packages/airflow/example_dags/example_skip_dag.py
[2021-12-03 11:21:10,517] {logging_mixin.py:109} INFO - [2021-12-03 11:21:10,517] {providers_manager.py:156} WARNING - Exception when importing 'airflow.providers.google.leveldb.hooks.leveldb.LevelDBHook' from 'apache-airflow-providers-google' package: No module named 'plyvel'
[2021-12-03 11:21:10,979] {logging_mixin.py:109} INFO - [2021-12-03 11:21:10,979] {providers_manager.py:156} WARNING - Exception when importing 'airflow.providers.google.leveldb.hooks.leveldb.LevelDBHook' from 'apache-airflow-providers-google' package: No module named 'plyvel'
[2021-12-03 11:21:11,006] {logging_mixin.py:109} INFO - [2021-12-03 11:21:11,006] {manager.py:496} INFO - Created Permission View: can read on DAG:example_skip_dag
[2021-12-03 11:21:11,017] {logging_mixin.py:109} INFO - [2021-12-03 11:21:11,017] {manager.py:496} INFO - Created Permission View: can edit on DAG:example_skip_dag
[2021-12-03 11:21:11,017] {logging_mixin.py:109} INFO - [2021-12-03 11:21:11,017] {dag.py:2396} INFO - Sync 1 DAGs
[2021-12-03 11:21:11,027] {logging_mixin.py:109} INFO - [2021-12-03 11:21:11,026] {dag.py:2415} INFO - Creating ORM DAG for example_skip_dag
[2021-12-03 11:21:11,039] {logging_mixin.py:109} INFO - [2021-12-03 11:21:11,039] {dag.py:2928} INFO - Setting next_dagrun for example_skip_dag to 2021-12-02T11:21:11.039087+00:00
[2021-12-03 11:21:11,059] {processor.py:171} INFO - Processing /home/airflow/.local/lib/python3.7/site-packages/airflow/example_dags/example_skip_dag.py took 2.454 seconds
[2021-12-03 11:21:41,712] {processor.py:163} INFO - Started process (PID=357) to work on /home/airflow/.local/lib/python3.7/site-packages/airflow/example_dags/example_skip_dag.py
[2021-12-03 11:21:41,713] {processor.py:625} INFO - Processing file /home/airflow/.local/lib/python3.7/site-packages/airflow/example_dags/example_skip_dag.py for tasks to queue
[2021-12-03 11:21:41,714] {logging_mixin.py:109} INFO - [2021-12-03 11:21:41,714] {dagbag.py:500} INFO - Filling up the DagBag from /home/airflow/.local/lib/python3.7/site-packages/airflow/example_dags/example_skip_dag.py
[2021-12-03 11:21:41,741] {processor.py:637} INFO - DAG(s) dict_keys(['example_skip_dag']) retrieved from /home/airflow/.local/lib/python3.7/site-packages/airflow/example_dags/example_skip_dag.py
[2021-12-03 11:21:41,752] {logging_mixin.py:109} INFO - [2021-12-03 11:21:41,752] {dag.py:2396} INFO - Sync 1 DAGs
[2021-12-03 11:21:41,769] {logging_mixin.py:109} INFO - [2021-12-03 11:21:41,769] {dag.py:2928} INFO - Setting next_dagrun for example_skip_dag to 2021-12-02T11:21:41.769086+00:00
[2021-12-03 11:21:41,779] {processor.py:171} INFO - Processing /home/airflow/.local/lib/python3.7/site-packages/airflow/example_dags/example_skip_dag.py took 0.071 seconds
[2021-12-03 11:22:12,602] {processor.py:163} INFO - Started process (PID=408) to work on /home/airflow/.local/lib/python3.7/site-packages/airflow/example_dags/example_skip_dag.py
[2021-12-03 11:22:12,603] {processor.py:625} INFO - Processing file /home/airflow/.local/lib/python3.7/site-packages/airflow/example_dags/example_skip_dag.py for tasks to queue
[2021-12-03 11:22:12,604] {logging_mixin.py:109} INFO - [2021-12-03 11:22:12,604] {dagbag.py:500} INFO - Filling up the DagBag from /home/airflow/.local/lib/python3.7/site-packages/airflow/example_dags/example_skip_dag.py
[2021-12-03 11:22:12,636] {processor.py:637} INFO - DAG(s) dict_keys(['example_skip_dag']) retrieved from /home/airflow/.local/lib/python3.7/site-packages/airflow/example_dags/example_skip_dag.py
[2021-12-03 11:22:12,650] {logging_mixin.py:109} INFO - [2021-12-03 11:22:12,650] {dag.py:2396} INFO - Sync 1 DAGs
[2021-12-03 11:22:12,666] {logging_mixin.py:109} INFO - [2021-12-03 11:22:12,666] {dag.py:2928} INFO - Setting next_dagrun for example_skip_dag to 2021-12-02T11:22:12.666381+00:00
[2021-12-03 11:22:12,676] {processor.py:171} INFO - Processing /home/airflow/.local/lib/python3.7/site-packages/airflow/example_dags/example_skip_dag.py took 0.077 seconds
[2021-12-03 11:22:42,806] {processor.py:163} INFO - Started process (PID=469) to work on /home/airflow/.local/lib/python3.7/site-packages/airflow/example_dags/example_skip_dag.py
[2021-12-03 11:22:42,807] {processor.py:625} INFO - Processing file /home/airflow/.local/lib/python3.7/site-packages/airflow/example_dags/example_skip_dag.py for tasks to queue
[2021-12-03 11:22:42,808] {logging_mixin.py:109} INFO - [2021-12-03 11:22:42,808] {dagbag.py:500} INFO - Filling up the DagBag from /home/airflow/.local/lib/python3.7/site-packages/airflow/example_dags/example_skip_dag.py
[2021-12-03 11:22:42,835] {processor.py:637} INFO - DAG(s) dict_keys(['example_skip_dag']) retrieved from /home/airflow/.local/lib/python3.7/site-packages/airflow/example_dags/example_skip_dag.py
[2021-12-03 11:22:42,846] {logging_mixin.py:109} INFO - [2021-12-03 11:22:42,846] {dag.py:2396} INFO - Sync 1 DAGs
[2021-12-03 11:22:42,865] {logging_mixin.py:109} INFO - [2021-12-03 11:22:42,865] {dag.py:2928} INFO - Setting next_dagrun for example_skip_dag to 2021-12-02T11:22:42.864581+00:00
[2021-12-03 11:22:42,877] {processor.py:171} INFO - Processing /home/airflow/.local/lib/python3.7/site-packages/airflow/example_dags/example_skip_dag.py took 0.074 seconds
[2021-12-03 11:23:13,003] {processor.py:163} INFO - Started process (PID=524) to work on /home/airflow/.local/lib/python3.7/site-packages/airflow/example_dags/example_skip_dag.py
[2021-12-03 11:23:13,005] {processor.py:625} INFO - Processing file /home/airflow/.local/lib/python3.7/site-packages/airflow/example_dags/example_skip_dag.py for tasks to queue
[2021-12-03 11:23:13,006] {logging_mixin.py:109} INFO - [2021-12-03 11:23:13,006] {dagbag.py:500} INFO - Filling up the DagBag from /home/airflow/.local/lib/python3.7/site-packages/airflow/example_dags/example_skip_dag.py
[2021-12-03 11:23:13,035] {processor.py:637} INFO - DAG(s) dict_keys(['example_skip_dag']) retrieved from /home/airflow/.local/lib/python3.7/site-packages/airflow/example_dags/example_skip_dag.py
[2021-12-03 11:23:13,051] {logging_mixin.py:109} INFO - [2021-12-03 11:23:13,050] {dag.py:2396} INFO - Sync 1 DAGs
[2021-12-03 11:23:13,073] {logging_mixin.py:109} INFO - [2021-12-03 11:23:13,073] {dag.py:2928} INFO - Setting next_dagrun for example_skip_dag to 2021-12-02T11:23:13.073294+00:00
[2021-12-03 11:23:13,084] {processor.py:171} INFO - Processing /home/airflow/.local/lib/python3.7/site-packages/airflow/example_dags/example_skip_dag.py took 0.084 seconds
[2021-12-03 11:23:43,334] {processor.py:163} INFO - Started process (PID=575) to work on /home/airflow/.local/lib/python3.7/site-packages/airflow/example_dags/example_skip_dag.py
[2021-12-03 11:23:43,336] {processor.py:625} INFO - Processing file /home/airflow/.local/lib/python3.7/site-packages/airflow/example_dags/example_skip_dag.py for tasks to queue
[2021-12-03 11:23:43,337] {logging_mixin.py:109} INFO - [2021-12-03 11:23:43,336] {dagbag.py:500} INFO - Filling up the DagBag from /home/airflow/.local/lib/python3.7/site-packages/airflow/example_dags/example_skip_dag.py
[2021-12-03 11:23:43,369] {processor.py:637} INFO - DAG(s) dict_keys(['example_skip_dag']) retrieved from /home/airflow/.local/lib/python3.7/site-packages/airflow/example_dags/example_skip_dag.py
[2021-12-03 11:23:43,383] {logging_mixin.py:109} INFO - [2021-12-03 11:23:43,383] {dag.py:2396} INFO - Sync 1 DAGs
[2021-12-03 11:23:43,404] {logging_mixin.py:109} INFO - [2021-12-03 11:23:43,404] {dag.py:2928} INFO - Setting next_dagrun for example_skip_dag to 2021-12-02T11:23:43.404341+00:00
[2021-12-03 11:23:43,416] {processor.py:171} INFO - Processing /home/airflow/.local/lib/python3.7/site-packages/airflow/example_dags/example_skip_dag.py took 0.085 seconds
[2021-12-03 11:24:13,854] {processor.py:163} INFO - Started process (PID=626) to work on /home/airflow/.local/lib/python3.7/site-packages/airflow/example_dags/example_skip_dag.py
[2021-12-03 11:24:13,855] {processor.py:625} INFO - Processing file /home/airflow/.local/lib/python3.7/site-packages/airflow/example_dags/example_skip_dag.py for tasks to queue
[2021-12-03 11:24:13,856] {logging_mixin.py:109} INFO - [2021-12-03 11:24:13,856] {dagbag.py:500} INFO - Filling up the DagBag from /home/airflow/.local/lib/python3.7/site-packages/airflow/example_dags/example_skip_dag.py
[2021-12-03 11:24:13,887] {processor.py:637} INFO - DAG(s) dict_keys(['example_skip_dag']) retrieved from /home/airflow/.local/lib/python3.7/site-packages/airflow/example_dags/example_skip_dag.py
[2021-12-03 11:24:13,900] {logging_mixin.py:109} INFO - [2021-12-03 11:24:13,900] {dag.py:2396} INFO - Sync 1 DAGs
[2021-12-03 11:24:13,921] {logging_mixin.py:109} INFO - [2021-12-03 11:24:13,920] {dag.py:2928} INFO - Setting next_dagrun for example_skip_dag to 2021-12-02T11:24:13.920651+00:00
[2021-12-03 11:24:13,931] {processor.py:171} INFO - Processing /home/airflow/.local/lib/python3.7/site-packages/airflow/example_dags/example_skip_dag.py took 0.081 seconds
[2021-12-03 11:24:44,398] {processor.py:163} INFO - Started process (PID=687) to work on /home/airflow/.local/lib/python3.7/site-packages/airflow/example_dags/example_skip_dag.py
[2021-12-03 11:24:44,399] {processor.py:625} INFO - Processing file /home/airflow/.local/lib/python3.7/site-packages/airflow/example_dags/example_skip_dag.py for tasks to queue
[2021-12-03 11:24:44,399] {logging_mixin.py:109} INFO - [2021-12-03 11:24:44,399] {dagbag.py:500} INFO - Filling up the DagBag from /home/airflow/.local/lib/python3.7/site-packages/airflow/example_dags/example_skip_dag.py
[2021-12-03 11:24:44,430] {processor.py:637} INFO - DAG(s) dict_keys(['example_skip_dag']) retrieved from /home/airflow/.local/lib/python3.7/site-packages/airflow/example_dags/example_skip_dag.py
[2021-12-03 11:24:44,444] {logging_mixin.py:109} INFO - [2021-12-03 11:24:44,444] {dag.py:2396} INFO - Sync 1 DAGs
[2021-12-03 11:24:44,469] {logging_mixin.py:109} INFO - [2021-12-03 11:24:44,469] {dag.py:2928} INFO - Setting next_dagrun for example_skip_dag to 2021-12-02T11:24:44.468681+00:00
[2021-12-03 11:24:44,482] {processor.py:171} INFO - Processing /home/airflow/.local/lib/python3.7/site-packages/airflow/example_dags/example_skip_dag.py took 0.087 seconds
[2021-12-03 11:25:14,860] {processor.py:163} INFO - Started process (PID=739) to work on /home/airflow/.local/lib/python3.7/site-packages/airflow/example_dags/example_skip_dag.py
[2021-12-03 11:25:14,861] {processor.py:625} INFO - Processing file /home/airflow/.local/lib/python3.7/site-packages/airflow/example_dags/example_skip_dag.py for tasks to queue
[2021-12-03 11:25:14,862] {logging_mixin.py:109} INFO - [2021-12-03 11:25:14,862] {dagbag.py:500} INFO - Filling up the DagBag from /home/airflow/.local/lib/python3.7/site-packages/airflow/example_dags/example_skip_dag.py
[2021-12-03 11:25:14,900] {processor.py:637} INFO - DAG(s) dict_keys(['example_skip_dag']) retrieved from /home/airflow/.local/lib/python3.7/site-packages/airflow/example_dags/example_skip_dag.py
[2021-12-03 11:25:14,921] {logging_mixin.py:109} INFO - [2021-12-03 11:25:14,921] {dag.py:2396} INFO - Sync 1 DAGs
[2021-12-03 11:25:14,942] {logging_mixin.py:109} INFO - [2021-12-03 11:25:14,941] {dag.py:2928} INFO - Setting next_dagrun for example_skip_dag to 2021-12-02T11:25:14.941494+00:00
[2021-12-03 11:25:14,958] {processor.py:171} INFO - Processing /home/airflow/.local/lib/python3.7/site-packages/airflow/example_dags/example_skip_dag.py took 0.102 seconds
[2021-12-03 11:25:45,035] {processor.py:163} INFO - Started process (PID=792) to work on /home/airflow/.local/lib/python3.7/site-packages/airflow/example_dags/example_skip_dag.py
[2021-12-03 11:25:45,036] {processor.py:625} INFO - Processing file /home/airflow/.local/lib/python3.7/site-packages/airflow/example_dags/example_skip_dag.py for tasks to queue
[2021-12-03 11:25:45,037] {logging_mixin.py:109} INFO - [2021-12-03 11:25:45,037] {dagbag.py:500} INFO - Filling up the DagBag from /home/airflow/.local/lib/python3.7/site-packages/airflow/example_dags/example_skip_dag.py
[2021-12-03 11:25:45,071] {processor.py:637} INFO - DAG(s) dict_keys(['example_skip_dag']) retrieved from /home/airflow/.local/lib/python3.7/site-packages/airflow/example_dags/example_skip_dag.py
[2021-12-03 11:25:45,084] {logging_mixin.py:109} INFO - [2021-12-03 11:25:45,083] {dag.py:2396} INFO - Sync 1 DAGs
[2021-12-03 11:25:45,104] {logging_mixin.py:109} INFO - [2021-12-03 11:25:45,104] {dag.py:2928} INFO - Setting next_dagrun for example_skip_dag to 2021-12-02T11:25:45.103940+00:00
[2021-12-03 11:25:45,116] {processor.py:171} INFO - Processing /home/airflow/.local/lib/python3.7/site-packages/airflow/example_dags/example_skip_dag.py took 0.085 seconds
[2021-12-03 11:26:15,774] {processor.py:163} INFO - Started process (PID=852) to work on /home/airflow/.local/lib/python3.7/site-packages/airflow/example_dags/example_skip_dag.py
[2021-12-03 11:26:15,775] {processor.py:625} INFO - Processing file /home/airflow/.local/lib/python3.7/site-packages/airflow/example_dags/example_skip_dag.py for tasks to queue
[2021-12-03 11:26:15,775] {logging_mixin.py:109} INFO - [2021-12-03 11:26:15,775] {dagbag.py:500} INFO - Filling up the DagBag from /home/airflow/.local/lib/python3.7/site-packages/airflow/example_dags/example_skip_dag.py
[2021-12-03 11:26:15,805] {processor.py:637} INFO - DAG(s) dict_keys(['example_skip_dag']) retrieved from /home/airflow/.local/lib/python3.7/site-packages/airflow/example_dags/example_skip_dag.py
[2021-12-03 11:26:15,819] {logging_mixin.py:109} INFO - [2021-12-03 11:26:15,819] {dag.py:2396} INFO - Sync 1 DAGs
[2021-12-03 11:26:15,840] {logging_mixin.py:109} INFO - [2021-12-03 11:26:15,840] {dag.py:2928} INFO - Setting next_dagrun for example_skip_dag to 2021-12-02T11:26:15.840403+00:00
[2021-12-03 11:26:15,854] {processor.py:171} INFO - Processing /home/airflow/.local/lib/python3.7/site-packages/airflow/example_dags/example_skip_dag.py took 0.084 seconds
[2021-12-03 11:26:46,177] {processor.py:163} INFO - Started process (PID=903) to work on /home/airflow/.local/lib/python3.7/site-packages/airflow/example_dags/example_skip_dag.py
[2021-12-03 11:26:46,178] {processor.py:625} INFO - Processing file /home/airflow/.local/lib/python3.7/site-packages/airflow/example_dags/example_skip_dag.py for tasks to queue
[2021-12-03 11:26:46,179] {logging_mixin.py:109} INFO - [2021-12-03 11:26:46,179] {dagbag.py:500} INFO - Filling up the DagBag from /home/airflow/.local/lib/python3.7/site-packages/airflow/example_dags/example_skip_dag.py
[2021-12-03 11:26:46,206] {processor.py:637} INFO - DAG(s) dict_keys(['example_skip_dag']) retrieved from /home/airflow/.local/lib/python3.7/site-packages/airflow/example_dags/example_skip_dag.py
[2021-12-03 11:26:46,221] {logging_mixin.py:109} INFO - [2021-12-03 11:26:46,221] {dag.py:2396} INFO - Sync 1 DAGs
[2021-12-03 11:26:46,245] {logging_mixin.py:109} INFO - [2021-12-03 11:26:46,244] {dag.py:2928} INFO - Setting next_dagrun for example_skip_dag to 2021-12-02T11:26:46.244532+00:00
[2021-12-03 11:26:46,255] {processor.py:171} INFO - Processing /home/airflow/.local/lib/python3.7/site-packages/airflow/example_dags/example_skip_dag.py took 0.081 seconds
[2021-12-03 11:27:16,725] {processor.py:163} INFO - Started process (PID=965) to work on /home/airflow/.local/lib/python3.7/site-packages/airflow/example_dags/example_skip_dag.py
[2021-12-03 11:27:16,726] {processor.py:625} INFO - Processing file /home/airflow/.local/lib/python3.7/site-packages/airflow/example_dags/example_skip_dag.py for tasks to queue
[2021-12-03 11:27:16,726] {logging_mixin.py:109} INFO - [2021-12-03 11:27:16,726] {dagbag.py:500} INFO - Filling up the DagBag from /home/airflow/.local/lib/python3.7/site-packages/airflow/example_dags/example_skip_dag.py
[2021-12-03 11:27:16,753] {processor.py:637} INFO - DAG(s) dict_keys(['example_skip_dag']) retrieved from /home/airflow/.local/lib/python3.7/site-packages/airflow/example_dags/example_skip_dag.py
[2021-12-03 11:27:16,765] {logging_mixin.py:109} INFO - [2021-12-03 11:27:16,765] {dag.py:2396} INFO - Sync 1 DAGs
[2021-12-03 11:27:16,783] {logging_mixin.py:109} INFO - [2021-12-03 11:27:16,783] {dag.py:2928} INFO - Setting next_dagrun for example_skip_dag to 2021-12-02T11:27:16.782734+00:00
[2021-12-03 11:27:16,793] {processor.py:171} INFO - Processing /home/airflow/.local/lib/python3.7/site-packages/airflow/example_dags/example_skip_dag.py took 0.071 seconds
[2021-12-03 11:27:47,295] {processor.py:163} INFO - Started process (PID=1017) to work on /home/airflow/.local/lib/python3.7/site-packages/airflow/example_dags/example_skip_dag.py
[2021-12-03 11:27:47,296] {processor.py:625} INFO - Processing file /home/airflow/.local/lib/python3.7/site-packages/airflow/example_dags/example_skip_dag.py for tasks to queue
[2021-12-03 11:27:47,297] {logging_mixin.py:109} INFO - [2021-12-03 11:27:47,297] {dagbag.py:500} INFO - Filling up the DagBag from /home/airflow/.local/lib/python3.7/site-packages/airflow/example_dags/example_skip_dag.py
[2021-12-03 11:27:47,324] {processor.py:637} INFO - DAG(s) dict_keys(['example_skip_dag']) retrieved from /home/airflow/.local/lib/python3.7/site-packages/airflow/example_dags/example_skip_dag.py
[2021-12-03 11:27:47,338] {logging_mixin.py:109} INFO - [2021-12-03 11:27:47,338] {dag.py:2396} INFO - Sync 1 DAGs
[2021-12-03 11:27:47,363] {logging_mixin.py:109} INFO - [2021-12-03 11:27:47,363] {dag.py:2928} INFO - Setting next_dagrun for example_skip_dag to 2021-12-02T11:27:47.363184+00:00
[2021-12-03 11:27:47,592] {processor.py:171} INFO - Processing /home/airflow/.local/lib/python3.7/site-packages/airflow/example_dags/example_skip_dag.py took 0.300 seconds
[2021-12-03 11:28:17,743] {processor.py:163} INFO - Started process (PID=1068) to work on /home/airflow/.local/lib/python3.7/site-packages/airflow/example_dags/example_skip_dag.py
[2021-12-03 11:28:17,744] {processor.py:625} INFO - Processing file /home/airflow/.local/lib/python3.7/site-packages/airflow/example_dags/example_skip_dag.py for tasks to queue
[2021-12-03 11:28:17,745] {logging_mixin.py:109} INFO - [2021-12-03 11:28:17,744] {dagbag.py:500} INFO - Filling up the DagBag from /home/airflow/.local/lib/python3.7/site-packages/airflow/example_dags/example_skip_dag.py
[2021-12-03 11:28:17,772] {processor.py:637} INFO - DAG(s) dict_keys(['example_skip_dag']) retrieved from /home/airflow/.local/lib/python3.7/site-packages/airflow/example_dags/example_skip_dag.py
[2021-12-03 11:28:17,785] {logging_mixin.py:109} INFO - [2021-12-03 11:28:17,785] {dag.py:2396} INFO - Sync 1 DAGs
[2021-12-03 11:28:17,895] {logging_mixin.py:109} INFO - [2021-12-03 11:28:17,895] {dag.py:2928} INFO - Setting next_dagrun for example_skip_dag to 2021-12-02T11:28:17.894838+00:00
[2021-12-03 11:28:17,908] {processor.py:171} INFO - Processing /home/airflow/.local/lib/python3.7/site-packages/airflow/example_dags/example_skip_dag.py took 0.169 seconds
[2021-12-03 11:28:48,148] {processor.py:163} INFO - Started process (PID=1128) to work on /home/airflow/.local/lib/python3.7/site-packages/airflow/example_dags/example_skip_dag.py
[2021-12-03 11:28:48,150] {processor.py:625} INFO - Processing file /home/airflow/.local/lib/python3.7/site-packages/airflow/example_dags/example_skip_dag.py for tasks to queue
[2021-12-03 11:28:48,151] {logging_mixin.py:109} INFO - [2021-12-03 11:28:48,150] {dagbag.py:500} INFO - Filling up the DagBag from /home/airflow/.local/lib/python3.7/site-packages/airflow/example_dags/example_skip_dag.py
[2021-12-03 11:28:48,182] {processor.py:637} INFO - DAG(s) dict_keys(['example_skip_dag']) retrieved from /home/airflow/.local/lib/python3.7/site-packages/airflow/example_dags/example_skip_dag.py
[2021-12-03 11:28:48,196] {logging_mixin.py:109} INFO - [2021-12-03 11:28:48,196] {dag.py:2396} INFO - Sync 1 DAGs
[2021-12-03 11:28:48,301] {logging_mixin.py:109} INFO - [2021-12-03 11:28:48,301] {dag.py:2928} INFO - Setting next_dagrun for example_skip_dag to 2021-12-02T11:28:48.301392+00:00
[2021-12-03 11:28:48,311] {processor.py:171} INFO - Processing /home/airflow/.local/lib/python3.7/site-packages/airflow/example_dags/example_skip_dag.py took 0.166 seconds
[2021-12-03 11:29:18,603] {processor.py:163} INFO - Started process (PID=1182) to work on /home/airflow/.local/lib/python3.7/site-packages/airflow/example_dags/example_skip_dag.py
[2021-12-03 11:29:18,604] {processor.py:625} INFO - Processing file /home/airflow/.local/lib/python3.7/site-packages/airflow/example_dags/example_skip_dag.py for tasks to queue
[2021-12-03 11:29:18,604] {logging_mixin.py:109} INFO - [2021-12-03 11:29:18,604] {dagbag.py:500} INFO - Filling up the DagBag from /home/airflow/.local/lib/python3.7/site-packages/airflow/example_dags/example_skip_dag.py
[2021-12-03 11:29:18,632] {processor.py:637} INFO - DAG(s) dict_keys(['example_skip_dag']) retrieved from /home/airflow/.local/lib/python3.7/site-packages/airflow/example_dags/example_skip_dag.py
[2021-12-03 11:29:18,645] {logging_mixin.py:109} INFO - [2021-12-03 11:29:18,644] {dag.py:2396} INFO - Sync 1 DAGs
[2021-12-03 11:29:18,756] {logging_mixin.py:109} INFO - [2021-12-03 11:29:18,756] {dag.py:2928} INFO - Setting next_dagrun for example_skip_dag to 2021-12-02T11:29:18.756136+00:00
[2021-12-03 11:29:18,767] {processor.py:171} INFO - Processing /home/airflow/.local/lib/python3.7/site-packages/airflow/example_dags/example_skip_dag.py took 0.167 seconds
[2021-12-03 11:30:51,422] {processor.py:163} INFO - Started process (PID=48) to work on /home/airflow/.local/lib/python3.7/site-packages/airflow/example_dags/example_skip_dag.py
[2021-12-03 11:30:51,435] {processor.py:625} INFO - Processing file /home/airflow/.local/lib/python3.7/site-packages/airflow/example_dags/example_skip_dag.py for tasks to queue
[2021-12-03 11:30:51,436] {logging_mixin.py:109} INFO - [2021-12-03 11:30:51,436] {dagbag.py:500} INFO - Filling up the DagBag from /home/airflow/.local/lib/python3.7/site-packages/airflow/example_dags/example_skip_dag.py
[2021-12-03 11:30:51,501] {processor.py:637} INFO - DAG(s) dict_keys(['example_skip_dag']) retrieved from /home/airflow/.local/lib/python3.7/site-packages/airflow/example_dags/example_skip_dag.py
[2021-12-03 11:30:51,518] {logging_mixin.py:109} INFO - [2021-12-03 11:30:51,518] {dag.py:2396} INFO - Sync 1 DAGs
[2021-12-03 11:30:51,544] {logging_mixin.py:109} INFO - [2021-12-03 11:30:51,544] {dag.py:2928} INFO - Setting next_dagrun for example_skip_dag to 2021-12-02T11:30:51.543898+00:00
[2021-12-03 11:30:51,560] {processor.py:171} INFO - Processing /home/airflow/.local/lib/python3.7/site-packages/airflow/example_dags/example_skip_dag.py took 0.142 seconds
