[2021-12-03 11:21:19,139] {processor.py:163} INFO - Started process (PID=174) to work on /home/airflow/.local/lib/python3.7/site-packages/airflow/example_dags/example_subdag_operator.py
[2021-12-03 11:21:19,140] {processor.py:625} INFO - Processing file /home/airflow/.local/lib/python3.7/site-packages/airflow/example_dags/example_subdag_operator.py for tasks to queue
[2021-12-03 11:21:19,140] {logging_mixin.py:109} INFO - [2021-12-03 11:21:19,140] {dagbag.py:500} INFO - Filling up the DagBag from /home/airflow/.local/lib/python3.7/site-packages/airflow/example_dags/example_subdag_operator.py
[2021-12-03 11:21:19,174] {processor.py:637} INFO - DAG(s) dict_keys(['example_subdag_operator.section-1', 'example_subdag_operator.section-2', 'example_subdag_operator']) retrieved from /home/airflow/.local/lib/python3.7/site-packages/airflow/example_dags/example_subdag_operator.py
[2021-12-03 11:21:20,460] {logging_mixin.py:109} INFO - [2021-12-03 11:21:20,460] {providers_manager.py:156} WARNING - Exception when importing 'airflow.providers.google.leveldb.hooks.leveldb.LevelDBHook' from 'apache-airflow-providers-google' package: No module named 'plyvel'
[2021-12-03 11:21:20,782] {logging_mixin.py:109} INFO - [2021-12-03 11:21:20,782] {providers_manager.py:156} WARNING - Exception when importing 'airflow.providers.google.leveldb.hooks.leveldb.LevelDBHook' from 'apache-airflow-providers-google' package: No module named 'plyvel'
[2021-12-03 11:21:20,803] {logging_mixin.py:109} INFO - [2021-12-03 11:21:20,803] {manager.py:496} INFO - Created Permission View: can read on DAG:example_subdag_operator
[2021-12-03 11:21:20,811] {logging_mixin.py:109} INFO - [2021-12-03 11:21:20,811] {manager.py:496} INFO - Created Permission View: can edit on DAG:example_subdag_operator
[2021-12-03 11:21:20,811] {logging_mixin.py:109} INFO - [2021-12-03 11:21:20,811] {dag.py:2396} INFO - Sync 3 DAGs
[2021-12-03 11:21:20,821] {logging_mixin.py:109} INFO - [2021-12-03 11:21:20,821] {dag.py:2415} INFO - Creating ORM DAG for example_subdag_operator.section-2
[2021-12-03 11:21:20,821] {logging_mixin.py:109} INFO - [2021-12-03 11:21:20,821] {dag.py:2415} INFO - Creating ORM DAG for example_subdag_operator
[2021-12-03 11:21:20,822] {logging_mixin.py:109} INFO - [2021-12-03 11:21:20,822] {dag.py:2415} INFO - Creating ORM DAG for example_subdag_operator.section-1
[2021-12-03 11:21:20,831] {logging_mixin.py:109} INFO - [2021-12-03 11:21:20,830] {dag.py:2928} INFO - Setting next_dagrun for example_subdag_operator to 2021-12-01T00:00:00+00:00
[2021-12-03 11:21:20,831] {logging_mixin.py:109} INFO - [2021-12-03 11:21:20,831] {dag.py:2928} INFO - Setting next_dagrun for example_subdag_operator.section-1 to None
[2021-12-03 11:21:20,831] {logging_mixin.py:109} INFO - [2021-12-03 11:21:20,831] {dag.py:2928} INFO - Setting next_dagrun for example_subdag_operator.section-2 to None
[2021-12-03 11:21:20,840] {logging_mixin.py:109} INFO - [2021-12-03 11:21:20,840] {dag.py:2396} INFO - Sync 2 DAGs
[2021-12-03 11:21:20,848] {logging_mixin.py:109} INFO - [2021-12-03 11:21:20,848] {dag.py:2928} INFO - Setting next_dagrun for example_subdag_operator.section-1 to None
[2021-12-03 11:21:20,849] {logging_mixin.py:109} INFO - [2021-12-03 11:21:20,849] {dag.py:2928} INFO - Setting next_dagrun for example_subdag_operator.section-2 to None
[2021-12-03 11:21:20,855] {processor.py:171} INFO - Processing /home/airflow/.local/lib/python3.7/site-packages/airflow/example_dags/example_subdag_operator.py took 1.718 seconds
[2021-12-03 11:21:50,999] {processor.py:163} INFO - Started process (PID=374) to work on /home/airflow/.local/lib/python3.7/site-packages/airflow/example_dags/example_subdag_operator.py
[2021-12-03 11:21:51,000] {processor.py:625} INFO - Processing file /home/airflow/.local/lib/python3.7/site-packages/airflow/example_dags/example_subdag_operator.py for tasks to queue
[2021-12-03 11:21:51,001] {logging_mixin.py:109} INFO - [2021-12-03 11:21:51,000] {dagbag.py:500} INFO - Filling up the DagBag from /home/airflow/.local/lib/python3.7/site-packages/airflow/example_dags/example_subdag_operator.py
[2021-12-03 11:21:51,030] {processor.py:637} INFO - DAG(s) dict_keys(['example_subdag_operator.section-1', 'example_subdag_operator.section-2', 'example_subdag_operator']) retrieved from /home/airflow/.local/lib/python3.7/site-packages/airflow/example_dags/example_subdag_operator.py
[2021-12-03 11:21:51,040] {logging_mixin.py:109} INFO - [2021-12-03 11:21:51,040] {dag.py:2396} INFO - Sync 3 DAGs
[2021-12-03 11:21:51,053] {logging_mixin.py:109} INFO - [2021-12-03 11:21:51,053] {dag.py:2928} INFO - Setting next_dagrun for example_subdag_operator to 2021-12-01T00:00:00+00:00
[2021-12-03 11:21:51,054] {logging_mixin.py:109} INFO - [2021-12-03 11:21:51,054] {dag.py:2928} INFO - Setting next_dagrun for example_subdag_operator.section-1 to None
[2021-12-03 11:21:51,054] {logging_mixin.py:109} INFO - [2021-12-03 11:21:51,054] {dag.py:2928} INFO - Setting next_dagrun for example_subdag_operator.section-2 to None
[2021-12-03 11:21:51,059] {logging_mixin.py:109} INFO - [2021-12-03 11:21:51,059] {dag.py:2396} INFO - Sync 2 DAGs
[2021-12-03 11:21:51,066] {logging_mixin.py:109} INFO - [2021-12-03 11:21:51,066] {dag.py:2928} INFO - Setting next_dagrun for example_subdag_operator.section-1 to None
[2021-12-03 11:21:51,066] {logging_mixin.py:109} INFO - [2021-12-03 11:21:51,066] {dag.py:2928} INFO - Setting next_dagrun for example_subdag_operator.section-2 to None
[2021-12-03 11:21:51,072] {processor.py:171} INFO - Processing /home/airflow/.local/lib/python3.7/site-packages/airflow/example_dags/example_subdag_operator.py took 0.076 seconds
[2021-12-03 11:22:21,395] {processor.py:163} INFO - Started process (PID=425) to work on /home/airflow/.local/lib/python3.7/site-packages/airflow/example_dags/example_subdag_operator.py
[2021-12-03 11:22:21,396] {processor.py:625} INFO - Processing file /home/airflow/.local/lib/python3.7/site-packages/airflow/example_dags/example_subdag_operator.py for tasks to queue
[2021-12-03 11:22:21,397] {logging_mixin.py:109} INFO - [2021-12-03 11:22:21,396] {dagbag.py:500} INFO - Filling up the DagBag from /home/airflow/.local/lib/python3.7/site-packages/airflow/example_dags/example_subdag_operator.py
[2021-12-03 11:22:21,437] {processor.py:637} INFO - DAG(s) dict_keys(['example_subdag_operator.section-1', 'example_subdag_operator.section-2', 'example_subdag_operator']) retrieved from /home/airflow/.local/lib/python3.7/site-packages/airflow/example_dags/example_subdag_operator.py
[2021-12-03 11:22:21,507] {logging_mixin.py:109} INFO - [2021-12-03 11:22:21,506] {dag.py:2396} INFO - Sync 3 DAGs
[2021-12-03 11:22:21,528] {logging_mixin.py:109} INFO - [2021-12-03 11:22:21,528] {dag.py:2928} INFO - Setting next_dagrun for example_subdag_operator to 2021-12-01T00:00:00+00:00
[2021-12-03 11:22:21,529] {logging_mixin.py:109} INFO - [2021-12-03 11:22:21,529] {dag.py:2928} INFO - Setting next_dagrun for example_subdag_operator.section-1 to None
[2021-12-03 11:22:21,529] {logging_mixin.py:109} INFO - [2021-12-03 11:22:21,529] {dag.py:2928} INFO - Setting next_dagrun for example_subdag_operator.section-2 to None
[2021-12-03 11:22:21,537] {logging_mixin.py:109} INFO - [2021-12-03 11:22:21,537] {dag.py:2396} INFO - Sync 2 DAGs
[2021-12-03 11:22:21,551] {logging_mixin.py:109} INFO - [2021-12-03 11:22:21,550] {dag.py:2928} INFO - Setting next_dagrun for example_subdag_operator.section-1 to None
[2021-12-03 11:22:21,551] {logging_mixin.py:109} INFO - [2021-12-03 11:22:21,551] {dag.py:2928} INFO - Setting next_dagrun for example_subdag_operator.section-2 to None
[2021-12-03 11:22:21,560] {processor.py:171} INFO - Processing /home/airflow/.local/lib/python3.7/site-packages/airflow/example_dags/example_subdag_operator.py took 0.168 seconds
[2021-12-03 11:22:52,268] {processor.py:163} INFO - Started process (PID=477) to work on /home/airflow/.local/lib/python3.7/site-packages/airflow/example_dags/example_subdag_operator.py
[2021-12-03 11:22:52,270] {processor.py:625} INFO - Processing file /home/airflow/.local/lib/python3.7/site-packages/airflow/example_dags/example_subdag_operator.py for tasks to queue
[2021-12-03 11:22:52,270] {logging_mixin.py:109} INFO - [2021-12-03 11:22:52,270] {dagbag.py:500} INFO - Filling up the DagBag from /home/airflow/.local/lib/python3.7/site-packages/airflow/example_dags/example_subdag_operator.py
[2021-12-03 11:22:52,312] {processor.py:637} INFO - DAG(s) dict_keys(['example_subdag_operator.section-1', 'example_subdag_operator.section-2', 'example_subdag_operator']) retrieved from /home/airflow/.local/lib/python3.7/site-packages/airflow/example_dags/example_subdag_operator.py
[2021-12-03 11:22:52,331] {logging_mixin.py:109} INFO - [2021-12-03 11:22:52,331] {dag.py:2396} INFO - Sync 3 DAGs
[2021-12-03 11:22:52,359] {logging_mixin.py:109} INFO - [2021-12-03 11:22:52,359] {dag.py:2928} INFO - Setting next_dagrun for example_subdag_operator to 2021-12-01T00:00:00+00:00
[2021-12-03 11:22:52,359] {logging_mixin.py:109} INFO - [2021-12-03 11:22:52,359] {dag.py:2928} INFO - Setting next_dagrun for example_subdag_operator.section-1 to None
[2021-12-03 11:22:52,360] {logging_mixin.py:109} INFO - [2021-12-03 11:22:52,360] {dag.py:2928} INFO - Setting next_dagrun for example_subdag_operator.section-2 to None
[2021-12-03 11:22:52,371] {logging_mixin.py:109} INFO - [2021-12-03 11:22:52,370] {dag.py:2396} INFO - Sync 2 DAGs
[2021-12-03 11:22:52,383] {logging_mixin.py:109} INFO - [2021-12-03 11:22:52,382] {dag.py:2928} INFO - Setting next_dagrun for example_subdag_operator.section-1 to None
[2021-12-03 11:22:52,383] {logging_mixin.py:109} INFO - [2021-12-03 11:22:52,383] {dag.py:2928} INFO - Setting next_dagrun for example_subdag_operator.section-2 to None
[2021-12-03 11:22:52,393] {processor.py:171} INFO - Processing /home/airflow/.local/lib/python3.7/site-packages/airflow/example_dags/example_subdag_operator.py took 0.128 seconds
[2021-12-03 11:23:22,450] {processor.py:163} INFO - Started process (PID=540) to work on /home/airflow/.local/lib/python3.7/site-packages/airflow/example_dags/example_subdag_operator.py
[2021-12-03 11:23:22,452] {processor.py:625} INFO - Processing file /home/airflow/.local/lib/python3.7/site-packages/airflow/example_dags/example_subdag_operator.py for tasks to queue
[2021-12-03 11:23:22,452] {logging_mixin.py:109} INFO - [2021-12-03 11:23:22,452] {dagbag.py:500} INFO - Filling up the DagBag from /home/airflow/.local/lib/python3.7/site-packages/airflow/example_dags/example_subdag_operator.py
[2021-12-03 11:23:22,498] {processor.py:637} INFO - DAG(s) dict_keys(['example_subdag_operator.section-1', 'example_subdag_operator.section-2', 'example_subdag_operator']) retrieved from /home/airflow/.local/lib/python3.7/site-packages/airflow/example_dags/example_subdag_operator.py
[2021-12-03 11:23:22,516] {logging_mixin.py:109} INFO - [2021-12-03 11:23:22,516] {dag.py:2396} INFO - Sync 3 DAGs
[2021-12-03 11:23:22,540] {logging_mixin.py:109} INFO - [2021-12-03 11:23:22,540] {dag.py:2928} INFO - Setting next_dagrun for example_subdag_operator to 2021-12-01T00:00:00+00:00
[2021-12-03 11:23:22,541] {logging_mixin.py:109} INFO - [2021-12-03 11:23:22,541] {dag.py:2928} INFO - Setting next_dagrun for example_subdag_operator.section-1 to None
[2021-12-03 11:23:22,541] {logging_mixin.py:109} INFO - [2021-12-03 11:23:22,541] {dag.py:2928} INFO - Setting next_dagrun for example_subdag_operator.section-2 to None
[2021-12-03 11:23:22,549] {logging_mixin.py:109} INFO - [2021-12-03 11:23:22,549] {dag.py:2396} INFO - Sync 2 DAGs
[2021-12-03 11:23:22,562] {logging_mixin.py:109} INFO - [2021-12-03 11:23:22,562] {dag.py:2928} INFO - Setting next_dagrun for example_subdag_operator.section-1 to None
[2021-12-03 11:23:22,563] {logging_mixin.py:109} INFO - [2021-12-03 11:23:22,563] {dag.py:2928} INFO - Setting next_dagrun for example_subdag_operator.section-2 to None
[2021-12-03 11:23:22,572] {processor.py:171} INFO - Processing /home/airflow/.local/lib/python3.7/site-packages/airflow/example_dags/example_subdag_operator.py took 0.125 seconds
[2021-12-03 11:23:52,668] {processor.py:163} INFO - Started process (PID=591) to work on /home/airflow/.local/lib/python3.7/site-packages/airflow/example_dags/example_subdag_operator.py
[2021-12-03 11:23:52,670] {processor.py:625} INFO - Processing file /home/airflow/.local/lib/python3.7/site-packages/airflow/example_dags/example_subdag_operator.py for tasks to queue
[2021-12-03 11:23:52,671] {logging_mixin.py:109} INFO - [2021-12-03 11:23:52,671] {dagbag.py:500} INFO - Filling up the DagBag from /home/airflow/.local/lib/python3.7/site-packages/airflow/example_dags/example_subdag_operator.py
[2021-12-03 11:23:52,718] {processor.py:637} INFO - DAG(s) dict_keys(['example_subdag_operator.section-1', 'example_subdag_operator.section-2', 'example_subdag_operator']) retrieved from /home/airflow/.local/lib/python3.7/site-packages/airflow/example_dags/example_subdag_operator.py
[2021-12-03 11:23:52,737] {logging_mixin.py:109} INFO - [2021-12-03 11:23:52,736] {dag.py:2396} INFO - Sync 3 DAGs
[2021-12-03 11:23:52,758] {logging_mixin.py:109} INFO - [2021-12-03 11:23:52,758] {dag.py:2928} INFO - Setting next_dagrun for example_subdag_operator to 2021-12-01T00:00:00+00:00
[2021-12-03 11:23:52,758] {logging_mixin.py:109} INFO - [2021-12-03 11:23:52,758] {dag.py:2928} INFO - Setting next_dagrun for example_subdag_operator.section-1 to None
[2021-12-03 11:23:52,758] {logging_mixin.py:109} INFO - [2021-12-03 11:23:52,758] {dag.py:2928} INFO - Setting next_dagrun for example_subdag_operator.section-2 to None
[2021-12-03 11:23:52,766] {logging_mixin.py:109} INFO - [2021-12-03 11:23:52,766] {dag.py:2396} INFO - Sync 2 DAGs
[2021-12-03 11:23:52,778] {logging_mixin.py:109} INFO - [2021-12-03 11:23:52,778] {dag.py:2928} INFO - Setting next_dagrun for example_subdag_operator.section-1 to None
[2021-12-03 11:23:52,779] {logging_mixin.py:109} INFO - [2021-12-03 11:23:52,779] {dag.py:2928} INFO - Setting next_dagrun for example_subdag_operator.section-2 to None
[2021-12-03 11:23:52,788] {processor.py:171} INFO - Processing /home/airflow/.local/lib/python3.7/site-packages/airflow/example_dags/example_subdag_operator.py took 0.124 seconds
[2021-12-03 11:24:23,219] {processor.py:163} INFO - Started process (PID=642) to work on /home/airflow/.local/lib/python3.7/site-packages/airflow/example_dags/example_subdag_operator.py
[2021-12-03 11:24:23,220] {processor.py:625} INFO - Processing file /home/airflow/.local/lib/python3.7/site-packages/airflow/example_dags/example_subdag_operator.py for tasks to queue
[2021-12-03 11:24:23,221] {logging_mixin.py:109} INFO - [2021-12-03 11:24:23,221] {dagbag.py:500} INFO - Filling up the DagBag from /home/airflow/.local/lib/python3.7/site-packages/airflow/example_dags/example_subdag_operator.py
[2021-12-03 11:24:23,263] {processor.py:637} INFO - DAG(s) dict_keys(['example_subdag_operator.section-1', 'example_subdag_operator.section-2', 'example_subdag_operator']) retrieved from /home/airflow/.local/lib/python3.7/site-packages/airflow/example_dags/example_subdag_operator.py
[2021-12-03 11:24:23,277] {logging_mixin.py:109} INFO - [2021-12-03 11:24:23,277] {dag.py:2396} INFO - Sync 3 DAGs
[2021-12-03 11:24:23,298] {logging_mixin.py:109} INFO - [2021-12-03 11:24:23,298] {dag.py:2928} INFO - Setting next_dagrun for example_subdag_operator to 2021-12-01T00:00:00+00:00
[2021-12-03 11:24:23,299] {logging_mixin.py:109} INFO - [2021-12-03 11:24:23,299] {dag.py:2928} INFO - Setting next_dagrun for example_subdag_operator.section-1 to None
[2021-12-03 11:24:23,299] {logging_mixin.py:109} INFO - [2021-12-03 11:24:23,299] {dag.py:2928} INFO - Setting next_dagrun for example_subdag_operator.section-2 to None
[2021-12-03 11:24:23,307] {logging_mixin.py:109} INFO - [2021-12-03 11:24:23,307] {dag.py:2396} INFO - Sync 2 DAGs
[2021-12-03 11:24:23,317] {logging_mixin.py:109} INFO - [2021-12-03 11:24:23,317] {dag.py:2928} INFO - Setting next_dagrun for example_subdag_operator.section-1 to None
[2021-12-03 11:24:23,317] {logging_mixin.py:109} INFO - [2021-12-03 11:24:23,317] {dag.py:2928} INFO - Setting next_dagrun for example_subdag_operator.section-2 to None
[2021-12-03 11:24:23,326] {processor.py:171} INFO - Processing /home/airflow/.local/lib/python3.7/site-packages/airflow/example_dags/example_subdag_operator.py took 0.110 seconds
[2021-12-03 11:24:53,765] {processor.py:163} INFO - Started process (PID=703) to work on /home/airflow/.local/lib/python3.7/site-packages/airflow/example_dags/example_subdag_operator.py
[2021-12-03 11:24:53,771] {processor.py:625} INFO - Processing file /home/airflow/.local/lib/python3.7/site-packages/airflow/example_dags/example_subdag_operator.py for tasks to queue
[2021-12-03 11:24:53,774] {logging_mixin.py:109} INFO - [2021-12-03 11:24:53,774] {dagbag.py:500} INFO - Filling up the DagBag from /home/airflow/.local/lib/python3.7/site-packages/airflow/example_dags/example_subdag_operator.py
[2021-12-03 11:24:53,832] {processor.py:637} INFO - DAG(s) dict_keys(['example_subdag_operator.section-1', 'example_subdag_operator.section-2', 'example_subdag_operator']) retrieved from /home/airflow/.local/lib/python3.7/site-packages/airflow/example_dags/example_subdag_operator.py
[2021-12-03 11:24:53,848] {logging_mixin.py:109} INFO - [2021-12-03 11:24:53,848] {dag.py:2396} INFO - Sync 3 DAGs
[2021-12-03 11:24:53,873] {logging_mixin.py:109} INFO - [2021-12-03 11:24:53,873] {dag.py:2928} INFO - Setting next_dagrun for example_subdag_operator to 2021-12-01T00:00:00+00:00
[2021-12-03 11:24:53,873] {logging_mixin.py:109} INFO - [2021-12-03 11:24:53,873] {dag.py:2928} INFO - Setting next_dagrun for example_subdag_operator.section-1 to None
[2021-12-03 11:24:53,874] {logging_mixin.py:109} INFO - [2021-12-03 11:24:53,874] {dag.py:2928} INFO - Setting next_dagrun for example_subdag_operator.section-2 to None
[2021-12-03 11:24:53,885] {logging_mixin.py:109} INFO - [2021-12-03 11:24:53,885] {dag.py:2396} INFO - Sync 2 DAGs
[2021-12-03 11:24:53,899] {logging_mixin.py:109} INFO - [2021-12-03 11:24:53,898] {dag.py:2928} INFO - Setting next_dagrun for example_subdag_operator.section-1 to None
[2021-12-03 11:24:53,899] {logging_mixin.py:109} INFO - [2021-12-03 11:24:53,899] {dag.py:2928} INFO - Setting next_dagrun for example_subdag_operator.section-2 to None
[2021-12-03 11:24:53,910] {processor.py:171} INFO - Processing /home/airflow/.local/lib/python3.7/site-packages/airflow/example_dags/example_subdag_operator.py took 0.149 seconds
[2021-12-03 11:25:24,243] {processor.py:163} INFO - Started process (PID=756) to work on /home/airflow/.local/lib/python3.7/site-packages/airflow/example_dags/example_subdag_operator.py
[2021-12-03 11:25:24,244] {processor.py:625} INFO - Processing file /home/airflow/.local/lib/python3.7/site-packages/airflow/example_dags/example_subdag_operator.py for tasks to queue
[2021-12-03 11:25:24,245] {logging_mixin.py:109} INFO - [2021-12-03 11:25:24,244] {dagbag.py:500} INFO - Filling up the DagBag from /home/airflow/.local/lib/python3.7/site-packages/airflow/example_dags/example_subdag_operator.py
[2021-12-03 11:25:24,289] {processor.py:637} INFO - DAG(s) dict_keys(['example_subdag_operator.section-1', 'example_subdag_operator.section-2', 'example_subdag_operator']) retrieved from /home/airflow/.local/lib/python3.7/site-packages/airflow/example_dags/example_subdag_operator.py
[2021-12-03 11:25:24,303] {logging_mixin.py:109} INFO - [2021-12-03 11:25:24,303] {dag.py:2396} INFO - Sync 3 DAGs
[2021-12-03 11:25:24,319] {logging_mixin.py:109} INFO - [2021-12-03 11:25:24,319] {dag.py:2928} INFO - Setting next_dagrun for example_subdag_operator to 2021-12-01T00:00:00+00:00
[2021-12-03 11:25:24,319] {logging_mixin.py:109} INFO - [2021-12-03 11:25:24,319] {dag.py:2928} INFO - Setting next_dagrun for example_subdag_operator.section-1 to None
[2021-12-03 11:25:24,320] {logging_mixin.py:109} INFO - [2021-12-03 11:25:24,320] {dag.py:2928} INFO - Setting next_dagrun for example_subdag_operator.section-2 to None
[2021-12-03 11:25:24,325] {logging_mixin.py:109} INFO - [2021-12-03 11:25:24,325] {dag.py:2396} INFO - Sync 2 DAGs
[2021-12-03 11:25:24,334] {logging_mixin.py:109} INFO - [2021-12-03 11:25:24,334] {dag.py:2928} INFO - Setting next_dagrun for example_subdag_operator.section-1 to None
[2021-12-03 11:25:24,334] {logging_mixin.py:109} INFO - [2021-12-03 11:25:24,334] {dag.py:2928} INFO - Setting next_dagrun for example_subdag_operator.section-2 to None
[2021-12-03 11:25:24,390] {processor.py:171} INFO - Processing /home/airflow/.local/lib/python3.7/site-packages/airflow/example_dags/example_subdag_operator.py took 0.151 seconds
[2021-12-03 11:25:54,448] {processor.py:163} INFO - Started process (PID=808) to work on /home/airflow/.local/lib/python3.7/site-packages/airflow/example_dags/example_subdag_operator.py
[2021-12-03 11:25:54,449] {processor.py:625} INFO - Processing file /home/airflow/.local/lib/python3.7/site-packages/airflow/example_dags/example_subdag_operator.py for tasks to queue
[2021-12-03 11:25:54,450] {logging_mixin.py:109} INFO - [2021-12-03 11:25:54,450] {dagbag.py:500} INFO - Filling up the DagBag from /home/airflow/.local/lib/python3.7/site-packages/airflow/example_dags/example_subdag_operator.py
[2021-12-03 11:25:54,485] {processor.py:637} INFO - DAG(s) dict_keys(['example_subdag_operator.section-1', 'example_subdag_operator.section-2', 'example_subdag_operator']) retrieved from /home/airflow/.local/lib/python3.7/site-packages/airflow/example_dags/example_subdag_operator.py
[2021-12-03 11:25:54,498] {logging_mixin.py:109} INFO - [2021-12-03 11:25:54,498] {dag.py:2396} INFO - Sync 3 DAGs
[2021-12-03 11:25:54,517] {logging_mixin.py:109} INFO - [2021-12-03 11:25:54,517] {dag.py:2928} INFO - Setting next_dagrun for example_subdag_operator to 2021-12-01T00:00:00+00:00
[2021-12-03 11:25:54,518] {logging_mixin.py:109} INFO - [2021-12-03 11:25:54,518] {dag.py:2928} INFO - Setting next_dagrun for example_subdag_operator.section-1 to None
[2021-12-03 11:25:54,518] {logging_mixin.py:109} INFO - [2021-12-03 11:25:54,518] {dag.py:2928} INFO - Setting next_dagrun for example_subdag_operator.section-2 to None
[2021-12-03 11:25:54,526] {logging_mixin.py:109} INFO - [2021-12-03 11:25:54,526] {dag.py:2396} INFO - Sync 2 DAGs
[2021-12-03 11:25:54,538] {logging_mixin.py:109} INFO - [2021-12-03 11:25:54,537] {dag.py:2928} INFO - Setting next_dagrun for example_subdag_operator.section-1 to None
[2021-12-03 11:25:54,538] {logging_mixin.py:109} INFO - [2021-12-03 11:25:54,538] {dag.py:2928} INFO - Setting next_dagrun for example_subdag_operator.section-2 to None
[2021-12-03 11:25:54,546] {processor.py:171} INFO - Processing /home/airflow/.local/lib/python3.7/site-packages/airflow/example_dags/example_subdag_operator.py took 0.101 seconds
[2021-12-03 11:26:25,116] {processor.py:163} INFO - Started process (PID=868) to work on /home/airflow/.local/lib/python3.7/site-packages/airflow/example_dags/example_subdag_operator.py
[2021-12-03 11:26:25,117] {processor.py:625} INFO - Processing file /home/airflow/.local/lib/python3.7/site-packages/airflow/example_dags/example_subdag_operator.py for tasks to queue
[2021-12-03 11:26:25,118] {logging_mixin.py:109} INFO - [2021-12-03 11:26:25,118] {dagbag.py:500} INFO - Filling up the DagBag from /home/airflow/.local/lib/python3.7/site-packages/airflow/example_dags/example_subdag_operator.py
[2021-12-03 11:26:25,165] {processor.py:637} INFO - DAG(s) dict_keys(['example_subdag_operator.section-1', 'example_subdag_operator.section-2', 'example_subdag_operator']) retrieved from /home/airflow/.local/lib/python3.7/site-packages/airflow/example_dags/example_subdag_operator.py
[2021-12-03 11:26:25,187] {logging_mixin.py:109} INFO - [2021-12-03 11:26:25,187] {dag.py:2396} INFO - Sync 3 DAGs
[2021-12-03 11:26:25,216] {logging_mixin.py:109} INFO - [2021-12-03 11:26:25,215] {dag.py:2928} INFO - Setting next_dagrun for example_subdag_operator to 2021-12-01T00:00:00+00:00
[2021-12-03 11:26:25,216] {logging_mixin.py:109} INFO - [2021-12-03 11:26:25,216] {dag.py:2928} INFO - Setting next_dagrun for example_subdag_operator.section-1 to None
[2021-12-03 11:26:25,216] {logging_mixin.py:109} INFO - [2021-12-03 11:26:25,216] {dag.py:2928} INFO - Setting next_dagrun for example_subdag_operator.section-2 to None
[2021-12-03 11:26:25,225] {logging_mixin.py:109} INFO - [2021-12-03 11:26:25,224] {dag.py:2396} INFO - Sync 2 DAGs
[2021-12-03 11:26:25,328] {logging_mixin.py:109} INFO - [2021-12-03 11:26:25,328] {dag.py:2928} INFO - Setting next_dagrun for example_subdag_operator.section-1 to None
[2021-12-03 11:26:25,329] {logging_mixin.py:109} INFO - [2021-12-03 11:26:25,329] {dag.py:2928} INFO - Setting next_dagrun for example_subdag_operator.section-2 to None
[2021-12-03 11:26:25,339] {processor.py:171} INFO - Processing /home/airflow/.local/lib/python3.7/site-packages/airflow/example_dags/example_subdag_operator.py took 0.226 seconds
[2021-12-03 11:26:55,399] {processor.py:163} INFO - Started process (PID=921) to work on /home/airflow/.local/lib/python3.7/site-packages/airflow/example_dags/example_subdag_operator.py
[2021-12-03 11:26:55,401] {processor.py:625} INFO - Processing file /home/airflow/.local/lib/python3.7/site-packages/airflow/example_dags/example_subdag_operator.py for tasks to queue
[2021-12-03 11:26:55,401] {logging_mixin.py:109} INFO - [2021-12-03 11:26:55,401] {dagbag.py:500} INFO - Filling up the DagBag from /home/airflow/.local/lib/python3.7/site-packages/airflow/example_dags/example_subdag_operator.py
[2021-12-03 11:26:55,440] {processor.py:637} INFO - DAG(s) dict_keys(['example_subdag_operator.section-1', 'example_subdag_operator.section-2', 'example_subdag_operator']) retrieved from /home/airflow/.local/lib/python3.7/site-packages/airflow/example_dags/example_subdag_operator.py
[2021-12-03 11:26:55,453] {logging_mixin.py:109} INFO - [2021-12-03 11:26:55,453] {dag.py:2396} INFO - Sync 3 DAGs
[2021-12-03 11:26:55,473] {logging_mixin.py:109} INFO - [2021-12-03 11:26:55,473] {dag.py:2928} INFO - Setting next_dagrun for example_subdag_operator to 2021-12-01T00:00:00+00:00
[2021-12-03 11:26:55,473] {logging_mixin.py:109} INFO - [2021-12-03 11:26:55,473] {dag.py:2928} INFO - Setting next_dagrun for example_subdag_operator.section-1 to None
[2021-12-03 11:26:55,474] {logging_mixin.py:109} INFO - [2021-12-03 11:26:55,474] {dag.py:2928} INFO - Setting next_dagrun for example_subdag_operator.section-2 to None
[2021-12-03 11:26:55,568] {logging_mixin.py:109} INFO - [2021-12-03 11:26:55,568] {dag.py:2396} INFO - Sync 2 DAGs
[2021-12-03 11:26:55,581] {logging_mixin.py:109} INFO - [2021-12-03 11:26:55,580] {dag.py:2928} INFO - Setting next_dagrun for example_subdag_operator.section-1 to None
[2021-12-03 11:26:55,581] {logging_mixin.py:109} INFO - [2021-12-03 11:26:55,581] {dag.py:2928} INFO - Setting next_dagrun for example_subdag_operator.section-2 to None
[2021-12-03 11:26:55,590] {processor.py:171} INFO - Processing /home/airflow/.local/lib/python3.7/site-packages/airflow/example_dags/example_subdag_operator.py took 0.195 seconds
[2021-12-03 11:27:25,643] {processor.py:163} INFO - Started process (PID=972) to work on /home/airflow/.local/lib/python3.7/site-packages/airflow/example_dags/example_subdag_operator.py
[2021-12-03 11:27:25,644] {processor.py:625} INFO - Processing file /home/airflow/.local/lib/python3.7/site-packages/airflow/example_dags/example_subdag_operator.py for tasks to queue
[2021-12-03 11:27:25,645] {logging_mixin.py:109} INFO - [2021-12-03 11:27:25,645] {dagbag.py:500} INFO - Filling up the DagBag from /home/airflow/.local/lib/python3.7/site-packages/airflow/example_dags/example_subdag_operator.py
[2021-12-03 11:27:25,680] {processor.py:637} INFO - DAG(s) dict_keys(['example_subdag_operator.section-1', 'example_subdag_operator.section-2', 'example_subdag_operator']) retrieved from /home/airflow/.local/lib/python3.7/site-packages/airflow/example_dags/example_subdag_operator.py
[2021-12-03 11:27:25,695] {logging_mixin.py:109} INFO - [2021-12-03 11:27:25,695] {dag.py:2396} INFO - Sync 3 DAGs
[2021-12-03 11:27:25,795] {logging_mixin.py:109} INFO - [2021-12-03 11:27:25,795] {dag.py:2928} INFO - Setting next_dagrun for example_subdag_operator to 2021-12-01T00:00:00+00:00
[2021-12-03 11:27:25,796] {logging_mixin.py:109} INFO - [2021-12-03 11:27:25,796] {dag.py:2928} INFO - Setting next_dagrun for example_subdag_operator.section-1 to None
[2021-12-03 11:27:25,796] {logging_mixin.py:109} INFO - [2021-12-03 11:27:25,796] {dag.py:2928} INFO - Setting next_dagrun for example_subdag_operator.section-2 to None
[2021-12-03 11:27:25,804] {logging_mixin.py:109} INFO - [2021-12-03 11:27:25,803] {dag.py:2396} INFO - Sync 2 DAGs
[2021-12-03 11:27:25,814] {logging_mixin.py:109} INFO - [2021-12-03 11:27:25,814] {dag.py:2928} INFO - Setting next_dagrun for example_subdag_operator.section-1 to None
[2021-12-03 11:27:25,815] {logging_mixin.py:109} INFO - [2021-12-03 11:27:25,815] {dag.py:2928} INFO - Setting next_dagrun for example_subdag_operator.section-2 to None
[2021-12-03 11:27:25,822] {processor.py:171} INFO - Processing /home/airflow/.local/lib/python3.7/site-packages/airflow/example_dags/example_subdag_operator.py took 0.181 seconds
[2021-12-03 11:27:56,137] {processor.py:163} INFO - Started process (PID=1033) to work on /home/airflow/.local/lib/python3.7/site-packages/airflow/example_dags/example_subdag_operator.py
[2021-12-03 11:27:56,138] {processor.py:625} INFO - Processing file /home/airflow/.local/lib/python3.7/site-packages/airflow/example_dags/example_subdag_operator.py for tasks to queue
[2021-12-03 11:27:56,139] {logging_mixin.py:109} INFO - [2021-12-03 11:27:56,139] {dagbag.py:500} INFO - Filling up the DagBag from /home/airflow/.local/lib/python3.7/site-packages/airflow/example_dags/example_subdag_operator.py
[2021-12-03 11:27:56,176] {processor.py:637} INFO - DAG(s) dict_keys(['example_subdag_operator.section-1', 'example_subdag_operator.section-2', 'example_subdag_operator']) retrieved from /home/airflow/.local/lib/python3.7/site-packages/airflow/example_dags/example_subdag_operator.py
[2021-12-03 11:27:56,190] {logging_mixin.py:109} INFO - [2021-12-03 11:27:56,190] {dag.py:2396} INFO - Sync 3 DAGs
[2021-12-03 11:27:56,291] {logging_mixin.py:109} INFO - [2021-12-03 11:27:56,291] {dag.py:2928} INFO - Setting next_dagrun for example_subdag_operator to 2021-12-01T00:00:00+00:00
[2021-12-03 11:27:56,291] {logging_mixin.py:109} INFO - [2021-12-03 11:27:56,291] {dag.py:2928} INFO - Setting next_dagrun for example_subdag_operator.section-1 to None
[2021-12-03 11:27:56,292] {logging_mixin.py:109} INFO - [2021-12-03 11:27:56,292] {dag.py:2928} INFO - Setting next_dagrun for example_subdag_operator.section-2 to None
[2021-12-03 11:27:56,298] {logging_mixin.py:109} INFO - [2021-12-03 11:27:56,298] {dag.py:2396} INFO - Sync 2 DAGs
[2021-12-03 11:27:56,308] {logging_mixin.py:109} INFO - [2021-12-03 11:27:56,308] {dag.py:2928} INFO - Setting next_dagrun for example_subdag_operator.section-1 to None
[2021-12-03 11:27:56,309] {logging_mixin.py:109} INFO - [2021-12-03 11:27:56,309] {dag.py:2928} INFO - Setting next_dagrun for example_subdag_operator.section-2 to None
[2021-12-03 11:27:56,316] {processor.py:171} INFO - Processing /home/airflow/.local/lib/python3.7/site-packages/airflow/example_dags/example_subdag_operator.py took 0.182 seconds
[2021-12-03 11:28:26,594] {processor.py:163} INFO - Started process (PID=1084) to work on /home/airflow/.local/lib/python3.7/site-packages/airflow/example_dags/example_subdag_operator.py
[2021-12-03 11:28:26,595] {processor.py:625} INFO - Processing file /home/airflow/.local/lib/python3.7/site-packages/airflow/example_dags/example_subdag_operator.py for tasks to queue
[2021-12-03 11:28:26,595] {logging_mixin.py:109} INFO - [2021-12-03 11:28:26,595] {dagbag.py:500} INFO - Filling up the DagBag from /home/airflow/.local/lib/python3.7/site-packages/airflow/example_dags/example_subdag_operator.py
[2021-12-03 11:28:26,633] {processor.py:637} INFO - DAG(s) dict_keys(['example_subdag_operator.section-1', 'example_subdag_operator.section-2', 'example_subdag_operator']) retrieved from /home/airflow/.local/lib/python3.7/site-packages/airflow/example_dags/example_subdag_operator.py
[2021-12-03 11:28:26,645] {logging_mixin.py:109} INFO - [2021-12-03 11:28:26,645] {dag.py:2396} INFO - Sync 3 DAGs
[2021-12-03 11:28:26,747] {logging_mixin.py:109} INFO - [2021-12-03 11:28:26,747] {dag.py:2928} INFO - Setting next_dagrun for example_subdag_operator to 2021-12-01T00:00:00+00:00
[2021-12-03 11:28:26,747] {logging_mixin.py:109} INFO - [2021-12-03 11:28:26,747] {dag.py:2928} INFO - Setting next_dagrun for example_subdag_operator.section-1 to None
[2021-12-03 11:28:26,748] {logging_mixin.py:109} INFO - [2021-12-03 11:28:26,748] {dag.py:2928} INFO - Setting next_dagrun for example_subdag_operator.section-2 to None
[2021-12-03 11:28:26,754] {logging_mixin.py:109} INFO - [2021-12-03 11:28:26,753] {dag.py:2396} INFO - Sync 2 DAGs
[2021-12-03 11:28:26,763] {logging_mixin.py:109} INFO - [2021-12-03 11:28:26,763] {dag.py:2928} INFO - Setting next_dagrun for example_subdag_operator.section-1 to None
[2021-12-03 11:28:26,764] {logging_mixin.py:109} INFO - [2021-12-03 11:28:26,764] {dag.py:2928} INFO - Setting next_dagrun for example_subdag_operator.section-2 to None
[2021-12-03 11:28:26,770] {processor.py:171} INFO - Processing /home/airflow/.local/lib/python3.7/site-packages/airflow/example_dags/example_subdag_operator.py took 0.180 seconds
[2021-12-03 11:28:56,803] {processor.py:163} INFO - Started process (PID=1135) to work on /home/airflow/.local/lib/python3.7/site-packages/airflow/example_dags/example_subdag_operator.py
[2021-12-03 11:28:56,804] {processor.py:625} INFO - Processing file /home/airflow/.local/lib/python3.7/site-packages/airflow/example_dags/example_subdag_operator.py for tasks to queue
[2021-12-03 11:28:56,805] {logging_mixin.py:109} INFO - [2021-12-03 11:28:56,805] {dagbag.py:500} INFO - Filling up the DagBag from /home/airflow/.local/lib/python3.7/site-packages/airflow/example_dags/example_subdag_operator.py
[2021-12-03 11:28:56,841] {processor.py:637} INFO - DAG(s) dict_keys(['example_subdag_operator.section-1', 'example_subdag_operator.section-2', 'example_subdag_operator']) retrieved from /home/airflow/.local/lib/python3.7/site-packages/airflow/example_dags/example_subdag_operator.py
[2021-12-03 11:28:56,852] {logging_mixin.py:109} INFO - [2021-12-03 11:28:56,852] {dag.py:2396} INFO - Sync 3 DAGs
[2021-12-03 11:28:56,984] {logging_mixin.py:109} INFO - [2021-12-03 11:28:56,984] {dag.py:2928} INFO - Setting next_dagrun for example_subdag_operator to 2021-12-01T00:00:00+00:00
[2021-12-03 11:28:56,984] {logging_mixin.py:109} INFO - [2021-12-03 11:28:56,984] {dag.py:2928} INFO - Setting next_dagrun for example_subdag_operator.section-1 to None
[2021-12-03 11:28:56,985] {logging_mixin.py:109} INFO - [2021-12-03 11:28:56,984] {dag.py:2928} INFO - Setting next_dagrun for example_subdag_operator.section-2 to None
[2021-12-03 11:28:56,992] {logging_mixin.py:109} INFO - [2021-12-03 11:28:56,992] {dag.py:2396} INFO - Sync 2 DAGs
[2021-12-03 11:28:57,005] {logging_mixin.py:109} INFO - [2021-12-03 11:28:57,004] {dag.py:2928} INFO - Setting next_dagrun for example_subdag_operator.section-1 to None
[2021-12-03 11:28:57,005] {logging_mixin.py:109} INFO - [2021-12-03 11:28:57,005] {dag.py:2928} INFO - Setting next_dagrun for example_subdag_operator.section-2 to None
[2021-12-03 11:28:57,013] {processor.py:171} INFO - Processing /home/airflow/.local/lib/python3.7/site-packages/airflow/example_dags/example_subdag_operator.py took 0.213 seconds
[2021-12-03 11:29:27,186] {processor.py:163} INFO - Started process (PID=1198) to work on /home/airflow/.local/lib/python3.7/site-packages/airflow/example_dags/example_subdag_operator.py
[2021-12-03 11:29:27,187] {processor.py:625} INFO - Processing file /home/airflow/.local/lib/python3.7/site-packages/airflow/example_dags/example_subdag_operator.py for tasks to queue
[2021-12-03 11:29:27,188] {logging_mixin.py:109} INFO - [2021-12-03 11:29:27,188] {dagbag.py:500} INFO - Filling up the DagBag from /home/airflow/.local/lib/python3.7/site-packages/airflow/example_dags/example_subdag_operator.py
[2021-12-03 11:29:27,226] {processor.py:637} INFO - DAG(s) dict_keys(['example_subdag_operator.section-1', 'example_subdag_operator.section-2', 'example_subdag_operator']) retrieved from /home/airflow/.local/lib/python3.7/site-packages/airflow/example_dags/example_subdag_operator.py
[2021-12-03 11:29:27,337] {logging_mixin.py:109} INFO - [2021-12-03 11:29:27,336] {dag.py:2396} INFO - Sync 3 DAGs
[2021-12-03 11:29:27,357] {logging_mixin.py:109} INFO - [2021-12-03 11:29:27,357] {dag.py:2928} INFO - Setting next_dagrun for example_subdag_operator to 2021-12-01T00:00:00+00:00
[2021-12-03 11:29:27,357] {logging_mixin.py:109} INFO - [2021-12-03 11:29:27,357] {dag.py:2928} INFO - Setting next_dagrun for example_subdag_operator.section-1 to None
[2021-12-03 11:29:27,358] {logging_mixin.py:109} INFO - [2021-12-03 11:29:27,358] {dag.py:2928} INFO - Setting next_dagrun for example_subdag_operator.section-2 to None
[2021-12-03 11:29:27,365] {logging_mixin.py:109} INFO - [2021-12-03 11:29:27,365] {dag.py:2396} INFO - Sync 2 DAGs
[2021-12-03 11:29:27,377] {logging_mixin.py:109} INFO - [2021-12-03 11:29:27,377] {dag.py:2928} INFO - Setting next_dagrun for example_subdag_operator.section-1 to None
[2021-12-03 11:29:27,377] {logging_mixin.py:109} INFO - [2021-12-03 11:29:27,377] {dag.py:2928} INFO - Setting next_dagrun for example_subdag_operator.section-2 to None
[2021-12-03 11:29:27,389] {processor.py:171} INFO - Processing /home/airflow/.local/lib/python3.7/site-packages/airflow/example_dags/example_subdag_operator.py took 0.206 seconds
[2021-12-03 11:30:52,340] {processor.py:163} INFO - Started process (PID=56) to work on /home/airflow/.local/lib/python3.7/site-packages/airflow/example_dags/example_subdag_operator.py
[2021-12-03 11:30:52,342] {processor.py:625} INFO - Processing file /home/airflow/.local/lib/python3.7/site-packages/airflow/example_dags/example_subdag_operator.py for tasks to queue
[2021-12-03 11:30:52,343] {logging_mixin.py:109} INFO - [2021-12-03 11:30:52,343] {dagbag.py:500} INFO - Filling up the DagBag from /home/airflow/.local/lib/python3.7/site-packages/airflow/example_dags/example_subdag_operator.py
[2021-12-03 11:30:52,412] {processor.py:637} INFO - DAG(s) dict_keys(['example_subdag_operator.section-1', 'example_subdag_operator.section-2', 'example_subdag_operator']) retrieved from /home/airflow/.local/lib/python3.7/site-packages/airflow/example_dags/example_subdag_operator.py
[2021-12-03 11:30:52,432] {logging_mixin.py:109} INFO - [2021-12-03 11:30:52,432] {dag.py:2396} INFO - Sync 3 DAGs
[2021-12-03 11:30:52,460] {logging_mixin.py:109} INFO - [2021-12-03 11:30:52,460] {dag.py:2928} INFO - Setting next_dagrun for example_subdag_operator to 2021-12-01T00:00:00+00:00
[2021-12-03 11:30:52,460] {logging_mixin.py:109} INFO - [2021-12-03 11:30:52,460] {dag.py:2928} INFO - Setting next_dagrun for example_subdag_operator.section-1 to None
[2021-12-03 11:30:52,461] {logging_mixin.py:109} INFO - [2021-12-03 11:30:52,461] {dag.py:2928} INFO - Setting next_dagrun for example_subdag_operator.section-2 to None
[2021-12-03 11:30:52,470] {logging_mixin.py:109} INFO - [2021-12-03 11:30:52,470] {dag.py:2396} INFO - Sync 2 DAGs
[2021-12-03 11:30:52,484] {logging_mixin.py:109} INFO - [2021-12-03 11:30:52,484] {dag.py:2928} INFO - Setting next_dagrun for example_subdag_operator.section-1 to None
[2021-12-03 11:30:52,484] {logging_mixin.py:109} INFO - [2021-12-03 11:30:52,484] {dag.py:2928} INFO - Setting next_dagrun for example_subdag_operator.section-2 to None
[2021-12-03 11:30:52,494] {processor.py:171} INFO - Processing /home/airflow/.local/lib/python3.7/site-packages/airflow/example_dags/example_subdag_operator.py took 0.179 seconds
