[2021-12-03 11:20:57,990] {processor.py:163} INFO - Started process (PID=38) to work on /home/airflow/.local/lib/python3.7/site-packages/airflow/example_dags/example_branch_operator.py
[2021-12-03 11:20:57,991] {processor.py:625} INFO - Processing file /home/airflow/.local/lib/python3.7/site-packages/airflow/example_dags/example_branch_operator.py for tasks to queue
[2021-12-03 11:20:57,992] {logging_mixin.py:109} INFO - [2021-12-03 11:20:57,992] {dagbag.py:500} INFO - Filling up the DagBag from /home/airflow/.local/lib/python3.7/site-packages/airflow/example_dags/example_branch_operator.py
[2021-12-03 11:20:58,059] {processor.py:637} INFO - DAG(s) dict_keys(['example_branch_operator']) retrieved from /home/airflow/.local/lib/python3.7/site-packages/airflow/example_dags/example_branch_operator.py
[2021-12-03 11:21:03,169] {logging_mixin.py:109} INFO - [2021-12-03 11:21:03,169] {providers_manager.py:156} WARNING - Exception when importing 'airflow.providers.google.leveldb.hooks.leveldb.LevelDBHook' from 'apache-airflow-providers-google' package: No module named 'plyvel'
[2021-12-03 11:21:04,362] {logging_mixin.py:109} INFO - [2021-12-03 11:21:04,362] {providers_manager.py:156} WARNING - Exception when importing 'airflow.providers.google.leveldb.hooks.leveldb.LevelDBHook' from 'apache-airflow-providers-google' package: No module named 'plyvel'
[2021-12-03 11:21:04,392] {logging_mixin.py:109} INFO - [2021-12-03 11:21:04,392] {manager.py:496} INFO - Created Permission View: can read on DAG:example_branch_operator
[2021-12-03 11:21:04,401] {logging_mixin.py:109} INFO - [2021-12-03 11:21:04,401] {manager.py:496} INFO - Created Permission View: can edit on DAG:example_branch_operator
[2021-12-03 11:21:04,402] {logging_mixin.py:109} INFO - [2021-12-03 11:21:04,401] {dag.py:2396} INFO - Sync 1 DAGs
[2021-12-03 11:21:04,412] {logging_mixin.py:109} INFO - [2021-12-03 11:21:04,412] {dag.py:2415} INFO - Creating ORM DAG for example_branch_operator
[2021-12-03 11:21:04,428] {logging_mixin.py:109} INFO - [2021-12-03 11:21:04,428] {dag.py:2928} INFO - Setting next_dagrun for example_branch_operator to 2021-12-02 00:00:00+00:00
[2021-12-03 11:21:04,446] {processor.py:171} INFO - Processing /home/airflow/.local/lib/python3.7/site-packages/airflow/example_dags/example_branch_operator.py took 6.459 seconds
[2021-12-03 11:21:36,107] {processor.py:163} INFO - Started process (PID=333) to work on /home/airflow/.local/lib/python3.7/site-packages/airflow/example_dags/example_branch_operator.py
[2021-12-03 11:21:36,108] {processor.py:625} INFO - Processing file /home/airflow/.local/lib/python3.7/site-packages/airflow/example_dags/example_branch_operator.py for tasks to queue
[2021-12-03 11:21:36,109] {logging_mixin.py:109} INFO - [2021-12-03 11:21:36,108] {dagbag.py:500} INFO - Filling up the DagBag from /home/airflow/.local/lib/python3.7/site-packages/airflow/example_dags/example_branch_operator.py
[2021-12-03 11:21:36,135] {processor.py:637} INFO - DAG(s) dict_keys(['example_branch_operator']) retrieved from /home/airflow/.local/lib/python3.7/site-packages/airflow/example_dags/example_branch_operator.py
[2021-12-03 11:21:36,146] {logging_mixin.py:109} INFO - [2021-12-03 11:21:36,146] {dag.py:2396} INFO - Sync 1 DAGs
[2021-12-03 11:21:36,162] {logging_mixin.py:109} INFO - [2021-12-03 11:21:36,162] {dag.py:2928} INFO - Setting next_dagrun for example_branch_operator to 2021-12-02 00:00:00+00:00
[2021-12-03 11:21:36,172] {processor.py:171} INFO - Processing /home/airflow/.local/lib/python3.7/site-packages/airflow/example_dags/example_branch_operator.py took 0.068 seconds
[2021-12-03 11:22:06,328] {processor.py:163} INFO - Started process (PID=396) to work on /home/airflow/.local/lib/python3.7/site-packages/airflow/example_dags/example_branch_operator.py
[2021-12-03 11:22:06,343] {processor.py:625} INFO - Processing file /home/airflow/.local/lib/python3.7/site-packages/airflow/example_dags/example_branch_operator.py for tasks to queue
[2021-12-03 11:22:06,344] {logging_mixin.py:109} INFO - [2021-12-03 11:22:06,344] {dagbag.py:500} INFO - Filling up the DagBag from /home/airflow/.local/lib/python3.7/site-packages/airflow/example_dags/example_branch_operator.py
[2021-12-03 11:22:06,383] {processor.py:637} INFO - DAG(s) dict_keys(['example_branch_operator']) retrieved from /home/airflow/.local/lib/python3.7/site-packages/airflow/example_dags/example_branch_operator.py
[2021-12-03 11:22:06,397] {logging_mixin.py:109} INFO - [2021-12-03 11:22:06,397] {dag.py:2396} INFO - Sync 1 DAGs
[2021-12-03 11:22:06,418] {logging_mixin.py:109} INFO - [2021-12-03 11:22:06,418] {dag.py:2928} INFO - Setting next_dagrun for example_branch_operator to 2021-12-02 00:00:00+00:00
[2021-12-03 11:22:06,436] {processor.py:171} INFO - Processing /home/airflow/.local/lib/python3.7/site-packages/airflow/example_dags/example_branch_operator.py took 0.112 seconds
[2021-12-03 11:22:36,525] {processor.py:163} INFO - Started process (PID=448) to work on /home/airflow/.local/lib/python3.7/site-packages/airflow/example_dags/example_branch_operator.py
[2021-12-03 11:22:36,526] {processor.py:625} INFO - Processing file /home/airflow/.local/lib/python3.7/site-packages/airflow/example_dags/example_branch_operator.py for tasks to queue
[2021-12-03 11:22:36,527] {logging_mixin.py:109} INFO - [2021-12-03 11:22:36,527] {dagbag.py:500} INFO - Filling up the DagBag from /home/airflow/.local/lib/python3.7/site-packages/airflow/example_dags/example_branch_operator.py
[2021-12-03 11:22:36,561] {processor.py:637} INFO - DAG(s) dict_keys(['example_branch_operator']) retrieved from /home/airflow/.local/lib/python3.7/site-packages/airflow/example_dags/example_branch_operator.py
[2021-12-03 11:22:36,571] {logging_mixin.py:109} INFO - [2021-12-03 11:22:36,571] {dag.py:2396} INFO - Sync 1 DAGs
[2021-12-03 11:22:36,588] {logging_mixin.py:109} INFO - [2021-12-03 11:22:36,588] {dag.py:2928} INFO - Setting next_dagrun for example_branch_operator to 2021-12-02 00:00:00+00:00
[2021-12-03 11:22:36,616] {processor.py:171} INFO - Processing /home/airflow/.local/lib/python3.7/site-packages/airflow/example_dags/example_branch_operator.py took 0.095 seconds
[2021-12-03 11:23:06,724] {processor.py:163} INFO - Started process (PID=500) to work on /home/airflow/.local/lib/python3.7/site-packages/airflow/example_dags/example_branch_operator.py
[2021-12-03 11:23:06,726] {processor.py:625} INFO - Processing file /home/airflow/.local/lib/python3.7/site-packages/airflow/example_dags/example_branch_operator.py for tasks to queue
[2021-12-03 11:23:06,727] {logging_mixin.py:109} INFO - [2021-12-03 11:23:06,727] {dagbag.py:500} INFO - Filling up the DagBag from /home/airflow/.local/lib/python3.7/site-packages/airflow/example_dags/example_branch_operator.py
[2021-12-03 11:23:06,760] {processor.py:637} INFO - DAG(s) dict_keys(['example_branch_operator']) retrieved from /home/airflow/.local/lib/python3.7/site-packages/airflow/example_dags/example_branch_operator.py
[2021-12-03 11:23:06,772] {logging_mixin.py:109} INFO - [2021-12-03 11:23:06,771] {dag.py:2396} INFO - Sync 1 DAGs
[2021-12-03 11:23:06,789] {logging_mixin.py:109} INFO - [2021-12-03 11:23:06,789] {dag.py:2928} INFO - Setting next_dagrun for example_branch_operator to 2021-12-02 00:00:00+00:00
[2021-12-03 11:23:06,797] {processor.py:171} INFO - Processing /home/airflow/.local/lib/python3.7/site-packages/airflow/example_dags/example_branch_operator.py took 0.076 seconds
[2021-12-03 11:23:37,308] {processor.py:163} INFO - Started process (PID=563) to work on /home/airflow/.local/lib/python3.7/site-packages/airflow/example_dags/example_branch_operator.py
[2021-12-03 11:23:37,309] {processor.py:625} INFO - Processing file /home/airflow/.local/lib/python3.7/site-packages/airflow/example_dags/example_branch_operator.py for tasks to queue
[2021-12-03 11:23:37,310] {logging_mixin.py:109} INFO - [2021-12-03 11:23:37,310] {dagbag.py:500} INFO - Filling up the DagBag from /home/airflow/.local/lib/python3.7/site-packages/airflow/example_dags/example_branch_operator.py
[2021-12-03 11:23:37,357] {processor.py:637} INFO - DAG(s) dict_keys(['example_branch_operator']) retrieved from /home/airflow/.local/lib/python3.7/site-packages/airflow/example_dags/example_branch_operator.py
[2021-12-03 11:23:37,376] {logging_mixin.py:109} INFO - [2021-12-03 11:23:37,376] {dag.py:2396} INFO - Sync 1 DAGs
[2021-12-03 11:23:37,398] {logging_mixin.py:109} INFO - [2021-12-03 11:23:37,398] {dag.py:2928} INFO - Setting next_dagrun for example_branch_operator to 2021-12-02 00:00:00+00:00
[2021-12-03 11:23:37,409] {processor.py:171} INFO - Processing /home/airflow/.local/lib/python3.7/site-packages/airflow/example_dags/example_branch_operator.py took 0.105 seconds
[2021-12-03 11:24:08,015] {processor.py:163} INFO - Started process (PID=614) to work on /home/airflow/.local/lib/python3.7/site-packages/airflow/example_dags/example_branch_operator.py
[2021-12-03 11:24:08,017] {processor.py:625} INFO - Processing file /home/airflow/.local/lib/python3.7/site-packages/airflow/example_dags/example_branch_operator.py for tasks to queue
[2021-12-03 11:24:08,018] {logging_mixin.py:109} INFO - [2021-12-03 11:24:08,018] {dagbag.py:500} INFO - Filling up the DagBag from /home/airflow/.local/lib/python3.7/site-packages/airflow/example_dags/example_branch_operator.py
[2021-12-03 11:24:08,054] {processor.py:637} INFO - DAG(s) dict_keys(['example_branch_operator']) retrieved from /home/airflow/.local/lib/python3.7/site-packages/airflow/example_dags/example_branch_operator.py
[2021-12-03 11:24:08,069] {logging_mixin.py:109} INFO - [2021-12-03 11:24:08,069] {dag.py:2396} INFO - Sync 1 DAGs
[2021-12-03 11:24:08,094] {logging_mixin.py:109} INFO - [2021-12-03 11:24:08,094] {dag.py:2928} INFO - Setting next_dagrun for example_branch_operator to 2021-12-02 00:00:00+00:00
[2021-12-03 11:24:08,105] {processor.py:171} INFO - Processing /home/airflow/.local/lib/python3.7/site-packages/airflow/example_dags/example_branch_operator.py took 0.093 seconds
[2021-12-03 11:24:38,141] {processor.py:163} INFO - Started process (PID=665) to work on /home/airflow/.local/lib/python3.7/site-packages/airflow/example_dags/example_branch_operator.py
[2021-12-03 11:24:38,142] {processor.py:625} INFO - Processing file /home/airflow/.local/lib/python3.7/site-packages/airflow/example_dags/example_branch_operator.py for tasks to queue
[2021-12-03 11:24:38,143] {logging_mixin.py:109} INFO - [2021-12-03 11:24:38,143] {dagbag.py:500} INFO - Filling up the DagBag from /home/airflow/.local/lib/python3.7/site-packages/airflow/example_dags/example_branch_operator.py
[2021-12-03 11:24:38,177] {processor.py:637} INFO - DAG(s) dict_keys(['example_branch_operator']) retrieved from /home/airflow/.local/lib/python3.7/site-packages/airflow/example_dags/example_branch_operator.py
[2021-12-03 11:24:38,191] {logging_mixin.py:109} INFO - [2021-12-03 11:24:38,191] {dag.py:2396} INFO - Sync 1 DAGs
[2021-12-03 11:24:38,214] {logging_mixin.py:109} INFO - [2021-12-03 11:24:38,214] {dag.py:2928} INFO - Setting next_dagrun for example_branch_operator to 2021-12-02 00:00:00+00:00
[2021-12-03 11:24:38,226] {processor.py:171} INFO - Processing /home/airflow/.local/lib/python3.7/site-packages/airflow/example_dags/example_branch_operator.py took 0.088 seconds
[2021-12-03 11:25:08,712] {processor.py:163} INFO - Started process (PID=727) to work on /home/airflow/.local/lib/python3.7/site-packages/airflow/example_dags/example_branch_operator.py
[2021-12-03 11:25:08,716] {processor.py:625} INFO - Processing file /home/airflow/.local/lib/python3.7/site-packages/airflow/example_dags/example_branch_operator.py for tasks to queue
[2021-12-03 11:25:08,717] {logging_mixin.py:109} INFO - [2021-12-03 11:25:08,717] {dagbag.py:500} INFO - Filling up the DagBag from /home/airflow/.local/lib/python3.7/site-packages/airflow/example_dags/example_branch_operator.py
[2021-12-03 11:25:08,784] {processor.py:637} INFO - DAG(s) dict_keys(['example_branch_operator']) retrieved from /home/airflow/.local/lib/python3.7/site-packages/airflow/example_dags/example_branch_operator.py
[2021-12-03 11:25:08,795] {logging_mixin.py:109} INFO - [2021-12-03 11:25:08,795] {dag.py:2396} INFO - Sync 1 DAGs
[2021-12-03 11:25:08,818] {logging_mixin.py:109} INFO - [2021-12-03 11:25:08,818] {dag.py:2928} INFO - Setting next_dagrun for example_branch_operator to 2021-12-02 00:00:00+00:00
[2021-12-03 11:25:08,829] {processor.py:171} INFO - Processing /home/airflow/.local/lib/python3.7/site-packages/airflow/example_dags/example_branch_operator.py took 0.121 seconds
[2021-12-03 11:25:39,047] {processor.py:163} INFO - Started process (PID=780) to work on /home/airflow/.local/lib/python3.7/site-packages/airflow/example_dags/example_branch_operator.py
[2021-12-03 11:25:39,048] {processor.py:625} INFO - Processing file /home/airflow/.local/lib/python3.7/site-packages/airflow/example_dags/example_branch_operator.py for tasks to queue
[2021-12-03 11:25:39,049] {logging_mixin.py:109} INFO - [2021-12-03 11:25:39,049] {dagbag.py:500} INFO - Filling up the DagBag from /home/airflow/.local/lib/python3.7/site-packages/airflow/example_dags/example_branch_operator.py
[2021-12-03 11:25:39,082] {processor.py:637} INFO - DAG(s) dict_keys(['example_branch_operator']) retrieved from /home/airflow/.local/lib/python3.7/site-packages/airflow/example_dags/example_branch_operator.py
[2021-12-03 11:25:39,095] {logging_mixin.py:109} INFO - [2021-12-03 11:25:39,095] {dag.py:2396} INFO - Sync 1 DAGs
[2021-12-03 11:25:39,115] {logging_mixin.py:109} INFO - [2021-12-03 11:25:39,115] {dag.py:2928} INFO - Setting next_dagrun for example_branch_operator to 2021-12-02 00:00:00+00:00
[2021-12-03 11:25:39,126] {processor.py:171} INFO - Processing /home/airflow/.local/lib/python3.7/site-packages/airflow/example_dags/example_branch_operator.py took 0.082 seconds
[2021-12-03 11:26:09,837] {processor.py:163} INFO - Started process (PID=831) to work on /home/airflow/.local/lib/python3.7/site-packages/airflow/example_dags/example_branch_operator.py
[2021-12-03 11:26:09,841] {processor.py:625} INFO - Processing file /home/airflow/.local/lib/python3.7/site-packages/airflow/example_dags/example_branch_operator.py for tasks to queue
[2021-12-03 11:26:09,842] {logging_mixin.py:109} INFO - [2021-12-03 11:26:09,842] {dagbag.py:500} INFO - Filling up the DagBag from /home/airflow/.local/lib/python3.7/site-packages/airflow/example_dags/example_branch_operator.py
[2021-12-03 11:26:09,873] {processor.py:637} INFO - DAG(s) dict_keys(['example_branch_operator']) retrieved from /home/airflow/.local/lib/python3.7/site-packages/airflow/example_dags/example_branch_operator.py
[2021-12-03 11:26:09,889] {logging_mixin.py:109} INFO - [2021-12-03 11:26:09,888] {dag.py:2396} INFO - Sync 1 DAGs
[2021-12-03 11:26:09,912] {logging_mixin.py:109} INFO - [2021-12-03 11:26:09,912] {dag.py:2928} INFO - Setting next_dagrun for example_branch_operator to 2021-12-02 00:00:00+00:00
[2021-12-03 11:26:09,924] {processor.py:171} INFO - Processing /home/airflow/.local/lib/python3.7/site-packages/airflow/example_dags/example_branch_operator.py took 0.090 seconds
[2021-12-03 11:26:40,243] {processor.py:163} INFO - Started process (PID=891) to work on /home/airflow/.local/lib/python3.7/site-packages/airflow/example_dags/example_branch_operator.py
[2021-12-03 11:26:40,244] {processor.py:625} INFO - Processing file /home/airflow/.local/lib/python3.7/site-packages/airflow/example_dags/example_branch_operator.py for tasks to queue
[2021-12-03 11:26:40,245] {logging_mixin.py:109} INFO - [2021-12-03 11:26:40,245] {dagbag.py:500} INFO - Filling up the DagBag from /home/airflow/.local/lib/python3.7/site-packages/airflow/example_dags/example_branch_operator.py
[2021-12-03 11:26:40,282] {processor.py:637} INFO - DAG(s) dict_keys(['example_branch_operator']) retrieved from /home/airflow/.local/lib/python3.7/site-packages/airflow/example_dags/example_branch_operator.py
[2021-12-03 11:26:40,298] {logging_mixin.py:109} INFO - [2021-12-03 11:26:40,298] {dag.py:2396} INFO - Sync 1 DAGs
[2021-12-03 11:26:40,327] {logging_mixin.py:109} INFO - [2021-12-03 11:26:40,327] {dag.py:2928} INFO - Setting next_dagrun for example_branch_operator to 2021-12-02 00:00:00+00:00
[2021-12-03 11:26:40,436] {processor.py:171} INFO - Processing /home/airflow/.local/lib/python3.7/site-packages/airflow/example_dags/example_branch_operator.py took 0.197 seconds
[2021-12-03 11:27:10,571] {processor.py:163} INFO - Started process (PID=944) to work on /home/airflow/.local/lib/python3.7/site-packages/airflow/example_dags/example_branch_operator.py
[2021-12-03 11:27:10,573] {processor.py:625} INFO - Processing file /home/airflow/.local/lib/python3.7/site-packages/airflow/example_dags/example_branch_operator.py for tasks to queue
[2021-12-03 11:27:10,573] {logging_mixin.py:109} INFO - [2021-12-03 11:27:10,573] {dagbag.py:500} INFO - Filling up the DagBag from /home/airflow/.local/lib/python3.7/site-packages/airflow/example_dags/example_branch_operator.py
[2021-12-03 11:27:10,606] {processor.py:637} INFO - DAG(s) dict_keys(['example_branch_operator']) retrieved from /home/airflow/.local/lib/python3.7/site-packages/airflow/example_dags/example_branch_operator.py
[2021-12-03 11:27:10,621] {logging_mixin.py:109} INFO - [2021-12-03 11:27:10,621] {dag.py:2396} INFO - Sync 1 DAGs
[2021-12-03 11:27:10,755] {logging_mixin.py:109} INFO - [2021-12-03 11:27:10,755] {dag.py:2928} INFO - Setting next_dagrun for example_branch_operator to 2021-12-02 00:00:00+00:00
[2021-12-03 11:27:10,765] {processor.py:171} INFO - Processing /home/airflow/.local/lib/python3.7/site-packages/airflow/example_dags/example_branch_operator.py took 0.197 seconds
[2021-12-03 11:27:41,265] {processor.py:163} INFO - Started process (PID=995) to work on /home/airflow/.local/lib/python3.7/site-packages/airflow/example_dags/example_branch_operator.py
[2021-12-03 11:27:41,267] {processor.py:625} INFO - Processing file /home/airflow/.local/lib/python3.7/site-packages/airflow/example_dags/example_branch_operator.py for tasks to queue
[2021-12-03 11:27:41,267] {logging_mixin.py:109} INFO - [2021-12-03 11:27:41,267] {dagbag.py:500} INFO - Filling up the DagBag from /home/airflow/.local/lib/python3.7/site-packages/airflow/example_dags/example_branch_operator.py
[2021-12-03 11:27:41,305] {processor.py:637} INFO - DAG(s) dict_keys(['example_branch_operator']) retrieved from /home/airflow/.local/lib/python3.7/site-packages/airflow/example_dags/example_branch_operator.py
[2021-12-03 11:27:41,325] {logging_mixin.py:109} INFO - [2021-12-03 11:27:41,325] {dag.py:2396} INFO - Sync 1 DAGs
[2021-12-03 11:27:41,451] {logging_mixin.py:109} INFO - [2021-12-03 11:27:41,451] {dag.py:2928} INFO - Setting next_dagrun for example_branch_operator to 2021-12-02 00:00:00+00:00
[2021-12-03 11:27:41,463] {processor.py:171} INFO - Processing /home/airflow/.local/lib/python3.7/site-packages/airflow/example_dags/example_branch_operator.py took 0.201 seconds
[2021-12-03 11:28:11,693] {processor.py:163} INFO - Started process (PID=1056) to work on /home/airflow/.local/lib/python3.7/site-packages/airflow/example_dags/example_branch_operator.py
[2021-12-03 11:28:11,694] {processor.py:625} INFO - Processing file /home/airflow/.local/lib/python3.7/site-packages/airflow/example_dags/example_branch_operator.py for tasks to queue
[2021-12-03 11:28:11,694] {logging_mixin.py:109} INFO - [2021-12-03 11:28:11,694] {dagbag.py:500} INFO - Filling up the DagBag from /home/airflow/.local/lib/python3.7/site-packages/airflow/example_dags/example_branch_operator.py
[2021-12-03 11:28:11,724] {processor.py:637} INFO - DAG(s) dict_keys(['example_branch_operator']) retrieved from /home/airflow/.local/lib/python3.7/site-packages/airflow/example_dags/example_branch_operator.py
[2021-12-03 11:28:11,737] {logging_mixin.py:109} INFO - [2021-12-03 11:28:11,737] {dag.py:2396} INFO - Sync 1 DAGs
[2021-12-03 11:28:11,847] {logging_mixin.py:109} INFO - [2021-12-03 11:28:11,847] {dag.py:2928} INFO - Setting next_dagrun for example_branch_operator to 2021-12-02 00:00:00+00:00
[2021-12-03 11:28:11,858] {processor.py:171} INFO - Processing /home/airflow/.local/lib/python3.7/site-packages/airflow/example_dags/example_branch_operator.py took 0.169 seconds
[2021-12-03 11:28:42,111] {processor.py:163} INFO - Started process (PID=1107) to work on /home/airflow/.local/lib/python3.7/site-packages/airflow/example_dags/example_branch_operator.py
[2021-12-03 11:28:42,112] {processor.py:625} INFO - Processing file /home/airflow/.local/lib/python3.7/site-packages/airflow/example_dags/example_branch_operator.py for tasks to queue
[2021-12-03 11:28:42,113] {logging_mixin.py:109} INFO - [2021-12-03 11:28:42,113] {dagbag.py:500} INFO - Filling up the DagBag from /home/airflow/.local/lib/python3.7/site-packages/airflow/example_dags/example_branch_operator.py
[2021-12-03 11:28:42,147] {processor.py:637} INFO - DAG(s) dict_keys(['example_branch_operator']) retrieved from /home/airflow/.local/lib/python3.7/site-packages/airflow/example_dags/example_branch_operator.py
[2021-12-03 11:28:42,159] {logging_mixin.py:109} INFO - [2021-12-03 11:28:42,159] {dag.py:2396} INFO - Sync 1 DAGs
[2021-12-03 11:28:42,318] {logging_mixin.py:109} INFO - [2021-12-03 11:28:42,318] {dag.py:2928} INFO - Setting next_dagrun for example_branch_operator to 2021-12-02 00:00:00+00:00
[2021-12-03 11:28:42,329] {processor.py:171} INFO - Processing /home/airflow/.local/lib/python3.7/site-packages/airflow/example_dags/example_branch_operator.py took 0.222 seconds
[2021-12-03 11:29:12,413] {processor.py:163} INFO - Started process (PID=1170) to work on /home/airflow/.local/lib/python3.7/site-packages/airflow/example_dags/example_branch_operator.py
[2021-12-03 11:29:12,415] {processor.py:625} INFO - Processing file /home/airflow/.local/lib/python3.7/site-packages/airflow/example_dags/example_branch_operator.py for tasks to queue
[2021-12-03 11:29:12,416] {logging_mixin.py:109} INFO - [2021-12-03 11:29:12,416] {dagbag.py:500} INFO - Filling up the DagBag from /home/airflow/.local/lib/python3.7/site-packages/airflow/example_dags/example_branch_operator.py
[2021-12-03 11:29:12,443] {processor.py:637} INFO - DAG(s) dict_keys(['example_branch_operator']) retrieved from /home/airflow/.local/lib/python3.7/site-packages/airflow/example_dags/example_branch_operator.py
[2021-12-03 11:29:12,560] {logging_mixin.py:109} INFO - [2021-12-03 11:29:12,560] {dag.py:2396} INFO - Sync 1 DAGs
[2021-12-03 11:29:12,579] {logging_mixin.py:109} INFO - [2021-12-03 11:29:12,579] {dag.py:2928} INFO - Setting next_dagrun for example_branch_operator to 2021-12-02 00:00:00+00:00
[2021-12-03 11:29:12,590] {processor.py:171} INFO - Processing /home/airflow/.local/lib/python3.7/site-packages/airflow/example_dags/example_branch_operator.py took 0.180 seconds
[2021-12-03 11:30:49,446] {processor.py:163} INFO - Started process (PID=41) to work on /home/airflow/.local/lib/python3.7/site-packages/airflow/example_dags/example_branch_operator.py
[2021-12-03 11:30:49,458] {processor.py:625} INFO - Processing file /home/airflow/.local/lib/python3.7/site-packages/airflow/example_dags/example_branch_operator.py for tasks to queue
[2021-12-03 11:30:49,459] {logging_mixin.py:109} INFO - [2021-12-03 11:30:49,459] {dagbag.py:500} INFO - Filling up the DagBag from /home/airflow/.local/lib/python3.7/site-packages/airflow/example_dags/example_branch_operator.py
[2021-12-03 11:30:49,584] {processor.py:637} INFO - DAG(s) dict_keys(['example_branch_operator']) retrieved from /home/airflow/.local/lib/python3.7/site-packages/airflow/example_dags/example_branch_operator.py
[2021-12-03 11:30:49,632] {logging_mixin.py:109} INFO - [2021-12-03 11:30:49,631] {dag.py:2396} INFO - Sync 1 DAGs
[2021-12-03 11:30:49,706] {logging_mixin.py:109} INFO - [2021-12-03 11:30:49,706] {dag.py:2928} INFO - Setting next_dagrun for example_branch_operator to 2021-12-02 00:00:00+00:00
[2021-12-03 11:30:49,798] {processor.py:171} INFO - Processing /home/airflow/.local/lib/python3.7/site-packages/airflow/example_dags/example_branch_operator.py took 0.355 seconds
