[2021-12-03 11:21:20,634] {processor.py:163} INFO - Started process (PID=191) to work on /home/airflow/.local/lib/python3.7/site-packages/airflow/example_dags/example_external_task_marker_dag.py
[2021-12-03 11:21:20,634] {processor.py:625} INFO - Processing file /home/airflow/.local/lib/python3.7/site-packages/airflow/example_dags/example_external_task_marker_dag.py for tasks to queue
[2021-12-03 11:21:20,635] {logging_mixin.py:109} INFO - [2021-12-03 11:21:20,635] {dagbag.py:500} INFO - Filling up the DagBag from /home/airflow/.local/lib/python3.7/site-packages/airflow/example_dags/example_external_task_marker_dag.py
[2021-12-03 11:21:20,660] {processor.py:637} INFO - DAG(s) dict_keys(['example_external_task_marker_parent', 'example_external_task_marker_child']) retrieved from /home/airflow/.local/lib/python3.7/site-packages/airflow/example_dags/example_external_task_marker_dag.py
[2021-12-03 11:21:21,993] {logging_mixin.py:109} INFO - [2021-12-03 11:21:21,993] {providers_manager.py:156} WARNING - Exception when importing 'airflow.providers.google.leveldb.hooks.leveldb.LevelDBHook' from 'apache-airflow-providers-google' package: No module named 'plyvel'
[2021-12-03 11:21:22,480] {logging_mixin.py:109} INFO - [2021-12-03 11:21:22,480] {providers_manager.py:156} WARNING - Exception when importing 'airflow.providers.google.leveldb.hooks.leveldb.LevelDBHook' from 'apache-airflow-providers-google' package: No module named 'plyvel'
[2021-12-03 11:21:22,517] {logging_mixin.py:109} INFO - [2021-12-03 11:21:22,517] {manager.py:496} INFO - Created Permission View: can read on DAG:example_external_task_marker_parent
[2021-12-03 11:21:22,534] {logging_mixin.py:109} INFO - [2021-12-03 11:21:22,533] {manager.py:496} INFO - Created Permission View: can edit on DAG:example_external_task_marker_parent
[2021-12-03 11:21:22,569] {logging_mixin.py:109} INFO - [2021-12-03 11:21:22,569] {manager.py:496} INFO - Created Permission View: can read on DAG:example_external_task_marker_child
[2021-12-03 11:21:22,588] {logging_mixin.py:109} INFO - [2021-12-03 11:21:22,588] {manager.py:496} INFO - Created Permission View: can edit on DAG:example_external_task_marker_child
[2021-12-03 11:21:22,589] {logging_mixin.py:109} INFO - [2021-12-03 11:21:22,588] {dag.py:2396} INFO - Sync 2 DAGs
[2021-12-03 11:21:22,605] {logging_mixin.py:109} INFO - [2021-12-03 11:21:22,604] {dag.py:2415} INFO - Creating ORM DAG for example_external_task_marker_parent
[2021-12-03 11:21:22,606] {logging_mixin.py:109} INFO - [2021-12-03 11:21:22,606] {dag.py:2415} INFO - Creating ORM DAG for example_external_task_marker_child
[2021-12-03 11:21:22,624] {logging_mixin.py:109} INFO - [2021-12-03 11:21:22,624] {dag.py:2928} INFO - Setting next_dagrun for example_external_task_marker_child to None
[2021-12-03 11:21:22,625] {logging_mixin.py:109} INFO - [2021-12-03 11:21:22,625] {dag.py:2928} INFO - Setting next_dagrun for example_external_task_marker_parent to None
[2021-12-03 11:21:22,646] {processor.py:171} INFO - Processing /home/airflow/.local/lib/python3.7/site-packages/airflow/example_dags/example_external_task_marker_dag.py took 2.015 seconds
[2021-12-03 11:21:53,078] {processor.py:163} INFO - Started process (PID=375) to work on /home/airflow/.local/lib/python3.7/site-packages/airflow/example_dags/example_external_task_marker_dag.py
[2021-12-03 11:21:53,080] {processor.py:625} INFO - Processing file /home/airflow/.local/lib/python3.7/site-packages/airflow/example_dags/example_external_task_marker_dag.py for tasks to queue
[2021-12-03 11:21:53,081] {logging_mixin.py:109} INFO - [2021-12-03 11:21:53,080] {dagbag.py:500} INFO - Filling up the DagBag from /home/airflow/.local/lib/python3.7/site-packages/airflow/example_dags/example_external_task_marker_dag.py
[2021-12-03 11:21:53,117] {processor.py:637} INFO - DAG(s) dict_keys(['example_external_task_marker_parent', 'example_external_task_marker_child']) retrieved from /home/airflow/.local/lib/python3.7/site-packages/airflow/example_dags/example_external_task_marker_dag.py
[2021-12-03 11:21:53,135] {logging_mixin.py:109} INFO - [2021-12-03 11:21:53,134] {dag.py:2396} INFO - Sync 2 DAGs
[2021-12-03 11:21:53,158] {logging_mixin.py:109} INFO - [2021-12-03 11:21:53,158] {dag.py:2928} INFO - Setting next_dagrun for example_external_task_marker_child to None
[2021-12-03 11:21:53,159] {logging_mixin.py:109} INFO - [2021-12-03 11:21:53,159] {dag.py:2928} INFO - Setting next_dagrun for example_external_task_marker_parent to None
[2021-12-03 11:21:53,173] {processor.py:171} INFO - Processing /home/airflow/.local/lib/python3.7/site-packages/airflow/example_dags/example_external_task_marker_dag.py took 0.098 seconds
[2021-12-03 11:22:23,604] {processor.py:163} INFO - Started process (PID=426) to work on /home/airflow/.local/lib/python3.7/site-packages/airflow/example_dags/example_external_task_marker_dag.py
[2021-12-03 11:22:23,607] {processor.py:625} INFO - Processing file /home/airflow/.local/lib/python3.7/site-packages/airflow/example_dags/example_external_task_marker_dag.py for tasks to queue
[2021-12-03 11:22:23,608] {logging_mixin.py:109} INFO - [2021-12-03 11:22:23,608] {dagbag.py:500} INFO - Filling up the DagBag from /home/airflow/.local/lib/python3.7/site-packages/airflow/example_dags/example_external_task_marker_dag.py
[2021-12-03 11:22:23,646] {processor.py:637} INFO - DAG(s) dict_keys(['example_external_task_marker_parent', 'example_external_task_marker_child']) retrieved from /home/airflow/.local/lib/python3.7/site-packages/airflow/example_dags/example_external_task_marker_dag.py
[2021-12-03 11:22:23,661] {logging_mixin.py:109} INFO - [2021-12-03 11:22:23,661] {dag.py:2396} INFO - Sync 2 DAGs
[2021-12-03 11:22:23,679] {logging_mixin.py:109} INFO - [2021-12-03 11:22:23,679] {dag.py:2928} INFO - Setting next_dagrun for example_external_task_marker_child to None
[2021-12-03 11:22:23,679] {logging_mixin.py:109} INFO - [2021-12-03 11:22:23,679] {dag.py:2928} INFO - Setting next_dagrun for example_external_task_marker_parent to None
[2021-12-03 11:22:23,690] {processor.py:171} INFO - Processing /home/airflow/.local/lib/python3.7/site-packages/airflow/example_dags/example_external_task_marker_dag.py took 0.095 seconds
[2021-12-03 11:22:53,758] {processor.py:163} INFO - Started process (PID=478) to work on /home/airflow/.local/lib/python3.7/site-packages/airflow/example_dags/example_external_task_marker_dag.py
[2021-12-03 11:22:53,759] {processor.py:625} INFO - Processing file /home/airflow/.local/lib/python3.7/site-packages/airflow/example_dags/example_external_task_marker_dag.py for tasks to queue
[2021-12-03 11:22:53,760] {logging_mixin.py:109} INFO - [2021-12-03 11:22:53,760] {dagbag.py:500} INFO - Filling up the DagBag from /home/airflow/.local/lib/python3.7/site-packages/airflow/example_dags/example_external_task_marker_dag.py
[2021-12-03 11:22:53,790] {processor.py:637} INFO - DAG(s) dict_keys(['example_external_task_marker_parent', 'example_external_task_marker_child']) retrieved from /home/airflow/.local/lib/python3.7/site-packages/airflow/example_dags/example_external_task_marker_dag.py
[2021-12-03 11:22:53,810] {logging_mixin.py:109} INFO - [2021-12-03 11:22:53,810] {dag.py:2396} INFO - Sync 2 DAGs
[2021-12-03 11:22:53,831] {logging_mixin.py:109} INFO - [2021-12-03 11:22:53,831] {dag.py:2928} INFO - Setting next_dagrun for example_external_task_marker_child to None
[2021-12-03 11:22:53,832] {logging_mixin.py:109} INFO - [2021-12-03 11:22:53,832] {dag.py:2928} INFO - Setting next_dagrun for example_external_task_marker_parent to None
[2021-12-03 11:22:53,841] {processor.py:171} INFO - Processing /home/airflow/.local/lib/python3.7/site-packages/airflow/example_dags/example_external_task_marker_dag.py took 0.086 seconds
[2021-12-03 11:23:23,985] {processor.py:163} INFO - Started process (PID=542) to work on /home/airflow/.local/lib/python3.7/site-packages/airflow/example_dags/example_external_task_marker_dag.py
[2021-12-03 11:23:23,987] {processor.py:625} INFO - Processing file /home/airflow/.local/lib/python3.7/site-packages/airflow/example_dags/example_external_task_marker_dag.py for tasks to queue
[2021-12-03 11:23:23,987] {logging_mixin.py:109} INFO - [2021-12-03 11:23:23,987] {dagbag.py:500} INFO - Filling up the DagBag from /home/airflow/.local/lib/python3.7/site-packages/airflow/example_dags/example_external_task_marker_dag.py
[2021-12-03 11:23:24,017] {processor.py:637} INFO - DAG(s) dict_keys(['example_external_task_marker_parent', 'example_external_task_marker_child']) retrieved from /home/airflow/.local/lib/python3.7/site-packages/airflow/example_dags/example_external_task_marker_dag.py
[2021-12-03 11:23:24,031] {logging_mixin.py:109} INFO - [2021-12-03 11:23:24,031] {dag.py:2396} INFO - Sync 2 DAGs
[2021-12-03 11:23:24,050] {logging_mixin.py:109} INFO - [2021-12-03 11:23:24,050] {dag.py:2928} INFO - Setting next_dagrun for example_external_task_marker_child to None
[2021-12-03 11:23:24,051] {logging_mixin.py:109} INFO - [2021-12-03 11:23:24,051] {dag.py:2928} INFO - Setting next_dagrun for example_external_task_marker_parent to None
[2021-12-03 11:23:24,062] {processor.py:171} INFO - Processing /home/airflow/.local/lib/python3.7/site-packages/airflow/example_dags/example_external_task_marker_dag.py took 0.080 seconds
[2021-12-03 11:23:54,790] {processor.py:163} INFO - Started process (PID=593) to work on /home/airflow/.local/lib/python3.7/site-packages/airflow/example_dags/example_external_task_marker_dag.py
[2021-12-03 11:23:54,791] {processor.py:625} INFO - Processing file /home/airflow/.local/lib/python3.7/site-packages/airflow/example_dags/example_external_task_marker_dag.py for tasks to queue
[2021-12-03 11:23:54,792] {logging_mixin.py:109} INFO - [2021-12-03 11:23:54,792] {dagbag.py:500} INFO - Filling up the DagBag from /home/airflow/.local/lib/python3.7/site-packages/airflow/example_dags/example_external_task_marker_dag.py
[2021-12-03 11:23:54,829] {processor.py:637} INFO - DAG(s) dict_keys(['example_external_task_marker_parent', 'example_external_task_marker_child']) retrieved from /home/airflow/.local/lib/python3.7/site-packages/airflow/example_dags/example_external_task_marker_dag.py
[2021-12-03 11:23:54,849] {logging_mixin.py:109} INFO - [2021-12-03 11:23:54,848] {dag.py:2396} INFO - Sync 2 DAGs
[2021-12-03 11:23:54,872] {logging_mixin.py:109} INFO - [2021-12-03 11:23:54,871] {dag.py:2928} INFO - Setting next_dagrun for example_external_task_marker_child to None
[2021-12-03 11:23:54,872] {logging_mixin.py:109} INFO - [2021-12-03 11:23:54,872] {dag.py:2928} INFO - Setting next_dagrun for example_external_task_marker_parent to None
[2021-12-03 11:23:54,885] {processor.py:171} INFO - Processing /home/airflow/.local/lib/python3.7/site-packages/airflow/example_dags/example_external_task_marker_dag.py took 0.100 seconds
[2021-12-03 11:24:25,333] {processor.py:163} INFO - Started process (PID=644) to work on /home/airflow/.local/lib/python3.7/site-packages/airflow/example_dags/example_external_task_marker_dag.py
[2021-12-03 11:24:25,335] {processor.py:625} INFO - Processing file /home/airflow/.local/lib/python3.7/site-packages/airflow/example_dags/example_external_task_marker_dag.py for tasks to queue
[2021-12-03 11:24:25,335] {logging_mixin.py:109} INFO - [2021-12-03 11:24:25,335] {dagbag.py:500} INFO - Filling up the DagBag from /home/airflow/.local/lib/python3.7/site-packages/airflow/example_dags/example_external_task_marker_dag.py
[2021-12-03 11:24:25,373] {processor.py:637} INFO - DAG(s) dict_keys(['example_external_task_marker_parent', 'example_external_task_marker_child']) retrieved from /home/airflow/.local/lib/python3.7/site-packages/airflow/example_dags/example_external_task_marker_dag.py
[2021-12-03 11:24:25,394] {logging_mixin.py:109} INFO - [2021-12-03 11:24:25,394] {dag.py:2396} INFO - Sync 2 DAGs
[2021-12-03 11:24:25,416] {logging_mixin.py:109} INFO - [2021-12-03 11:24:25,416] {dag.py:2928} INFO - Setting next_dagrun for example_external_task_marker_child to None
[2021-12-03 11:24:25,417] {logging_mixin.py:109} INFO - [2021-12-03 11:24:25,417] {dag.py:2928} INFO - Setting next_dagrun for example_external_task_marker_parent to None
[2021-12-03 11:24:25,427] {processor.py:171} INFO - Processing /home/airflow/.local/lib/python3.7/site-packages/airflow/example_dags/example_external_task_marker_dag.py took 0.098 seconds
[2021-12-03 11:24:55,970] {processor.py:163} INFO - Started process (PID=705) to work on /home/airflow/.local/lib/python3.7/site-packages/airflow/example_dags/example_external_task_marker_dag.py
[2021-12-03 11:24:55,972] {processor.py:625} INFO - Processing file /home/airflow/.local/lib/python3.7/site-packages/airflow/example_dags/example_external_task_marker_dag.py for tasks to queue
[2021-12-03 11:24:55,974] {logging_mixin.py:109} INFO - [2021-12-03 11:24:55,974] {dagbag.py:500} INFO - Filling up the DagBag from /home/airflow/.local/lib/python3.7/site-packages/airflow/example_dags/example_external_task_marker_dag.py
[2021-12-03 11:24:56,039] {processor.py:637} INFO - DAG(s) dict_keys(['example_external_task_marker_parent', 'example_external_task_marker_child']) retrieved from /home/airflow/.local/lib/python3.7/site-packages/airflow/example_dags/example_external_task_marker_dag.py
[2021-12-03 11:24:56,062] {logging_mixin.py:109} INFO - [2021-12-03 11:24:56,062] {dag.py:2396} INFO - Sync 2 DAGs
[2021-12-03 11:24:56,089] {logging_mixin.py:109} INFO - [2021-12-03 11:24:56,089] {dag.py:2928} INFO - Setting next_dagrun for example_external_task_marker_child to None
[2021-12-03 11:24:56,090] {logging_mixin.py:109} INFO - [2021-12-03 11:24:56,090] {dag.py:2928} INFO - Setting next_dagrun for example_external_task_marker_parent to None
[2021-12-03 11:24:56,110] {processor.py:171} INFO - Processing /home/airflow/.local/lib/python3.7/site-packages/airflow/example_dags/example_external_task_marker_dag.py took 0.160 seconds
[2021-12-03 11:25:26,392] {processor.py:163} INFO - Started process (PID=757) to work on /home/airflow/.local/lib/python3.7/site-packages/airflow/example_dags/example_external_task_marker_dag.py
[2021-12-03 11:25:26,394] {processor.py:625} INFO - Processing file /home/airflow/.local/lib/python3.7/site-packages/airflow/example_dags/example_external_task_marker_dag.py for tasks to queue
[2021-12-03 11:25:26,394] {logging_mixin.py:109} INFO - [2021-12-03 11:25:26,394] {dagbag.py:500} INFO - Filling up the DagBag from /home/airflow/.local/lib/python3.7/site-packages/airflow/example_dags/example_external_task_marker_dag.py
[2021-12-03 11:25:26,427] {processor.py:637} INFO - DAG(s) dict_keys(['example_external_task_marker_parent', 'example_external_task_marker_child']) retrieved from /home/airflow/.local/lib/python3.7/site-packages/airflow/example_dags/example_external_task_marker_dag.py
[2021-12-03 11:25:26,443] {logging_mixin.py:109} INFO - [2021-12-03 11:25:26,443] {dag.py:2396} INFO - Sync 2 DAGs
[2021-12-03 11:25:26,488] {logging_mixin.py:109} INFO - [2021-12-03 11:25:26,487] {dag.py:2928} INFO - Setting next_dagrun for example_external_task_marker_child to None
[2021-12-03 11:25:26,488] {logging_mixin.py:109} INFO - [2021-12-03 11:25:26,488] {dag.py:2928} INFO - Setting next_dagrun for example_external_task_marker_parent to None
[2021-12-03 11:25:26,507] {processor.py:171} INFO - Processing /home/airflow/.local/lib/python3.7/site-packages/airflow/example_dags/example_external_task_marker_dag.py took 0.118 seconds
[2021-12-03 11:25:56,544] {processor.py:163} INFO - Started process (PID=809) to work on /home/airflow/.local/lib/python3.7/site-packages/airflow/example_dags/example_external_task_marker_dag.py
[2021-12-03 11:25:56,546] {processor.py:625} INFO - Processing file /home/airflow/.local/lib/python3.7/site-packages/airflow/example_dags/example_external_task_marker_dag.py for tasks to queue
[2021-12-03 11:25:56,546] {logging_mixin.py:109} INFO - [2021-12-03 11:25:56,546] {dagbag.py:500} INFO - Filling up the DagBag from /home/airflow/.local/lib/python3.7/site-packages/airflow/example_dags/example_external_task_marker_dag.py
[2021-12-03 11:25:56,575] {processor.py:637} INFO - DAG(s) dict_keys(['example_external_task_marker_parent', 'example_external_task_marker_child']) retrieved from /home/airflow/.local/lib/python3.7/site-packages/airflow/example_dags/example_external_task_marker_dag.py
[2021-12-03 11:25:56,593] {logging_mixin.py:109} INFO - [2021-12-03 11:25:56,593] {dag.py:2396} INFO - Sync 2 DAGs
[2021-12-03 11:25:56,617] {logging_mixin.py:109} INFO - [2021-12-03 11:25:56,617] {dag.py:2928} INFO - Setting next_dagrun for example_external_task_marker_child to None
[2021-12-03 11:25:56,617] {logging_mixin.py:109} INFO - [2021-12-03 11:25:56,617] {dag.py:2928} INFO - Setting next_dagrun for example_external_task_marker_parent to None
[2021-12-03 11:25:56,637] {processor.py:171} INFO - Processing /home/airflow/.local/lib/python3.7/site-packages/airflow/example_dags/example_external_task_marker_dag.py took 0.096 seconds
[2021-12-03 11:26:27,231] {processor.py:163} INFO - Started process (PID=869) to work on /home/airflow/.local/lib/python3.7/site-packages/airflow/example_dags/example_external_task_marker_dag.py
[2021-12-03 11:26:27,233] {processor.py:625} INFO - Processing file /home/airflow/.local/lib/python3.7/site-packages/airflow/example_dags/example_external_task_marker_dag.py for tasks to queue
[2021-12-03 11:26:27,234] {logging_mixin.py:109} INFO - [2021-12-03 11:26:27,234] {dagbag.py:500} INFO - Filling up the DagBag from /home/airflow/.local/lib/python3.7/site-packages/airflow/example_dags/example_external_task_marker_dag.py
[2021-12-03 11:26:27,282] {processor.py:637} INFO - DAG(s) dict_keys(['example_external_task_marker_parent', 'example_external_task_marker_child']) retrieved from /home/airflow/.local/lib/python3.7/site-packages/airflow/example_dags/example_external_task_marker_dag.py
[2021-12-03 11:26:27,302] {logging_mixin.py:109} INFO - [2021-12-03 11:26:27,302] {dag.py:2396} INFO - Sync 2 DAGs
[2021-12-03 11:26:27,324] {logging_mixin.py:109} INFO - [2021-12-03 11:26:27,324] {dag.py:2928} INFO - Setting next_dagrun for example_external_task_marker_child to None
[2021-12-03 11:26:27,324] {logging_mixin.py:109} INFO - [2021-12-03 11:26:27,324] {dag.py:2928} INFO - Setting next_dagrun for example_external_task_marker_parent to None
[2021-12-03 11:26:27,337] {processor.py:171} INFO - Processing /home/airflow/.local/lib/python3.7/site-packages/airflow/example_dags/example_external_task_marker_dag.py took 0.109 seconds
[2021-12-03 11:26:57,484] {processor.py:163} INFO - Started process (PID=922) to work on /home/airflow/.local/lib/python3.7/site-packages/airflow/example_dags/example_external_task_marker_dag.py
[2021-12-03 11:26:57,486] {processor.py:625} INFO - Processing file /home/airflow/.local/lib/python3.7/site-packages/airflow/example_dags/example_external_task_marker_dag.py for tasks to queue
[2021-12-03 11:26:57,487] {logging_mixin.py:109} INFO - [2021-12-03 11:26:57,487] {dagbag.py:500} INFO - Filling up the DagBag from /home/airflow/.local/lib/python3.7/site-packages/airflow/example_dags/example_external_task_marker_dag.py
[2021-12-03 11:26:57,518] {processor.py:637} INFO - DAG(s) dict_keys(['example_external_task_marker_parent', 'example_external_task_marker_child']) retrieved from /home/airflow/.local/lib/python3.7/site-packages/airflow/example_dags/example_external_task_marker_dag.py
[2021-12-03 11:26:57,532] {logging_mixin.py:109} INFO - [2021-12-03 11:26:57,532] {dag.py:2396} INFO - Sync 2 DAGs
[2021-12-03 11:26:57,552] {logging_mixin.py:109} INFO - [2021-12-03 11:26:57,551] {dag.py:2928} INFO - Setting next_dagrun for example_external_task_marker_child to None
[2021-12-03 11:26:57,552] {logging_mixin.py:109} INFO - [2021-12-03 11:26:57,552] {dag.py:2928} INFO - Setting next_dagrun for example_external_task_marker_parent to None
[2021-12-03 11:26:57,564] {processor.py:171} INFO - Processing /home/airflow/.local/lib/python3.7/site-packages/airflow/example_dags/example_external_task_marker_dag.py took 0.083 seconds
[2021-12-03 11:27:27,652] {processor.py:163} INFO - Started process (PID=973) to work on /home/airflow/.local/lib/python3.7/site-packages/airflow/example_dags/example_external_task_marker_dag.py
[2021-12-03 11:27:27,653] {processor.py:625} INFO - Processing file /home/airflow/.local/lib/python3.7/site-packages/airflow/example_dags/example_external_task_marker_dag.py for tasks to queue
[2021-12-03 11:27:27,654] {logging_mixin.py:109} INFO - [2021-12-03 11:27:27,654] {dagbag.py:500} INFO - Filling up the DagBag from /home/airflow/.local/lib/python3.7/site-packages/airflow/example_dags/example_external_task_marker_dag.py
[2021-12-03 11:27:27,684] {processor.py:637} INFO - DAG(s) dict_keys(['example_external_task_marker_parent', 'example_external_task_marker_child']) retrieved from /home/airflow/.local/lib/python3.7/site-packages/airflow/example_dags/example_external_task_marker_dag.py
[2021-12-03 11:27:27,707] {logging_mixin.py:109} INFO - [2021-12-03 11:27:27,707] {dag.py:2396} INFO - Sync 2 DAGs
[2021-12-03 11:27:27,727] {logging_mixin.py:109} INFO - [2021-12-03 11:27:27,727] {dag.py:2928} INFO - Setting next_dagrun for example_external_task_marker_child to None
[2021-12-03 11:27:27,728] {logging_mixin.py:109} INFO - [2021-12-03 11:27:27,728] {dag.py:2928} INFO - Setting next_dagrun for example_external_task_marker_parent to None
[2021-12-03 11:27:27,826] {processor.py:171} INFO - Processing /home/airflow/.local/lib/python3.7/site-packages/airflow/example_dags/example_external_task_marker_dag.py took 0.177 seconds
[2021-12-03 11:27:58,164] {processor.py:163} INFO - Started process (PID=1034) to work on /home/airflow/.local/lib/python3.7/site-packages/airflow/example_dags/example_external_task_marker_dag.py
[2021-12-03 11:27:58,166] {processor.py:625} INFO - Processing file /home/airflow/.local/lib/python3.7/site-packages/airflow/example_dags/example_external_task_marker_dag.py for tasks to queue
[2021-12-03 11:27:58,166] {logging_mixin.py:109} INFO - [2021-12-03 11:27:58,166] {dagbag.py:500} INFO - Filling up the DagBag from /home/airflow/.local/lib/python3.7/site-packages/airflow/example_dags/example_external_task_marker_dag.py
[2021-12-03 11:27:58,194] {processor.py:637} INFO - DAG(s) dict_keys(['example_external_task_marker_parent', 'example_external_task_marker_child']) retrieved from /home/airflow/.local/lib/python3.7/site-packages/airflow/example_dags/example_external_task_marker_dag.py
[2021-12-03 11:27:58,210] {logging_mixin.py:109} INFO - [2021-12-03 11:27:58,209] {dag.py:2396} INFO - Sync 2 DAGs
[2021-12-03 11:27:58,317] {logging_mixin.py:109} INFO - [2021-12-03 11:27:58,317] {dag.py:2928} INFO - Setting next_dagrun for example_external_task_marker_child to None
[2021-12-03 11:27:58,317] {logging_mixin.py:109} INFO - [2021-12-03 11:27:58,317] {dag.py:2928} INFO - Setting next_dagrun for example_external_task_marker_parent to None
[2021-12-03 11:27:58,327] {processor.py:171} INFO - Processing /home/airflow/.local/lib/python3.7/site-packages/airflow/example_dags/example_external_task_marker_dag.py took 0.166 seconds
[2021-12-03 11:28:28,609] {processor.py:163} INFO - Started process (PID=1085) to work on /home/airflow/.local/lib/python3.7/site-packages/airflow/example_dags/example_external_task_marker_dag.py
[2021-12-03 11:28:28,611] {processor.py:625} INFO - Processing file /home/airflow/.local/lib/python3.7/site-packages/airflow/example_dags/example_external_task_marker_dag.py for tasks to queue
[2021-12-03 11:28:28,612] {logging_mixin.py:109} INFO - [2021-12-03 11:28:28,612] {dagbag.py:500} INFO - Filling up the DagBag from /home/airflow/.local/lib/python3.7/site-packages/airflow/example_dags/example_external_task_marker_dag.py
[2021-12-03 11:28:28,643] {processor.py:637} INFO - DAG(s) dict_keys(['example_external_task_marker_parent', 'example_external_task_marker_child']) retrieved from /home/airflow/.local/lib/python3.7/site-packages/airflow/example_dags/example_external_task_marker_dag.py
[2021-12-03 11:28:28,659] {logging_mixin.py:109} INFO - [2021-12-03 11:28:28,659] {dag.py:2396} INFO - Sync 2 DAGs
[2021-12-03 11:28:28,773] {logging_mixin.py:109} INFO - [2021-12-03 11:28:28,773] {dag.py:2928} INFO - Setting next_dagrun for example_external_task_marker_child to None
[2021-12-03 11:28:28,773] {logging_mixin.py:109} INFO - [2021-12-03 11:28:28,773] {dag.py:2928} INFO - Setting next_dagrun for example_external_task_marker_parent to None
[2021-12-03 11:28:28,785] {processor.py:171} INFO - Processing /home/airflow/.local/lib/python3.7/site-packages/airflow/example_dags/example_external_task_marker_dag.py took 0.179 seconds
[2021-12-03 11:28:58,812] {processor.py:163} INFO - Started process (PID=1147) to work on /home/airflow/.local/lib/python3.7/site-packages/airflow/example_dags/example_external_task_marker_dag.py
[2021-12-03 11:28:58,813] {processor.py:625} INFO - Processing file /home/airflow/.local/lib/python3.7/site-packages/airflow/example_dags/example_external_task_marker_dag.py for tasks to queue
[2021-12-03 11:28:58,813] {logging_mixin.py:109} INFO - [2021-12-03 11:28:58,813] {dagbag.py:500} INFO - Filling up the DagBag from /home/airflow/.local/lib/python3.7/site-packages/airflow/example_dags/example_external_task_marker_dag.py
[2021-12-03 11:28:58,836] {processor.py:637} INFO - DAG(s) dict_keys(['example_external_task_marker_parent', 'example_external_task_marker_child']) retrieved from /home/airflow/.local/lib/python3.7/site-packages/airflow/example_dags/example_external_task_marker_dag.py
[2021-12-03 11:28:58,856] {logging_mixin.py:109} INFO - [2021-12-03 11:28:58,856] {dag.py:2396} INFO - Sync 2 DAGs
[2021-12-03 11:28:58,951] {logging_mixin.py:109} INFO - [2021-12-03 11:28:58,951] {dag.py:2928} INFO - Setting next_dagrun for example_external_task_marker_child to None
[2021-12-03 11:28:58,951] {logging_mixin.py:109} INFO - [2021-12-03 11:28:58,951] {dag.py:2928} INFO - Setting next_dagrun for example_external_task_marker_parent to None
[2021-12-03 11:28:58,959] {processor.py:171} INFO - Processing /home/airflow/.local/lib/python3.7/site-packages/airflow/example_dags/example_external_task_marker_dag.py took 0.150 seconds
[2021-12-03 11:29:29,196] {processor.py:163} INFO - Started process (PID=1199) to work on /home/airflow/.local/lib/python3.7/site-packages/airflow/example_dags/example_external_task_marker_dag.py
[2021-12-03 11:29:29,197] {processor.py:625} INFO - Processing file /home/airflow/.local/lib/python3.7/site-packages/airflow/example_dags/example_external_task_marker_dag.py for tasks to queue
[2021-12-03 11:29:29,198] {logging_mixin.py:109} INFO - [2021-12-03 11:29:29,198] {dagbag.py:500} INFO - Filling up the DagBag from /home/airflow/.local/lib/python3.7/site-packages/airflow/example_dags/example_external_task_marker_dag.py
[2021-12-03 11:29:29,235] {processor.py:637} INFO - DAG(s) dict_keys(['example_external_task_marker_parent', 'example_external_task_marker_child']) retrieved from /home/airflow/.local/lib/python3.7/site-packages/airflow/example_dags/example_external_task_marker_dag.py
[2021-12-03 11:29:29,256] {logging_mixin.py:109} INFO - [2021-12-03 11:29:29,256] {dag.py:2396} INFO - Sync 2 DAGs
[2021-12-03 11:29:29,375] {logging_mixin.py:109} INFO - [2021-12-03 11:29:29,375] {dag.py:2928} INFO - Setting next_dagrun for example_external_task_marker_child to None
[2021-12-03 11:29:29,375] {logging_mixin.py:109} INFO - [2021-12-03 11:29:29,375] {dag.py:2928} INFO - Setting next_dagrun for example_external_task_marker_parent to None
[2021-12-03 11:29:29,386] {processor.py:171} INFO - Processing /home/airflow/.local/lib/python3.7/site-packages/airflow/example_dags/example_external_task_marker_dag.py took 0.195 seconds
[2021-12-03 11:30:52,518] {processor.py:163} INFO - Started process (PID=57) to work on /home/airflow/.local/lib/python3.7/site-packages/airflow/example_dags/example_external_task_marker_dag.py
[2021-12-03 11:30:52,520] {processor.py:625} INFO - Processing file /home/airflow/.local/lib/python3.7/site-packages/airflow/example_dags/example_external_task_marker_dag.py for tasks to queue
[2021-12-03 11:30:52,520] {logging_mixin.py:109} INFO - [2021-12-03 11:30:52,520] {dagbag.py:500} INFO - Filling up the DagBag from /home/airflow/.local/lib/python3.7/site-packages/airflow/example_dags/example_external_task_marker_dag.py
[2021-12-03 11:30:52,561] {processor.py:637} INFO - DAG(s) dict_keys(['example_external_task_marker_parent', 'example_external_task_marker_child']) retrieved from /home/airflow/.local/lib/python3.7/site-packages/airflow/example_dags/example_external_task_marker_dag.py
[2021-12-03 11:30:52,580] {logging_mixin.py:109} INFO - [2021-12-03 11:30:52,580] {dag.py:2396} INFO - Sync 2 DAGs
[2021-12-03 11:30:52,603] {logging_mixin.py:109} INFO - [2021-12-03 11:30:52,603] {dag.py:2928} INFO - Setting next_dagrun for example_external_task_marker_child to None
[2021-12-03 11:30:52,604] {logging_mixin.py:109} INFO - [2021-12-03 11:30:52,604] {dag.py:2928} INFO - Setting next_dagrun for example_external_task_marker_parent to None
[2021-12-03 11:30:52,626] {processor.py:171} INFO - Processing /home/airflow/.local/lib/python3.7/site-packages/airflow/example_dags/example_external_task_marker_dag.py took 0.111 seconds
