[2021-12-03 11:21:04,466] {processor.py:163} INFO - Started process (PID=56) to work on /home/airflow/.local/lib/python3.7/site-packages/airflow/example_dags/example_complex.py
[2021-12-03 11:21:04,468] {processor.py:625} INFO - Processing file /home/airflow/.local/lib/python3.7/site-packages/airflow/example_dags/example_complex.py for tasks to queue
[2021-12-03 11:21:04,468] {logging_mixin.py:109} INFO - [2021-12-03 11:21:04,468] {dagbag.py:500} INFO - Filling up the DagBag from /home/airflow/.local/lib/python3.7/site-packages/airflow/example_dags/example_complex.py
[2021-12-03 11:21:04,510] {processor.py:637} INFO - DAG(s) dict_keys(['example_complex']) retrieved from /home/airflow/.local/lib/python3.7/site-packages/airflow/example_dags/example_complex.py
[2021-12-03 11:21:05,957] {logging_mixin.py:109} INFO - [2021-12-03 11:21:05,957] {providers_manager.py:156} WARNING - Exception when importing 'airflow.providers.google.leveldb.hooks.leveldb.LevelDBHook' from 'apache-airflow-providers-google' package: No module named 'plyvel'
[2021-12-03 11:21:06,356] {logging_mixin.py:109} INFO - [2021-12-03 11:21:06,356] {providers_manager.py:156} WARNING - Exception when importing 'airflow.providers.google.leveldb.hooks.leveldb.LevelDBHook' from 'apache-airflow-providers-google' package: No module named 'plyvel'
[2021-12-03 11:21:06,387] {logging_mixin.py:109} INFO - [2021-12-03 11:21:06,386] {manager.py:496} INFO - Created Permission View: can read on DAG:example_complex
[2021-12-03 11:21:06,395] {logging_mixin.py:109} INFO - [2021-12-03 11:21:06,395] {manager.py:496} INFO - Created Permission View: can edit on DAG:example_complex
[2021-12-03 11:21:06,396] {logging_mixin.py:109} INFO - [2021-12-03 11:21:06,395] {dag.py:2396} INFO - Sync 1 DAGs
[2021-12-03 11:21:06,406] {logging_mixin.py:109} INFO - [2021-12-03 11:21:06,406] {dag.py:2415} INFO - Creating ORM DAG for example_complex
[2021-12-03 11:21:06,416] {logging_mixin.py:109} INFO - [2021-12-03 11:21:06,416] {dag.py:2928} INFO - Setting next_dagrun for example_complex to None
[2021-12-03 11:21:06,431] {processor.py:171} INFO - Processing /home/airflow/.local/lib/python3.7/site-packages/airflow/example_dags/example_complex.py took 1.968 seconds
[2021-12-03 11:21:36,513] {processor.py:163} INFO - Started process (PID=342) to work on /home/airflow/.local/lib/python3.7/site-packages/airflow/example_dags/example_complex.py
[2021-12-03 11:21:36,514] {processor.py:625} INFO - Processing file /home/airflow/.local/lib/python3.7/site-packages/airflow/example_dags/example_complex.py for tasks to queue
[2021-12-03 11:21:36,515] {logging_mixin.py:109} INFO - [2021-12-03 11:21:36,515] {dagbag.py:500} INFO - Filling up the DagBag from /home/airflow/.local/lib/python3.7/site-packages/airflow/example_dags/example_complex.py
[2021-12-03 11:21:36,549] {processor.py:637} INFO - DAG(s) dict_keys(['example_complex']) retrieved from /home/airflow/.local/lib/python3.7/site-packages/airflow/example_dags/example_complex.py
[2021-12-03 11:21:36,564] {logging_mixin.py:109} INFO - [2021-12-03 11:21:36,564] {dag.py:2396} INFO - Sync 1 DAGs
[2021-12-03 11:21:36,580] {logging_mixin.py:109} INFO - [2021-12-03 11:21:36,580] {dag.py:2928} INFO - Setting next_dagrun for example_complex to None
[2021-12-03 11:21:36,589] {processor.py:171} INFO - Processing /home/airflow/.local/lib/python3.7/site-packages/airflow/example_dags/example_complex.py took 0.078 seconds
[2021-12-03 11:22:06,986] {processor.py:163} INFO - Started process (PID=402) to work on /home/airflow/.local/lib/python3.7/site-packages/airflow/example_dags/example_complex.py
[2021-12-03 11:22:06,987] {processor.py:625} INFO - Processing file /home/airflow/.local/lib/python3.7/site-packages/airflow/example_dags/example_complex.py for tasks to queue
[2021-12-03 11:22:06,989] {logging_mixin.py:109} INFO - [2021-12-03 11:22:06,988] {dagbag.py:500} INFO - Filling up the DagBag from /home/airflow/.local/lib/python3.7/site-packages/airflow/example_dags/example_complex.py
[2021-12-03 11:22:07,054] {processor.py:637} INFO - DAG(s) dict_keys(['example_complex']) retrieved from /home/airflow/.local/lib/python3.7/site-packages/airflow/example_dags/example_complex.py
[2021-12-03 11:22:07,087] {logging_mixin.py:109} INFO - [2021-12-03 11:22:07,087] {dag.py:2396} INFO - Sync 1 DAGs
[2021-12-03 11:22:07,110] {logging_mixin.py:109} INFO - [2021-12-03 11:22:07,110] {dag.py:2928} INFO - Setting next_dagrun for example_complex to None
[2021-12-03 11:22:07,124] {processor.py:171} INFO - Processing /home/airflow/.local/lib/python3.7/site-packages/airflow/example_dags/example_complex.py took 0.142 seconds
[2021-12-03 11:22:37,545] {processor.py:163} INFO - Started process (PID=451) to work on /home/airflow/.local/lib/python3.7/site-packages/airflow/example_dags/example_complex.py
[2021-12-03 11:22:37,546] {processor.py:625} INFO - Processing file /home/airflow/.local/lib/python3.7/site-packages/airflow/example_dags/example_complex.py for tasks to queue
[2021-12-03 11:22:37,547] {logging_mixin.py:109} INFO - [2021-12-03 11:22:37,547] {dagbag.py:500} INFO - Filling up the DagBag from /home/airflow/.local/lib/python3.7/site-packages/airflow/example_dags/example_complex.py
[2021-12-03 11:22:37,586] {processor.py:637} INFO - DAG(s) dict_keys(['example_complex']) retrieved from /home/airflow/.local/lib/python3.7/site-packages/airflow/example_dags/example_complex.py
[2021-12-03 11:22:37,600] {logging_mixin.py:109} INFO - [2021-12-03 11:22:37,600] {dag.py:2396} INFO - Sync 1 DAGs
[2021-12-03 11:22:37,614] {logging_mixin.py:109} INFO - [2021-12-03 11:22:37,614] {dag.py:2928} INFO - Setting next_dagrun for example_complex to None
[2021-12-03 11:22:37,667] {processor.py:171} INFO - Processing /home/airflow/.local/lib/python3.7/site-packages/airflow/example_dags/example_complex.py took 0.125 seconds
[2021-12-03 11:23:07,816] {processor.py:163} INFO - Started process (PID=502) to work on /home/airflow/.local/lib/python3.7/site-packages/airflow/example_dags/example_complex.py
[2021-12-03 11:23:07,817] {processor.py:625} INFO - Processing file /home/airflow/.local/lib/python3.7/site-packages/airflow/example_dags/example_complex.py for tasks to queue
[2021-12-03 11:23:07,818] {logging_mixin.py:109} INFO - [2021-12-03 11:23:07,818] {dagbag.py:500} INFO - Filling up the DagBag from /home/airflow/.local/lib/python3.7/site-packages/airflow/example_dags/example_complex.py
[2021-12-03 11:23:07,865] {processor.py:637} INFO - DAG(s) dict_keys(['example_complex']) retrieved from /home/airflow/.local/lib/python3.7/site-packages/airflow/example_dags/example_complex.py
[2021-12-03 11:23:07,889] {logging_mixin.py:109} INFO - [2021-12-03 11:23:07,889] {dag.py:2396} INFO - Sync 1 DAGs
[2021-12-03 11:23:07,910] {logging_mixin.py:109} INFO - [2021-12-03 11:23:07,910] {dag.py:2928} INFO - Setting next_dagrun for example_complex to None
[2021-12-03 11:23:07,922] {processor.py:171} INFO - Processing /home/airflow/.local/lib/python3.7/site-packages/airflow/example_dags/example_complex.py took 0.109 seconds
[2021-12-03 11:23:38,429] {processor.py:163} INFO - Started process (PID=565) to work on /home/airflow/.local/lib/python3.7/site-packages/airflow/example_dags/example_complex.py
[2021-12-03 11:23:38,430] {processor.py:625} INFO - Processing file /home/airflow/.local/lib/python3.7/site-packages/airflow/example_dags/example_complex.py for tasks to queue
[2021-12-03 11:23:38,431] {logging_mixin.py:109} INFO - [2021-12-03 11:23:38,431] {dagbag.py:500} INFO - Filling up the DagBag from /home/airflow/.local/lib/python3.7/site-packages/airflow/example_dags/example_complex.py
[2021-12-03 11:23:38,481] {processor.py:637} INFO - DAG(s) dict_keys(['example_complex']) retrieved from /home/airflow/.local/lib/python3.7/site-packages/airflow/example_dags/example_complex.py
[2021-12-03 11:23:38,500] {logging_mixin.py:109} INFO - [2021-12-03 11:23:38,499] {dag.py:2396} INFO - Sync 1 DAGs
[2021-12-03 11:23:38,520] {logging_mixin.py:109} INFO - [2021-12-03 11:23:38,520] {dag.py:2928} INFO - Setting next_dagrun for example_complex to None
[2021-12-03 11:23:38,531] {processor.py:171} INFO - Processing /home/airflow/.local/lib/python3.7/site-packages/airflow/example_dags/example_complex.py took 0.105 seconds
[2021-12-03 11:24:09,128] {processor.py:163} INFO - Started process (PID=616) to work on /home/airflow/.local/lib/python3.7/site-packages/airflow/example_dags/example_complex.py
[2021-12-03 11:24:09,129] {processor.py:625} INFO - Processing file /home/airflow/.local/lib/python3.7/site-packages/airflow/example_dags/example_complex.py for tasks to queue
[2021-12-03 11:24:09,130] {logging_mixin.py:109} INFO - [2021-12-03 11:24:09,130] {dagbag.py:500} INFO - Filling up the DagBag from /home/airflow/.local/lib/python3.7/site-packages/airflow/example_dags/example_complex.py
[2021-12-03 11:24:09,168] {processor.py:637} INFO - DAG(s) dict_keys(['example_complex']) retrieved from /home/airflow/.local/lib/python3.7/site-packages/airflow/example_dags/example_complex.py
[2021-12-03 11:24:09,187] {logging_mixin.py:109} INFO - [2021-12-03 11:24:09,187] {dag.py:2396} INFO - Sync 1 DAGs
[2021-12-03 11:24:09,207] {logging_mixin.py:109} INFO - [2021-12-03 11:24:09,206] {dag.py:2928} INFO - Setting next_dagrun for example_complex to None
[2021-12-03 11:24:09,217] {processor.py:171} INFO - Processing /home/airflow/.local/lib/python3.7/site-packages/airflow/example_dags/example_complex.py took 0.092 seconds
[2021-12-03 11:24:39,247] {processor.py:163} INFO - Started process (PID=667) to work on /home/airflow/.local/lib/python3.7/site-packages/airflow/example_dags/example_complex.py
[2021-12-03 11:24:39,248] {processor.py:625} INFO - Processing file /home/airflow/.local/lib/python3.7/site-packages/airflow/example_dags/example_complex.py for tasks to queue
[2021-12-03 11:24:39,249] {logging_mixin.py:109} INFO - [2021-12-03 11:24:39,249] {dagbag.py:500} INFO - Filling up the DagBag from /home/airflow/.local/lib/python3.7/site-packages/airflow/example_dags/example_complex.py
[2021-12-03 11:24:39,285] {processor.py:637} INFO - DAG(s) dict_keys(['example_complex']) retrieved from /home/airflow/.local/lib/python3.7/site-packages/airflow/example_dags/example_complex.py
[2021-12-03 11:24:39,303] {logging_mixin.py:109} INFO - [2021-12-03 11:24:39,303] {dag.py:2396} INFO - Sync 1 DAGs
[2021-12-03 11:24:39,320] {logging_mixin.py:109} INFO - [2021-12-03 11:24:39,320] {dag.py:2928} INFO - Setting next_dagrun for example_complex to None
[2021-12-03 11:24:39,331] {processor.py:171} INFO - Processing /home/airflow/.local/lib/python3.7/site-packages/airflow/example_dags/example_complex.py took 0.087 seconds
[2021-12-03 11:25:09,855] {processor.py:163} INFO - Started process (PID=729) to work on /home/airflow/.local/lib/python3.7/site-packages/airflow/example_dags/example_complex.py
[2021-12-03 11:25:09,857] {processor.py:625} INFO - Processing file /home/airflow/.local/lib/python3.7/site-packages/airflow/example_dags/example_complex.py for tasks to queue
[2021-12-03 11:25:09,858] {logging_mixin.py:109} INFO - [2021-12-03 11:25:09,858] {dagbag.py:500} INFO - Filling up the DagBag from /home/airflow/.local/lib/python3.7/site-packages/airflow/example_dags/example_complex.py
[2021-12-03 11:25:09,913] {processor.py:637} INFO - DAG(s) dict_keys(['example_complex']) retrieved from /home/airflow/.local/lib/python3.7/site-packages/airflow/example_dags/example_complex.py
[2021-12-03 11:25:09,944] {logging_mixin.py:109} INFO - [2021-12-03 11:25:09,943] {dag.py:2396} INFO - Sync 1 DAGs
[2021-12-03 11:25:09,977] {logging_mixin.py:109} INFO - [2021-12-03 11:25:09,977] {dag.py:2928} INFO - Setting next_dagrun for example_complex to None
[2021-12-03 11:25:09,992] {processor.py:171} INFO - Processing /home/airflow/.local/lib/python3.7/site-packages/airflow/example_dags/example_complex.py took 0.141 seconds
[2021-12-03 11:25:40,148] {processor.py:163} INFO - Started process (PID=782) to work on /home/airflow/.local/lib/python3.7/site-packages/airflow/example_dags/example_complex.py
[2021-12-03 11:25:40,149] {processor.py:625} INFO - Processing file /home/airflow/.local/lib/python3.7/site-packages/airflow/example_dags/example_complex.py for tasks to queue
[2021-12-03 11:25:40,150] {logging_mixin.py:109} INFO - [2021-12-03 11:25:40,150] {dagbag.py:500} INFO - Filling up the DagBag from /home/airflow/.local/lib/python3.7/site-packages/airflow/example_dags/example_complex.py
[2021-12-03 11:25:40,201] {processor.py:637} INFO - DAG(s) dict_keys(['example_complex']) retrieved from /home/airflow/.local/lib/python3.7/site-packages/airflow/example_dags/example_complex.py
[2021-12-03 11:25:40,226] {logging_mixin.py:109} INFO - [2021-12-03 11:25:40,226] {dag.py:2396} INFO - Sync 1 DAGs
[2021-12-03 11:25:40,253] {logging_mixin.py:109} INFO - [2021-12-03 11:25:40,253] {dag.py:2928} INFO - Setting next_dagrun for example_complex to None
[2021-12-03 11:25:40,267] {processor.py:171} INFO - Processing /home/airflow/.local/lib/python3.7/site-packages/airflow/example_dags/example_complex.py took 0.123 seconds
[2021-12-03 11:26:10,859] {processor.py:163} INFO - Started process (PID=833) to work on /home/airflow/.local/lib/python3.7/site-packages/airflow/example_dags/example_complex.py
[2021-12-03 11:26:10,861] {processor.py:625} INFO - Processing file /home/airflow/.local/lib/python3.7/site-packages/airflow/example_dags/example_complex.py for tasks to queue
[2021-12-03 11:26:10,861] {logging_mixin.py:109} INFO - [2021-12-03 11:26:10,861] {dagbag.py:500} INFO - Filling up the DagBag from /home/airflow/.local/lib/python3.7/site-packages/airflow/example_dags/example_complex.py
[2021-12-03 11:26:10,897] {processor.py:637} INFO - DAG(s) dict_keys(['example_complex']) retrieved from /home/airflow/.local/lib/python3.7/site-packages/airflow/example_dags/example_complex.py
[2021-12-03 11:26:10,921] {logging_mixin.py:109} INFO - [2021-12-03 11:26:10,920] {dag.py:2396} INFO - Sync 1 DAGs
[2021-12-03 11:26:11,058] {logging_mixin.py:109} INFO - [2021-12-03 11:26:11,057] {dag.py:2928} INFO - Setting next_dagrun for example_complex to None
[2021-12-03 11:26:11,069] {processor.py:171} INFO - Processing /home/airflow/.local/lib/python3.7/site-packages/airflow/example_dags/example_complex.py took 0.213 seconds
[2021-12-03 11:26:41,364] {processor.py:163} INFO - Started process (PID=893) to work on /home/airflow/.local/lib/python3.7/site-packages/airflow/example_dags/example_complex.py
[2021-12-03 11:26:41,366] {processor.py:625} INFO - Processing file /home/airflow/.local/lib/python3.7/site-packages/airflow/example_dags/example_complex.py for tasks to queue
[2021-12-03 11:26:41,366] {logging_mixin.py:109} INFO - [2021-12-03 11:26:41,366] {dagbag.py:500} INFO - Filling up the DagBag from /home/airflow/.local/lib/python3.7/site-packages/airflow/example_dags/example_complex.py
[2021-12-03 11:26:41,405] {processor.py:637} INFO - DAG(s) dict_keys(['example_complex']) retrieved from /home/airflow/.local/lib/python3.7/site-packages/airflow/example_dags/example_complex.py
[2021-12-03 11:26:41,425] {logging_mixin.py:109} INFO - [2021-12-03 11:26:41,425] {dag.py:2396} INFO - Sync 1 DAGs
[2021-12-03 11:26:41,532] {logging_mixin.py:109} INFO - [2021-12-03 11:26:41,532] {dag.py:2928} INFO - Setting next_dagrun for example_complex to None
[2021-12-03 11:26:41,543] {processor.py:171} INFO - Processing /home/airflow/.local/lib/python3.7/site-packages/airflow/example_dags/example_complex.py took 0.182 seconds
[2021-12-03 11:27:11,766] {processor.py:163} INFO - Started process (PID=946) to work on /home/airflow/.local/lib/python3.7/site-packages/airflow/example_dags/example_complex.py
[2021-12-03 11:27:11,767] {processor.py:625} INFO - Processing file /home/airflow/.local/lib/python3.7/site-packages/airflow/example_dags/example_complex.py for tasks to queue
[2021-12-03 11:27:11,768] {logging_mixin.py:109} INFO - [2021-12-03 11:27:11,767] {dagbag.py:500} INFO - Filling up the DagBag from /home/airflow/.local/lib/python3.7/site-packages/airflow/example_dags/example_complex.py
[2021-12-03 11:27:11,808] {processor.py:637} INFO - DAG(s) dict_keys(['example_complex']) retrieved from /home/airflow/.local/lib/python3.7/site-packages/airflow/example_dags/example_complex.py
[2021-12-03 11:27:11,917] {logging_mixin.py:109} INFO - [2021-12-03 11:27:11,917] {dag.py:2396} INFO - Sync 1 DAGs
[2021-12-03 11:27:11,934] {logging_mixin.py:109} INFO - [2021-12-03 11:27:11,934] {dag.py:2928} INFO - Setting next_dagrun for example_complex to None
[2021-12-03 11:27:11,944] {processor.py:171} INFO - Processing /home/airflow/.local/lib/python3.7/site-packages/airflow/example_dags/example_complex.py took 0.182 seconds
[2021-12-03 11:27:42,486] {processor.py:163} INFO - Started process (PID=1007) to work on /home/airflow/.local/lib/python3.7/site-packages/airflow/example_dags/example_complex.py
[2021-12-03 11:27:42,488] {processor.py:625} INFO - Processing file /home/airflow/.local/lib/python3.7/site-packages/airflow/example_dags/example_complex.py for tasks to queue
[2021-12-03 11:27:42,488] {logging_mixin.py:109} INFO - [2021-12-03 11:27:42,488] {dagbag.py:500} INFO - Filling up the DagBag from /home/airflow/.local/lib/python3.7/site-packages/airflow/example_dags/example_complex.py
[2021-12-03 11:27:42,529] {processor.py:637} INFO - DAG(s) dict_keys(['example_complex']) retrieved from /home/airflow/.local/lib/python3.7/site-packages/airflow/example_dags/example_complex.py
[2021-12-03 11:27:42,633] {logging_mixin.py:109} INFO - [2021-12-03 11:27:42,632] {dag.py:2396} INFO - Sync 1 DAGs
[2021-12-03 11:27:42,649] {logging_mixin.py:109} INFO - [2021-12-03 11:27:42,649] {dag.py:2928} INFO - Setting next_dagrun for example_complex to None
[2021-12-03 11:27:42,659] {processor.py:171} INFO - Processing /home/airflow/.local/lib/python3.7/site-packages/airflow/example_dags/example_complex.py took 0.176 seconds
[2021-12-03 11:28:12,884] {processor.py:163} INFO - Started process (PID=1058) to work on /home/airflow/.local/lib/python3.7/site-packages/airflow/example_dags/example_complex.py
[2021-12-03 11:28:12,885] {processor.py:625} INFO - Processing file /home/airflow/.local/lib/python3.7/site-packages/airflow/example_dags/example_complex.py for tasks to queue
[2021-12-03 11:28:12,885] {logging_mixin.py:109} INFO - [2021-12-03 11:28:12,885] {dagbag.py:500} INFO - Filling up the DagBag from /home/airflow/.local/lib/python3.7/site-packages/airflow/example_dags/example_complex.py
[2021-12-03 11:28:12,927] {processor.py:637} INFO - DAG(s) dict_keys(['example_complex']) retrieved from /home/airflow/.local/lib/python3.7/site-packages/airflow/example_dags/example_complex.py
[2021-12-03 11:28:13,032] {logging_mixin.py:109} INFO - [2021-12-03 11:28:13,031] {dag.py:2396} INFO - Sync 1 DAGs
[2021-12-03 11:28:13,047] {logging_mixin.py:109} INFO - [2021-12-03 11:28:13,047] {dag.py:2928} INFO - Setting next_dagrun for example_complex to None
[2021-12-03 11:28:13,056] {processor.py:171} INFO - Processing /home/airflow/.local/lib/python3.7/site-packages/airflow/example_dags/example_complex.py took 0.176 seconds
[2021-12-03 11:28:43,122] {processor.py:163} INFO - Started process (PID=1109) to work on /home/airflow/.local/lib/python3.7/site-packages/airflow/example_dags/example_complex.py
[2021-12-03 11:28:43,123] {processor.py:625} INFO - Processing file /home/airflow/.local/lib/python3.7/site-packages/airflow/example_dags/example_complex.py for tasks to queue
[2021-12-03 11:28:43,124] {logging_mixin.py:109} INFO - [2021-12-03 11:28:43,124] {dagbag.py:500} INFO - Filling up the DagBag from /home/airflow/.local/lib/python3.7/site-packages/airflow/example_dags/example_complex.py
[2021-12-03 11:28:43,238] {processor.py:637} INFO - DAG(s) dict_keys(['example_complex']) retrieved from /home/airflow/.local/lib/python3.7/site-packages/airflow/example_dags/example_complex.py
[2021-12-03 11:28:43,254] {logging_mixin.py:109} INFO - [2021-12-03 11:28:43,254] {dag.py:2396} INFO - Sync 1 DAGs
[2021-12-03 11:28:43,269] {logging_mixin.py:109} INFO - [2021-12-03 11:28:43,269] {dag.py:2928} INFO - Setting next_dagrun for example_complex to None
[2021-12-03 11:28:43,277] {processor.py:171} INFO - Processing /home/airflow/.local/lib/python3.7/site-packages/airflow/example_dags/example_complex.py took 0.157 seconds
[2021-12-03 11:29:13,425] {processor.py:163} INFO - Started process (PID=1172) to work on /home/airflow/.local/lib/python3.7/site-packages/airflow/example_dags/example_complex.py
[2021-12-03 11:29:13,426] {processor.py:625} INFO - Processing file /home/airflow/.local/lib/python3.7/site-packages/airflow/example_dags/example_complex.py for tasks to queue
[2021-12-03 11:29:13,427] {logging_mixin.py:109} INFO - [2021-12-03 11:29:13,427] {dagbag.py:500} INFO - Filling up the DagBag from /home/airflow/.local/lib/python3.7/site-packages/airflow/example_dags/example_complex.py
[2021-12-03 11:29:13,559] {processor.py:637} INFO - DAG(s) dict_keys(['example_complex']) retrieved from /home/airflow/.local/lib/python3.7/site-packages/airflow/example_dags/example_complex.py
[2021-12-03 11:29:13,578] {logging_mixin.py:109} INFO - [2021-12-03 11:29:13,578] {dag.py:2396} INFO - Sync 1 DAGs
[2021-12-03 11:29:13,595] {logging_mixin.py:109} INFO - [2021-12-03 11:29:13,595] {dag.py:2928} INFO - Setting next_dagrun for example_complex to None
[2021-12-03 11:29:13,605] {processor.py:171} INFO - Processing /home/airflow/.local/lib/python3.7/site-packages/airflow/example_dags/example_complex.py took 0.182 seconds
[2021-12-03 11:30:49,881] {processor.py:163} INFO - Started process (PID=43) to work on /home/airflow/.local/lib/python3.7/site-packages/airflow/example_dags/example_complex.py
[2021-12-03 11:30:49,906] {processor.py:625} INFO - Processing file /home/airflow/.local/lib/python3.7/site-packages/airflow/example_dags/example_complex.py for tasks to queue
[2021-12-03 11:30:49,907] {logging_mixin.py:109} INFO - [2021-12-03 11:30:49,907] {dagbag.py:500} INFO - Filling up the DagBag from /home/airflow/.local/lib/python3.7/site-packages/airflow/example_dags/example_complex.py
[2021-12-03 11:30:50,063] {processor.py:637} INFO - DAG(s) dict_keys(['example_complex']) retrieved from /home/airflow/.local/lib/python3.7/site-packages/airflow/example_dags/example_complex.py
[2021-12-03 11:30:50,088] {logging_mixin.py:109} INFO - [2021-12-03 11:30:50,087] {dag.py:2396} INFO - Sync 1 DAGs
[2021-12-03 11:30:50,113] {logging_mixin.py:109} INFO - [2021-12-03 11:30:50,113] {dag.py:2928} INFO - Setting next_dagrun for example_complex to None
[2021-12-03 11:30:50,130] {processor.py:171} INFO - Processing /home/airflow/.local/lib/python3.7/site-packages/airflow/example_dags/example_complex.py took 0.256 seconds
