[2021-12-03 11:21:34,111] {processor.py:163} INFO - Started process (PID=312) to work on /home/airflow/.local/lib/python3.7/site-packages/airflow/example_dags/example_branch_python_dop_operator_3.py
[2021-12-03 11:21:34,112] {processor.py:625} INFO - Processing file /home/airflow/.local/lib/python3.7/site-packages/airflow/example_dags/example_branch_python_dop_operator_3.py for tasks to queue
[2021-12-03 11:21:34,113] {logging_mixin.py:109} INFO - [2021-12-03 11:21:34,113] {dagbag.py:500} INFO - Filling up the DagBag from /home/airflow/.local/lib/python3.7/site-packages/airflow/example_dags/example_branch_python_dop_operator_3.py
[2021-12-03 11:21:34,144] {processor.py:637} INFO - DAG(s) dict_keys(['example_branch_dop_operator_v3']) retrieved from /home/airflow/.local/lib/python3.7/site-packages/airflow/example_dags/example_branch_python_dop_operator_3.py
[2021-12-03 11:21:35,474] {logging_mixin.py:109} INFO - [2021-12-03 11:21:35,474] {providers_manager.py:156} WARNING - Exception when importing 'airflow.providers.google.leveldb.hooks.leveldb.LevelDBHook' from 'apache-airflow-providers-google' package: No module named 'plyvel'
[2021-12-03 11:21:35,802] {logging_mixin.py:109} INFO - [2021-12-03 11:21:35,802] {providers_manager.py:156} WARNING - Exception when importing 'airflow.providers.google.leveldb.hooks.leveldb.LevelDBHook' from 'apache-airflow-providers-google' package: No module named 'plyvel'
[2021-12-03 11:21:35,818] {logging_mixin.py:109} INFO - [2021-12-03 11:21:35,818] {manager.py:496} INFO - Created Permission View: can read on DAG:example_branch_dop_operator_v3
[2021-12-03 11:21:35,825] {logging_mixin.py:109} INFO - [2021-12-03 11:21:35,825] {manager.py:496} INFO - Created Permission View: can edit on DAG:example_branch_dop_operator_v3
[2021-12-03 11:21:35,826] {logging_mixin.py:109} INFO - [2021-12-03 11:21:35,825] {dag.py:2396} INFO - Sync 1 DAGs
[2021-12-03 11:21:35,832] {logging_mixin.py:109} INFO - [2021-12-03 11:21:35,831] {dag.py:2415} INFO - Creating ORM DAG for example_branch_dop_operator_v3
[2021-12-03 11:21:35,843] {logging_mixin.py:109} INFO - [2021-12-03 11:21:35,843] {dag.py:2928} INFO - Setting next_dagrun for example_branch_dop_operator_v3 to 2021-12-03T11:20:00+00:00
[2021-12-03 11:21:35,855] {processor.py:171} INFO - Processing /home/airflow/.local/lib/python3.7/site-packages/airflow/example_dags/example_branch_python_dop_operator_3.py took 1.747 seconds
[2021-12-03 11:22:06,335] {processor.py:163} INFO - Started process (PID=397) to work on /home/airflow/.local/lib/python3.7/site-packages/airflow/example_dags/example_branch_python_dop_operator_3.py
[2021-12-03 11:22:06,343] {processor.py:625} INFO - Processing file /home/airflow/.local/lib/python3.7/site-packages/airflow/example_dags/example_branch_python_dop_operator_3.py for tasks to queue
[2021-12-03 11:22:06,344] {logging_mixin.py:109} INFO - [2021-12-03 11:22:06,344] {dagbag.py:500} INFO - Filling up the DagBag from /home/airflow/.local/lib/python3.7/site-packages/airflow/example_dags/example_branch_python_dop_operator_3.py
[2021-12-03 11:22:06,380] {processor.py:637} INFO - DAG(s) dict_keys(['example_branch_dop_operator_v3']) retrieved from /home/airflow/.local/lib/python3.7/site-packages/airflow/example_dags/example_branch_python_dop_operator_3.py
[2021-12-03 11:22:06,395] {logging_mixin.py:109} INFO - [2021-12-03 11:22:06,395] {dag.py:2396} INFO - Sync 1 DAGs
[2021-12-03 11:22:06,422] {logging_mixin.py:109} INFO - [2021-12-03 11:22:06,422] {dag.py:2928} INFO - Setting next_dagrun for example_branch_dop_operator_v3 to 2021-12-03T11:21:00+00:00
[2021-12-03 11:22:06,436] {processor.py:171} INFO - Processing /home/airflow/.local/lib/python3.7/site-packages/airflow/example_dags/example_branch_python_dop_operator_3.py took 0.105 seconds
[2021-12-03 11:22:36,531] {processor.py:163} INFO - Started process (PID=449) to work on /home/airflow/.local/lib/python3.7/site-packages/airflow/example_dags/example_branch_python_dop_operator_3.py
[2021-12-03 11:22:36,532] {processor.py:625} INFO - Processing file /home/airflow/.local/lib/python3.7/site-packages/airflow/example_dags/example_branch_python_dop_operator_3.py for tasks to queue
[2021-12-03 11:22:36,533] {logging_mixin.py:109} INFO - [2021-12-03 11:22:36,533] {dagbag.py:500} INFO - Filling up the DagBag from /home/airflow/.local/lib/python3.7/site-packages/airflow/example_dags/example_branch_python_dop_operator_3.py
[2021-12-03 11:22:36,574] {processor.py:637} INFO - DAG(s) dict_keys(['example_branch_dop_operator_v3']) retrieved from /home/airflow/.local/lib/python3.7/site-packages/airflow/example_dags/example_branch_python_dop_operator_3.py
[2021-12-03 11:22:36,583] {logging_mixin.py:109} INFO - [2021-12-03 11:22:36,583] {dag.py:2396} INFO - Sync 1 DAGs
[2021-12-03 11:22:36,600] {logging_mixin.py:109} INFO - [2021-12-03 11:22:36,600] {dag.py:2928} INFO - Setting next_dagrun for example_branch_dop_operator_v3 to 2021-12-03T11:21:00+00:00
[2021-12-03 11:22:36,616] {processor.py:171} INFO - Processing /home/airflow/.local/lib/python3.7/site-packages/airflow/example_dags/example_branch_python_dop_operator_3.py took 0.089 seconds
[2021-12-03 11:23:06,730] {processor.py:163} INFO - Started process (PID=501) to work on /home/airflow/.local/lib/python3.7/site-packages/airflow/example_dags/example_branch_python_dop_operator_3.py
[2021-12-03 11:23:06,731] {processor.py:625} INFO - Processing file /home/airflow/.local/lib/python3.7/site-packages/airflow/example_dags/example_branch_python_dop_operator_3.py for tasks to queue
[2021-12-03 11:23:06,731] {logging_mixin.py:109} INFO - [2021-12-03 11:23:06,731] {dagbag.py:500} INFO - Filling up the DagBag from /home/airflow/.local/lib/python3.7/site-packages/airflow/example_dags/example_branch_python_dop_operator_3.py
[2021-12-03 11:23:06,760] {processor.py:637} INFO - DAG(s) dict_keys(['example_branch_dop_operator_v3']) retrieved from /home/airflow/.local/lib/python3.7/site-packages/airflow/example_dags/example_branch_python_dop_operator_3.py
[2021-12-03 11:23:06,772] {logging_mixin.py:109} INFO - [2021-12-03 11:23:06,771] {dag.py:2396} INFO - Sync 1 DAGs
[2021-12-03 11:23:06,797] {logging_mixin.py:109} INFO - [2021-12-03 11:23:06,797] {dag.py:2928} INFO - Setting next_dagrun for example_branch_dop_operator_v3 to 2021-12-03T11:22:00+00:00
[2021-12-03 11:23:06,808] {processor.py:171} INFO - Processing /home/airflow/.local/lib/python3.7/site-packages/airflow/example_dags/example_branch_python_dop_operator_3.py took 0.081 seconds
[2021-12-03 11:23:37,313] {processor.py:163} INFO - Started process (PID=564) to work on /home/airflow/.local/lib/python3.7/site-packages/airflow/example_dags/example_branch_python_dop_operator_3.py
[2021-12-03 11:23:37,314] {processor.py:625} INFO - Processing file /home/airflow/.local/lib/python3.7/site-packages/airflow/example_dags/example_branch_python_dop_operator_3.py for tasks to queue
[2021-12-03 11:23:37,315] {logging_mixin.py:109} INFO - [2021-12-03 11:23:37,315] {dagbag.py:500} INFO - Filling up the DagBag from /home/airflow/.local/lib/python3.7/site-packages/airflow/example_dags/example_branch_python_dop_operator_3.py
[2021-12-03 11:23:37,364] {processor.py:637} INFO - DAG(s) dict_keys(['example_branch_dop_operator_v3']) retrieved from /home/airflow/.local/lib/python3.7/site-packages/airflow/example_dags/example_branch_python_dop_operator_3.py
[2021-12-03 11:23:37,379] {logging_mixin.py:109} INFO - [2021-12-03 11:23:37,379] {dag.py:2396} INFO - Sync 1 DAGs
[2021-12-03 11:23:37,408] {logging_mixin.py:109} INFO - [2021-12-03 11:23:37,408] {dag.py:2928} INFO - Setting next_dagrun for example_branch_dop_operator_v3 to 2021-12-03T11:22:00+00:00
[2021-12-03 11:23:37,421] {processor.py:171} INFO - Processing /home/airflow/.local/lib/python3.7/site-packages/airflow/example_dags/example_branch_python_dop_operator_3.py took 0.112 seconds
[2021-12-03 11:24:08,020] {processor.py:163} INFO - Started process (PID=615) to work on /home/airflow/.local/lib/python3.7/site-packages/airflow/example_dags/example_branch_python_dop_operator_3.py
[2021-12-03 11:24:08,021] {processor.py:625} INFO - Processing file /home/airflow/.local/lib/python3.7/site-packages/airflow/example_dags/example_branch_python_dop_operator_3.py for tasks to queue
[2021-12-03 11:24:08,022] {logging_mixin.py:109} INFO - [2021-12-03 11:24:08,022] {dagbag.py:500} INFO - Filling up the DagBag from /home/airflow/.local/lib/python3.7/site-packages/airflow/example_dags/example_branch_python_dop_operator_3.py
[2021-12-03 11:24:08,057] {processor.py:637} INFO - DAG(s) dict_keys(['example_branch_dop_operator_v3']) retrieved from /home/airflow/.local/lib/python3.7/site-packages/airflow/example_dags/example_branch_python_dop_operator_3.py
[2021-12-03 11:24:08,070] {logging_mixin.py:109} INFO - [2021-12-03 11:24:08,070] {dag.py:2396} INFO - Sync 1 DAGs
[2021-12-03 11:24:08,098] {logging_mixin.py:109} INFO - [2021-12-03 11:24:08,098] {dag.py:2928} INFO - Setting next_dagrun for example_branch_dop_operator_v3 to 2021-12-03T11:23:00+00:00
[2021-12-03 11:24:08,110] {processor.py:171} INFO - Processing /home/airflow/.local/lib/python3.7/site-packages/airflow/example_dags/example_branch_python_dop_operator_3.py took 0.093 seconds
[2021-12-03 11:24:38,146] {processor.py:163} INFO - Started process (PID=666) to work on /home/airflow/.local/lib/python3.7/site-packages/airflow/example_dags/example_branch_python_dop_operator_3.py
[2021-12-03 11:24:38,147] {processor.py:625} INFO - Processing file /home/airflow/.local/lib/python3.7/site-packages/airflow/example_dags/example_branch_python_dop_operator_3.py for tasks to queue
[2021-12-03 11:24:38,148] {logging_mixin.py:109} INFO - [2021-12-03 11:24:38,148] {dagbag.py:500} INFO - Filling up the DagBag from /home/airflow/.local/lib/python3.7/site-packages/airflow/example_dags/example_branch_python_dop_operator_3.py
[2021-12-03 11:24:38,181] {processor.py:637} INFO - DAG(s) dict_keys(['example_branch_dop_operator_v3']) retrieved from /home/airflow/.local/lib/python3.7/site-packages/airflow/example_dags/example_branch_python_dop_operator_3.py
[2021-12-03 11:24:38,192] {logging_mixin.py:109} INFO - [2021-12-03 11:24:38,192] {dag.py:2396} INFO - Sync 1 DAGs
[2021-12-03 11:24:38,220] {logging_mixin.py:109} INFO - [2021-12-03 11:24:38,220] {dag.py:2928} INFO - Setting next_dagrun for example_branch_dop_operator_v3 to 2021-12-03T11:23:00+00:00
[2021-12-03 11:24:38,232] {processor.py:171} INFO - Processing /home/airflow/.local/lib/python3.7/site-packages/airflow/example_dags/example_branch_python_dop_operator_3.py took 0.090 seconds
[2021-12-03 11:25:08,717] {processor.py:163} INFO - Started process (PID=728) to work on /home/airflow/.local/lib/python3.7/site-packages/airflow/example_dags/example_branch_python_dop_operator_3.py
[2021-12-03 11:25:08,726] {processor.py:625} INFO - Processing file /home/airflow/.local/lib/python3.7/site-packages/airflow/example_dags/example_branch_python_dop_operator_3.py for tasks to queue
[2021-12-03 11:25:08,727] {logging_mixin.py:109} INFO - [2021-12-03 11:25:08,727] {dagbag.py:500} INFO - Filling up the DagBag from /home/airflow/.local/lib/python3.7/site-packages/airflow/example_dags/example_branch_python_dop_operator_3.py
[2021-12-03 11:25:08,784] {processor.py:637} INFO - DAG(s) dict_keys(['example_branch_dop_operator_v3']) retrieved from /home/airflow/.local/lib/python3.7/site-packages/airflow/example_dags/example_branch_python_dop_operator_3.py
[2021-12-03 11:25:08,794] {logging_mixin.py:109} INFO - [2021-12-03 11:25:08,793] {dag.py:2396} INFO - Sync 1 DAGs
[2021-12-03 11:25:08,819] {logging_mixin.py:109} INFO - [2021-12-03 11:25:08,819] {dag.py:2928} INFO - Setting next_dagrun for example_branch_dop_operator_v3 to 2021-12-03T11:24:00+00:00
[2021-12-03 11:25:08,828] {processor.py:171} INFO - Processing /home/airflow/.local/lib/python3.7/site-packages/airflow/example_dags/example_branch_python_dop_operator_3.py took 0.115 seconds
[2021-12-03 11:25:39,052] {processor.py:163} INFO - Started process (PID=781) to work on /home/airflow/.local/lib/python3.7/site-packages/airflow/example_dags/example_branch_python_dop_operator_3.py
[2021-12-03 11:25:39,054] {processor.py:625} INFO - Processing file /home/airflow/.local/lib/python3.7/site-packages/airflow/example_dags/example_branch_python_dop_operator_3.py for tasks to queue
[2021-12-03 11:25:39,055] {logging_mixin.py:109} INFO - [2021-12-03 11:25:39,054] {dagbag.py:500} INFO - Filling up the DagBag from /home/airflow/.local/lib/python3.7/site-packages/airflow/example_dags/example_branch_python_dop_operator_3.py
[2021-12-03 11:25:39,085] {processor.py:637} INFO - DAG(s) dict_keys(['example_branch_dop_operator_v3']) retrieved from /home/airflow/.local/lib/python3.7/site-packages/airflow/example_dags/example_branch_python_dop_operator_3.py
[2021-12-03 11:25:39,098] {logging_mixin.py:109} INFO - [2021-12-03 11:25:39,098] {dag.py:2396} INFO - Sync 1 DAGs
[2021-12-03 11:25:39,127] {logging_mixin.py:109} INFO - [2021-12-03 11:25:39,127] {dag.py:2928} INFO - Setting next_dagrun for example_branch_dop_operator_v3 to 2021-12-03T11:24:00+00:00
[2021-12-03 11:25:39,139] {processor.py:171} INFO - Processing /home/airflow/.local/lib/python3.7/site-packages/airflow/example_dags/example_branch_python_dop_operator_3.py took 0.090 seconds
[2021-12-03 11:26:09,842] {processor.py:163} INFO - Started process (PID=832) to work on /home/airflow/.local/lib/python3.7/site-packages/airflow/example_dags/example_branch_python_dop_operator_3.py
[2021-12-03 11:26:09,844] {processor.py:625} INFO - Processing file /home/airflow/.local/lib/python3.7/site-packages/airflow/example_dags/example_branch_python_dop_operator_3.py for tasks to queue
[2021-12-03 11:26:09,845] {logging_mixin.py:109} INFO - [2021-12-03 11:26:09,845] {dagbag.py:500} INFO - Filling up the DagBag from /home/airflow/.local/lib/python3.7/site-packages/airflow/example_dags/example_branch_python_dop_operator_3.py
[2021-12-03 11:26:09,874] {processor.py:637} INFO - DAG(s) dict_keys(['example_branch_dop_operator_v3']) retrieved from /home/airflow/.local/lib/python3.7/site-packages/airflow/example_dags/example_branch_python_dop_operator_3.py
[2021-12-03 11:26:09,886] {logging_mixin.py:109} INFO - [2021-12-03 11:26:09,886] {dag.py:2396} INFO - Sync 1 DAGs
[2021-12-03 11:26:09,912] {logging_mixin.py:109} INFO - [2021-12-03 11:26:09,912] {dag.py:2928} INFO - Setting next_dagrun for example_branch_dop_operator_v3 to 2021-12-03T11:25:00+00:00
[2021-12-03 11:26:09,925] {processor.py:171} INFO - Processing /home/airflow/.local/lib/python3.7/site-packages/airflow/example_dags/example_branch_python_dop_operator_3.py took 0.086 seconds
[2021-12-03 11:26:40,250] {processor.py:163} INFO - Started process (PID=892) to work on /home/airflow/.local/lib/python3.7/site-packages/airflow/example_dags/example_branch_python_dop_operator_3.py
[2021-12-03 11:26:40,251] {processor.py:625} INFO - Processing file /home/airflow/.local/lib/python3.7/site-packages/airflow/example_dags/example_branch_python_dop_operator_3.py for tasks to queue
[2021-12-03 11:26:40,252] {logging_mixin.py:109} INFO - [2021-12-03 11:26:40,252] {dagbag.py:500} INFO - Filling up the DagBag from /home/airflow/.local/lib/python3.7/site-packages/airflow/example_dags/example_branch_python_dop_operator_3.py
[2021-12-03 11:26:40,287] {processor.py:637} INFO - DAG(s) dict_keys(['example_branch_dop_operator_v3']) retrieved from /home/airflow/.local/lib/python3.7/site-packages/airflow/example_dags/example_branch_python_dop_operator_3.py
[2021-12-03 11:26:40,298] {logging_mixin.py:109} INFO - [2021-12-03 11:26:40,298] {dag.py:2396} INFO - Sync 1 DAGs
[2021-12-03 11:26:40,330] {logging_mixin.py:109} INFO - [2021-12-03 11:26:40,329] {dag.py:2928} INFO - Setting next_dagrun for example_branch_dop_operator_v3 to 2021-12-03T11:25:00+00:00
[2021-12-03 11:26:40,340] {processor.py:171} INFO - Processing /home/airflow/.local/lib/python3.7/site-packages/airflow/example_dags/example_branch_python_dop_operator_3.py took 0.096 seconds
[2021-12-03 11:27:10,576] {processor.py:163} INFO - Started process (PID=945) to work on /home/airflow/.local/lib/python3.7/site-packages/airflow/example_dags/example_branch_python_dop_operator_3.py
[2021-12-03 11:27:10,577] {processor.py:625} INFO - Processing file /home/airflow/.local/lib/python3.7/site-packages/airflow/example_dags/example_branch_python_dop_operator_3.py for tasks to queue
[2021-12-03 11:27:10,578] {logging_mixin.py:109} INFO - [2021-12-03 11:27:10,578] {dagbag.py:500} INFO - Filling up the DagBag from /home/airflow/.local/lib/python3.7/site-packages/airflow/example_dags/example_branch_python_dop_operator_3.py
[2021-12-03 11:27:10,607] {processor.py:637} INFO - DAG(s) dict_keys(['example_branch_dop_operator_v3']) retrieved from /home/airflow/.local/lib/python3.7/site-packages/airflow/example_dags/example_branch_python_dop_operator_3.py
[2021-12-03 11:27:10,618] {logging_mixin.py:109} INFO - [2021-12-03 11:27:10,618] {dag.py:2396} INFO - Sync 1 DAGs
[2021-12-03 11:27:10,641] {logging_mixin.py:109} INFO - [2021-12-03 11:27:10,641] {dag.py:2928} INFO - Setting next_dagrun for example_branch_dop_operator_v3 to 2021-12-03T11:26:00+00:00
[2021-12-03 11:27:10,741] {processor.py:171} INFO - Processing /home/airflow/.local/lib/python3.7/site-packages/airflow/example_dags/example_branch_python_dop_operator_3.py took 0.168 seconds
[2021-12-03 11:27:41,271] {processor.py:163} INFO - Started process (PID=996) to work on /home/airflow/.local/lib/python3.7/site-packages/airflow/example_dags/example_branch_python_dop_operator_3.py
[2021-12-03 11:27:41,274] {processor.py:625} INFO - Processing file /home/airflow/.local/lib/python3.7/site-packages/airflow/example_dags/example_branch_python_dop_operator_3.py for tasks to queue
[2021-12-03 11:27:41,275] {logging_mixin.py:109} INFO - [2021-12-03 11:27:41,275] {dagbag.py:500} INFO - Filling up the DagBag from /home/airflow/.local/lib/python3.7/site-packages/airflow/example_dags/example_branch_python_dop_operator_3.py
[2021-12-03 11:27:41,318] {processor.py:637} INFO - DAG(s) dict_keys(['example_branch_dop_operator_v3']) retrieved from /home/airflow/.local/lib/python3.7/site-packages/airflow/example_dags/example_branch_python_dop_operator_3.py
[2021-12-03 11:27:41,333] {logging_mixin.py:109} INFO - [2021-12-03 11:27:41,333] {dag.py:2396} INFO - Sync 1 DAGs
[2021-12-03 11:27:41,489] {logging_mixin.py:109} INFO - [2021-12-03 11:27:41,488] {dag.py:2928} INFO - Setting next_dagrun for example_branch_dop_operator_v3 to 2021-12-03T11:26:00+00:00
[2021-12-03 11:27:41,502] {processor.py:171} INFO - Processing /home/airflow/.local/lib/python3.7/site-packages/airflow/example_dags/example_branch_python_dop_operator_3.py took 0.235 seconds
[2021-12-03 11:28:11,697] {processor.py:163} INFO - Started process (PID=1057) to work on /home/airflow/.local/lib/python3.7/site-packages/airflow/example_dags/example_branch_python_dop_operator_3.py
[2021-12-03 11:28:11,698] {processor.py:625} INFO - Processing file /home/airflow/.local/lib/python3.7/site-packages/airflow/example_dags/example_branch_python_dop_operator_3.py for tasks to queue
[2021-12-03 11:28:11,699] {logging_mixin.py:109} INFO - [2021-12-03 11:28:11,698] {dagbag.py:500} INFO - Filling up the DagBag from /home/airflow/.local/lib/python3.7/site-packages/airflow/example_dags/example_branch_python_dop_operator_3.py
[2021-12-03 11:28:11,728] {processor.py:637} INFO - DAG(s) dict_keys(['example_branch_dop_operator_v3']) retrieved from /home/airflow/.local/lib/python3.7/site-packages/airflow/example_dags/example_branch_python_dop_operator_3.py
[2021-12-03 11:28:11,739] {logging_mixin.py:109} INFO - [2021-12-03 11:28:11,739] {dag.py:2396} INFO - Sync 1 DAGs
[2021-12-03 11:28:11,862] {logging_mixin.py:109} INFO - [2021-12-03 11:28:11,862] {dag.py:2928} INFO - Setting next_dagrun for example_branch_dop_operator_v3 to 2021-12-03T11:27:00+00:00
[2021-12-03 11:28:11,874] {processor.py:171} INFO - Processing /home/airflow/.local/lib/python3.7/site-packages/airflow/example_dags/example_branch_python_dop_operator_3.py took 0.180 seconds
[2021-12-03 11:28:42,116] {processor.py:163} INFO - Started process (PID=1108) to work on /home/airflow/.local/lib/python3.7/site-packages/airflow/example_dags/example_branch_python_dop_operator_3.py
[2021-12-03 11:28:42,117] {processor.py:625} INFO - Processing file /home/airflow/.local/lib/python3.7/site-packages/airflow/example_dags/example_branch_python_dop_operator_3.py for tasks to queue
[2021-12-03 11:28:42,118] {logging_mixin.py:109} INFO - [2021-12-03 11:28:42,118] {dagbag.py:500} INFO - Filling up the DagBag from /home/airflow/.local/lib/python3.7/site-packages/airflow/example_dags/example_branch_python_dop_operator_3.py
[2021-12-03 11:28:42,149] {processor.py:637} INFO - DAG(s) dict_keys(['example_branch_dop_operator_v3']) retrieved from /home/airflow/.local/lib/python3.7/site-packages/airflow/example_dags/example_branch_python_dop_operator_3.py
[2021-12-03 11:28:42,159] {logging_mixin.py:109} INFO - [2021-12-03 11:28:42,159] {dag.py:2396} INFO - Sync 1 DAGs
[2021-12-03 11:28:42,321] {logging_mixin.py:109} INFO - [2021-12-03 11:28:42,321] {dag.py:2928} INFO - Setting next_dagrun for example_branch_dop_operator_v3 to 2021-12-03T11:27:00+00:00
[2021-12-03 11:28:42,331] {processor.py:171} INFO - Processing /home/airflow/.local/lib/python3.7/site-packages/airflow/example_dags/example_branch_python_dop_operator_3.py took 0.219 seconds
[2021-12-03 11:29:12,417] {processor.py:163} INFO - Started process (PID=1171) to work on /home/airflow/.local/lib/python3.7/site-packages/airflow/example_dags/example_branch_python_dop_operator_3.py
[2021-12-03 11:29:12,418] {processor.py:625} INFO - Processing file /home/airflow/.local/lib/python3.7/site-packages/airflow/example_dags/example_branch_python_dop_operator_3.py for tasks to queue
[2021-12-03 11:29:12,418] {logging_mixin.py:109} INFO - [2021-12-03 11:29:12,418] {dagbag.py:500} INFO - Filling up the DagBag from /home/airflow/.local/lib/python3.7/site-packages/airflow/example_dags/example_branch_python_dop_operator_3.py
[2021-12-03 11:29:12,443] {processor.py:637} INFO - DAG(s) dict_keys(['example_branch_dop_operator_v3']) retrieved from /home/airflow/.local/lib/python3.7/site-packages/airflow/example_dags/example_branch_python_dop_operator_3.py
[2021-12-03 11:29:12,453] {logging_mixin.py:109} INFO - [2021-12-03 11:29:12,453] {dag.py:2396} INFO - Sync 1 DAGs
[2021-12-03 11:29:12,578] {logging_mixin.py:109} INFO - [2021-12-03 11:29:12,578] {dag.py:2928} INFO - Setting next_dagrun for example_branch_dop_operator_v3 to 2021-12-03T11:28:00+00:00
[2021-12-03 11:29:12,590] {processor.py:171} INFO - Processing /home/airflow/.local/lib/python3.7/site-packages/airflow/example_dags/example_branch_python_dop_operator_3.py took 0.176 seconds
[2021-12-03 11:30:54,093] {processor.py:163} INFO - Started process (PID=69) to work on /home/airflow/.local/lib/python3.7/site-packages/airflow/example_dags/example_branch_python_dop_operator_3.py
[2021-12-03 11:30:54,097] {processor.py:625} INFO - Processing file /home/airflow/.local/lib/python3.7/site-packages/airflow/example_dags/example_branch_python_dop_operator_3.py for tasks to queue
[2021-12-03 11:30:54,098] {logging_mixin.py:109} INFO - [2021-12-03 11:30:54,098] {dagbag.py:500} INFO - Filling up the DagBag from /home/airflow/.local/lib/python3.7/site-packages/airflow/example_dags/example_branch_python_dop_operator_3.py
[2021-12-03 11:30:54,149] {processor.py:637} INFO - DAG(s) dict_keys(['example_branch_dop_operator_v3']) retrieved from /home/airflow/.local/lib/python3.7/site-packages/airflow/example_dags/example_branch_python_dop_operator_3.py
[2021-12-03 11:30:54,169] {logging_mixin.py:109} INFO - [2021-12-03 11:30:54,168] {dag.py:2396} INFO - Sync 1 DAGs
[2021-12-03 11:30:54,205] {logging_mixin.py:109} INFO - [2021-12-03 11:30:54,205] {dag.py:2928} INFO - Setting next_dagrun for example_branch_dop_operator_v3 to 2021-12-03T11:29:00+00:00
[2021-12-03 11:30:54,220] {processor.py:171} INFO - Processing /home/airflow/.local/lib/python3.7/site-packages/airflow/example_dags/example_branch_python_dop_operator_3.py took 0.130 seconds
