[2021-12-03 11:21:06,459] {processor.py:163} INFO - Started process (PID=74) to work on /home/airflow/.local/lib/python3.7/site-packages/airflow/example_dags/example_kubernetes_executor.py
[2021-12-03 11:21:06,460] {processor.py:625} INFO - Processing file /home/airflow/.local/lib/python3.7/site-packages/airflow/example_dags/example_kubernetes_executor.py for tasks to queue
[2021-12-03 11:21:06,461] {logging_mixin.py:109} INFO - [2021-12-03 11:21:06,461] {dagbag.py:500} INFO - Filling up the DagBag from /home/airflow/.local/lib/python3.7/site-packages/airflow/example_dags/example_kubernetes_executor.py
[2021-12-03 11:21:06,487] {processor.py:637} INFO - DAG(s) dict_keys(['example_kubernetes_executor']) retrieved from /home/airflow/.local/lib/python3.7/site-packages/airflow/example_dags/example_kubernetes_executor.py
[2021-12-03 11:21:08,084] {logging_mixin.py:109} INFO - [2021-12-03 11:21:08,084] {providers_manager.py:156} WARNING - Exception when importing 'airflow.providers.google.leveldb.hooks.leveldb.LevelDBHook' from 'apache-airflow-providers-google' package: No module named 'plyvel'
[2021-12-03 11:21:08,486] {logging_mixin.py:109} INFO - [2021-12-03 11:21:08,486] {providers_manager.py:156} WARNING - Exception when importing 'airflow.providers.google.leveldb.hooks.leveldb.LevelDBHook' from 'apache-airflow-providers-google' package: No module named 'plyvel'
[2021-12-03 11:21:08,532] {logging_mixin.py:109} INFO - [2021-12-03 11:21:08,532] {manager.py:496} INFO - Created Permission View: can read on DAG:example_kubernetes_executor
[2021-12-03 11:21:08,543] {logging_mixin.py:109} INFO - [2021-12-03 11:21:08,543] {manager.py:496} INFO - Created Permission View: can edit on DAG:example_kubernetes_executor
[2021-12-03 11:21:08,543] {logging_mixin.py:109} INFO - [2021-12-03 11:21:08,543] {dag.py:2396} INFO - Sync 1 DAGs
[2021-12-03 11:21:08,551] {logging_mixin.py:109} INFO - [2021-12-03 11:21:08,551] {dag.py:2415} INFO - Creating ORM DAG for example_kubernetes_executor
[2021-12-03 11:21:08,560] {logging_mixin.py:109} INFO - [2021-12-03 11:21:08,560] {dag.py:2928} INFO - Setting next_dagrun for example_kubernetes_executor to None
[2021-12-03 11:21:08,578] {processor.py:171} INFO - Processing /home/airflow/.local/lib/python3.7/site-packages/airflow/example_dags/example_kubernetes_executor.py took 2.122 seconds
[2021-12-03 11:21:38,613] {processor.py:163} INFO - Started process (PID=354) to work on /home/airflow/.local/lib/python3.7/site-packages/airflow/example_dags/example_kubernetes_executor.py
[2021-12-03 11:21:38,614] {processor.py:625} INFO - Processing file /home/airflow/.local/lib/python3.7/site-packages/airflow/example_dags/example_kubernetes_executor.py for tasks to queue
[2021-12-03 11:21:38,614] {logging_mixin.py:109} INFO - [2021-12-03 11:21:38,614] {dagbag.py:500} INFO - Filling up the DagBag from /home/airflow/.local/lib/python3.7/site-packages/airflow/example_dags/example_kubernetes_executor.py
[2021-12-03 11:21:38,640] {processor.py:637} INFO - DAG(s) dict_keys(['example_kubernetes_executor']) retrieved from /home/airflow/.local/lib/python3.7/site-packages/airflow/example_dags/example_kubernetes_executor.py
[2021-12-03 11:21:38,651] {logging_mixin.py:109} INFO - [2021-12-03 11:21:38,651] {dag.py:2396} INFO - Sync 1 DAGs
[2021-12-03 11:21:38,670] {logging_mixin.py:109} INFO - [2021-12-03 11:21:38,669] {dag.py:2928} INFO - Setting next_dagrun for example_kubernetes_executor to None
[2021-12-03 11:21:38,680] {processor.py:171} INFO - Processing /home/airflow/.local/lib/python3.7/site-packages/airflow/example_dags/example_kubernetes_executor.py took 0.070 seconds
[2021-12-03 11:22:09,490] {processor.py:163} INFO - Started process (PID=405) to work on /home/airflow/.local/lib/python3.7/site-packages/airflow/example_dags/example_kubernetes_executor.py
[2021-12-03 11:22:09,491] {processor.py:625} INFO - Processing file /home/airflow/.local/lib/python3.7/site-packages/airflow/example_dags/example_kubernetes_executor.py for tasks to queue
[2021-12-03 11:22:09,492] {logging_mixin.py:109} INFO - [2021-12-03 11:22:09,492] {dagbag.py:500} INFO - Filling up the DagBag from /home/airflow/.local/lib/python3.7/site-packages/airflow/example_dags/example_kubernetes_executor.py
[2021-12-03 11:22:09,532] {processor.py:637} INFO - DAG(s) dict_keys(['example_kubernetes_executor']) retrieved from /home/airflow/.local/lib/python3.7/site-packages/airflow/example_dags/example_kubernetes_executor.py
[2021-12-03 11:22:09,542] {logging_mixin.py:109} INFO - [2021-12-03 11:22:09,542] {dag.py:2396} INFO - Sync 1 DAGs
[2021-12-03 11:22:09,560] {logging_mixin.py:109} INFO - [2021-12-03 11:22:09,560] {dag.py:2928} INFO - Setting next_dagrun for example_kubernetes_executor to None
[2021-12-03 11:22:09,570] {processor.py:171} INFO - Processing /home/airflow/.local/lib/python3.7/site-packages/airflow/example_dags/example_kubernetes_executor.py took 0.082 seconds
[2021-12-03 11:22:39,696] {processor.py:163} INFO - Started process (PID=457) to work on /home/airflow/.local/lib/python3.7/site-packages/airflow/example_dags/example_kubernetes_executor.py
[2021-12-03 11:22:39,697] {processor.py:625} INFO - Processing file /home/airflow/.local/lib/python3.7/site-packages/airflow/example_dags/example_kubernetes_executor.py for tasks to queue
[2021-12-03 11:22:39,698] {logging_mixin.py:109} INFO - [2021-12-03 11:22:39,698] {dagbag.py:500} INFO - Filling up the DagBag from /home/airflow/.local/lib/python3.7/site-packages/airflow/example_dags/example_kubernetes_executor.py
[2021-12-03 11:22:39,728] {processor.py:637} INFO - DAG(s) dict_keys(['example_kubernetes_executor']) retrieved from /home/airflow/.local/lib/python3.7/site-packages/airflow/example_dags/example_kubernetes_executor.py
[2021-12-03 11:22:39,741] {logging_mixin.py:109} INFO - [2021-12-03 11:22:39,741] {dag.py:2396} INFO - Sync 1 DAGs
[2021-12-03 11:22:39,760] {logging_mixin.py:109} INFO - [2021-12-03 11:22:39,759] {dag.py:2928} INFO - Setting next_dagrun for example_kubernetes_executor to None
[2021-12-03 11:22:39,769] {processor.py:171} INFO - Processing /home/airflow/.local/lib/python3.7/site-packages/airflow/example_dags/example_kubernetes_executor.py took 0.075 seconds
[2021-12-03 11:23:09,874] {processor.py:163} INFO - Started process (PID=521) to work on /home/airflow/.local/lib/python3.7/site-packages/airflow/example_dags/example_kubernetes_executor.py
[2021-12-03 11:23:09,875] {processor.py:625} INFO - Processing file /home/airflow/.local/lib/python3.7/site-packages/airflow/example_dags/example_kubernetes_executor.py for tasks to queue
[2021-12-03 11:23:09,876] {logging_mixin.py:109} INFO - [2021-12-03 11:23:09,876] {dagbag.py:500} INFO - Filling up the DagBag from /home/airflow/.local/lib/python3.7/site-packages/airflow/example_dags/example_kubernetes_executor.py
[2021-12-03 11:23:09,910] {processor.py:637} INFO - DAG(s) dict_keys(['example_kubernetes_executor']) retrieved from /home/airflow/.local/lib/python3.7/site-packages/airflow/example_dags/example_kubernetes_executor.py
[2021-12-03 11:23:09,924] {logging_mixin.py:109} INFO - [2021-12-03 11:23:09,924] {dag.py:2396} INFO - Sync 1 DAGs
[2021-12-03 11:23:09,945] {logging_mixin.py:109} INFO - [2021-12-03 11:23:09,945] {dag.py:2928} INFO - Setting next_dagrun for example_kubernetes_executor to None
[2021-12-03 11:23:09,958] {processor.py:171} INFO - Processing /home/airflow/.local/lib/python3.7/site-packages/airflow/example_dags/example_kubernetes_executor.py took 0.087 seconds
[2021-12-03 11:23:40,108] {processor.py:163} INFO - Started process (PID=572) to work on /home/airflow/.local/lib/python3.7/site-packages/airflow/example_dags/example_kubernetes_executor.py
[2021-12-03 11:23:40,109] {processor.py:625} INFO - Processing file /home/airflow/.local/lib/python3.7/site-packages/airflow/example_dags/example_kubernetes_executor.py for tasks to queue
[2021-12-03 11:23:40,109] {logging_mixin.py:109} INFO - [2021-12-03 11:23:40,109] {dagbag.py:500} INFO - Filling up the DagBag from /home/airflow/.local/lib/python3.7/site-packages/airflow/example_dags/example_kubernetes_executor.py
[2021-12-03 11:23:40,146] {processor.py:637} INFO - DAG(s) dict_keys(['example_kubernetes_executor']) retrieved from /home/airflow/.local/lib/python3.7/site-packages/airflow/example_dags/example_kubernetes_executor.py
[2021-12-03 11:23:40,162] {logging_mixin.py:109} INFO - [2021-12-03 11:23:40,161] {dag.py:2396} INFO - Sync 1 DAGs
[2021-12-03 11:23:40,185] {logging_mixin.py:109} INFO - [2021-12-03 11:23:40,185] {dag.py:2928} INFO - Setting next_dagrun for example_kubernetes_executor to None
[2021-12-03 11:23:40,199] {processor.py:171} INFO - Processing /home/airflow/.local/lib/python3.7/site-packages/airflow/example_dags/example_kubernetes_executor.py took 0.094 seconds
[2021-12-03 11:24:10,734] {processor.py:163} INFO - Started process (PID=622) to work on /home/airflow/.local/lib/python3.7/site-packages/airflow/example_dags/example_kubernetes_executor.py
[2021-12-03 11:24:10,735] {processor.py:625} INFO - Processing file /home/airflow/.local/lib/python3.7/site-packages/airflow/example_dags/example_kubernetes_executor.py for tasks to queue
[2021-12-03 11:24:10,736] {logging_mixin.py:109} INFO - [2021-12-03 11:24:10,736] {dagbag.py:500} INFO - Filling up the DagBag from /home/airflow/.local/lib/python3.7/site-packages/airflow/example_dags/example_kubernetes_executor.py
[2021-12-03 11:24:10,770] {processor.py:637} INFO - DAG(s) dict_keys(['example_kubernetes_executor']) retrieved from /home/airflow/.local/lib/python3.7/site-packages/airflow/example_dags/example_kubernetes_executor.py
[2021-12-03 11:24:10,781] {logging_mixin.py:109} INFO - [2021-12-03 11:24:10,781] {dag.py:2396} INFO - Sync 1 DAGs
[2021-12-03 11:24:10,801] {logging_mixin.py:109} INFO - [2021-12-03 11:24:10,801] {dag.py:2928} INFO - Setting next_dagrun for example_kubernetes_executor to None
[2021-12-03 11:24:10,810] {processor.py:171} INFO - Processing /home/airflow/.local/lib/python3.7/site-packages/airflow/example_dags/example_kubernetes_executor.py took 0.080 seconds
[2021-12-03 11:24:41,671] {processor.py:163} INFO - Started process (PID=680) to work on /home/airflow/.local/lib/python3.7/site-packages/airflow/example_dags/example_kubernetes_executor.py
[2021-12-03 11:24:41,672] {processor.py:625} INFO - Processing file /home/airflow/.local/lib/python3.7/site-packages/airflow/example_dags/example_kubernetes_executor.py for tasks to queue
[2021-12-03 11:24:41,673] {logging_mixin.py:109} INFO - [2021-12-03 11:24:41,673] {dagbag.py:500} INFO - Filling up the DagBag from /home/airflow/.local/lib/python3.7/site-packages/airflow/example_dags/example_kubernetes_executor.py
[2021-12-03 11:24:41,710] {processor.py:637} INFO - DAG(s) dict_keys(['example_kubernetes_executor']) retrieved from /home/airflow/.local/lib/python3.7/site-packages/airflow/example_dags/example_kubernetes_executor.py
[2021-12-03 11:24:41,727] {logging_mixin.py:109} INFO - [2021-12-03 11:24:41,727] {dag.py:2396} INFO - Sync 1 DAGs
[2021-12-03 11:24:41,763] {logging_mixin.py:109} INFO - [2021-12-03 11:24:41,763] {dag.py:2928} INFO - Setting next_dagrun for example_kubernetes_executor to None
[2021-12-03 11:24:41,774] {processor.py:171} INFO - Processing /home/airflow/.local/lib/python3.7/site-packages/airflow/example_dags/example_kubernetes_executor.py took 0.107 seconds
[2021-12-03 11:25:12,466] {processor.py:163} INFO - Started process (PID=732) to work on /home/airflow/.local/lib/python3.7/site-packages/airflow/example_dags/example_kubernetes_executor.py
[2021-12-03 11:25:12,468] {processor.py:625} INFO - Processing file /home/airflow/.local/lib/python3.7/site-packages/airflow/example_dags/example_kubernetes_executor.py for tasks to queue
[2021-12-03 11:25:12,469] {logging_mixin.py:109} INFO - [2021-12-03 11:25:12,468] {dagbag.py:500} INFO - Filling up the DagBag from /home/airflow/.local/lib/python3.7/site-packages/airflow/example_dags/example_kubernetes_executor.py
[2021-12-03 11:25:12,506] {processor.py:637} INFO - DAG(s) dict_keys(['example_kubernetes_executor']) retrieved from /home/airflow/.local/lib/python3.7/site-packages/airflow/example_dags/example_kubernetes_executor.py
[2021-12-03 11:25:12,522] {logging_mixin.py:109} INFO - [2021-12-03 11:25:12,522] {dag.py:2396} INFO - Sync 1 DAGs
[2021-12-03 11:25:12,549] {logging_mixin.py:109} INFO - [2021-12-03 11:25:12,549] {dag.py:2928} INFO - Setting next_dagrun for example_kubernetes_executor to None
[2021-12-03 11:25:12,566] {processor.py:171} INFO - Processing /home/airflow/.local/lib/python3.7/site-packages/airflow/example_dags/example_kubernetes_executor.py took 0.108 seconds
[2021-12-03 11:25:43,649] {processor.py:163} INFO - Started process (PID=785) to work on /home/airflow/.local/lib/python3.7/site-packages/airflow/example_dags/example_kubernetes_executor.py
[2021-12-03 11:25:43,650] {processor.py:625} INFO - Processing file /home/airflow/.local/lib/python3.7/site-packages/airflow/example_dags/example_kubernetes_executor.py for tasks to queue
[2021-12-03 11:25:43,651] {logging_mixin.py:109} INFO - [2021-12-03 11:25:43,651] {dagbag.py:500} INFO - Filling up the DagBag from /home/airflow/.local/lib/python3.7/site-packages/airflow/example_dags/example_kubernetes_executor.py
[2021-12-03 11:25:43,690] {processor.py:637} INFO - DAG(s) dict_keys(['example_kubernetes_executor']) retrieved from /home/airflow/.local/lib/python3.7/site-packages/airflow/example_dags/example_kubernetes_executor.py
[2021-12-03 11:25:43,702] {logging_mixin.py:109} INFO - [2021-12-03 11:25:43,701] {dag.py:2396} INFO - Sync 1 DAGs
[2021-12-03 11:25:43,726] {logging_mixin.py:109} INFO - [2021-12-03 11:25:43,726] {dag.py:2928} INFO - Setting next_dagrun for example_kubernetes_executor to None
[2021-12-03 11:25:43,740] {processor.py:171} INFO - Processing /home/airflow/.local/lib/python3.7/site-packages/airflow/example_dags/example_kubernetes_executor.py took 0.096 seconds
[2021-12-03 11:26:14,471] {processor.py:163} INFO - Started process (PID=845) to work on /home/airflow/.local/lib/python3.7/site-packages/airflow/example_dags/example_kubernetes_executor.py
[2021-12-03 11:26:14,473] {processor.py:625} INFO - Processing file /home/airflow/.local/lib/python3.7/site-packages/airflow/example_dags/example_kubernetes_executor.py for tasks to queue
[2021-12-03 11:26:14,474] {logging_mixin.py:109} INFO - [2021-12-03 11:26:14,474] {dagbag.py:500} INFO - Filling up the DagBag from /home/airflow/.local/lib/python3.7/site-packages/airflow/example_dags/example_kubernetes_executor.py
[2021-12-03 11:26:14,511] {processor.py:637} INFO - DAG(s) dict_keys(['example_kubernetes_executor']) retrieved from /home/airflow/.local/lib/python3.7/site-packages/airflow/example_dags/example_kubernetes_executor.py
[2021-12-03 11:26:14,525] {logging_mixin.py:109} INFO - [2021-12-03 11:26:14,525] {dag.py:2396} INFO - Sync 1 DAGs
[2021-12-03 11:26:14,548] {logging_mixin.py:109} INFO - [2021-12-03 11:26:14,548] {dag.py:2928} INFO - Setting next_dagrun for example_kubernetes_executor to None
[2021-12-03 11:26:14,559] {processor.py:171} INFO - Processing /home/airflow/.local/lib/python3.7/site-packages/airflow/example_dags/example_kubernetes_executor.py took 0.093 seconds
[2021-12-03 11:26:44,878] {processor.py:163} INFO - Started process (PID=896) to work on /home/airflow/.local/lib/python3.7/site-packages/airflow/example_dags/example_kubernetes_executor.py
[2021-12-03 11:26:44,879] {processor.py:625} INFO - Processing file /home/airflow/.local/lib/python3.7/site-packages/airflow/example_dags/example_kubernetes_executor.py for tasks to queue
[2021-12-03 11:26:44,880] {logging_mixin.py:109} INFO - [2021-12-03 11:26:44,880] {dagbag.py:500} INFO - Filling up the DagBag from /home/airflow/.local/lib/python3.7/site-packages/airflow/example_dags/example_kubernetes_executor.py
[2021-12-03 11:26:44,910] {processor.py:637} INFO - DAG(s) dict_keys(['example_kubernetes_executor']) retrieved from /home/airflow/.local/lib/python3.7/site-packages/airflow/example_dags/example_kubernetes_executor.py
[2021-12-03 11:26:44,922] {logging_mixin.py:109} INFO - [2021-12-03 11:26:44,922] {dag.py:2396} INFO - Sync 1 DAGs
[2021-12-03 11:26:44,944] {logging_mixin.py:109} INFO - [2021-12-03 11:26:44,944] {dag.py:2928} INFO - Setting next_dagrun for example_kubernetes_executor to None
[2021-12-03 11:26:44,955] {processor.py:171} INFO - Processing /home/airflow/.local/lib/python3.7/site-packages/airflow/example_dags/example_kubernetes_executor.py took 0.080 seconds
[2021-12-03 11:27:14,982] {processor.py:163} INFO - Started process (PID=948) to work on /home/airflow/.local/lib/python3.7/site-packages/airflow/example_dags/example_kubernetes_executor.py
[2021-12-03 11:27:14,983] {processor.py:625} INFO - Processing file /home/airflow/.local/lib/python3.7/site-packages/airflow/example_dags/example_kubernetes_executor.py for tasks to queue
[2021-12-03 11:27:14,984] {logging_mixin.py:109} INFO - [2021-12-03 11:27:14,983] {dagbag.py:500} INFO - Filling up the DagBag from /home/airflow/.local/lib/python3.7/site-packages/airflow/example_dags/example_kubernetes_executor.py
[2021-12-03 11:27:15,019] {processor.py:637} INFO - DAG(s) dict_keys(['example_kubernetes_executor']) retrieved from /home/airflow/.local/lib/python3.7/site-packages/airflow/example_dags/example_kubernetes_executor.py
[2021-12-03 11:27:15,094] {logging_mixin.py:109} INFO - [2021-12-03 11:27:15,094] {dag.py:2396} INFO - Sync 1 DAGs
[2021-12-03 11:27:15,217] {logging_mixin.py:109} INFO - [2021-12-03 11:27:15,217] {dag.py:2928} INFO - Setting next_dagrun for example_kubernetes_executor to None
[2021-12-03 11:27:15,228] {processor.py:171} INFO - Processing /home/airflow/.local/lib/python3.7/site-packages/airflow/example_dags/example_kubernetes_executor.py took 0.250 seconds
[2021-12-03 11:27:45,543] {processor.py:163} INFO - Started process (PID=1009) to work on /home/airflow/.local/lib/python3.7/site-packages/airflow/example_dags/example_kubernetes_executor.py
[2021-12-03 11:27:45,544] {processor.py:625} INFO - Processing file /home/airflow/.local/lib/python3.7/site-packages/airflow/example_dags/example_kubernetes_executor.py for tasks to queue
[2021-12-03 11:27:45,545] {logging_mixin.py:109} INFO - [2021-12-03 11:27:45,545] {dagbag.py:500} INFO - Filling up the DagBag from /home/airflow/.local/lib/python3.7/site-packages/airflow/example_dags/example_kubernetes_executor.py
[2021-12-03 11:27:45,573] {processor.py:637} INFO - DAG(s) dict_keys(['example_kubernetes_executor']) retrieved from /home/airflow/.local/lib/python3.7/site-packages/airflow/example_dags/example_kubernetes_executor.py
[2021-12-03 11:27:45,585] {logging_mixin.py:109} INFO - [2021-12-03 11:27:45,584] {dag.py:2396} INFO - Sync 1 DAGs
[2021-12-03 11:27:45,699] {logging_mixin.py:109} INFO - [2021-12-03 11:27:45,699] {dag.py:2928} INFO - Setting next_dagrun for example_kubernetes_executor to None
[2021-12-03 11:27:45,710] {processor.py:171} INFO - Processing /home/airflow/.local/lib/python3.7/site-packages/airflow/example_dags/example_kubernetes_executor.py took 0.170 seconds
[2021-12-03 11:28:15,905] {processor.py:163} INFO - Started process (PID=1059) to work on /home/airflow/.local/lib/python3.7/site-packages/airflow/example_dags/example_kubernetes_executor.py
[2021-12-03 11:28:15,906] {processor.py:625} INFO - Processing file /home/airflow/.local/lib/python3.7/site-packages/airflow/example_dags/example_kubernetes_executor.py for tasks to queue
[2021-12-03 11:28:15,907] {logging_mixin.py:109} INFO - [2021-12-03 11:28:15,907] {dagbag.py:500} INFO - Filling up the DagBag from /home/airflow/.local/lib/python3.7/site-packages/airflow/example_dags/example_kubernetes_executor.py
[2021-12-03 11:28:15,936] {processor.py:637} INFO - DAG(s) dict_keys(['example_kubernetes_executor']) retrieved from /home/airflow/.local/lib/python3.7/site-packages/airflow/example_dags/example_kubernetes_executor.py
[2021-12-03 11:28:15,949] {logging_mixin.py:109} INFO - [2021-12-03 11:28:15,949] {dag.py:2396} INFO - Sync 1 DAGs
[2021-12-03 11:28:16,058] {logging_mixin.py:109} INFO - [2021-12-03 11:28:16,058] {dag.py:2928} INFO - Setting next_dagrun for example_kubernetes_executor to None
[2021-12-03 11:28:16,069] {processor.py:171} INFO - Processing /home/airflow/.local/lib/python3.7/site-packages/airflow/example_dags/example_kubernetes_executor.py took 0.167 seconds
[2021-12-03 11:28:46,132] {processor.py:163} INFO - Started process (PID=1119) to work on /home/airflow/.local/lib/python3.7/site-packages/airflow/example_dags/example_kubernetes_executor.py
[2021-12-03 11:28:46,132] {processor.py:625} INFO - Processing file /home/airflow/.local/lib/python3.7/site-packages/airflow/example_dags/example_kubernetes_executor.py for tasks to queue
[2021-12-03 11:28:46,133] {logging_mixin.py:109} INFO - [2021-12-03 11:28:46,133] {dagbag.py:500} INFO - Filling up the DagBag from /home/airflow/.local/lib/python3.7/site-packages/airflow/example_dags/example_kubernetes_executor.py
[2021-12-03 11:28:46,155] {processor.py:637} INFO - DAG(s) dict_keys(['example_kubernetes_executor']) retrieved from /home/airflow/.local/lib/python3.7/site-packages/airflow/example_dags/example_kubernetes_executor.py
[2021-12-03 11:28:46,166] {logging_mixin.py:109} INFO - [2021-12-03 11:28:46,166] {dag.py:2396} INFO - Sync 1 DAGs
[2021-12-03 11:28:46,329] {logging_mixin.py:109} INFO - [2021-12-03 11:28:46,329] {dag.py:2928} INFO - Setting next_dagrun for example_kubernetes_executor to None
[2021-12-03 11:28:46,339] {processor.py:171} INFO - Processing /home/airflow/.local/lib/python3.7/site-packages/airflow/example_dags/example_kubernetes_executor.py took 0.210 seconds
[2021-12-03 11:29:16,625] {processor.py:163} INFO - Started process (PID=1173) to work on /home/airflow/.local/lib/python3.7/site-packages/airflow/example_dags/example_kubernetes_executor.py
[2021-12-03 11:29:16,626] {processor.py:625} INFO - Processing file /home/airflow/.local/lib/python3.7/site-packages/airflow/example_dags/example_kubernetes_executor.py for tasks to queue
[2021-12-03 11:29:16,627] {logging_mixin.py:109} INFO - [2021-12-03 11:29:16,627] {dagbag.py:500} INFO - Filling up the DagBag from /home/airflow/.local/lib/python3.7/site-packages/airflow/example_dags/example_kubernetes_executor.py
[2021-12-03 11:29:16,661] {processor.py:637} INFO - DAG(s) dict_keys(['example_kubernetes_executor']) retrieved from /home/airflow/.local/lib/python3.7/site-packages/airflow/example_dags/example_kubernetes_executor.py
[2021-12-03 11:29:16,673] {logging_mixin.py:109} INFO - [2021-12-03 11:29:16,673] {dag.py:2396} INFO - Sync 1 DAGs
[2021-12-03 11:29:16,792] {logging_mixin.py:109} INFO - [2021-12-03 11:29:16,792] {dag.py:2928} INFO - Setting next_dagrun for example_kubernetes_executor to None
[2021-12-03 11:29:16,804] {processor.py:171} INFO - Processing /home/airflow/.local/lib/python3.7/site-packages/airflow/example_dags/example_kubernetes_executor.py took 0.182 seconds
[2021-12-03 11:30:50,870] {processor.py:163} INFO - Started process (PID=45) to work on /home/airflow/.local/lib/python3.7/site-packages/airflow/example_dags/example_kubernetes_executor.py
[2021-12-03 11:30:50,872] {processor.py:625} INFO - Processing file /home/airflow/.local/lib/python3.7/site-packages/airflow/example_dags/example_kubernetes_executor.py for tasks to queue
[2021-12-03 11:30:50,872] {logging_mixin.py:109} INFO - [2021-12-03 11:30:50,872] {dagbag.py:500} INFO - Filling up the DagBag from /home/airflow/.local/lib/python3.7/site-packages/airflow/example_dags/example_kubernetes_executor.py
[2021-12-03 11:30:50,921] {processor.py:637} INFO - DAG(s) dict_keys(['example_kubernetes_executor']) retrieved from /home/airflow/.local/lib/python3.7/site-packages/airflow/example_dags/example_kubernetes_executor.py
[2021-12-03 11:30:50,939] {logging_mixin.py:109} INFO - [2021-12-03 11:30:50,939] {dag.py:2396} INFO - Sync 1 DAGs
[2021-12-03 11:30:50,971] {logging_mixin.py:109} INFO - [2021-12-03 11:30:50,971] {dag.py:2928} INFO - Setting next_dagrun for example_kubernetes_executor to None
[2021-12-03 11:30:50,991] {processor.py:171} INFO - Processing /home/airflow/.local/lib/python3.7/site-packages/airflow/example_dags/example_kubernetes_executor.py took 0.127 seconds
