[2021-12-03 11:21:13,713] {processor.py:163} INFO - Started process (PID=137) to work on /home/airflow/.local/lib/python3.7/site-packages/airflow/example_dags/example_trigger_controller_dag.py
[2021-12-03 11:21:13,715] {processor.py:625} INFO - Processing file /home/airflow/.local/lib/python3.7/site-packages/airflow/example_dags/example_trigger_controller_dag.py for tasks to queue
[2021-12-03 11:21:13,715] {logging_mixin.py:109} INFO - [2021-12-03 11:21:13,715] {dagbag.py:500} INFO - Filling up the DagBag from /home/airflow/.local/lib/python3.7/site-packages/airflow/example_dags/example_trigger_controller_dag.py
[2021-12-03 11:21:13,746] {processor.py:637} INFO - DAG(s) dict_keys(['example_trigger_controller_dag']) retrieved from /home/airflow/.local/lib/python3.7/site-packages/airflow/example_dags/example_trigger_controller_dag.py
[2021-12-03 11:21:15,691] {logging_mixin.py:109} INFO - [2021-12-03 11:21:15,690] {providers_manager.py:156} WARNING - Exception when importing 'airflow.providers.google.leveldb.hooks.leveldb.LevelDBHook' from 'apache-airflow-providers-google' package: No module named 'plyvel'
[2021-12-03 11:21:16,151] {logging_mixin.py:109} INFO - [2021-12-03 11:21:16,150] {providers_manager.py:156} WARNING - Exception when importing 'airflow.providers.google.leveldb.hooks.leveldb.LevelDBHook' from 'apache-airflow-providers-google' package: No module named 'plyvel'
[2021-12-03 11:21:16,175] {logging_mixin.py:109} INFO - [2021-12-03 11:21:16,174] {manager.py:496} INFO - Created Permission View: can read on DAG:example_trigger_controller_dag
[2021-12-03 11:21:16,184] {logging_mixin.py:109} INFO - [2021-12-03 11:21:16,184] {manager.py:496} INFO - Created Permission View: can edit on DAG:example_trigger_controller_dag
[2021-12-03 11:21:16,185] {logging_mixin.py:109} INFO - [2021-12-03 11:21:16,185] {dag.py:2396} INFO - Sync 1 DAGs
[2021-12-03 11:21:16,195] {logging_mixin.py:109} INFO - [2021-12-03 11:21:16,194] {dag.py:2415} INFO - Creating ORM DAG for example_trigger_controller_dag
[2021-12-03 11:21:16,205] {logging_mixin.py:109} INFO - [2021-12-03 11:21:16,205] {dag.py:2928} INFO - Setting next_dagrun for example_trigger_controller_dag to 2021-01-01T00:00:00+00:00
[2021-12-03 11:21:16,226] {processor.py:171} INFO - Processing /home/airflow/.local/lib/python3.7/site-packages/airflow/example_dags/example_trigger_controller_dag.py took 2.516 seconds
[2021-12-03 11:21:46,808] {processor.py:163} INFO - Started process (PID=360) to work on /home/airflow/.local/lib/python3.7/site-packages/airflow/example_dags/example_trigger_controller_dag.py
[2021-12-03 11:21:46,810] {processor.py:625} INFO - Processing file /home/airflow/.local/lib/python3.7/site-packages/airflow/example_dags/example_trigger_controller_dag.py for tasks to queue
[2021-12-03 11:21:46,811] {logging_mixin.py:109} INFO - [2021-12-03 11:21:46,811] {dagbag.py:500} INFO - Filling up the DagBag from /home/airflow/.local/lib/python3.7/site-packages/airflow/example_dags/example_trigger_controller_dag.py
[2021-12-03 11:21:46,841] {processor.py:637} INFO - DAG(s) dict_keys(['example_trigger_controller_dag']) retrieved from /home/airflow/.local/lib/python3.7/site-packages/airflow/example_dags/example_trigger_controller_dag.py
[2021-12-03 11:21:46,851] {logging_mixin.py:109} INFO - [2021-12-03 11:21:46,851] {dag.py:2396} INFO - Sync 1 DAGs
[2021-12-03 11:21:46,869] {logging_mixin.py:109} INFO - [2021-12-03 11:21:46,868] {dag.py:2928} INFO - Setting next_dagrun for example_trigger_controller_dag to 2021-01-01T00:00:00+00:00
[2021-12-03 11:21:46,878] {processor.py:171} INFO - Processing /home/airflow/.local/lib/python3.7/site-packages/airflow/example_dags/example_trigger_controller_dag.py took 0.073 seconds
[2021-12-03 11:22:17,847] {processor.py:163} INFO - Started process (PID=420) to work on /home/airflow/.local/lib/python3.7/site-packages/airflow/example_dags/example_trigger_controller_dag.py
[2021-12-03 11:22:17,848] {processor.py:625} INFO - Processing file /home/airflow/.local/lib/python3.7/site-packages/airflow/example_dags/example_trigger_controller_dag.py for tasks to queue
[2021-12-03 11:22:17,849] {logging_mixin.py:109} INFO - [2021-12-03 11:22:17,849] {dagbag.py:500} INFO - Filling up the DagBag from /home/airflow/.local/lib/python3.7/site-packages/airflow/example_dags/example_trigger_controller_dag.py
[2021-12-03 11:22:17,961] {processor.py:637} INFO - DAG(s) dict_keys(['example_trigger_controller_dag']) retrieved from /home/airflow/.local/lib/python3.7/site-packages/airflow/example_dags/example_trigger_controller_dag.py
[2021-12-03 11:22:18,069] {logging_mixin.py:109} INFO - [2021-12-03 11:22:18,069] {dag.py:2396} INFO - Sync 1 DAGs
[2021-12-03 11:22:18,142] {logging_mixin.py:109} INFO - [2021-12-03 11:22:18,141] {dag.py:2928} INFO - Setting next_dagrun for example_trigger_controller_dag to 2021-01-01T00:00:00+00:00
[2021-12-03 11:22:18,159] {processor.py:171} INFO - Processing /home/airflow/.local/lib/python3.7/site-packages/airflow/example_dags/example_trigger_controller_dag.py took 0.315 seconds
[2021-12-03 11:22:49,020] {processor.py:163} INFO - Started process (PID=472) to work on /home/airflow/.local/lib/python3.7/site-packages/airflow/example_dags/example_trigger_controller_dag.py
[2021-12-03 11:22:49,021] {processor.py:625} INFO - Processing file /home/airflow/.local/lib/python3.7/site-packages/airflow/example_dags/example_trigger_controller_dag.py for tasks to queue
[2021-12-03 11:22:49,022] {logging_mixin.py:109} INFO - [2021-12-03 11:22:49,022] {dagbag.py:500} INFO - Filling up the DagBag from /home/airflow/.local/lib/python3.7/site-packages/airflow/example_dags/example_trigger_controller_dag.py
[2021-12-03 11:22:49,052] {processor.py:637} INFO - DAG(s) dict_keys(['example_trigger_controller_dag']) retrieved from /home/airflow/.local/lib/python3.7/site-packages/airflow/example_dags/example_trigger_controller_dag.py
[2021-12-03 11:22:49,067] {logging_mixin.py:109} INFO - [2021-12-03 11:22:49,067] {dag.py:2396} INFO - Sync 1 DAGs
[2021-12-03 11:22:49,088] {logging_mixin.py:109} INFO - [2021-12-03 11:22:49,088] {dag.py:2928} INFO - Setting next_dagrun for example_trigger_controller_dag to 2021-01-01T00:00:00+00:00
[2021-12-03 11:22:49,100] {processor.py:171} INFO - Processing /home/airflow/.local/lib/python3.7/site-packages/airflow/example_dags/example_trigger_controller_dag.py took 0.082 seconds
[2021-12-03 11:23:19,202] {processor.py:163} INFO - Started process (PID=527) to work on /home/airflow/.local/lib/python3.7/site-packages/airflow/example_dags/example_trigger_controller_dag.py
[2021-12-03 11:23:19,203] {processor.py:625} INFO - Processing file /home/airflow/.local/lib/python3.7/site-packages/airflow/example_dags/example_trigger_controller_dag.py for tasks to queue
[2021-12-03 11:23:19,204] {logging_mixin.py:109} INFO - [2021-12-03 11:23:19,204] {dagbag.py:500} INFO - Filling up the DagBag from /home/airflow/.local/lib/python3.7/site-packages/airflow/example_dags/example_trigger_controller_dag.py
[2021-12-03 11:23:19,231] {processor.py:637} INFO - DAG(s) dict_keys(['example_trigger_controller_dag']) retrieved from /home/airflow/.local/lib/python3.7/site-packages/airflow/example_dags/example_trigger_controller_dag.py
[2021-12-03 11:23:19,242] {logging_mixin.py:109} INFO - [2021-12-03 11:23:19,242] {dag.py:2396} INFO - Sync 1 DAGs
[2021-12-03 11:23:19,261] {logging_mixin.py:109} INFO - [2021-12-03 11:23:19,261] {dag.py:2928} INFO - Setting next_dagrun for example_trigger_controller_dag to 2021-01-01T00:00:00+00:00
[2021-12-03 11:23:19,271] {processor.py:171} INFO - Processing /home/airflow/.local/lib/python3.7/site-packages/airflow/example_dags/example_trigger_controller_dag.py took 0.072 seconds
[2021-12-03 11:23:49,536] {processor.py:163} INFO - Started process (PID=587) to work on /home/airflow/.local/lib/python3.7/site-packages/airflow/example_dags/example_trigger_controller_dag.py
[2021-12-03 11:23:49,537] {processor.py:625} INFO - Processing file /home/airflow/.local/lib/python3.7/site-packages/airflow/example_dags/example_trigger_controller_dag.py for tasks to queue
[2021-12-03 11:23:49,538] {logging_mixin.py:109} INFO - [2021-12-03 11:23:49,538] {dagbag.py:500} INFO - Filling up the DagBag from /home/airflow/.local/lib/python3.7/site-packages/airflow/example_dags/example_trigger_controller_dag.py
[2021-12-03 11:23:49,573] {processor.py:637} INFO - DAG(s) dict_keys(['example_trigger_controller_dag']) retrieved from /home/airflow/.local/lib/python3.7/site-packages/airflow/example_dags/example_trigger_controller_dag.py
[2021-12-03 11:23:49,587] {logging_mixin.py:109} INFO - [2021-12-03 11:23:49,587] {dag.py:2396} INFO - Sync 1 DAGs
[2021-12-03 11:23:49,610] {logging_mixin.py:109} INFO - [2021-12-03 11:23:49,610] {dag.py:2928} INFO - Setting next_dagrun for example_trigger_controller_dag to 2021-01-01T00:00:00+00:00
[2021-12-03 11:23:49,624] {processor.py:171} INFO - Processing /home/airflow/.local/lib/python3.7/site-packages/airflow/example_dags/example_trigger_controller_dag.py took 0.092 seconds
[2021-12-03 11:24:20,103] {processor.py:163} INFO - Started process (PID=638) to work on /home/airflow/.local/lib/python3.7/site-packages/airflow/example_dags/example_trigger_controller_dag.py
[2021-12-03 11:24:20,105] {processor.py:625} INFO - Processing file /home/airflow/.local/lib/python3.7/site-packages/airflow/example_dags/example_trigger_controller_dag.py for tasks to queue
[2021-12-03 11:24:20,105] {logging_mixin.py:109} INFO - [2021-12-03 11:24:20,105] {dagbag.py:500} INFO - Filling up the DagBag from /home/airflow/.local/lib/python3.7/site-packages/airflow/example_dags/example_trigger_controller_dag.py
[2021-12-03 11:24:20,135] {processor.py:637} INFO - DAG(s) dict_keys(['example_trigger_controller_dag']) retrieved from /home/airflow/.local/lib/python3.7/site-packages/airflow/example_dags/example_trigger_controller_dag.py
[2021-12-03 11:24:20,146] {logging_mixin.py:109} INFO - [2021-12-03 11:24:20,145] {dag.py:2396} INFO - Sync 1 DAGs
[2021-12-03 11:24:20,167] {logging_mixin.py:109} INFO - [2021-12-03 11:24:20,167] {dag.py:2928} INFO - Setting next_dagrun for example_trigger_controller_dag to 2021-01-01T00:00:00+00:00
[2021-12-03 11:24:20,179] {processor.py:171} INFO - Processing /home/airflow/.local/lib/python3.7/site-packages/airflow/example_dags/example_trigger_controller_dag.py took 0.079 seconds
[2021-12-03 11:24:50,619] {processor.py:163} INFO - Started process (PID=690) to work on /home/airflow/.local/lib/python3.7/site-packages/airflow/example_dags/example_trigger_controller_dag.py
[2021-12-03 11:24:50,621] {processor.py:625} INFO - Processing file /home/airflow/.local/lib/python3.7/site-packages/airflow/example_dags/example_trigger_controller_dag.py for tasks to queue
[2021-12-03 11:24:50,622] {logging_mixin.py:109} INFO - [2021-12-03 11:24:50,621] {dagbag.py:500} INFO - Filling up the DagBag from /home/airflow/.local/lib/python3.7/site-packages/airflow/example_dags/example_trigger_controller_dag.py
[2021-12-03 11:24:50,660] {processor.py:637} INFO - DAG(s) dict_keys(['example_trigger_controller_dag']) retrieved from /home/airflow/.local/lib/python3.7/site-packages/airflow/example_dags/example_trigger_controller_dag.py
[2021-12-03 11:24:50,671] {logging_mixin.py:109} INFO - [2021-12-03 11:24:50,671] {dag.py:2396} INFO - Sync 1 DAGs
[2021-12-03 11:24:50,693] {logging_mixin.py:109} INFO - [2021-12-03 11:24:50,693] {dag.py:2928} INFO - Setting next_dagrun for example_trigger_controller_dag to 2021-01-01T00:00:00+00:00
[2021-12-03 11:24:50,705] {processor.py:171} INFO - Processing /home/airflow/.local/lib/python3.7/site-packages/airflow/example_dags/example_trigger_controller_dag.py took 0.088 seconds
[2021-12-03 11:25:21,093] {processor.py:163} INFO - Started process (PID=752) to work on /home/airflow/.local/lib/python3.7/site-packages/airflow/example_dags/example_trigger_controller_dag.py
[2021-12-03 11:25:21,094] {processor.py:625} INFO - Processing file /home/airflow/.local/lib/python3.7/site-packages/airflow/example_dags/example_trigger_controller_dag.py for tasks to queue
[2021-12-03 11:25:21,095] {logging_mixin.py:109} INFO - [2021-12-03 11:25:21,095] {dagbag.py:500} INFO - Filling up the DagBag from /home/airflow/.local/lib/python3.7/site-packages/airflow/example_dags/example_trigger_controller_dag.py
[2021-12-03 11:25:21,138] {processor.py:637} INFO - DAG(s) dict_keys(['example_trigger_controller_dag']) retrieved from /home/airflow/.local/lib/python3.7/site-packages/airflow/example_dags/example_trigger_controller_dag.py
[2021-12-03 11:25:21,154] {logging_mixin.py:109} INFO - [2021-12-03 11:25:21,154] {dag.py:2396} INFO - Sync 1 DAGs
[2021-12-03 11:25:21,188] {logging_mixin.py:109} INFO - [2021-12-03 11:25:21,188] {dag.py:2928} INFO - Setting next_dagrun for example_trigger_controller_dag to 2021-01-01T00:00:00+00:00
[2021-12-03 11:25:21,201] {processor.py:171} INFO - Processing /home/airflow/.local/lib/python3.7/site-packages/airflow/example_dags/example_trigger_controller_dag.py took 0.111 seconds
[2021-12-03 11:25:51,257] {processor.py:163} INFO - Started process (PID=804) to work on /home/airflow/.local/lib/python3.7/site-packages/airflow/example_dags/example_trigger_controller_dag.py
[2021-12-03 11:25:51,259] {processor.py:625} INFO - Processing file /home/airflow/.local/lib/python3.7/site-packages/airflow/example_dags/example_trigger_controller_dag.py for tasks to queue
[2021-12-03 11:25:51,259] {logging_mixin.py:109} INFO - [2021-12-03 11:25:51,259] {dagbag.py:500} INFO - Filling up the DagBag from /home/airflow/.local/lib/python3.7/site-packages/airflow/example_dags/example_trigger_controller_dag.py
[2021-12-03 11:25:51,286] {processor.py:637} INFO - DAG(s) dict_keys(['example_trigger_controller_dag']) retrieved from /home/airflow/.local/lib/python3.7/site-packages/airflow/example_dags/example_trigger_controller_dag.py
[2021-12-03 11:25:51,298] {logging_mixin.py:109} INFO - [2021-12-03 11:25:51,298] {dag.py:2396} INFO - Sync 1 DAGs
[2021-12-03 11:25:51,317] {logging_mixin.py:109} INFO - [2021-12-03 11:25:51,317] {dag.py:2928} INFO - Setting next_dagrun for example_trigger_controller_dag to 2021-01-01T00:00:00+00:00
[2021-12-03 11:25:51,328] {processor.py:171} INFO - Processing /home/airflow/.local/lib/python3.7/site-packages/airflow/example_dags/example_trigger_controller_dag.py took 0.076 seconds
[2021-12-03 11:26:21,997] {processor.py:163} INFO - Started process (PID=855) to work on /home/airflow/.local/lib/python3.7/site-packages/airflow/example_dags/example_trigger_controller_dag.py
[2021-12-03 11:26:21,998] {processor.py:625} INFO - Processing file /home/airflow/.local/lib/python3.7/site-packages/airflow/example_dags/example_trigger_controller_dag.py for tasks to queue
[2021-12-03 11:26:21,999] {logging_mixin.py:109} INFO - [2021-12-03 11:26:21,999] {dagbag.py:500} INFO - Filling up the DagBag from /home/airflow/.local/lib/python3.7/site-packages/airflow/example_dags/example_trigger_controller_dag.py
[2021-12-03 11:26:22,031] {processor.py:637} INFO - DAG(s) dict_keys(['example_trigger_controller_dag']) retrieved from /home/airflow/.local/lib/python3.7/site-packages/airflow/example_dags/example_trigger_controller_dag.py
[2021-12-03 11:26:22,042] {logging_mixin.py:109} INFO - [2021-12-03 11:26:22,042] {dag.py:2396} INFO - Sync 1 DAGs
[2021-12-03 11:26:22,063] {logging_mixin.py:109} INFO - [2021-12-03 11:26:22,063] {dag.py:2928} INFO - Setting next_dagrun for example_trigger_controller_dag to 2021-01-01T00:00:00+00:00
[2021-12-03 11:26:22,075] {processor.py:171} INFO - Processing /home/airflow/.local/lib/python3.7/site-packages/airflow/example_dags/example_trigger_controller_dag.py took 0.082 seconds
[2021-12-03 11:26:52,291] {processor.py:163} INFO - Started process (PID=917) to work on /home/airflow/.local/lib/python3.7/site-packages/airflow/example_dags/example_trigger_controller_dag.py
[2021-12-03 11:26:52,292] {processor.py:625} INFO - Processing file /home/airflow/.local/lib/python3.7/site-packages/airflow/example_dags/example_trigger_controller_dag.py for tasks to queue
[2021-12-03 11:26:52,293] {logging_mixin.py:109} INFO - [2021-12-03 11:26:52,293] {dagbag.py:500} INFO - Filling up the DagBag from /home/airflow/.local/lib/python3.7/site-packages/airflow/example_dags/example_trigger_controller_dag.py
[2021-12-03 11:26:52,323] {processor.py:637} INFO - DAG(s) dict_keys(['example_trigger_controller_dag']) retrieved from /home/airflow/.local/lib/python3.7/site-packages/airflow/example_dags/example_trigger_controller_dag.py
[2021-12-03 11:26:52,334] {logging_mixin.py:109} INFO - [2021-12-03 11:26:52,333] {dag.py:2396} INFO - Sync 1 DAGs
[2021-12-03 11:26:52,352] {logging_mixin.py:109} INFO - [2021-12-03 11:26:52,352] {dag.py:2928} INFO - Setting next_dagrun for example_trigger_controller_dag to 2021-01-01T00:00:00+00:00
[2021-12-03 11:26:52,364] {processor.py:171} INFO - Processing /home/airflow/.local/lib/python3.7/site-packages/airflow/example_dags/example_trigger_controller_dag.py took 0.076 seconds
[2021-12-03 11:27:23,251] {processor.py:163} INFO - Started process (PID=968) to work on /home/airflow/.local/lib/python3.7/site-packages/airflow/example_dags/example_trigger_controller_dag.py
[2021-12-03 11:27:23,254] {processor.py:625} INFO - Processing file /home/airflow/.local/lib/python3.7/site-packages/airflow/example_dags/example_trigger_controller_dag.py for tasks to queue
[2021-12-03 11:27:23,256] {logging_mixin.py:109} INFO - [2021-12-03 11:27:23,256] {dagbag.py:500} INFO - Filling up the DagBag from /home/airflow/.local/lib/python3.7/site-packages/airflow/example_dags/example_trigger_controller_dag.py
[2021-12-03 11:27:23,296] {processor.py:637} INFO - DAG(s) dict_keys(['example_trigger_controller_dag']) retrieved from /home/airflow/.local/lib/python3.7/site-packages/airflow/example_dags/example_trigger_controller_dag.py
[2021-12-03 11:27:23,308] {logging_mixin.py:109} INFO - [2021-12-03 11:27:23,308] {dag.py:2396} INFO - Sync 1 DAGs
[2021-12-03 11:27:23,328] {logging_mixin.py:109} INFO - [2021-12-03 11:27:23,328] {dag.py:2928} INFO - Setting next_dagrun for example_trigger_controller_dag to 2021-01-01T00:00:00+00:00
[2021-12-03 11:27:23,339] {processor.py:171} INFO - Processing /home/airflow/.local/lib/python3.7/site-packages/airflow/example_dags/example_trigger_controller_dag.py took 0.175 seconds
[2021-12-03 11:27:53,855] {processor.py:163} INFO - Started process (PID=1020) to work on /home/airflow/.local/lib/python3.7/site-packages/airflow/example_dags/example_trigger_controller_dag.py
[2021-12-03 11:27:53,856] {processor.py:625} INFO - Processing file /home/airflow/.local/lib/python3.7/site-packages/airflow/example_dags/example_trigger_controller_dag.py for tasks to queue
[2021-12-03 11:27:53,856] {logging_mixin.py:109} INFO - [2021-12-03 11:27:53,856] {dagbag.py:500} INFO - Filling up the DagBag from /home/airflow/.local/lib/python3.7/site-packages/airflow/example_dags/example_trigger_controller_dag.py
[2021-12-03 11:27:53,879] {processor.py:637} INFO - DAG(s) dict_keys(['example_trigger_controller_dag']) retrieved from /home/airflow/.local/lib/python3.7/site-packages/airflow/example_dags/example_trigger_controller_dag.py
[2021-12-03 11:27:53,895] {logging_mixin.py:109} INFO - [2021-12-03 11:27:53,894] {dag.py:2396} INFO - Sync 1 DAGs
[2021-12-03 11:27:53,920] {logging_mixin.py:109} INFO - [2021-12-03 11:27:53,919] {dag.py:2928} INFO - Setting next_dagrun for example_trigger_controller_dag to 2021-01-01T00:00:00+00:00
[2021-12-03 11:27:53,932] {processor.py:171} INFO - Processing /home/airflow/.local/lib/python3.7/site-packages/airflow/example_dags/example_trigger_controller_dag.py took 0.081 seconds
[2021-12-03 11:28:24,014] {processor.py:163} INFO - Started process (PID=1080) to work on /home/airflow/.local/lib/python3.7/site-packages/airflow/example_dags/example_trigger_controller_dag.py
[2021-12-03 11:28:24,018] {processor.py:625} INFO - Processing file /home/airflow/.local/lib/python3.7/site-packages/airflow/example_dags/example_trigger_controller_dag.py for tasks to queue
[2021-12-03 11:28:24,020] {logging_mixin.py:109} INFO - [2021-12-03 11:28:24,020] {dagbag.py:500} INFO - Filling up the DagBag from /home/airflow/.local/lib/python3.7/site-packages/airflow/example_dags/example_trigger_controller_dag.py
[2021-12-03 11:28:24,070] {processor.py:637} INFO - DAG(s) dict_keys(['example_trigger_controller_dag']) retrieved from /home/airflow/.local/lib/python3.7/site-packages/airflow/example_dags/example_trigger_controller_dag.py
[2021-12-03 11:28:24,082] {logging_mixin.py:109} INFO - [2021-12-03 11:28:24,082] {dag.py:2396} INFO - Sync 1 DAGs
[2021-12-03 11:28:24,346] {logging_mixin.py:109} INFO - [2021-12-03 11:28:24,346] {dag.py:2928} INFO - Setting next_dagrun for example_trigger_controller_dag to 2021-01-01T00:00:00+00:00
[2021-12-03 11:28:24,359] {processor.py:171} INFO - Processing /home/airflow/.local/lib/python3.7/site-packages/airflow/example_dags/example_trigger_controller_dag.py took 0.360 seconds
[2021-12-03 11:28:54,433] {processor.py:163} INFO - Started process (PID=1131) to work on /home/airflow/.local/lib/python3.7/site-packages/airflow/example_dags/example_trigger_controller_dag.py
[2021-12-03 11:28:54,434] {processor.py:625} INFO - Processing file /home/airflow/.local/lib/python3.7/site-packages/airflow/example_dags/example_trigger_controller_dag.py for tasks to queue
[2021-12-03 11:28:54,434] {logging_mixin.py:109} INFO - [2021-12-03 11:28:54,434] {dagbag.py:500} INFO - Filling up the DagBag from /home/airflow/.local/lib/python3.7/site-packages/airflow/example_dags/example_trigger_controller_dag.py
[2021-12-03 11:28:54,461] {processor.py:637} INFO - DAG(s) dict_keys(['example_trigger_controller_dag']) retrieved from /home/airflow/.local/lib/python3.7/site-packages/airflow/example_dags/example_trigger_controller_dag.py
[2021-12-03 11:28:54,472] {logging_mixin.py:109} INFO - [2021-12-03 11:28:54,472] {dag.py:2396} INFO - Sync 1 DAGs
[2021-12-03 11:28:54,576] {logging_mixin.py:109} INFO - [2021-12-03 11:28:54,576] {dag.py:2928} INFO - Setting next_dagrun for example_trigger_controller_dag to 2021-01-01T00:00:00+00:00
[2021-12-03 11:28:54,586] {processor.py:171} INFO - Processing /home/airflow/.local/lib/python3.7/site-packages/airflow/example_dags/example_trigger_controller_dag.py took 0.157 seconds
[2021-12-03 11:29:24,809] {processor.py:163} INFO - Started process (PID=1194) to work on /home/airflow/.local/lib/python3.7/site-packages/airflow/example_dags/example_trigger_controller_dag.py
[2021-12-03 11:29:24,810] {processor.py:625} INFO - Processing file /home/airflow/.local/lib/python3.7/site-packages/airflow/example_dags/example_trigger_controller_dag.py for tasks to queue
[2021-12-03 11:29:24,810] {logging_mixin.py:109} INFO - [2021-12-03 11:29:24,810] {dagbag.py:500} INFO - Filling up the DagBag from /home/airflow/.local/lib/python3.7/site-packages/airflow/example_dags/example_trigger_controller_dag.py
[2021-12-03 11:29:24,831] {processor.py:637} INFO - DAG(s) dict_keys(['example_trigger_controller_dag']) retrieved from /home/airflow/.local/lib/python3.7/site-packages/airflow/example_dags/example_trigger_controller_dag.py
[2021-12-03 11:29:24,842] {logging_mixin.py:109} INFO - [2021-12-03 11:29:24,842] {dag.py:2396} INFO - Sync 1 DAGs
[2021-12-03 11:29:24,942] {logging_mixin.py:109} INFO - [2021-12-03 11:29:24,942] {dag.py:2928} INFO - Setting next_dagrun for example_trigger_controller_dag to 2021-01-01T00:00:00+00:00
[2021-12-03 11:29:24,952] {processor.py:171} INFO - Processing /home/airflow/.local/lib/python3.7/site-packages/airflow/example_dags/example_trigger_controller_dag.py took 0.145 seconds
[2021-12-03 11:30:51,683] {processor.py:163} INFO - Started process (PID=51) to work on /home/airflow/.local/lib/python3.7/site-packages/airflow/example_dags/example_trigger_controller_dag.py
[2021-12-03 11:30:51,694] {processor.py:625} INFO - Processing file /home/airflow/.local/lib/python3.7/site-packages/airflow/example_dags/example_trigger_controller_dag.py for tasks to queue
[2021-12-03 11:30:51,694] {logging_mixin.py:109} INFO - [2021-12-03 11:30:51,694] {dagbag.py:500} INFO - Filling up the DagBag from /home/airflow/.local/lib/python3.7/site-packages/airflow/example_dags/example_trigger_controller_dag.py
[2021-12-03 11:30:51,740] {processor.py:637} INFO - DAG(s) dict_keys(['example_trigger_controller_dag']) retrieved from /home/airflow/.local/lib/python3.7/site-packages/airflow/example_dags/example_trigger_controller_dag.py
[2021-12-03 11:30:51,753] {logging_mixin.py:109} INFO - [2021-12-03 11:30:51,753] {dag.py:2396} INFO - Sync 1 DAGs
[2021-12-03 11:30:51,778] {logging_mixin.py:109} INFO - [2021-12-03 11:30:51,778] {dag.py:2928} INFO - Setting next_dagrun for example_trigger_controller_dag to 2021-01-01T00:00:00+00:00
[2021-12-03 11:30:51,791] {processor.py:171} INFO - Processing /home/airflow/.local/lib/python3.7/site-packages/airflow/example_dags/example_trigger_controller_dag.py took 0.112 seconds
