[2021-12-03 11:21:25,270] {processor.py:163} INFO - Started process (PID=240) to work on /home/airflow/.local/lib/python3.7/site-packages/airflow/example_dags/example_branch_labels.py
[2021-12-03 11:21:25,271] {processor.py:625} INFO - Processing file /home/airflow/.local/lib/python3.7/site-packages/airflow/example_dags/example_branch_labels.py for tasks to queue
[2021-12-03 11:21:25,272] {logging_mixin.py:109} INFO - [2021-12-03 11:21:25,272] {dagbag.py:500} INFO - Filling up the DagBag from /home/airflow/.local/lib/python3.7/site-packages/airflow/example_dags/example_branch_labels.py
[2021-12-03 11:21:25,304] {processor.py:637} INFO - DAG(s) dict_keys(['example_branch_labels']) retrieved from /home/airflow/.local/lib/python3.7/site-packages/airflow/example_dags/example_branch_labels.py
[2021-12-03 11:21:27,169] {logging_mixin.py:109} INFO - [2021-12-03 11:21:27,169] {providers_manager.py:156} WARNING - Exception when importing 'airflow.providers.google.leveldb.hooks.leveldb.LevelDBHook' from 'apache-airflow-providers-google' package: No module named 'plyvel'
[2021-12-03 11:21:27,567] {logging_mixin.py:109} INFO - [2021-12-03 11:21:27,567] {providers_manager.py:156} WARNING - Exception when importing 'airflow.providers.google.leveldb.hooks.leveldb.LevelDBHook' from 'apache-airflow-providers-google' package: No module named 'plyvel'
[2021-12-03 11:21:27,594] {logging_mixin.py:109} INFO - [2021-12-03 11:21:27,594] {manager.py:496} INFO - Created Permission View: can read on DAG:example_branch_labels
[2021-12-03 11:21:27,607] {logging_mixin.py:109} INFO - [2021-12-03 11:21:27,606] {manager.py:496} INFO - Created Permission View: can edit on DAG:example_branch_labels
[2021-12-03 11:21:27,607] {logging_mixin.py:109} INFO - [2021-12-03 11:21:27,607] {dag.py:2396} INFO - Sync 1 DAGs
[2021-12-03 11:21:27,617] {logging_mixin.py:109} INFO - [2021-12-03 11:21:27,617] {dag.py:2415} INFO - Creating ORM DAG for example_branch_labels
[2021-12-03 11:21:27,628] {logging_mixin.py:109} INFO - [2021-12-03 11:21:27,627] {dag.py:2928} INFO - Setting next_dagrun for example_branch_labels to 2021-12-02 00:00:00+00:00
[2021-12-03 11:21:27,642] {processor.py:171} INFO - Processing /home/airflow/.local/lib/python3.7/site-packages/airflow/example_dags/example_branch_labels.py took 2.374 seconds
[2021-12-03 11:21:57,965] {processor.py:163} INFO - Started process (PID=379) to work on /home/airflow/.local/lib/python3.7/site-packages/airflow/example_dags/example_branch_labels.py
[2021-12-03 11:21:57,966] {processor.py:625} INFO - Processing file /home/airflow/.local/lib/python3.7/site-packages/airflow/example_dags/example_branch_labels.py for tasks to queue
[2021-12-03 11:21:57,967] {logging_mixin.py:109} INFO - [2021-12-03 11:21:57,967] {dagbag.py:500} INFO - Filling up the DagBag from /home/airflow/.local/lib/python3.7/site-packages/airflow/example_dags/example_branch_labels.py
[2021-12-03 11:21:57,999] {processor.py:637} INFO - DAG(s) dict_keys(['example_branch_labels']) retrieved from /home/airflow/.local/lib/python3.7/site-packages/airflow/example_dags/example_branch_labels.py
[2021-12-03 11:21:58,014] {logging_mixin.py:109} INFO - [2021-12-03 11:21:58,014] {dag.py:2396} INFO - Sync 1 DAGs
[2021-12-03 11:21:58,037] {logging_mixin.py:109} INFO - [2021-12-03 11:21:58,037] {dag.py:2928} INFO - Setting next_dagrun for example_branch_labels to 2021-12-02 00:00:00+00:00
[2021-12-03 11:21:58,048] {processor.py:171} INFO - Processing /home/airflow/.local/lib/python3.7/site-packages/airflow/example_dags/example_branch_labels.py took 0.087 seconds
[2021-12-03 11:22:28,196] {processor.py:163} INFO - Started process (PID=430) to work on /home/airflow/.local/lib/python3.7/site-packages/airflow/example_dags/example_branch_labels.py
[2021-12-03 11:22:28,222] {processor.py:625} INFO - Processing file /home/airflow/.local/lib/python3.7/site-packages/airflow/example_dags/example_branch_labels.py for tasks to queue
[2021-12-03 11:22:28,223] {logging_mixin.py:109} INFO - [2021-12-03 11:22:28,223] {dagbag.py:500} INFO - Filling up the DagBag from /home/airflow/.local/lib/python3.7/site-packages/airflow/example_dags/example_branch_labels.py
[2021-12-03 11:22:28,248] {processor.py:637} INFO - DAG(s) dict_keys(['example_branch_labels']) retrieved from /home/airflow/.local/lib/python3.7/site-packages/airflow/example_dags/example_branch_labels.py
[2021-12-03 11:22:28,258] {logging_mixin.py:109} INFO - [2021-12-03 11:22:28,258] {dag.py:2396} INFO - Sync 1 DAGs
[2021-12-03 11:22:28,279] {logging_mixin.py:109} INFO - [2021-12-03 11:22:28,279] {dag.py:2928} INFO - Setting next_dagrun for example_branch_labels to 2021-12-02 00:00:00+00:00
[2021-12-03 11:22:28,289] {processor.py:171} INFO - Processing /home/airflow/.local/lib/python3.7/site-packages/airflow/example_dags/example_branch_labels.py took 0.095 seconds
[2021-12-03 11:22:58,401] {processor.py:163} INFO - Started process (PID=492) to work on /home/airflow/.local/lib/python3.7/site-packages/airflow/example_dags/example_branch_labels.py
[2021-12-03 11:22:58,402] {processor.py:625} INFO - Processing file /home/airflow/.local/lib/python3.7/site-packages/airflow/example_dags/example_branch_labels.py for tasks to queue
[2021-12-03 11:22:58,402] {logging_mixin.py:109} INFO - [2021-12-03 11:22:58,402] {dagbag.py:500} INFO - Filling up the DagBag from /home/airflow/.local/lib/python3.7/site-packages/airflow/example_dags/example_branch_labels.py
[2021-12-03 11:22:58,432] {processor.py:637} INFO - DAG(s) dict_keys(['example_branch_labels']) retrieved from /home/airflow/.local/lib/python3.7/site-packages/airflow/example_dags/example_branch_labels.py
[2021-12-03 11:22:58,445] {logging_mixin.py:109} INFO - [2021-12-03 11:22:58,445] {dag.py:2396} INFO - Sync 1 DAGs
[2021-12-03 11:22:58,467] {logging_mixin.py:109} INFO - [2021-12-03 11:22:58,467] {dag.py:2928} INFO - Setting next_dagrun for example_branch_labels to 2021-12-02 00:00:00+00:00
[2021-12-03 11:22:58,477] {processor.py:171} INFO - Processing /home/airflow/.local/lib/python3.7/site-packages/airflow/example_dags/example_branch_labels.py took 0.080 seconds
[2021-12-03 11:23:28,864] {processor.py:163} INFO - Started process (PID=546) to work on /home/airflow/.local/lib/python3.7/site-packages/airflow/example_dags/example_branch_labels.py
[2021-12-03 11:23:28,865] {processor.py:625} INFO - Processing file /home/airflow/.local/lib/python3.7/site-packages/airflow/example_dags/example_branch_labels.py for tasks to queue
[2021-12-03 11:23:28,866] {logging_mixin.py:109} INFO - [2021-12-03 11:23:28,866] {dagbag.py:500} INFO - Filling up the DagBag from /home/airflow/.local/lib/python3.7/site-packages/airflow/example_dags/example_branch_labels.py
[2021-12-03 11:23:28,895] {processor.py:637} INFO - DAG(s) dict_keys(['example_branch_labels']) retrieved from /home/airflow/.local/lib/python3.7/site-packages/airflow/example_dags/example_branch_labels.py
[2021-12-03 11:23:28,906] {logging_mixin.py:109} INFO - [2021-12-03 11:23:28,906] {dag.py:2396} INFO - Sync 1 DAGs
[2021-12-03 11:23:28,928] {logging_mixin.py:109} INFO - [2021-12-03 11:23:28,928] {dag.py:2928} INFO - Setting next_dagrun for example_branch_labels to 2021-12-02 00:00:00+00:00
[2021-12-03 11:23:28,938] {processor.py:171} INFO - Processing /home/airflow/.local/lib/python3.7/site-packages/airflow/example_dags/example_branch_labels.py took 0.077 seconds
[2021-12-03 11:23:59,371] {processor.py:163} INFO - Started process (PID=597) to work on /home/airflow/.local/lib/python3.7/site-packages/airflow/example_dags/example_branch_labels.py
[2021-12-03 11:23:59,372] {processor.py:625} INFO - Processing file /home/airflow/.local/lib/python3.7/site-packages/airflow/example_dags/example_branch_labels.py for tasks to queue
[2021-12-03 11:23:59,373] {logging_mixin.py:109} INFO - [2021-12-03 11:23:59,373] {dagbag.py:500} INFO - Filling up the DagBag from /home/airflow/.local/lib/python3.7/site-packages/airflow/example_dags/example_branch_labels.py
[2021-12-03 11:23:59,407] {processor.py:637} INFO - DAG(s) dict_keys(['example_branch_labels']) retrieved from /home/airflow/.local/lib/python3.7/site-packages/airflow/example_dags/example_branch_labels.py
[2021-12-03 11:23:59,421] {logging_mixin.py:109} INFO - [2021-12-03 11:23:59,421] {dag.py:2396} INFO - Sync 1 DAGs
[2021-12-03 11:23:59,449] {logging_mixin.py:109} INFO - [2021-12-03 11:23:59,449] {dag.py:2928} INFO - Setting next_dagrun for example_branch_labels to 2021-12-02 00:00:00+00:00
[2021-12-03 11:23:59,461] {processor.py:171} INFO - Processing /home/airflow/.local/lib/python3.7/site-packages/airflow/example_dags/example_branch_labels.py took 0.094 seconds
[2021-12-03 11:24:29,577] {processor.py:163} INFO - Started process (PID=656) to work on /home/airflow/.local/lib/python3.7/site-packages/airflow/example_dags/example_branch_labels.py
[2021-12-03 11:24:29,578] {processor.py:625} INFO - Processing file /home/airflow/.local/lib/python3.7/site-packages/airflow/example_dags/example_branch_labels.py for tasks to queue
[2021-12-03 11:24:29,579] {logging_mixin.py:109} INFO - [2021-12-03 11:24:29,578] {dagbag.py:500} INFO - Filling up the DagBag from /home/airflow/.local/lib/python3.7/site-packages/airflow/example_dags/example_branch_labels.py
[2021-12-03 11:24:29,607] {processor.py:637} INFO - DAG(s) dict_keys(['example_branch_labels']) retrieved from /home/airflow/.local/lib/python3.7/site-packages/airflow/example_dags/example_branch_labels.py
[2021-12-03 11:24:29,622] {logging_mixin.py:109} INFO - [2021-12-03 11:24:29,622] {dag.py:2396} INFO - Sync 1 DAGs
[2021-12-03 11:24:29,646] {logging_mixin.py:109} INFO - [2021-12-03 11:24:29,646] {dag.py:2928} INFO - Setting next_dagrun for example_branch_labels to 2021-12-02 00:00:00+00:00
[2021-12-03 11:24:29,656] {processor.py:171} INFO - Processing /home/airflow/.local/lib/python3.7/site-packages/airflow/example_dags/example_branch_labels.py took 0.082 seconds
[2021-12-03 11:25:00,248] {processor.py:163} INFO - Started process (PID=708) to work on /home/airflow/.local/lib/python3.7/site-packages/airflow/example_dags/example_branch_labels.py
[2021-12-03 11:25:00,249] {processor.py:625} INFO - Processing file /home/airflow/.local/lib/python3.7/site-packages/airflow/example_dags/example_branch_labels.py for tasks to queue
[2021-12-03 11:25:00,250] {logging_mixin.py:109} INFO - [2021-12-03 11:25:00,250] {dagbag.py:500} INFO - Filling up the DagBag from /home/airflow/.local/lib/python3.7/site-packages/airflow/example_dags/example_branch_labels.py
[2021-12-03 11:25:00,283] {processor.py:637} INFO - DAG(s) dict_keys(['example_branch_labels']) retrieved from /home/airflow/.local/lib/python3.7/site-packages/airflow/example_dags/example_branch_labels.py
[2021-12-03 11:25:00,296] {logging_mixin.py:109} INFO - [2021-12-03 11:25:00,296] {dag.py:2396} INFO - Sync 1 DAGs
[2021-12-03 11:25:00,316] {logging_mixin.py:109} INFO - [2021-12-03 11:25:00,316] {dag.py:2928} INFO - Setting next_dagrun for example_branch_labels to 2021-12-02 00:00:00+00:00
[2021-12-03 11:25:00,326] {processor.py:171} INFO - Processing /home/airflow/.local/lib/python3.7/site-packages/airflow/example_dags/example_branch_labels.py took 0.082 seconds
[2021-12-03 11:25:30,631] {processor.py:163} INFO - Started process (PID=761) to work on /home/airflow/.local/lib/python3.7/site-packages/airflow/example_dags/example_branch_labels.py
[2021-12-03 11:25:30,632] {processor.py:625} INFO - Processing file /home/airflow/.local/lib/python3.7/site-packages/airflow/example_dags/example_branch_labels.py for tasks to queue
[2021-12-03 11:25:30,633] {logging_mixin.py:109} INFO - [2021-12-03 11:25:30,633] {dagbag.py:500} INFO - Filling up the DagBag from /home/airflow/.local/lib/python3.7/site-packages/airflow/example_dags/example_branch_labels.py
[2021-12-03 11:25:30,667] {processor.py:637} INFO - DAG(s) dict_keys(['example_branch_labels']) retrieved from /home/airflow/.local/lib/python3.7/site-packages/airflow/example_dags/example_branch_labels.py
[2021-12-03 11:25:30,680] {logging_mixin.py:109} INFO - [2021-12-03 11:25:30,679] {dag.py:2396} INFO - Sync 1 DAGs
[2021-12-03 11:25:30,754] {logging_mixin.py:109} INFO - [2021-12-03 11:25:30,754] {dag.py:2928} INFO - Setting next_dagrun for example_branch_labels to 2021-12-02 00:00:00+00:00
[2021-12-03 11:25:30,767] {processor.py:171} INFO - Processing /home/airflow/.local/lib/python3.7/site-packages/airflow/example_dags/example_branch_labels.py took 0.139 seconds
[2021-12-03 11:26:01,092] {processor.py:163} INFO - Started process (PID=822) to work on /home/airflow/.local/lib/python3.7/site-packages/airflow/example_dags/example_branch_labels.py
[2021-12-03 11:26:01,096] {processor.py:625} INFO - Processing file /home/airflow/.local/lib/python3.7/site-packages/airflow/example_dags/example_branch_labels.py for tasks to queue
[2021-12-03 11:26:01,097] {logging_mixin.py:109} INFO - [2021-12-03 11:26:01,097] {dagbag.py:500} INFO - Filling up the DagBag from /home/airflow/.local/lib/python3.7/site-packages/airflow/example_dags/example_branch_labels.py
[2021-12-03 11:26:01,132] {processor.py:637} INFO - DAG(s) dict_keys(['example_branch_labels']) retrieved from /home/airflow/.local/lib/python3.7/site-packages/airflow/example_dags/example_branch_labels.py
[2021-12-03 11:26:01,144] {logging_mixin.py:109} INFO - [2021-12-03 11:26:01,144] {dag.py:2396} INFO - Sync 1 DAGs
[2021-12-03 11:26:01,167] {logging_mixin.py:109} INFO - [2021-12-03 11:26:01,167] {dag.py:2928} INFO - Setting next_dagrun for example_branch_labels to 2021-12-02 00:00:00+00:00
[2021-12-03 11:26:01,180] {processor.py:171} INFO - Processing /home/airflow/.local/lib/python3.7/site-packages/airflow/example_dags/example_branch_labels.py took 0.091 seconds
[2021-12-03 11:26:31,717] {processor.py:163} INFO - Started process (PID=873) to work on /home/airflow/.local/lib/python3.7/site-packages/airflow/example_dags/example_branch_labels.py
[2021-12-03 11:26:31,719] {processor.py:625} INFO - Processing file /home/airflow/.local/lib/python3.7/site-packages/airflow/example_dags/example_branch_labels.py for tasks to queue
[2021-12-03 11:26:31,719] {logging_mixin.py:109} INFO - [2021-12-03 11:26:31,719] {dagbag.py:500} INFO - Filling up the DagBag from /home/airflow/.local/lib/python3.7/site-packages/airflow/example_dags/example_branch_labels.py
[2021-12-03 11:26:31,747] {processor.py:637} INFO - DAG(s) dict_keys(['example_branch_labels']) retrieved from /home/airflow/.local/lib/python3.7/site-packages/airflow/example_dags/example_branch_labels.py
[2021-12-03 11:26:31,760] {logging_mixin.py:109} INFO - [2021-12-03 11:26:31,760] {dag.py:2396} INFO - Sync 1 DAGs
[2021-12-03 11:26:31,780] {logging_mixin.py:109} INFO - [2021-12-03 11:26:31,779] {dag.py:2928} INFO - Setting next_dagrun for example_branch_labels to 2021-12-02 00:00:00+00:00
[2021-12-03 11:26:31,791] {processor.py:171} INFO - Processing /home/airflow/.local/lib/python3.7/site-packages/airflow/example_dags/example_branch_labels.py took 0.077 seconds
[2021-12-03 11:27:01,901] {processor.py:163} INFO - Started process (PID=926) to work on /home/airflow/.local/lib/python3.7/site-packages/airflow/example_dags/example_branch_labels.py
[2021-12-03 11:27:01,902] {processor.py:625} INFO - Processing file /home/airflow/.local/lib/python3.7/site-packages/airflow/example_dags/example_branch_labels.py for tasks to queue
[2021-12-03 11:27:01,902] {logging_mixin.py:109} INFO - [2021-12-03 11:27:01,902] {dagbag.py:500} INFO - Filling up the DagBag from /home/airflow/.local/lib/python3.7/site-packages/airflow/example_dags/example_branch_labels.py
[2021-12-03 11:27:01,928] {processor.py:637} INFO - DAG(s) dict_keys(['example_branch_labels']) retrieved from /home/airflow/.local/lib/python3.7/site-packages/airflow/example_dags/example_branch_labels.py
[2021-12-03 11:27:01,939] {logging_mixin.py:109} INFO - [2021-12-03 11:27:01,939] {dag.py:2396} INFO - Sync 1 DAGs
[2021-12-03 11:27:01,966] {logging_mixin.py:109} INFO - [2021-12-03 11:27:01,966] {dag.py:2928} INFO - Setting next_dagrun for example_branch_labels to 2021-12-02 00:00:00+00:00
[2021-12-03 11:27:01,977] {processor.py:171} INFO - Processing /home/airflow/.local/lib/python3.7/site-packages/airflow/example_dags/example_branch_labels.py took 0.079 seconds
[2021-12-03 11:27:32,285] {processor.py:163} INFO - Started process (PID=986) to work on /home/airflow/.local/lib/python3.7/site-packages/airflow/example_dags/example_branch_labels.py
[2021-12-03 11:27:32,286] {processor.py:625} INFO - Processing file /home/airflow/.local/lib/python3.7/site-packages/airflow/example_dags/example_branch_labels.py for tasks to queue
[2021-12-03 11:27:32,287] {logging_mixin.py:109} INFO - [2021-12-03 11:27:32,287] {dagbag.py:500} INFO - Filling up the DagBag from /home/airflow/.local/lib/python3.7/site-packages/airflow/example_dags/example_branch_labels.py
[2021-12-03 11:27:32,316] {processor.py:637} INFO - DAG(s) dict_keys(['example_branch_labels']) retrieved from /home/airflow/.local/lib/python3.7/site-packages/airflow/example_dags/example_branch_labels.py
[2021-12-03 11:27:32,331] {logging_mixin.py:109} INFO - [2021-12-03 11:27:32,330] {dag.py:2396} INFO - Sync 1 DAGs
[2021-12-03 11:27:32,358] {logging_mixin.py:109} INFO - [2021-12-03 11:27:32,358] {dag.py:2928} INFO - Setting next_dagrun for example_branch_labels to 2021-12-02 00:00:00+00:00
[2021-12-03 11:27:32,369] {processor.py:171} INFO - Processing /home/airflow/.local/lib/python3.7/site-packages/airflow/example_dags/example_branch_labels.py took 0.088 seconds
[2021-12-03 11:28:02,540] {processor.py:163} INFO - Started process (PID=1037) to work on /home/airflow/.local/lib/python3.7/site-packages/airflow/example_dags/example_branch_labels.py
[2021-12-03 11:28:02,541] {processor.py:625} INFO - Processing file /home/airflow/.local/lib/python3.7/site-packages/airflow/example_dags/example_branch_labels.py for tasks to queue
[2021-12-03 11:28:02,542] {logging_mixin.py:109} INFO - [2021-12-03 11:28:02,542] {dagbag.py:500} INFO - Filling up the DagBag from /home/airflow/.local/lib/python3.7/site-packages/airflow/example_dags/example_branch_labels.py
[2021-12-03 11:28:02,571] {processor.py:637} INFO - DAG(s) dict_keys(['example_branch_labels']) retrieved from /home/airflow/.local/lib/python3.7/site-packages/airflow/example_dags/example_branch_labels.py
[2021-12-03 11:28:02,583] {logging_mixin.py:109} INFO - [2021-12-03 11:28:02,583] {dag.py:2396} INFO - Sync 1 DAGs
[2021-12-03 11:28:02,602] {logging_mixin.py:109} INFO - [2021-12-03 11:28:02,602] {dag.py:2928} INFO - Setting next_dagrun for example_branch_labels to 2021-12-02 00:00:00+00:00
[2021-12-03 11:28:02,716] {processor.py:171} INFO - Processing /home/airflow/.local/lib/python3.7/site-packages/airflow/example_dags/example_branch_labels.py took 0.179 seconds
[2021-12-03 11:28:32,995] {processor.py:163} INFO - Started process (PID=1088) to work on /home/airflow/.local/lib/python3.7/site-packages/airflow/example_dags/example_branch_labels.py
[2021-12-03 11:28:32,996] {processor.py:625} INFO - Processing file /home/airflow/.local/lib/python3.7/site-packages/airflow/example_dags/example_branch_labels.py for tasks to queue
[2021-12-03 11:28:32,997] {logging_mixin.py:109} INFO - [2021-12-03 11:28:32,997] {dagbag.py:500} INFO - Filling up the DagBag from /home/airflow/.local/lib/python3.7/site-packages/airflow/example_dags/example_branch_labels.py
[2021-12-03 11:28:33,024] {processor.py:637} INFO - DAG(s) dict_keys(['example_branch_labels']) retrieved from /home/airflow/.local/lib/python3.7/site-packages/airflow/example_dags/example_branch_labels.py
[2021-12-03 11:28:33,039] {logging_mixin.py:109} INFO - [2021-12-03 11:28:33,039] {dag.py:2396} INFO - Sync 1 DAGs
[2021-12-03 11:28:33,262] {logging_mixin.py:109} INFO - [2021-12-03 11:28:33,262] {dag.py:2928} INFO - Setting next_dagrun for example_branch_labels to 2021-12-02 00:00:00+00:00
[2021-12-03 11:28:33,271] {processor.py:171} INFO - Processing /home/airflow/.local/lib/python3.7/site-packages/airflow/example_dags/example_branch_labels.py took 0.279 seconds
[2021-12-03 11:29:03,562] {processor.py:163} INFO - Started process (PID=1150) to work on /home/airflow/.local/lib/python3.7/site-packages/airflow/example_dags/example_branch_labels.py
[2021-12-03 11:29:03,563] {processor.py:625} INFO - Processing file /home/airflow/.local/lib/python3.7/site-packages/airflow/example_dags/example_branch_labels.py for tasks to queue
[2021-12-03 11:29:03,564] {logging_mixin.py:109} INFO - [2021-12-03 11:29:03,564] {dagbag.py:500} INFO - Filling up the DagBag from /home/airflow/.local/lib/python3.7/site-packages/airflow/example_dags/example_branch_labels.py
[2021-12-03 11:29:03,591] {processor.py:637} INFO - DAG(s) dict_keys(['example_branch_labels']) retrieved from /home/airflow/.local/lib/python3.7/site-packages/airflow/example_dags/example_branch_labels.py
[2021-12-03 11:29:03,606] {logging_mixin.py:109} INFO - [2021-12-03 11:29:03,606] {dag.py:2396} INFO - Sync 1 DAGs
[2021-12-03 11:29:03,730] {logging_mixin.py:109} INFO - [2021-12-03 11:29:03,730] {dag.py:2928} INFO - Setting next_dagrun for example_branch_labels to 2021-12-02 00:00:00+00:00
[2021-12-03 11:29:03,739] {processor.py:171} INFO - Processing /home/airflow/.local/lib/python3.7/site-packages/airflow/example_dags/example_branch_labels.py took 0.180 seconds
[2021-12-03 11:30:53,460] {processor.py:163} INFO - Started process (PID=61) to work on /home/airflow/.local/lib/python3.7/site-packages/airflow/example_dags/example_branch_labels.py
[2021-12-03 11:30:53,461] {processor.py:625} INFO - Processing file /home/airflow/.local/lib/python3.7/site-packages/airflow/example_dags/example_branch_labels.py for tasks to queue
[2021-12-03 11:30:53,463] {logging_mixin.py:109} INFO - [2021-12-03 11:30:53,462] {dagbag.py:500} INFO - Filling up the DagBag from /home/airflow/.local/lib/python3.7/site-packages/airflow/example_dags/example_branch_labels.py
[2021-12-03 11:30:53,507] {processor.py:637} INFO - DAG(s) dict_keys(['example_branch_labels']) retrieved from /home/airflow/.local/lib/python3.7/site-packages/airflow/example_dags/example_branch_labels.py
[2021-12-03 11:30:53,528] {logging_mixin.py:109} INFO - [2021-12-03 11:30:53,528] {dag.py:2396} INFO - Sync 1 DAGs
[2021-12-03 11:30:53,560] {logging_mixin.py:109} INFO - [2021-12-03 11:30:53,560] {dag.py:2928} INFO - Setting next_dagrun for example_branch_labels to 2021-12-02 00:00:00+00:00
[2021-12-03 11:30:53,573] {processor.py:171} INFO - Processing /home/airflow/.local/lib/python3.7/site-packages/airflow/example_dags/example_branch_labels.py took 0.117 seconds
