[2021-12-03 11:21:34,126] {processor.py:163} INFO - Started process (PID=313) to work on /home/airflow/.local/lib/python3.7/site-packages/airflow/example_dags/example_xcom.py
[2021-12-03 11:21:34,127] {processor.py:625} INFO - Processing file /home/airflow/.local/lib/python3.7/site-packages/airflow/example_dags/example_xcom.py for tasks to queue
[2021-12-03 11:21:34,127] {logging_mixin.py:109} INFO - [2021-12-03 11:21:34,127] {dagbag.py:500} INFO - Filling up the DagBag from /home/airflow/.local/lib/python3.7/site-packages/airflow/example_dags/example_xcom.py
[2021-12-03 11:21:34,169] {processor.py:637} INFO - DAG(s) dict_keys(['example_xcom']) retrieved from /home/airflow/.local/lib/python3.7/site-packages/airflow/example_dags/example_xcom.py
[2021-12-03 11:21:35,601] {logging_mixin.py:109} INFO - [2021-12-03 11:21:35,601] {providers_manager.py:156} WARNING - Exception when importing 'airflow.providers.google.leveldb.hooks.leveldb.LevelDBHook' from 'apache-airflow-providers-google' package: No module named 'plyvel'
[2021-12-03 11:21:35,905] {logging_mixin.py:109} INFO - [2021-12-03 11:21:35,905] {providers_manager.py:156} WARNING - Exception when importing 'airflow.providers.google.leveldb.hooks.leveldb.LevelDBHook' from 'apache-airflow-providers-google' package: No module named 'plyvel'
[2021-12-03 11:21:35,924] {logging_mixin.py:109} INFO - [2021-12-03 11:21:35,924] {manager.py:496} INFO - Created Permission View: can read on DAG:example_xcom
[2021-12-03 11:21:35,932] {logging_mixin.py:109} INFO - [2021-12-03 11:21:35,932] {manager.py:496} INFO - Created Permission View: can edit on DAG:example_xcom
[2021-12-03 11:21:35,932] {logging_mixin.py:109} INFO - [2021-12-03 11:21:35,932] {dag.py:2396} INFO - Sync 1 DAGs
[2021-12-03 11:21:35,940] {logging_mixin.py:109} INFO - [2021-12-03 11:21:35,940] {dag.py:2415} INFO - Creating ORM DAG for example_xcom
[2021-12-03 11:21:35,949] {logging_mixin.py:109} INFO - [2021-12-03 11:21:35,949] {dag.py:2928} INFO - Setting next_dagrun for example_xcom to 2021-01-01T00:00:00+00:00
[2021-12-03 11:21:35,964] {processor.py:171} INFO - Processing /home/airflow/.local/lib/python3.7/site-packages/airflow/example_dags/example_xcom.py took 1.841 seconds
[2021-12-03 11:22:06,453] {processor.py:163} INFO - Started process (PID=398) to work on /home/airflow/.local/lib/python3.7/site-packages/airflow/example_dags/example_xcom.py
[2021-12-03 11:22:06,454] {processor.py:625} INFO - Processing file /home/airflow/.local/lib/python3.7/site-packages/airflow/example_dags/example_xcom.py for tasks to queue
[2021-12-03 11:22:06,455] {logging_mixin.py:109} INFO - [2021-12-03 11:22:06,455] {dagbag.py:500} INFO - Filling up the DagBag from /home/airflow/.local/lib/python3.7/site-packages/airflow/example_dags/example_xcom.py
[2021-12-03 11:22:06,489] {processor.py:637} INFO - DAG(s) dict_keys(['example_xcom']) retrieved from /home/airflow/.local/lib/python3.7/site-packages/airflow/example_dags/example_xcom.py
[2021-12-03 11:22:06,872] {logging_mixin.py:109} INFO - [2021-12-03 11:22:06,872] {dag.py:2396} INFO - Sync 1 DAGs
[2021-12-03 11:22:06,888] {logging_mixin.py:109} INFO - [2021-12-03 11:22:06,888] {dag.py:2928} INFO - Setting next_dagrun for example_xcom to 2021-01-01T00:00:00+00:00
[2021-12-03 11:22:06,901] {processor.py:171} INFO - Processing /home/airflow/.local/lib/python3.7/site-packages/airflow/example_dags/example_xcom.py took 0.451 seconds
[2021-12-03 11:22:37,722] {processor.py:163} INFO - Started process (PID=452) to work on /home/airflow/.local/lib/python3.7/site-packages/airflow/example_dags/example_xcom.py
[2021-12-03 11:22:37,724] {processor.py:625} INFO - Processing file /home/airflow/.local/lib/python3.7/site-packages/airflow/example_dags/example_xcom.py for tasks to queue
[2021-12-03 11:22:37,726] {logging_mixin.py:109} INFO - [2021-12-03 11:22:37,725] {dagbag.py:500} INFO - Filling up the DagBag from /home/airflow/.local/lib/python3.7/site-packages/airflow/example_dags/example_xcom.py
[2021-12-03 11:22:37,770] {processor.py:637} INFO - DAG(s) dict_keys(['example_xcom']) retrieved from /home/airflow/.local/lib/python3.7/site-packages/airflow/example_dags/example_xcom.py
[2021-12-03 11:22:38,172] {logging_mixin.py:109} INFO - [2021-12-03 11:22:38,172] {dag.py:2396} INFO - Sync 1 DAGs
[2021-12-03 11:22:38,185] {logging_mixin.py:109} INFO - [2021-12-03 11:22:38,185] {dag.py:2928} INFO - Setting next_dagrun for example_xcom to 2021-01-01T00:00:00+00:00
[2021-12-03 11:22:38,194] {processor.py:171} INFO - Processing /home/airflow/.local/lib/python3.7/site-packages/airflow/example_dags/example_xcom.py took 0.483 seconds
[2021-12-03 11:23:09,408] {processor.py:163} INFO - Started process (PID=517) to work on /home/airflow/.local/lib/python3.7/site-packages/airflow/example_dags/example_xcom.py
[2021-12-03 11:23:09,410] {processor.py:625} INFO - Processing file /home/airflow/.local/lib/python3.7/site-packages/airflow/example_dags/example_xcom.py for tasks to queue
[2021-12-03 11:23:09,410] {logging_mixin.py:109} INFO - [2021-12-03 11:23:09,410] {dagbag.py:500} INFO - Filling up the DagBag from /home/airflow/.local/lib/python3.7/site-packages/airflow/example_dags/example_xcom.py
[2021-12-03 11:23:09,446] {processor.py:637} INFO - DAG(s) dict_keys(['example_xcom']) retrieved from /home/airflow/.local/lib/python3.7/site-packages/airflow/example_dags/example_xcom.py
[2021-12-03 11:23:09,820] {logging_mixin.py:109} INFO - [2021-12-03 11:23:09,820] {dag.py:2396} INFO - Sync 1 DAGs
[2021-12-03 11:23:09,837] {logging_mixin.py:109} INFO - [2021-12-03 11:23:09,837] {dag.py:2928} INFO - Setting next_dagrun for example_xcom to 2021-01-01T00:00:00+00:00
[2021-12-03 11:23:09,849] {processor.py:171} INFO - Processing /home/airflow/.local/lib/python3.7/site-packages/airflow/example_dags/example_xcom.py took 0.445 seconds
[2021-12-03 11:23:39,950] {processor.py:163} INFO - Started process (PID=569) to work on /home/airflow/.local/lib/python3.7/site-packages/airflow/example_dags/example_xcom.py
[2021-12-03 11:23:39,951] {processor.py:625} INFO - Processing file /home/airflow/.local/lib/python3.7/site-packages/airflow/example_dags/example_xcom.py for tasks to queue
[2021-12-03 11:23:39,951] {logging_mixin.py:109} INFO - [2021-12-03 11:23:39,951] {dagbag.py:500} INFO - Filling up the DagBag from /home/airflow/.local/lib/python3.7/site-packages/airflow/example_dags/example_xcom.py
[2021-12-03 11:23:39,985] {processor.py:637} INFO - DAG(s) dict_keys(['example_xcom']) retrieved from /home/airflow/.local/lib/python3.7/site-packages/airflow/example_dags/example_xcom.py
[2021-12-03 11:23:40,354] {logging_mixin.py:109} INFO - [2021-12-03 11:23:40,354] {dag.py:2396} INFO - Sync 1 DAGs
[2021-12-03 11:23:40,373] {logging_mixin.py:109} INFO - [2021-12-03 11:23:40,373] {dag.py:2928} INFO - Setting next_dagrun for example_xcom to 2021-01-01T00:00:00+00:00
[2021-12-03 11:23:40,386] {processor.py:171} INFO - Processing /home/airflow/.local/lib/python3.7/site-packages/airflow/example_dags/example_xcom.py took 0.439 seconds
[2021-12-03 11:24:10,827] {processor.py:163} INFO - Started process (PID=624) to work on /home/airflow/.local/lib/python3.7/site-packages/airflow/example_dags/example_xcom.py
[2021-12-03 11:24:10,829] {processor.py:625} INFO - Processing file /home/airflow/.local/lib/python3.7/site-packages/airflow/example_dags/example_xcom.py for tasks to queue
[2021-12-03 11:24:10,830] {logging_mixin.py:109} INFO - [2021-12-03 11:24:10,830] {dagbag.py:500} INFO - Filling up the DagBag from /home/airflow/.local/lib/python3.7/site-packages/airflow/example_dags/example_xcom.py
[2021-12-03 11:24:10,864] {processor.py:637} INFO - DAG(s) dict_keys(['example_xcom']) retrieved from /home/airflow/.local/lib/python3.7/site-packages/airflow/example_dags/example_xcom.py
[2021-12-03 11:24:11,196] {logging_mixin.py:109} INFO - [2021-12-03 11:24:11,196] {dag.py:2396} INFO - Sync 1 DAGs
[2021-12-03 11:24:11,212] {logging_mixin.py:109} INFO - [2021-12-03 11:24:11,212] {dag.py:2928} INFO - Setting next_dagrun for example_xcom to 2021-01-01T00:00:00+00:00
[2021-12-03 11:24:11,225] {processor.py:171} INFO - Processing /home/airflow/.local/lib/python3.7/site-packages/airflow/example_dags/example_xcom.py took 0.400 seconds
[2021-12-03 11:24:41,810] {processor.py:163} INFO - Started process (PID=682) to work on /home/airflow/.local/lib/python3.7/site-packages/airflow/example_dags/example_xcom.py
[2021-12-03 11:24:41,811] {processor.py:625} INFO - Processing file /home/airflow/.local/lib/python3.7/site-packages/airflow/example_dags/example_xcom.py for tasks to queue
[2021-12-03 11:24:41,811] {logging_mixin.py:109} INFO - [2021-12-03 11:24:41,811] {dagbag.py:500} INFO - Filling up the DagBag from /home/airflow/.local/lib/python3.7/site-packages/airflow/example_dags/example_xcom.py
[2021-12-03 11:24:41,847] {processor.py:637} INFO - DAG(s) dict_keys(['example_xcom']) retrieved from /home/airflow/.local/lib/python3.7/site-packages/airflow/example_dags/example_xcom.py
[2021-12-03 11:24:42,220] {logging_mixin.py:109} INFO - [2021-12-03 11:24:42,220] {dag.py:2396} INFO - Sync 1 DAGs
[2021-12-03 11:24:42,239] {logging_mixin.py:109} INFO - [2021-12-03 11:24:42,239] {dag.py:2928} INFO - Setting next_dagrun for example_xcom to 2021-01-01T00:00:00+00:00
[2021-12-03 11:24:42,254] {processor.py:171} INFO - Processing /home/airflow/.local/lib/python3.7/site-packages/airflow/example_dags/example_xcom.py took 0.447 seconds
[2021-12-03 11:25:12,591] {processor.py:163} INFO - Started process (PID=734) to work on /home/airflow/.local/lib/python3.7/site-packages/airflow/example_dags/example_xcom.py
[2021-12-03 11:25:12,593] {processor.py:625} INFO - Processing file /home/airflow/.local/lib/python3.7/site-packages/airflow/example_dags/example_xcom.py for tasks to queue
[2021-12-03 11:25:12,594] {logging_mixin.py:109} INFO - [2021-12-03 11:25:12,594] {dagbag.py:500} INFO - Filling up the DagBag from /home/airflow/.local/lib/python3.7/site-packages/airflow/example_dags/example_xcom.py
[2021-12-03 11:25:12,642] {processor.py:637} INFO - DAG(s) dict_keys(['example_xcom']) retrieved from /home/airflow/.local/lib/python3.7/site-packages/airflow/example_dags/example_xcom.py
[2021-12-03 11:25:13,030] {logging_mixin.py:109} INFO - [2021-12-03 11:25:13,030] {dag.py:2396} INFO - Sync 1 DAGs
[2021-12-03 11:25:13,051] {logging_mixin.py:109} INFO - [2021-12-03 11:25:13,051] {dag.py:2928} INFO - Setting next_dagrun for example_xcom to 2021-01-01T00:00:00+00:00
[2021-12-03 11:25:13,067] {processor.py:171} INFO - Processing /home/airflow/.local/lib/python3.7/site-packages/airflow/example_dags/example_xcom.py took 0.480 seconds
[2021-12-03 11:25:43,761] {processor.py:163} INFO - Started process (PID=787) to work on /home/airflow/.local/lib/python3.7/site-packages/airflow/example_dags/example_xcom.py
[2021-12-03 11:25:43,763] {processor.py:625} INFO - Processing file /home/airflow/.local/lib/python3.7/site-packages/airflow/example_dags/example_xcom.py for tasks to queue
[2021-12-03 11:25:43,764] {logging_mixin.py:109} INFO - [2021-12-03 11:25:43,764] {dagbag.py:500} INFO - Filling up the DagBag from /home/airflow/.local/lib/python3.7/site-packages/airflow/example_dags/example_xcom.py
[2021-12-03 11:25:43,818] {processor.py:637} INFO - DAG(s) dict_keys(['example_xcom']) retrieved from /home/airflow/.local/lib/python3.7/site-packages/airflow/example_dags/example_xcom.py
[2021-12-03 11:25:44,206] {logging_mixin.py:109} INFO - [2021-12-03 11:25:44,206] {dag.py:2396} INFO - Sync 1 DAGs
[2021-12-03 11:25:44,225] {logging_mixin.py:109} INFO - [2021-12-03 11:25:44,224] {dag.py:2928} INFO - Setting next_dagrun for example_xcom to 2021-01-01T00:00:00+00:00
[2021-12-03 11:25:44,240] {processor.py:171} INFO - Processing /home/airflow/.local/lib/python3.7/site-packages/airflow/example_dags/example_xcom.py took 0.484 seconds
[2021-12-03 11:26:14,586] {processor.py:163} INFO - Started process (PID=848) to work on /home/airflow/.local/lib/python3.7/site-packages/airflow/example_dags/example_xcom.py
[2021-12-03 11:26:14,587] {processor.py:625} INFO - Processing file /home/airflow/.local/lib/python3.7/site-packages/airflow/example_dags/example_xcom.py for tasks to queue
[2021-12-03 11:26:14,588] {logging_mixin.py:109} INFO - [2021-12-03 11:26:14,588] {dagbag.py:500} INFO - Filling up the DagBag from /home/airflow/.local/lib/python3.7/site-packages/airflow/example_dags/example_xcom.py
[2021-12-03 11:26:14,624] {processor.py:637} INFO - DAG(s) dict_keys(['example_xcom']) retrieved from /home/airflow/.local/lib/python3.7/site-packages/airflow/example_dags/example_xcom.py
[2021-12-03 11:26:14,974] {logging_mixin.py:109} INFO - [2021-12-03 11:26:14,974] {dag.py:2396} INFO - Sync 1 DAGs
[2021-12-03 11:26:14,990] {logging_mixin.py:109} INFO - [2021-12-03 11:26:14,989] {dag.py:2928} INFO - Setting next_dagrun for example_xcom to 2021-01-01T00:00:00+00:00
[2021-12-03 11:26:15,002] {processor.py:171} INFO - Processing /home/airflow/.local/lib/python3.7/site-packages/airflow/example_dags/example_xcom.py took 0.419 seconds
[2021-12-03 11:26:45,105] {processor.py:163} INFO - Started process (PID=901) to work on /home/airflow/.local/lib/python3.7/site-packages/airflow/example_dags/example_xcom.py
[2021-12-03 11:26:45,107] {processor.py:625} INFO - Processing file /home/airflow/.local/lib/python3.7/site-packages/airflow/example_dags/example_xcom.py for tasks to queue
[2021-12-03 11:26:45,108] {logging_mixin.py:109} INFO - [2021-12-03 11:26:45,108] {dagbag.py:500} INFO - Filling up the DagBag from /home/airflow/.local/lib/python3.7/site-packages/airflow/example_dags/example_xcom.py
[2021-12-03 11:26:45,167] {processor.py:637} INFO - DAG(s) dict_keys(['example_xcom']) retrieved from /home/airflow/.local/lib/python3.7/site-packages/airflow/example_dags/example_xcom.py
[2021-12-03 11:26:45,489] {logging_mixin.py:109} INFO - [2021-12-03 11:26:45,489] {dag.py:2396} INFO - Sync 1 DAGs
[2021-12-03 11:26:45,504] {logging_mixin.py:109} INFO - [2021-12-03 11:26:45,504] {dag.py:2928} INFO - Setting next_dagrun for example_xcom to 2021-01-01T00:00:00+00:00
[2021-12-03 11:26:45,515] {processor.py:171} INFO - Processing /home/airflow/.local/lib/python3.7/site-packages/airflow/example_dags/example_xcom.py took 0.412 seconds
[2021-12-03 11:27:15,714] {processor.py:163} INFO - Started process (PID=954) to work on /home/airflow/.local/lib/python3.7/site-packages/airflow/example_dags/example_xcom.py
[2021-12-03 11:27:15,715] {processor.py:625} INFO - Processing file /home/airflow/.local/lib/python3.7/site-packages/airflow/example_dags/example_xcom.py for tasks to queue
[2021-12-03 11:27:15,715] {logging_mixin.py:109} INFO - [2021-12-03 11:27:15,715] {dagbag.py:500} INFO - Filling up the DagBag from /home/airflow/.local/lib/python3.7/site-packages/airflow/example_dags/example_xcom.py
[2021-12-03 11:27:15,744] {processor.py:637} INFO - DAG(s) dict_keys(['example_xcom']) retrieved from /home/airflow/.local/lib/python3.7/site-packages/airflow/example_dags/example_xcom.py
[2021-12-03 11:27:16,033] {logging_mixin.py:109} INFO - [2021-12-03 11:27:16,032] {dag.py:2396} INFO - Sync 1 DAGs
[2021-12-03 11:27:16,048] {logging_mixin.py:109} INFO - [2021-12-03 11:27:16,048] {dag.py:2928} INFO - Setting next_dagrun for example_xcom to 2021-01-01T00:00:00+00:00
[2021-12-03 11:27:16,060] {processor.py:171} INFO - Processing /home/airflow/.local/lib/python3.7/site-packages/airflow/example_dags/example_xcom.py took 0.350 seconds
[2021-12-03 11:27:46,246] {processor.py:163} INFO - Started process (PID=1015) to work on /home/airflow/.local/lib/python3.7/site-packages/airflow/example_dags/example_xcom.py
[2021-12-03 11:27:46,248] {processor.py:625} INFO - Processing file /home/airflow/.local/lib/python3.7/site-packages/airflow/example_dags/example_xcom.py for tasks to queue
[2021-12-03 11:27:46,249] {logging_mixin.py:109} INFO - [2021-12-03 11:27:46,249] {dagbag.py:500} INFO - Filling up the DagBag from /home/airflow/.local/lib/python3.7/site-packages/airflow/example_dags/example_xcom.py
[2021-12-03 11:27:46,286] {processor.py:637} INFO - DAG(s) dict_keys(['example_xcom']) retrieved from /home/airflow/.local/lib/python3.7/site-packages/airflow/example_dags/example_xcom.py
[2021-12-03 11:27:46,299] {logging_mixin.py:109} INFO - [2021-12-03 11:27:46,299] {dag.py:2396} INFO - Sync 1 DAGs
[2021-12-03 11:27:46,408] {logging_mixin.py:109} INFO - [2021-12-03 11:27:46,408] {dag.py:2928} INFO - Setting next_dagrun for example_xcom to 2021-01-01T00:00:00+00:00
[2021-12-03 11:27:46,419] {processor.py:171} INFO - Processing /home/airflow/.local/lib/python3.7/site-packages/airflow/example_dags/example_xcom.py took 0.176 seconds
[2021-12-03 11:28:16,720] {processor.py:163} INFO - Started process (PID=1066) to work on /home/airflow/.local/lib/python3.7/site-packages/airflow/example_dags/example_xcom.py
[2021-12-03 11:28:16,721] {processor.py:625} INFO - Processing file /home/airflow/.local/lib/python3.7/site-packages/airflow/example_dags/example_xcom.py for tasks to queue
[2021-12-03 11:28:16,722] {logging_mixin.py:109} INFO - [2021-12-03 11:28:16,722] {dagbag.py:500} INFO - Filling up the DagBag from /home/airflow/.local/lib/python3.7/site-packages/airflow/example_dags/example_xcom.py
[2021-12-03 11:28:16,751] {processor.py:637} INFO - DAG(s) dict_keys(['example_xcom']) retrieved from /home/airflow/.local/lib/python3.7/site-packages/airflow/example_dags/example_xcom.py
[2021-12-03 11:28:17,065] {logging_mixin.py:109} INFO - [2021-12-03 11:28:17,064] {dag.py:2396} INFO - Sync 1 DAGs
[2021-12-03 11:28:17,085] {logging_mixin.py:109} INFO - [2021-12-03 11:28:17,084] {dag.py:2928} INFO - Setting next_dagrun for example_xcom to 2021-01-01T00:00:00+00:00
[2021-12-03 11:28:17,094] {processor.py:171} INFO - Processing /home/airflow/.local/lib/python3.7/site-packages/airflow/example_dags/example_xcom.py took 0.377 seconds
[2021-12-03 11:28:47,738] {processor.py:163} INFO - Started process (PID=1124) to work on /home/airflow/.local/lib/python3.7/site-packages/airflow/example_dags/example_xcom.py
[2021-12-03 11:28:47,739] {processor.py:625} INFO - Processing file /home/airflow/.local/lib/python3.7/site-packages/airflow/example_dags/example_xcom.py for tasks to queue
[2021-12-03 11:28:47,740] {logging_mixin.py:109} INFO - [2021-12-03 11:28:47,740] {dagbag.py:500} INFO - Filling up the DagBag from /home/airflow/.local/lib/python3.7/site-packages/airflow/example_dags/example_xcom.py
[2021-12-03 11:28:47,767] {processor.py:637} INFO - DAG(s) dict_keys(['example_xcom']) retrieved from /home/airflow/.local/lib/python3.7/site-packages/airflow/example_dags/example_xcom.py
[2021-12-03 11:28:48,090] {logging_mixin.py:109} INFO - [2021-12-03 11:28:48,090] {dag.py:2396} INFO - Sync 1 DAGs
[2021-12-03 11:28:48,109] {logging_mixin.py:109} INFO - [2021-12-03 11:28:48,109] {dag.py:2928} INFO - Setting next_dagrun for example_xcom to 2021-01-01T00:00:00+00:00
[2021-12-03 11:28:48,122] {processor.py:171} INFO - Processing /home/airflow/.local/lib/python3.7/site-packages/airflow/example_dags/example_xcom.py took 0.386 seconds
[2021-12-03 11:29:18,213] {processor.py:163} INFO - Started process (PID=1179) to work on /home/airflow/.local/lib/python3.7/site-packages/airflow/example_dags/example_xcom.py
[2021-12-03 11:29:18,214] {processor.py:625} INFO - Processing file /home/airflow/.local/lib/python3.7/site-packages/airflow/example_dags/example_xcom.py for tasks to queue
[2021-12-03 11:29:18,215] {logging_mixin.py:109} INFO - [2021-12-03 11:29:18,214] {dagbag.py:500} INFO - Filling up the DagBag from /home/airflow/.local/lib/python3.7/site-packages/airflow/example_dags/example_xcom.py
[2021-12-03 11:29:18,246] {processor.py:637} INFO - DAG(s) dict_keys(['example_xcom']) retrieved from /home/airflow/.local/lib/python3.7/site-packages/airflow/example_dags/example_xcom.py
[2021-12-03 11:29:18,576] {logging_mixin.py:109} INFO - [2021-12-03 11:29:18,575] {dag.py:2396} INFO - Sync 1 DAGs
[2021-12-03 11:29:18,595] {logging_mixin.py:109} INFO - [2021-12-03 11:29:18,595] {dag.py:2928} INFO - Setting next_dagrun for example_xcom to 2021-01-01T00:00:00+00:00
[2021-12-03 11:29:18,607] {processor.py:171} INFO - Processing /home/airflow/.local/lib/python3.7/site-packages/airflow/example_dags/example_xcom.py took 0.397 seconds
[2021-12-03 11:30:54,172] {processor.py:163} INFO - Started process (PID=70) to work on /home/airflow/.local/lib/python3.7/site-packages/airflow/example_dags/example_xcom.py
[2021-12-03 11:30:54,174] {processor.py:625} INFO - Processing file /home/airflow/.local/lib/python3.7/site-packages/airflow/example_dags/example_xcom.py for tasks to queue
[2021-12-03 11:30:54,181] {logging_mixin.py:109} INFO - [2021-12-03 11:30:54,180] {dagbag.py:500} INFO - Filling up the DagBag from /home/airflow/.local/lib/python3.7/site-packages/airflow/example_dags/example_xcom.py
[2021-12-03 11:30:54,291] {processor.py:637} INFO - DAG(s) dict_keys(['example_xcom']) retrieved from /home/airflow/.local/lib/python3.7/site-packages/airflow/example_dags/example_xcom.py
[2021-12-03 11:30:54,807] {logging_mixin.py:109} INFO - [2021-12-03 11:30:54,807] {dag.py:2396} INFO - Sync 1 DAGs
[2021-12-03 11:30:54,830] {logging_mixin.py:109} INFO - [2021-12-03 11:30:54,830] {dag.py:2928} INFO - Setting next_dagrun for example_xcom to 2021-01-01T00:00:00+00:00
[2021-12-03 11:30:54,853] {processor.py:171} INFO - Processing /home/airflow/.local/lib/python3.7/site-packages/airflow/example_dags/example_xcom.py took 0.685 seconds
