[2021-12-03 11:21:16,262] {processor.py:163} INFO - Started process (PID=155) to work on /home/airflow/.local/lib/python3.7/site-packages/airflow/example_dags/tutorial.py
[2021-12-03 11:21:16,264] {processor.py:625} INFO - Processing file /home/airflow/.local/lib/python3.7/site-packages/airflow/example_dags/tutorial.py for tasks to queue
[2021-12-03 11:21:16,264] {logging_mixin.py:109} INFO - [2021-12-03 11:21:16,264] {dagbag.py:500} INFO - Filling up the DagBag from /home/airflow/.local/lib/python3.7/site-packages/airflow/example_dags/tutorial.py
[2021-12-03 11:21:16,292] {processor.py:637} INFO - DAG(s) dict_keys(['tutorial']) retrieved from /home/airflow/.local/lib/python3.7/site-packages/airflow/example_dags/tutorial.py
[2021-12-03 11:21:18,142] {logging_mixin.py:109} INFO - [2021-12-03 11:21:18,142] {providers_manager.py:156} WARNING - Exception when importing 'airflow.providers.google.leveldb.hooks.leveldb.LevelDBHook' from 'apache-airflow-providers-google' package: No module named 'plyvel'
[2021-12-03 11:21:18,727] {logging_mixin.py:109} INFO - [2021-12-03 11:21:18,727] {providers_manager.py:156} WARNING - Exception when importing 'airflow.providers.google.leveldb.hooks.leveldb.LevelDBHook' from 'apache-airflow-providers-google' package: No module named 'plyvel'
[2021-12-03 11:21:18,753] {logging_mixin.py:109} INFO - [2021-12-03 11:21:18,753] {manager.py:496} INFO - Created Permission View: can read on DAG:tutorial
[2021-12-03 11:21:18,765] {logging_mixin.py:109} INFO - [2021-12-03 11:21:18,765] {manager.py:496} INFO - Created Permission View: can edit on DAG:tutorial
[2021-12-03 11:21:18,765] {logging_mixin.py:109} INFO - [2021-12-03 11:21:18,765] {dag.py:2396} INFO - Sync 1 DAGs
[2021-12-03 11:21:18,774] {logging_mixin.py:109} INFO - [2021-12-03 11:21:18,773] {dag.py:2415} INFO - Creating ORM DAG for tutorial
[2021-12-03 11:21:18,785] {logging_mixin.py:109} INFO - [2021-12-03 11:21:18,785] {dag.py:2928} INFO - Setting next_dagrun for tutorial to 2021-12-02T11:21:18.785469+00:00
[2021-12-03 11:21:18,805] {processor.py:171} INFO - Processing /home/airflow/.local/lib/python3.7/site-packages/airflow/example_dags/tutorial.py took 2.546 seconds
[2021-12-03 11:21:48,911] {processor.py:163} INFO - Started process (PID=362) to work on /home/airflow/.local/lib/python3.7/site-packages/airflow/example_dags/tutorial.py
[2021-12-03 11:21:48,912] {processor.py:625} INFO - Processing file /home/airflow/.local/lib/python3.7/site-packages/airflow/example_dags/tutorial.py for tasks to queue
[2021-12-03 11:21:48,912] {logging_mixin.py:109} INFO - [2021-12-03 11:21:48,912] {dagbag.py:500} INFO - Filling up the DagBag from /home/airflow/.local/lib/python3.7/site-packages/airflow/example_dags/tutorial.py
[2021-12-03 11:21:48,939] {processor.py:637} INFO - DAG(s) dict_keys(['tutorial']) retrieved from /home/airflow/.local/lib/python3.7/site-packages/airflow/example_dags/tutorial.py
[2021-12-03 11:21:48,949] {logging_mixin.py:109} INFO - [2021-12-03 11:21:48,949] {dag.py:2396} INFO - Sync 1 DAGs
[2021-12-03 11:21:48,963] {logging_mixin.py:109} INFO - [2021-12-03 11:21:48,963] {dag.py:2928} INFO - Setting next_dagrun for tutorial to 2021-12-02T11:21:48.963621+00:00
[2021-12-03 11:21:48,971] {processor.py:171} INFO - Processing /home/airflow/.local/lib/python3.7/site-packages/airflow/example_dags/tutorial.py took 0.063 seconds
[2021-12-03 11:22:19,180] {processor.py:163} INFO - Started process (PID=422) to work on /home/airflow/.local/lib/python3.7/site-packages/airflow/example_dags/tutorial.py
[2021-12-03 11:22:19,181] {processor.py:625} INFO - Processing file /home/airflow/.local/lib/python3.7/site-packages/airflow/example_dags/tutorial.py for tasks to queue
[2021-12-03 11:22:19,182] {logging_mixin.py:109} INFO - [2021-12-03 11:22:19,182] {dagbag.py:500} INFO - Filling up the DagBag from /home/airflow/.local/lib/python3.7/site-packages/airflow/example_dags/tutorial.py
[2021-12-03 11:22:19,211] {processor.py:637} INFO - DAG(s) dict_keys(['tutorial']) retrieved from /home/airflow/.local/lib/python3.7/site-packages/airflow/example_dags/tutorial.py
[2021-12-03 11:22:19,222] {logging_mixin.py:109} INFO - [2021-12-03 11:22:19,221] {dag.py:2396} INFO - Sync 1 DAGs
[2021-12-03 11:22:19,239] {logging_mixin.py:109} INFO - [2021-12-03 11:22:19,238] {dag.py:2928} INFO - Setting next_dagrun for tutorial to 2021-12-02T11:22:19.238658+00:00
[2021-12-03 11:22:19,306] {processor.py:171} INFO - Processing /home/airflow/.local/lib/python3.7/site-packages/airflow/example_dags/tutorial.py took 0.129 seconds
[2021-12-03 11:22:50,119] {processor.py:163} INFO - Started process (PID=474) to work on /home/airflow/.local/lib/python3.7/site-packages/airflow/example_dags/tutorial.py
[2021-12-03 11:22:50,120] {processor.py:625} INFO - Processing file /home/airflow/.local/lib/python3.7/site-packages/airflow/example_dags/tutorial.py for tasks to queue
[2021-12-03 11:22:50,120] {logging_mixin.py:109} INFO - [2021-12-03 11:22:50,120] {dagbag.py:500} INFO - Filling up the DagBag from /home/airflow/.local/lib/python3.7/site-packages/airflow/example_dags/tutorial.py
[2021-12-03 11:22:50,268] {processor.py:637} INFO - DAG(s) dict_keys(['tutorial']) retrieved from /home/airflow/.local/lib/python3.7/site-packages/airflow/example_dags/tutorial.py
[2021-12-03 11:22:50,279] {logging_mixin.py:109} INFO - [2021-12-03 11:22:50,278] {dag.py:2396} INFO - Sync 1 DAGs
[2021-12-03 11:22:50,296] {logging_mixin.py:109} INFO - [2021-12-03 11:22:50,296] {dag.py:2928} INFO - Setting next_dagrun for tutorial to 2021-12-02T11:22:50.295739+00:00
[2021-12-03 11:22:50,308] {processor.py:171} INFO - Processing /home/airflow/.local/lib/python3.7/site-packages/airflow/example_dags/tutorial.py took 0.193 seconds
[2021-12-03 11:23:21,294] {processor.py:163} INFO - Started process (PID=529) to work on /home/airflow/.local/lib/python3.7/site-packages/airflow/example_dags/tutorial.py
[2021-12-03 11:23:21,295] {processor.py:625} INFO - Processing file /home/airflow/.local/lib/python3.7/site-packages/airflow/example_dags/tutorial.py for tasks to queue
[2021-12-03 11:23:21,296] {logging_mixin.py:109} INFO - [2021-12-03 11:23:21,296] {dagbag.py:500} INFO - Filling up the DagBag from /home/airflow/.local/lib/python3.7/site-packages/airflow/example_dags/tutorial.py
[2021-12-03 11:23:21,324] {processor.py:637} INFO - DAG(s) dict_keys(['tutorial']) retrieved from /home/airflow/.local/lib/python3.7/site-packages/airflow/example_dags/tutorial.py
[2021-12-03 11:23:21,337] {logging_mixin.py:109} INFO - [2021-12-03 11:23:21,337] {dag.py:2396} INFO - Sync 1 DAGs
[2021-12-03 11:23:21,362] {logging_mixin.py:109} INFO - [2021-12-03 11:23:21,362] {dag.py:2928} INFO - Setting next_dagrun for tutorial to 2021-12-02T11:23:21.362298+00:00
[2021-12-03 11:23:21,374] {processor.py:171} INFO - Processing /home/airflow/.local/lib/python3.7/site-packages/airflow/example_dags/tutorial.py took 0.083 seconds
[2021-12-03 11:23:51,652] {processor.py:163} INFO - Started process (PID=589) to work on /home/airflow/.local/lib/python3.7/site-packages/airflow/example_dags/tutorial.py
[2021-12-03 11:23:51,653] {processor.py:625} INFO - Processing file /home/airflow/.local/lib/python3.7/site-packages/airflow/example_dags/tutorial.py for tasks to queue
[2021-12-03 11:23:51,653] {logging_mixin.py:109} INFO - [2021-12-03 11:23:51,653] {dagbag.py:500} INFO - Filling up the DagBag from /home/airflow/.local/lib/python3.7/site-packages/airflow/example_dags/tutorial.py
[2021-12-03 11:23:51,685] {processor.py:637} INFO - DAG(s) dict_keys(['tutorial']) retrieved from /home/airflow/.local/lib/python3.7/site-packages/airflow/example_dags/tutorial.py
[2021-12-03 11:23:51,699] {logging_mixin.py:109} INFO - [2021-12-03 11:23:51,699] {dag.py:2396} INFO - Sync 1 DAGs
[2021-12-03 11:23:51,720] {logging_mixin.py:109} INFO - [2021-12-03 11:23:51,720] {dag.py:2928} INFO - Setting next_dagrun for tutorial to 2021-12-02T11:23:51.719847+00:00
[2021-12-03 11:23:51,731] {processor.py:171} INFO - Processing /home/airflow/.local/lib/python3.7/site-packages/airflow/example_dags/tutorial.py took 0.082 seconds
[2021-12-03 11:24:22,209] {processor.py:163} INFO - Started process (PID=640) to work on /home/airflow/.local/lib/python3.7/site-packages/airflow/example_dags/tutorial.py
[2021-12-03 11:24:22,211] {processor.py:625} INFO - Processing file /home/airflow/.local/lib/python3.7/site-packages/airflow/example_dags/tutorial.py for tasks to queue
[2021-12-03 11:24:22,212] {logging_mixin.py:109} INFO - [2021-12-03 11:24:22,212] {dagbag.py:500} INFO - Filling up the DagBag from /home/airflow/.local/lib/python3.7/site-packages/airflow/example_dags/tutorial.py
[2021-12-03 11:24:22,252] {processor.py:637} INFO - DAG(s) dict_keys(['tutorial']) retrieved from /home/airflow/.local/lib/python3.7/site-packages/airflow/example_dags/tutorial.py
[2021-12-03 11:24:22,263] {logging_mixin.py:109} INFO - [2021-12-03 11:24:22,263] {dag.py:2396} INFO - Sync 1 DAGs
[2021-12-03 11:24:22,283] {logging_mixin.py:109} INFO - [2021-12-03 11:24:22,283] {dag.py:2928} INFO - Setting next_dagrun for tutorial to 2021-12-02T11:24:22.283369+00:00
[2021-12-03 11:24:22,294] {processor.py:171} INFO - Processing /home/airflow/.local/lib/python3.7/site-packages/airflow/example_dags/tutorial.py took 0.089 seconds
[2021-12-03 11:24:52,728] {processor.py:163} INFO - Started process (PID=692) to work on /home/airflow/.local/lib/python3.7/site-packages/airflow/example_dags/tutorial.py
[2021-12-03 11:24:52,729] {processor.py:625} INFO - Processing file /home/airflow/.local/lib/python3.7/site-packages/airflow/example_dags/tutorial.py for tasks to queue
[2021-12-03 11:24:52,730] {logging_mixin.py:109} INFO - [2021-12-03 11:24:52,730] {dagbag.py:500} INFO - Filling up the DagBag from /home/airflow/.local/lib/python3.7/site-packages/airflow/example_dags/tutorial.py
[2021-12-03 11:24:52,760] {processor.py:637} INFO - DAG(s) dict_keys(['tutorial']) retrieved from /home/airflow/.local/lib/python3.7/site-packages/airflow/example_dags/tutorial.py
[2021-12-03 11:24:52,769] {logging_mixin.py:109} INFO - [2021-12-03 11:24:52,769] {dag.py:2396} INFO - Sync 1 DAGs
[2021-12-03 11:24:52,793] {logging_mixin.py:109} INFO - [2021-12-03 11:24:52,793] {dag.py:2928} INFO - Setting next_dagrun for tutorial to 2021-12-02T11:24:52.793413+00:00
[2021-12-03 11:24:52,801] {processor.py:171} INFO - Processing /home/airflow/.local/lib/python3.7/site-packages/airflow/example_dags/tutorial.py took 0.076 seconds
[2021-12-03 11:25:23,226] {processor.py:163} INFO - Started process (PID=754) to work on /home/airflow/.local/lib/python3.7/site-packages/airflow/example_dags/tutorial.py
[2021-12-03 11:25:23,227] {processor.py:625} INFO - Processing file /home/airflow/.local/lib/python3.7/site-packages/airflow/example_dags/tutorial.py for tasks to queue
[2021-12-03 11:25:23,228] {logging_mixin.py:109} INFO - [2021-12-03 11:25:23,228] {dagbag.py:500} INFO - Filling up the DagBag from /home/airflow/.local/lib/python3.7/site-packages/airflow/example_dags/tutorial.py
[2021-12-03 11:25:23,258] {processor.py:637} INFO - DAG(s) dict_keys(['tutorial']) retrieved from /home/airflow/.local/lib/python3.7/site-packages/airflow/example_dags/tutorial.py
[2021-12-03 11:25:23,268] {logging_mixin.py:109} INFO - [2021-12-03 11:25:23,268] {dag.py:2396} INFO - Sync 1 DAGs
[2021-12-03 11:25:23,289] {logging_mixin.py:109} INFO - [2021-12-03 11:25:23,288] {dag.py:2928} INFO - Setting next_dagrun for tutorial to 2021-12-02T11:25:23.288408+00:00
[2021-12-03 11:25:23,300] {processor.py:171} INFO - Processing /home/airflow/.local/lib/python3.7/site-packages/airflow/example_dags/tutorial.py took 0.077 seconds
[2021-12-03 11:25:53,351] {processor.py:163} INFO - Started process (PID=806) to work on /home/airflow/.local/lib/python3.7/site-packages/airflow/example_dags/tutorial.py
[2021-12-03 11:25:53,353] {processor.py:625} INFO - Processing file /home/airflow/.local/lib/python3.7/site-packages/airflow/example_dags/tutorial.py for tasks to queue
[2021-12-03 11:25:53,354] {logging_mixin.py:109} INFO - [2021-12-03 11:25:53,353] {dagbag.py:500} INFO - Filling up the DagBag from /home/airflow/.local/lib/python3.7/site-packages/airflow/example_dags/tutorial.py
[2021-12-03 11:25:53,381] {processor.py:637} INFO - DAG(s) dict_keys(['tutorial']) retrieved from /home/airflow/.local/lib/python3.7/site-packages/airflow/example_dags/tutorial.py
[2021-12-03 11:25:53,392] {logging_mixin.py:109} INFO - [2021-12-03 11:25:53,392] {dag.py:2396} INFO - Sync 1 DAGs
[2021-12-03 11:25:53,411] {logging_mixin.py:109} INFO - [2021-12-03 11:25:53,411] {dag.py:2928} INFO - Setting next_dagrun for tutorial to 2021-12-02T11:25:53.411040+00:00
[2021-12-03 11:25:53,423] {processor.py:171} INFO - Processing /home/airflow/.local/lib/python3.7/site-packages/airflow/example_dags/tutorial.py took 0.075 seconds
[2021-12-03 11:26:24,098] {processor.py:163} INFO - Started process (PID=857) to work on /home/airflow/.local/lib/python3.7/site-packages/airflow/example_dags/tutorial.py
[2021-12-03 11:26:24,099] {processor.py:625} INFO - Processing file /home/airflow/.local/lib/python3.7/site-packages/airflow/example_dags/tutorial.py for tasks to queue
[2021-12-03 11:26:24,100] {logging_mixin.py:109} INFO - [2021-12-03 11:26:24,100] {dagbag.py:500} INFO - Filling up the DagBag from /home/airflow/.local/lib/python3.7/site-packages/airflow/example_dags/tutorial.py
[2021-12-03 11:26:24,130] {processor.py:637} INFO - DAG(s) dict_keys(['tutorial']) retrieved from /home/airflow/.local/lib/python3.7/site-packages/airflow/example_dags/tutorial.py
[2021-12-03 11:26:24,143] {logging_mixin.py:109} INFO - [2021-12-03 11:26:24,143] {dag.py:2396} INFO - Sync 1 DAGs
[2021-12-03 11:26:24,166] {logging_mixin.py:109} INFO - [2021-12-03 11:26:24,166] {dag.py:2928} INFO - Setting next_dagrun for tutorial to 2021-12-02T11:26:24.165589+00:00
[2021-12-03 11:26:24,179] {processor.py:171} INFO - Processing /home/airflow/.local/lib/python3.7/site-packages/airflow/example_dags/tutorial.py took 0.084 seconds
[2021-12-03 11:26:54,388] {processor.py:163} INFO - Started process (PID=919) to work on /home/airflow/.local/lib/python3.7/site-packages/airflow/example_dags/tutorial.py
[2021-12-03 11:26:54,389] {processor.py:625} INFO - Processing file /home/airflow/.local/lib/python3.7/site-packages/airflow/example_dags/tutorial.py for tasks to queue
[2021-12-03 11:26:54,390] {logging_mixin.py:109} INFO - [2021-12-03 11:26:54,390] {dagbag.py:500} INFO - Filling up the DagBag from /home/airflow/.local/lib/python3.7/site-packages/airflow/example_dags/tutorial.py
[2021-12-03 11:26:54,419] {processor.py:637} INFO - DAG(s) dict_keys(['tutorial']) retrieved from /home/airflow/.local/lib/python3.7/site-packages/airflow/example_dags/tutorial.py
[2021-12-03 11:26:54,430] {logging_mixin.py:109} INFO - [2021-12-03 11:26:54,430] {dag.py:2396} INFO - Sync 1 DAGs
[2021-12-03 11:26:54,448] {logging_mixin.py:109} INFO - [2021-12-03 11:26:54,448] {dag.py:2928} INFO - Setting next_dagrun for tutorial to 2021-12-02T11:26:54.448535+00:00
[2021-12-03 11:26:54,459] {processor.py:171} INFO - Processing /home/airflow/.local/lib/python3.7/site-packages/airflow/example_dags/tutorial.py took 0.074 seconds
[2021-12-03 11:27:25,364] {processor.py:163} INFO - Started process (PID=970) to work on /home/airflow/.local/lib/python3.7/site-packages/airflow/example_dags/tutorial.py
[2021-12-03 11:27:25,366] {processor.py:625} INFO - Processing file /home/airflow/.local/lib/python3.7/site-packages/airflow/example_dags/tutorial.py for tasks to queue
[2021-12-03 11:27:25,367] {logging_mixin.py:109} INFO - [2021-12-03 11:27:25,367] {dagbag.py:500} INFO - Filling up the DagBag from /home/airflow/.local/lib/python3.7/site-packages/airflow/example_dags/tutorial.py
[2021-12-03 11:27:25,402] {processor.py:637} INFO - DAG(s) dict_keys(['tutorial']) retrieved from /home/airflow/.local/lib/python3.7/site-packages/airflow/example_dags/tutorial.py
[2021-12-03 11:27:25,415] {logging_mixin.py:109} INFO - [2021-12-03 11:27:25,414] {dag.py:2396} INFO - Sync 1 DAGs
[2021-12-03 11:27:25,436] {logging_mixin.py:109} INFO - [2021-12-03 11:27:25,436] {dag.py:2928} INFO - Setting next_dagrun for tutorial to 2021-12-02T11:27:25.435652+00:00
[2021-12-03 11:27:25,547] {processor.py:171} INFO - Processing /home/airflow/.local/lib/python3.7/site-packages/airflow/example_dags/tutorial.py took 0.186 seconds
[2021-12-03 11:27:55,955] {processor.py:163} INFO - Started process (PID=1031) to work on /home/airflow/.local/lib/python3.7/site-packages/airflow/example_dags/tutorial.py
[2021-12-03 11:27:55,956] {processor.py:625} INFO - Processing file /home/airflow/.local/lib/python3.7/site-packages/airflow/example_dags/tutorial.py for tasks to queue
[2021-12-03 11:27:55,957] {logging_mixin.py:109} INFO - [2021-12-03 11:27:55,957] {dagbag.py:500} INFO - Filling up the DagBag from /home/airflow/.local/lib/python3.7/site-packages/airflow/example_dags/tutorial.py
[2021-12-03 11:27:55,988] {processor.py:637} INFO - DAG(s) dict_keys(['tutorial']) retrieved from /home/airflow/.local/lib/python3.7/site-packages/airflow/example_dags/tutorial.py
[2021-12-03 11:27:56,001] {logging_mixin.py:109} INFO - [2021-12-03 11:27:56,001] {dag.py:2396} INFO - Sync 1 DAGs
[2021-12-03 11:27:56,129] {logging_mixin.py:109} INFO - [2021-12-03 11:27:56,129] {dag.py:2928} INFO - Setting next_dagrun for tutorial to 2021-12-02T11:27:56.129234+00:00
[2021-12-03 11:27:56,138] {processor.py:171} INFO - Processing /home/airflow/.local/lib/python3.7/site-packages/airflow/example_dags/tutorial.py took 0.186 seconds
[2021-12-03 11:28:26,393] {processor.py:163} INFO - Started process (PID=1082) to work on /home/airflow/.local/lib/python3.7/site-packages/airflow/example_dags/tutorial.py
[2021-12-03 11:28:26,395] {processor.py:625} INFO - Processing file /home/airflow/.local/lib/python3.7/site-packages/airflow/example_dags/tutorial.py for tasks to queue
[2021-12-03 11:28:26,396] {logging_mixin.py:109} INFO - [2021-12-03 11:28:26,396] {dagbag.py:500} INFO - Filling up the DagBag from /home/airflow/.local/lib/python3.7/site-packages/airflow/example_dags/tutorial.py
[2021-12-03 11:28:26,428] {processor.py:637} INFO - DAG(s) dict_keys(['tutorial']) retrieved from /home/airflow/.local/lib/python3.7/site-packages/airflow/example_dags/tutorial.py
[2021-12-03 11:28:26,444] {logging_mixin.py:109} INFO - [2021-12-03 11:28:26,443] {dag.py:2396} INFO - Sync 1 DAGs
[2021-12-03 11:28:26,561] {logging_mixin.py:109} INFO - [2021-12-03 11:28:26,561] {dag.py:2928} INFO - Setting next_dagrun for tutorial to 2021-12-02T11:28:26.561312+00:00
[2021-12-03 11:28:26,572] {processor.py:171} INFO - Processing /home/airflow/.local/lib/python3.7/site-packages/airflow/example_dags/tutorial.py took 0.182 seconds
[2021-12-03 11:28:56,613] {processor.py:163} INFO - Started process (PID=1133) to work on /home/airflow/.local/lib/python3.7/site-packages/airflow/example_dags/tutorial.py
[2021-12-03 11:28:56,614] {processor.py:625} INFO - Processing file /home/airflow/.local/lib/python3.7/site-packages/airflow/example_dags/tutorial.py for tasks to queue
[2021-12-03 11:28:56,615] {logging_mixin.py:109} INFO - [2021-12-03 11:28:56,615] {dagbag.py:500} INFO - Filling up the DagBag from /home/airflow/.local/lib/python3.7/site-packages/airflow/example_dags/tutorial.py
[2021-12-03 11:28:56,645] {processor.py:637} INFO - DAG(s) dict_keys(['tutorial']) retrieved from /home/airflow/.local/lib/python3.7/site-packages/airflow/example_dags/tutorial.py
[2021-12-03 11:28:56,655] {logging_mixin.py:109} INFO - [2021-12-03 11:28:56,655] {dag.py:2396} INFO - Sync 1 DAGs
[2021-12-03 11:28:56,771] {logging_mixin.py:109} INFO - [2021-12-03 11:28:56,771] {dag.py:2928} INFO - Setting next_dagrun for tutorial to 2021-12-02T11:28:56.771183+00:00
[2021-12-03 11:28:56,782] {processor.py:171} INFO - Processing /home/airflow/.local/lib/python3.7/site-packages/airflow/example_dags/tutorial.py took 0.172 seconds
[2021-12-03 11:29:26,978] {processor.py:163} INFO - Started process (PID=1196) to work on /home/airflow/.local/lib/python3.7/site-packages/airflow/example_dags/tutorial.py
[2021-12-03 11:29:26,992] {processor.py:625} INFO - Processing file /home/airflow/.local/lib/python3.7/site-packages/airflow/example_dags/tutorial.py for tasks to queue
[2021-12-03 11:29:26,993] {logging_mixin.py:109} INFO - [2021-12-03 11:29:26,993] {dagbag.py:500} INFO - Filling up the DagBag from /home/airflow/.local/lib/python3.7/site-packages/airflow/example_dags/tutorial.py
[2021-12-03 11:29:27,026] {processor.py:637} INFO - DAG(s) dict_keys(['tutorial']) retrieved from /home/airflow/.local/lib/python3.7/site-packages/airflow/example_dags/tutorial.py
[2021-12-03 11:29:27,037] {logging_mixin.py:109} INFO - [2021-12-03 11:29:27,037] {dag.py:2396} INFO - Sync 1 DAGs
[2021-12-03 11:29:27,151] {logging_mixin.py:109} INFO - [2021-12-03 11:29:27,151] {dag.py:2928} INFO - Setting next_dagrun for tutorial to 2021-12-02T11:29:27.151442+00:00
[2021-12-03 11:29:27,166] {processor.py:171} INFO - Processing /home/airflow/.local/lib/python3.7/site-packages/airflow/example_dags/tutorial.py took 0.191 seconds
[2021-12-03 11:30:51,864] {processor.py:163} INFO - Started process (PID=53) to work on /home/airflow/.local/lib/python3.7/site-packages/airflow/example_dags/tutorial.py
[2021-12-03 11:30:51,869] {processor.py:625} INFO - Processing file /home/airflow/.local/lib/python3.7/site-packages/airflow/example_dags/tutorial.py for tasks to queue
[2021-12-03 11:30:51,870] {logging_mixin.py:109} INFO - [2021-12-03 11:30:51,870] {dagbag.py:500} INFO - Filling up the DagBag from /home/airflow/.local/lib/python3.7/site-packages/airflow/example_dags/tutorial.py
[2021-12-03 11:30:52,000] {processor.py:637} INFO - DAG(s) dict_keys(['tutorial']) retrieved from /home/airflow/.local/lib/python3.7/site-packages/airflow/example_dags/tutorial.py
[2021-12-03 11:30:52,029] {logging_mixin.py:109} INFO - [2021-12-03 11:30:52,029] {dag.py:2396} INFO - Sync 1 DAGs
[2021-12-03 11:30:52,075] {logging_mixin.py:109} INFO - [2021-12-03 11:30:52,075] {dag.py:2928} INFO - Setting next_dagrun for tutorial to 2021-12-02T11:30:52.075056+00:00
[2021-12-03 11:30:52,091] {processor.py:171} INFO - Processing /home/airflow/.local/lib/python3.7/site-packages/airflow/example_dags/tutorial.py took 0.246 seconds
