[2021-12-03 11:21:18,849] {processor.py:163} INFO - Started process (PID=173) to work on /home/airflow/.local/lib/python3.7/site-packages/airflow/example_dags/tutorial_etl_dag.py
[2021-12-03 11:21:18,850] {processor.py:625} INFO - Processing file /home/airflow/.local/lib/python3.7/site-packages/airflow/example_dags/tutorial_etl_dag.py for tasks to queue
[2021-12-03 11:21:18,852] {logging_mixin.py:109} INFO - [2021-12-03 11:21:18,852] {dagbag.py:500} INFO - Filling up the DagBag from /home/airflow/.local/lib/python3.7/site-packages/airflow/example_dags/tutorial_etl_dag.py
[2021-12-03 11:21:18,893] {processor.py:637} INFO - DAG(s) dict_keys(['tutorial_etl_dag']) retrieved from /home/airflow/.local/lib/python3.7/site-packages/airflow/example_dags/tutorial_etl_dag.py
[2021-12-03 11:21:20,245] {logging_mixin.py:109} INFO - [2021-12-03 11:21:20,245] {providers_manager.py:156} WARNING - Exception when importing 'airflow.providers.google.leveldb.hooks.leveldb.LevelDBHook' from 'apache-airflow-providers-google' package: No module named 'plyvel'
[2021-12-03 11:21:20,560] {logging_mixin.py:109} INFO - [2021-12-03 11:21:20,560] {providers_manager.py:156} WARNING - Exception when importing 'airflow.providers.google.leveldb.hooks.leveldb.LevelDBHook' from 'apache-airflow-providers-google' package: No module named 'plyvel'
[2021-12-03 11:21:20,576] {logging_mixin.py:109} INFO - [2021-12-03 11:21:20,575] {manager.py:496} INFO - Created Permission View: can read on DAG:tutorial_etl_dag
[2021-12-03 11:21:20,582] {logging_mixin.py:109} INFO - [2021-12-03 11:21:20,582] {manager.py:496} INFO - Created Permission View: can edit on DAG:tutorial_etl_dag
[2021-12-03 11:21:20,583] {logging_mixin.py:109} INFO - [2021-12-03 11:21:20,582] {dag.py:2396} INFO - Sync 1 DAGs
[2021-12-03 11:21:20,589] {logging_mixin.py:109} INFO - [2021-12-03 11:21:20,589] {dag.py:2415} INFO - Creating ORM DAG for tutorial_etl_dag
[2021-12-03 11:21:20,596] {logging_mixin.py:109} INFO - [2021-12-03 11:21:20,596] {dag.py:2928} INFO - Setting next_dagrun for tutorial_etl_dag to None
[2021-12-03 11:21:20,609] {processor.py:171} INFO - Processing /home/airflow/.local/lib/python3.7/site-packages/airflow/example_dags/tutorial_etl_dag.py took 1.764 seconds
[2021-12-03 11:21:50,992] {processor.py:163} INFO - Started process (PID=373) to work on /home/airflow/.local/lib/python3.7/site-packages/airflow/example_dags/tutorial_etl_dag.py
[2021-12-03 11:21:50,993] {processor.py:625} INFO - Processing file /home/airflow/.local/lib/python3.7/site-packages/airflow/example_dags/tutorial_etl_dag.py for tasks to queue
[2021-12-03 11:21:50,994] {logging_mixin.py:109} INFO - [2021-12-03 11:21:50,993] {dagbag.py:500} INFO - Filling up the DagBag from /home/airflow/.local/lib/python3.7/site-packages/airflow/example_dags/tutorial_etl_dag.py
[2021-12-03 11:21:51,019] {processor.py:637} INFO - DAG(s) dict_keys(['tutorial_etl_dag']) retrieved from /home/airflow/.local/lib/python3.7/site-packages/airflow/example_dags/tutorial_etl_dag.py
[2021-12-03 11:21:51,028] {logging_mixin.py:109} INFO - [2021-12-03 11:21:51,028] {dag.py:2396} INFO - Sync 1 DAGs
[2021-12-03 11:21:51,044] {logging_mixin.py:109} INFO - [2021-12-03 11:21:51,044] {dag.py:2928} INFO - Setting next_dagrun for tutorial_etl_dag to None
[2021-12-03 11:21:51,052] {processor.py:171} INFO - Processing /home/airflow/.local/lib/python3.7/site-packages/airflow/example_dags/tutorial_etl_dag.py took 0.063 seconds
[2021-12-03 11:22:21,307] {processor.py:163} INFO - Started process (PID=424) to work on /home/airflow/.local/lib/python3.7/site-packages/airflow/example_dags/tutorial_etl_dag.py
[2021-12-03 11:22:21,308] {processor.py:625} INFO - Processing file /home/airflow/.local/lib/python3.7/site-packages/airflow/example_dags/tutorial_etl_dag.py for tasks to queue
[2021-12-03 11:22:21,309] {logging_mixin.py:109} INFO - [2021-12-03 11:22:21,309] {dagbag.py:500} INFO - Filling up the DagBag from /home/airflow/.local/lib/python3.7/site-packages/airflow/example_dags/tutorial_etl_dag.py
[2021-12-03 11:22:21,342] {processor.py:637} INFO - DAG(s) dict_keys(['tutorial_etl_dag']) retrieved from /home/airflow/.local/lib/python3.7/site-packages/airflow/example_dags/tutorial_etl_dag.py
[2021-12-03 11:22:21,352] {logging_mixin.py:109} INFO - [2021-12-03 11:22:21,352] {dag.py:2396} INFO - Sync 1 DAGs
[2021-12-03 11:22:21,369] {logging_mixin.py:109} INFO - [2021-12-03 11:22:21,368] {dag.py:2928} INFO - Setting next_dagrun for tutorial_etl_dag to None
[2021-12-03 11:22:21,379] {processor.py:171} INFO - Processing /home/airflow/.local/lib/python3.7/site-packages/airflow/example_dags/tutorial_etl_dag.py took 0.076 seconds
[2021-12-03 11:22:52,166] {processor.py:163} INFO - Started process (PID=476) to work on /home/airflow/.local/lib/python3.7/site-packages/airflow/example_dags/tutorial_etl_dag.py
[2021-12-03 11:22:52,167] {processor.py:625} INFO - Processing file /home/airflow/.local/lib/python3.7/site-packages/airflow/example_dags/tutorial_etl_dag.py for tasks to queue
[2021-12-03 11:22:52,168] {logging_mixin.py:109} INFO - [2021-12-03 11:22:52,168] {dagbag.py:500} INFO - Filling up the DagBag from /home/airflow/.local/lib/python3.7/site-packages/airflow/example_dags/tutorial_etl_dag.py
[2021-12-03 11:22:52,211] {processor.py:637} INFO - DAG(s) dict_keys(['tutorial_etl_dag']) retrieved from /home/airflow/.local/lib/python3.7/site-packages/airflow/example_dags/tutorial_etl_dag.py
[2021-12-03 11:22:52,225] {logging_mixin.py:109} INFO - [2021-12-03 11:22:52,225] {dag.py:2396} INFO - Sync 1 DAGs
[2021-12-03 11:22:52,245] {logging_mixin.py:109} INFO - [2021-12-03 11:22:52,244] {dag.py:2928} INFO - Setting next_dagrun for tutorial_etl_dag to None
[2021-12-03 11:22:52,253] {processor.py:171} INFO - Processing /home/airflow/.local/lib/python3.7/site-packages/airflow/example_dags/tutorial_etl_dag.py took 0.091 seconds
[2021-12-03 11:23:22,324] {processor.py:163} INFO - Started process (PID=539) to work on /home/airflow/.local/lib/python3.7/site-packages/airflow/example_dags/tutorial_etl_dag.py
[2021-12-03 11:23:22,326] {processor.py:625} INFO - Processing file /home/airflow/.local/lib/python3.7/site-packages/airflow/example_dags/tutorial_etl_dag.py for tasks to queue
[2021-12-03 11:23:22,327] {logging_mixin.py:109} INFO - [2021-12-03 11:23:22,327] {dagbag.py:500} INFO - Filling up the DagBag from /home/airflow/.local/lib/python3.7/site-packages/airflow/example_dags/tutorial_etl_dag.py
[2021-12-03 11:23:22,371] {processor.py:637} INFO - DAG(s) dict_keys(['tutorial_etl_dag']) retrieved from /home/airflow/.local/lib/python3.7/site-packages/airflow/example_dags/tutorial_etl_dag.py
[2021-12-03 11:23:22,389] {logging_mixin.py:109} INFO - [2021-12-03 11:23:22,389] {dag.py:2396} INFO - Sync 1 DAGs
[2021-12-03 11:23:22,415] {logging_mixin.py:109} INFO - [2021-12-03 11:23:22,415] {dag.py:2928} INFO - Setting next_dagrun for tutorial_etl_dag to None
[2021-12-03 11:23:22,427] {processor.py:171} INFO - Processing /home/airflow/.local/lib/python3.7/site-packages/airflow/example_dags/tutorial_etl_dag.py took 0.106 seconds
[2021-12-03 11:23:52,663] {processor.py:163} INFO - Started process (PID=590) to work on /home/airflow/.local/lib/python3.7/site-packages/airflow/example_dags/tutorial_etl_dag.py
[2021-12-03 11:23:52,665] {processor.py:625} INFO - Processing file /home/airflow/.local/lib/python3.7/site-packages/airflow/example_dags/tutorial_etl_dag.py for tasks to queue
[2021-12-03 11:23:52,666] {logging_mixin.py:109} INFO - [2021-12-03 11:23:52,666] {dagbag.py:500} INFO - Filling up the DagBag from /home/airflow/.local/lib/python3.7/site-packages/airflow/example_dags/tutorial_etl_dag.py
[2021-12-03 11:23:52,703] {processor.py:637} INFO - DAG(s) dict_keys(['tutorial_etl_dag']) retrieved from /home/airflow/.local/lib/python3.7/site-packages/airflow/example_dags/tutorial_etl_dag.py
[2021-12-03 11:23:52,717] {logging_mixin.py:109} INFO - [2021-12-03 11:23:52,717] {dag.py:2396} INFO - Sync 1 DAGs
[2021-12-03 11:23:52,738] {logging_mixin.py:109} INFO - [2021-12-03 11:23:52,738] {dag.py:2928} INFO - Setting next_dagrun for tutorial_etl_dag to None
[2021-12-03 11:23:52,749] {processor.py:171} INFO - Processing /home/airflow/.local/lib/python3.7/site-packages/airflow/example_dags/tutorial_etl_dag.py took 0.090 seconds
[2021-12-03 11:24:23,214] {processor.py:163} INFO - Started process (PID=641) to work on /home/airflow/.local/lib/python3.7/site-packages/airflow/example_dags/tutorial_etl_dag.py
[2021-12-03 11:24:23,215] {processor.py:625} INFO - Processing file /home/airflow/.local/lib/python3.7/site-packages/airflow/example_dags/tutorial_etl_dag.py for tasks to queue
[2021-12-03 11:24:23,216] {logging_mixin.py:109} INFO - [2021-12-03 11:24:23,216] {dagbag.py:500} INFO - Filling up the DagBag from /home/airflow/.local/lib/python3.7/site-packages/airflow/example_dags/tutorial_etl_dag.py
[2021-12-03 11:24:23,248] {processor.py:637} INFO - DAG(s) dict_keys(['tutorial_etl_dag']) retrieved from /home/airflow/.local/lib/python3.7/site-packages/airflow/example_dags/tutorial_etl_dag.py
[2021-12-03 11:24:23,260] {logging_mixin.py:109} INFO - [2021-12-03 11:24:23,259] {dag.py:2396} INFO - Sync 1 DAGs
[2021-12-03 11:24:23,280] {logging_mixin.py:109} INFO - [2021-12-03 11:24:23,280] {dag.py:2928} INFO - Setting next_dagrun for tutorial_etl_dag to None
[2021-12-03 11:24:23,291] {processor.py:171} INFO - Processing /home/airflow/.local/lib/python3.7/site-packages/airflow/example_dags/tutorial_etl_dag.py took 0.080 seconds
[2021-12-03 11:24:53,752] {processor.py:163} INFO - Started process (PID=702) to work on /home/airflow/.local/lib/python3.7/site-packages/airflow/example_dags/tutorial_etl_dag.py
[2021-12-03 11:24:53,754] {processor.py:625} INFO - Processing file /home/airflow/.local/lib/python3.7/site-packages/airflow/example_dags/tutorial_etl_dag.py for tasks to queue
[2021-12-03 11:24:53,755] {logging_mixin.py:109} INFO - [2021-12-03 11:24:53,755] {dagbag.py:500} INFO - Filling up the DagBag from /home/airflow/.local/lib/python3.7/site-packages/airflow/example_dags/tutorial_etl_dag.py
[2021-12-03 11:24:53,798] {processor.py:637} INFO - DAG(s) dict_keys(['tutorial_etl_dag']) retrieved from /home/airflow/.local/lib/python3.7/site-packages/airflow/example_dags/tutorial_etl_dag.py
[2021-12-03 11:24:53,811] {logging_mixin.py:109} INFO - [2021-12-03 11:24:53,811] {dag.py:2396} INFO - Sync 1 DAGs
[2021-12-03 11:24:53,833] {logging_mixin.py:109} INFO - [2021-12-03 11:24:53,833] {dag.py:2928} INFO - Setting next_dagrun for tutorial_etl_dag to None
[2021-12-03 11:24:53,848] {processor.py:171} INFO - Processing /home/airflow/.local/lib/python3.7/site-packages/airflow/example_dags/tutorial_etl_dag.py took 0.100 seconds
[2021-12-03 11:25:24,237] {processor.py:163} INFO - Started process (PID=755) to work on /home/airflow/.local/lib/python3.7/site-packages/airflow/example_dags/tutorial_etl_dag.py
[2021-12-03 11:25:24,238] {processor.py:625} INFO - Processing file /home/airflow/.local/lib/python3.7/site-packages/airflow/example_dags/tutorial_etl_dag.py for tasks to queue
[2021-12-03 11:25:24,239] {logging_mixin.py:109} INFO - [2021-12-03 11:25:24,239] {dagbag.py:500} INFO - Filling up the DagBag from /home/airflow/.local/lib/python3.7/site-packages/airflow/example_dags/tutorial_etl_dag.py
[2021-12-03 11:25:24,270] {processor.py:637} INFO - DAG(s) dict_keys(['tutorial_etl_dag']) retrieved from /home/airflow/.local/lib/python3.7/site-packages/airflow/example_dags/tutorial_etl_dag.py
[2021-12-03 11:25:24,282] {logging_mixin.py:109} INFO - [2021-12-03 11:25:24,281] {dag.py:2396} INFO - Sync 1 DAGs
[2021-12-03 11:25:24,302] {logging_mixin.py:109} INFO - [2021-12-03 11:25:24,302] {dag.py:2928} INFO - Setting next_dagrun for tutorial_etl_dag to None
[2021-12-03 11:25:24,373] {processor.py:171} INFO - Processing /home/airflow/.local/lib/python3.7/site-packages/airflow/example_dags/tutorial_etl_dag.py took 0.139 seconds
[2021-12-03 11:25:54,444] {processor.py:163} INFO - Started process (PID=807) to work on /home/airflow/.local/lib/python3.7/site-packages/airflow/example_dags/tutorial_etl_dag.py
[2021-12-03 11:25:54,445] {processor.py:625} INFO - Processing file /home/airflow/.local/lib/python3.7/site-packages/airflow/example_dags/tutorial_etl_dag.py for tasks to queue
[2021-12-03 11:25:54,445] {logging_mixin.py:109} INFO - [2021-12-03 11:25:54,445] {dagbag.py:500} INFO - Filling up the DagBag from /home/airflow/.local/lib/python3.7/site-packages/airflow/example_dags/tutorial_etl_dag.py
[2021-12-03 11:25:54,476] {processor.py:637} INFO - DAG(s) dict_keys(['tutorial_etl_dag']) retrieved from /home/airflow/.local/lib/python3.7/site-packages/airflow/example_dags/tutorial_etl_dag.py
[2021-12-03 11:25:54,490] {logging_mixin.py:109} INFO - [2021-12-03 11:25:54,490] {dag.py:2396} INFO - Sync 1 DAGs
[2021-12-03 11:25:54,511] {logging_mixin.py:109} INFO - [2021-12-03 11:25:54,511] {dag.py:2928} INFO - Setting next_dagrun for tutorial_etl_dag to None
[2021-12-03 11:25:54,521] {processor.py:171} INFO - Processing /home/airflow/.local/lib/python3.7/site-packages/airflow/example_dags/tutorial_etl_dag.py took 0.081 seconds
[2021-12-03 11:26:25,111] {processor.py:163} INFO - Started process (PID=867) to work on /home/airflow/.local/lib/python3.7/site-packages/airflow/example_dags/tutorial_etl_dag.py
[2021-12-03 11:26:25,113] {processor.py:625} INFO - Processing file /home/airflow/.local/lib/python3.7/site-packages/airflow/example_dags/tutorial_etl_dag.py for tasks to queue
[2021-12-03 11:26:25,114] {logging_mixin.py:109} INFO - [2021-12-03 11:26:25,113] {dagbag.py:500} INFO - Filling up the DagBag from /home/airflow/.local/lib/python3.7/site-packages/airflow/example_dags/tutorial_etl_dag.py
[2021-12-03 11:26:25,151] {processor.py:637} INFO - DAG(s) dict_keys(['tutorial_etl_dag']) retrieved from /home/airflow/.local/lib/python3.7/site-packages/airflow/example_dags/tutorial_etl_dag.py
[2021-12-03 11:26:25,167] {logging_mixin.py:109} INFO - [2021-12-03 11:26:25,167] {dag.py:2396} INFO - Sync 1 DAGs
[2021-12-03 11:26:25,195] {logging_mixin.py:109} INFO - [2021-12-03 11:26:25,195] {dag.py:2928} INFO - Setting next_dagrun for tutorial_etl_dag to None
[2021-12-03 11:26:25,208] {processor.py:171} INFO - Processing /home/airflow/.local/lib/python3.7/site-packages/airflow/example_dags/tutorial_etl_dag.py took 0.101 seconds
[2021-12-03 11:26:55,394] {processor.py:163} INFO - Started process (PID=920) to work on /home/airflow/.local/lib/python3.7/site-packages/airflow/example_dags/tutorial_etl_dag.py
[2021-12-03 11:26:55,395] {processor.py:625} INFO - Processing file /home/airflow/.local/lib/python3.7/site-packages/airflow/example_dags/tutorial_etl_dag.py for tasks to queue
[2021-12-03 11:26:55,396] {logging_mixin.py:109} INFO - [2021-12-03 11:26:55,396] {dagbag.py:500} INFO - Filling up the DagBag from /home/airflow/.local/lib/python3.7/site-packages/airflow/example_dags/tutorial_etl_dag.py
[2021-12-03 11:26:55,424] {processor.py:637} INFO - DAG(s) dict_keys(['tutorial_etl_dag']) retrieved from /home/airflow/.local/lib/python3.7/site-packages/airflow/example_dags/tutorial_etl_dag.py
[2021-12-03 11:26:55,434] {logging_mixin.py:109} INFO - [2021-12-03 11:26:55,434] {dag.py:2396} INFO - Sync 1 DAGs
[2021-12-03 11:26:55,452] {logging_mixin.py:109} INFO - [2021-12-03 11:26:55,452] {dag.py:2928} INFO - Setting next_dagrun for tutorial_etl_dag to None
[2021-12-03 11:26:55,462] {processor.py:171} INFO - Processing /home/airflow/.local/lib/python3.7/site-packages/airflow/example_dags/tutorial_etl_dag.py took 0.071 seconds
[2021-12-03 11:27:25,567] {processor.py:163} INFO - Started process (PID=971) to work on /home/airflow/.local/lib/python3.7/site-packages/airflow/example_dags/tutorial_etl_dag.py
[2021-12-03 11:27:25,568] {processor.py:625} INFO - Processing file /home/airflow/.local/lib/python3.7/site-packages/airflow/example_dags/tutorial_etl_dag.py for tasks to queue
[2021-12-03 11:27:25,568] {logging_mixin.py:109} INFO - [2021-12-03 11:27:25,568] {dagbag.py:500} INFO - Filling up the DagBag from /home/airflow/.local/lib/python3.7/site-packages/airflow/example_dags/tutorial_etl_dag.py
[2021-12-03 11:27:25,593] {processor.py:637} INFO - DAG(s) dict_keys(['tutorial_etl_dag']) retrieved from /home/airflow/.local/lib/python3.7/site-packages/airflow/example_dags/tutorial_etl_dag.py
[2021-12-03 11:27:25,602] {logging_mixin.py:109} INFO - [2021-12-03 11:27:25,602] {dag.py:2396} INFO - Sync 1 DAGs
[2021-12-03 11:27:25,618] {logging_mixin.py:109} INFO - [2021-12-03 11:27:25,618] {dag.py:2928} INFO - Setting next_dagrun for tutorial_etl_dag to None
[2021-12-03 11:27:25,627] {processor.py:171} INFO - Processing /home/airflow/.local/lib/python3.7/site-packages/airflow/example_dags/tutorial_etl_dag.py took 0.063 seconds
[2021-12-03 11:27:55,961] {processor.py:163} INFO - Started process (PID=1032) to work on /home/airflow/.local/lib/python3.7/site-packages/airflow/example_dags/tutorial_etl_dag.py
[2021-12-03 11:27:55,962] {processor.py:625} INFO - Processing file /home/airflow/.local/lib/python3.7/site-packages/airflow/example_dags/tutorial_etl_dag.py for tasks to queue
[2021-12-03 11:27:55,962] {logging_mixin.py:109} INFO - [2021-12-03 11:27:55,962] {dagbag.py:500} INFO - Filling up the DagBag from /home/airflow/.local/lib/python3.7/site-packages/airflow/example_dags/tutorial_etl_dag.py
[2021-12-03 11:27:55,991] {processor.py:637} INFO - DAG(s) dict_keys(['tutorial_etl_dag']) retrieved from /home/airflow/.local/lib/python3.7/site-packages/airflow/example_dags/tutorial_etl_dag.py
[2021-12-03 11:27:56,001] {logging_mixin.py:109} INFO - [2021-12-03 11:27:56,001] {dag.py:2396} INFO - Sync 1 DAGs
[2021-12-03 11:27:56,108] {logging_mixin.py:109} INFO - [2021-12-03 11:27:56,108] {dag.py:2928} INFO - Setting next_dagrun for tutorial_etl_dag to None
[2021-12-03 11:27:56,118] {processor.py:171} INFO - Processing /home/airflow/.local/lib/python3.7/site-packages/airflow/example_dags/tutorial_etl_dag.py took 0.160 seconds
[2021-12-03 11:28:26,399] {processor.py:163} INFO - Started process (PID=1083) to work on /home/airflow/.local/lib/python3.7/site-packages/airflow/example_dags/tutorial_etl_dag.py
[2021-12-03 11:28:26,400] {processor.py:625} INFO - Processing file /home/airflow/.local/lib/python3.7/site-packages/airflow/example_dags/tutorial_etl_dag.py for tasks to queue
[2021-12-03 11:28:26,401] {logging_mixin.py:109} INFO - [2021-12-03 11:28:26,401] {dagbag.py:500} INFO - Filling up the DagBag from /home/airflow/.local/lib/python3.7/site-packages/airflow/example_dags/tutorial_etl_dag.py
[2021-12-03 11:28:26,430] {processor.py:637} INFO - DAG(s) dict_keys(['tutorial_etl_dag']) retrieved from /home/airflow/.local/lib/python3.7/site-packages/airflow/example_dags/tutorial_etl_dag.py
[2021-12-03 11:28:26,444] {logging_mixin.py:109} INFO - [2021-12-03 11:28:26,444] {dag.py:2396} INFO - Sync 1 DAGs
[2021-12-03 11:28:26,569] {logging_mixin.py:109} INFO - [2021-12-03 11:28:26,569] {dag.py:2928} INFO - Setting next_dagrun for tutorial_etl_dag to None
[2021-12-03 11:28:26,580] {processor.py:171} INFO - Processing /home/airflow/.local/lib/python3.7/site-packages/airflow/example_dags/tutorial_etl_dag.py took 0.185 seconds
[2021-12-03 11:28:56,617] {processor.py:163} INFO - Started process (PID=1134) to work on /home/airflow/.local/lib/python3.7/site-packages/airflow/example_dags/tutorial_etl_dag.py
[2021-12-03 11:28:56,618] {processor.py:625} INFO - Processing file /home/airflow/.local/lib/python3.7/site-packages/airflow/example_dags/tutorial_etl_dag.py for tasks to queue
[2021-12-03 11:28:56,619] {logging_mixin.py:109} INFO - [2021-12-03 11:28:56,619] {dagbag.py:500} INFO - Filling up the DagBag from /home/airflow/.local/lib/python3.7/site-packages/airflow/example_dags/tutorial_etl_dag.py
[2021-12-03 11:28:56,646] {processor.py:637} INFO - DAG(s) dict_keys(['tutorial_etl_dag']) retrieved from /home/airflow/.local/lib/python3.7/site-packages/airflow/example_dags/tutorial_etl_dag.py
[2021-12-03 11:28:56,657] {logging_mixin.py:109} INFO - [2021-12-03 11:28:56,656] {dag.py:2396} INFO - Sync 1 DAGs
[2021-12-03 11:28:56,771] {logging_mixin.py:109} INFO - [2021-12-03 11:28:56,771] {dag.py:2928} INFO - Setting next_dagrun for tutorial_etl_dag to None
[2021-12-03 11:28:56,785] {processor.py:171} INFO - Processing /home/airflow/.local/lib/python3.7/site-packages/airflow/example_dags/tutorial_etl_dag.py took 0.171 seconds
[2021-12-03 11:29:26,983] {processor.py:163} INFO - Started process (PID=1197) to work on /home/airflow/.local/lib/python3.7/site-packages/airflow/example_dags/tutorial_etl_dag.py
[2021-12-03 11:29:26,992] {processor.py:625} INFO - Processing file /home/airflow/.local/lib/python3.7/site-packages/airflow/example_dags/tutorial_etl_dag.py for tasks to queue
[2021-12-03 11:29:26,993] {logging_mixin.py:109} INFO - [2021-12-03 11:29:26,993] {dagbag.py:500} INFO - Filling up the DagBag from /home/airflow/.local/lib/python3.7/site-packages/airflow/example_dags/tutorial_etl_dag.py
[2021-12-03 11:29:27,025] {processor.py:637} INFO - DAG(s) dict_keys(['tutorial_etl_dag']) retrieved from /home/airflow/.local/lib/python3.7/site-packages/airflow/example_dags/tutorial_etl_dag.py
[2021-12-03 11:29:27,036] {logging_mixin.py:109} INFO - [2021-12-03 11:29:27,036] {dag.py:2396} INFO - Sync 1 DAGs
[2021-12-03 11:29:27,151] {logging_mixin.py:109} INFO - [2021-12-03 11:29:27,151] {dag.py:2928} INFO - Setting next_dagrun for tutorial_etl_dag to None
[2021-12-03 11:29:27,165] {processor.py:171} INFO - Processing /home/airflow/.local/lib/python3.7/site-packages/airflow/example_dags/tutorial_etl_dag.py took 0.185 seconds
[2021-12-03 11:30:52,135] {processor.py:163} INFO - Started process (PID=55) to work on /home/airflow/.local/lib/python3.7/site-packages/airflow/example_dags/tutorial_etl_dag.py
[2021-12-03 11:30:52,146] {processor.py:625} INFO - Processing file /home/airflow/.local/lib/python3.7/site-packages/airflow/example_dags/tutorial_etl_dag.py for tasks to queue
[2021-12-03 11:30:52,147] {logging_mixin.py:109} INFO - [2021-12-03 11:30:52,146] {dagbag.py:500} INFO - Filling up the DagBag from /home/airflow/.local/lib/python3.7/site-packages/airflow/example_dags/tutorial_etl_dag.py
[2021-12-03 11:30:52,194] {processor.py:637} INFO - DAG(s) dict_keys(['tutorial_etl_dag']) retrieved from /home/airflow/.local/lib/python3.7/site-packages/airflow/example_dags/tutorial_etl_dag.py
[2021-12-03 11:30:52,217] {logging_mixin.py:109} INFO - [2021-12-03 11:30:52,217] {dag.py:2396} INFO - Sync 1 DAGs
[2021-12-03 11:30:52,241] {logging_mixin.py:109} INFO - [2021-12-03 11:30:52,241] {dag.py:2928} INFO - Setting next_dagrun for tutorial_etl_dag to None
[2021-12-03 11:30:52,267] {processor.py:171} INFO - Processing /home/airflow/.local/lib/python3.7/site-packages/airflow/example_dags/tutorial_etl_dag.py took 0.141 seconds
