[2021-12-03 11:21:16,582] {processor.py:163} INFO - Started process (PID=156) to work on /home/airflow/.local/lib/python3.7/site-packages/airflow/example_dags/tutorial_taskflow_api_etl.py
[2021-12-03 11:21:16,585] {processor.py:625} INFO - Processing file /home/airflow/.local/lib/python3.7/site-packages/airflow/example_dags/tutorial_taskflow_api_etl.py for tasks to queue
[2021-12-03 11:21:16,587] {logging_mixin.py:109} INFO - [2021-12-03 11:21:16,587] {dagbag.py:500} INFO - Filling up the DagBag from /home/airflow/.local/lib/python3.7/site-packages/airflow/example_dags/tutorial_taskflow_api_etl.py
[2021-12-03 11:21:16,621] {processor.py:637} INFO - DAG(s) dict_keys(['tutorial_taskflow_api_etl']) retrieved from /home/airflow/.local/lib/python3.7/site-packages/airflow/example_dags/tutorial_taskflow_api_etl.py
[2021-12-03 11:21:18,529] {logging_mixin.py:109} INFO - [2021-12-03 11:21:18,528] {providers_manager.py:156} WARNING - Exception when importing 'airflow.providers.google.leveldb.hooks.leveldb.LevelDBHook' from 'apache-airflow-providers-google' package: No module named 'plyvel'
[2021-12-03 11:21:19,024] {logging_mixin.py:109} INFO - [2021-12-03 11:21:19,024] {providers_manager.py:156} WARNING - Exception when importing 'airflow.providers.google.leveldb.hooks.leveldb.LevelDBHook' from 'apache-airflow-providers-google' package: No module named 'plyvel'
[2021-12-03 11:21:19,040] {logging_mixin.py:109} INFO - [2021-12-03 11:21:19,040] {manager.py:496} INFO - Created Permission View: can read on DAG:tutorial_taskflow_api_etl
[2021-12-03 11:21:19,050] {logging_mixin.py:109} INFO - [2021-12-03 11:21:19,050] {manager.py:496} INFO - Created Permission View: can edit on DAG:tutorial_taskflow_api_etl
[2021-12-03 11:21:19,050] {logging_mixin.py:109} INFO - [2021-12-03 11:21:19,050] {dag.py:2396} INFO - Sync 1 DAGs
[2021-12-03 11:21:19,062] {logging_mixin.py:109} INFO - [2021-12-03 11:21:19,062] {dag.py:2415} INFO - Creating ORM DAG for tutorial_taskflow_api_etl
[2021-12-03 11:21:19,074] {logging_mixin.py:109} INFO - [2021-12-03 11:21:19,074] {dag.py:2928} INFO - Setting next_dagrun for tutorial_taskflow_api_etl to None
[2021-12-03 11:21:19,103] {processor.py:171} INFO - Processing /home/airflow/.local/lib/python3.7/site-packages/airflow/example_dags/tutorial_taskflow_api_etl.py took 2.523 seconds
[2021-12-03 11:21:49,918] {processor.py:163} INFO - Started process (PID=372) to work on /home/airflow/.local/lib/python3.7/site-packages/airflow/example_dags/tutorial_taskflow_api_etl.py
[2021-12-03 11:21:49,919] {processor.py:625} INFO - Processing file /home/airflow/.local/lib/python3.7/site-packages/airflow/example_dags/tutorial_taskflow_api_etl.py for tasks to queue
[2021-12-03 11:21:49,919] {logging_mixin.py:109} INFO - [2021-12-03 11:21:49,919] {dagbag.py:500} INFO - Filling up the DagBag from /home/airflow/.local/lib/python3.7/site-packages/airflow/example_dags/tutorial_taskflow_api_etl.py
[2021-12-03 11:21:49,942] {processor.py:637} INFO - DAG(s) dict_keys(['tutorial_taskflow_api_etl']) retrieved from /home/airflow/.local/lib/python3.7/site-packages/airflow/example_dags/tutorial_taskflow_api_etl.py
[2021-12-03 11:21:50,196] {logging_mixin.py:109} INFO - [2021-12-03 11:21:50,196] {dag.py:2396} INFO - Sync 1 DAGs
[2021-12-03 11:21:50,213] {logging_mixin.py:109} INFO - [2021-12-03 11:21:50,213] {dag.py:2928} INFO - Setting next_dagrun for tutorial_taskflow_api_etl to None
[2021-12-03 11:21:50,224] {processor.py:171} INFO - Processing /home/airflow/.local/lib/python3.7/site-packages/airflow/example_dags/tutorial_taskflow_api_etl.py took 0.308 seconds
[2021-12-03 11:22:20,268] {processor.py:163} INFO - Started process (PID=423) to work on /home/airflow/.local/lib/python3.7/site-packages/airflow/example_dags/tutorial_taskflow_api_etl.py
[2021-12-03 11:22:20,269] {processor.py:625} INFO - Processing file /home/airflow/.local/lib/python3.7/site-packages/airflow/example_dags/tutorial_taskflow_api_etl.py for tasks to queue
[2021-12-03 11:22:20,269] {logging_mixin.py:109} INFO - [2021-12-03 11:22:20,269] {dagbag.py:500} INFO - Filling up the DagBag from /home/airflow/.local/lib/python3.7/site-packages/airflow/example_dags/tutorial_taskflow_api_etl.py
[2021-12-03 11:22:20,304] {processor.py:637} INFO - DAG(s) dict_keys(['tutorial_taskflow_api_etl']) retrieved from /home/airflow/.local/lib/python3.7/site-packages/airflow/example_dags/tutorial_taskflow_api_etl.py
[2021-12-03 11:22:21,577] {logging_mixin.py:109} INFO - [2021-12-03 11:22:21,576] {dag.py:2396} INFO - Sync 1 DAGs
[2021-12-03 11:22:21,591] {logging_mixin.py:109} INFO - [2021-12-03 11:22:21,591] {dag.py:2928} INFO - Setting next_dagrun for tutorial_taskflow_api_etl to None
[2021-12-03 11:22:21,603] {processor.py:171} INFO - Processing /home/airflow/.local/lib/python3.7/site-packages/airflow/example_dags/tutorial_taskflow_api_etl.py took 1.338 seconds
[2021-12-03 11:22:52,159] {processor.py:163} INFO - Started process (PID=475) to work on /home/airflow/.local/lib/python3.7/site-packages/airflow/example_dags/tutorial_taskflow_api_etl.py
[2021-12-03 11:22:52,160] {processor.py:625} INFO - Processing file /home/airflow/.local/lib/python3.7/site-packages/airflow/example_dags/tutorial_taskflow_api_etl.py for tasks to queue
[2021-12-03 11:22:52,161] {logging_mixin.py:109} INFO - [2021-12-03 11:22:52,161] {dagbag.py:500} INFO - Filling up the DagBag from /home/airflow/.local/lib/python3.7/site-packages/airflow/example_dags/tutorial_taskflow_api_etl.py
[2021-12-03 11:22:52,201] {processor.py:637} INFO - DAG(s) dict_keys(['tutorial_taskflow_api_etl']) retrieved from /home/airflow/.local/lib/python3.7/site-packages/airflow/example_dags/tutorial_taskflow_api_etl.py
[2021-12-03 11:22:52,699] {logging_mixin.py:109} INFO - [2021-12-03 11:22:52,699] {dag.py:2396} INFO - Sync 1 DAGs
[2021-12-03 11:22:52,718] {logging_mixin.py:109} INFO - [2021-12-03 11:22:52,718] {dag.py:2928} INFO - Setting next_dagrun for tutorial_taskflow_api_etl to None
[2021-12-03 11:22:52,733] {processor.py:171} INFO - Processing /home/airflow/.local/lib/python3.7/site-packages/airflow/example_dags/tutorial_taskflow_api_etl.py took 0.577 seconds
[2021-12-03 11:23:23,460] {processor.py:163} INFO - Started process (PID=541) to work on /home/airflow/.local/lib/python3.7/site-packages/airflow/example_dags/tutorial_taskflow_api_etl.py
[2021-12-03 11:23:23,461] {processor.py:625} INFO - Processing file /home/airflow/.local/lib/python3.7/site-packages/airflow/example_dags/tutorial_taskflow_api_etl.py for tasks to queue
[2021-12-03 11:23:23,462] {logging_mixin.py:109} INFO - [2021-12-03 11:23:23,462] {dagbag.py:500} INFO - Filling up the DagBag from /home/airflow/.local/lib/python3.7/site-packages/airflow/example_dags/tutorial_taskflow_api_etl.py
[2021-12-03 11:23:23,501] {processor.py:637} INFO - DAG(s) dict_keys(['tutorial_taskflow_api_etl']) retrieved from /home/airflow/.local/lib/python3.7/site-packages/airflow/example_dags/tutorial_taskflow_api_etl.py
[2021-12-03 11:23:23,929] {logging_mixin.py:109} INFO - [2021-12-03 11:23:23,929] {dag.py:2396} INFO - Sync 1 DAGs
[2021-12-03 11:23:23,946] {logging_mixin.py:109} INFO - [2021-12-03 11:23:23,946] {dag.py:2928} INFO - Setting next_dagrun for tutorial_taskflow_api_etl to None
[2021-12-03 11:23:23,959] {processor.py:171} INFO - Processing /home/airflow/.local/lib/python3.7/site-packages/airflow/example_dags/tutorial_taskflow_api_etl.py took 0.503 seconds
[2021-12-03 11:23:54,783] {processor.py:163} INFO - Started process (PID=592) to work on /home/airflow/.local/lib/python3.7/site-packages/airflow/example_dags/tutorial_taskflow_api_etl.py
[2021-12-03 11:23:54,785] {processor.py:625} INFO - Processing file /home/airflow/.local/lib/python3.7/site-packages/airflow/example_dags/tutorial_taskflow_api_etl.py for tasks to queue
[2021-12-03 11:23:54,786] {logging_mixin.py:109} INFO - [2021-12-03 11:23:54,786] {dagbag.py:500} INFO - Filling up the DagBag from /home/airflow/.local/lib/python3.7/site-packages/airflow/example_dags/tutorial_taskflow_api_etl.py
[2021-12-03 11:23:54,837] {processor.py:637} INFO - DAG(s) dict_keys(['tutorial_taskflow_api_etl']) retrieved from /home/airflow/.local/lib/python3.7/site-packages/airflow/example_dags/tutorial_taskflow_api_etl.py
[2021-12-03 11:23:55,206] {logging_mixin.py:109} INFO - [2021-12-03 11:23:55,206] {dag.py:2396} INFO - Sync 1 DAGs
[2021-12-03 11:23:55,223] {logging_mixin.py:109} INFO - [2021-12-03 11:23:55,223] {dag.py:2928} INFO - Setting next_dagrun for tutorial_taskflow_api_etl to None
[2021-12-03 11:23:55,238] {processor.py:171} INFO - Processing /home/airflow/.local/lib/python3.7/site-packages/airflow/example_dags/tutorial_taskflow_api_etl.py took 0.459 seconds
[2021-12-03 11:24:25,327] {processor.py:163} INFO - Started process (PID=643) to work on /home/airflow/.local/lib/python3.7/site-packages/airflow/example_dags/tutorial_taskflow_api_etl.py
[2021-12-03 11:24:25,329] {processor.py:625} INFO - Processing file /home/airflow/.local/lib/python3.7/site-packages/airflow/example_dags/tutorial_taskflow_api_etl.py for tasks to queue
[2021-12-03 11:24:25,329] {logging_mixin.py:109} INFO - [2021-12-03 11:24:25,329] {dagbag.py:500} INFO - Filling up the DagBag from /home/airflow/.local/lib/python3.7/site-packages/airflow/example_dags/tutorial_taskflow_api_etl.py
[2021-12-03 11:24:25,382] {processor.py:637} INFO - DAG(s) dict_keys(['tutorial_taskflow_api_etl']) retrieved from /home/airflow/.local/lib/python3.7/site-packages/airflow/example_dags/tutorial_taskflow_api_etl.py
[2021-12-03 11:24:25,721] {logging_mixin.py:109} INFO - [2021-12-03 11:24:25,721] {dag.py:2396} INFO - Sync 1 DAGs
[2021-12-03 11:24:25,739] {logging_mixin.py:109} INFO - [2021-12-03 11:24:25,739] {dag.py:2928} INFO - Setting next_dagrun for tutorial_taskflow_api_etl to None
[2021-12-03 11:24:25,751] {processor.py:171} INFO - Processing /home/airflow/.local/lib/python3.7/site-packages/airflow/example_dags/tutorial_taskflow_api_etl.py took 0.428 seconds
[2021-12-03 11:24:55,909] {processor.py:163} INFO - Started process (PID=704) to work on /home/airflow/.local/lib/python3.7/site-packages/airflow/example_dags/tutorial_taskflow_api_etl.py
[2021-12-03 11:24:55,914] {processor.py:625} INFO - Processing file /home/airflow/.local/lib/python3.7/site-packages/airflow/example_dags/tutorial_taskflow_api_etl.py for tasks to queue
[2021-12-03 11:24:55,915] {logging_mixin.py:109} INFO - [2021-12-03 11:24:55,915] {dagbag.py:500} INFO - Filling up the DagBag from /home/airflow/.local/lib/python3.7/site-packages/airflow/example_dags/tutorial_taskflow_api_etl.py
[2021-12-03 11:24:56,007] {processor.py:637} INFO - DAG(s) dict_keys(['tutorial_taskflow_api_etl']) retrieved from /home/airflow/.local/lib/python3.7/site-packages/airflow/example_dags/tutorial_taskflow_api_etl.py
[2021-12-03 11:24:56,448] {logging_mixin.py:109} INFO - [2021-12-03 11:24:56,448] {dag.py:2396} INFO - Sync 1 DAGs
[2021-12-03 11:24:56,463] {logging_mixin.py:109} INFO - [2021-12-03 11:24:56,463] {dag.py:2928} INFO - Setting next_dagrun for tutorial_taskflow_api_etl to None
[2021-12-03 11:24:56,473] {processor.py:171} INFO - Processing /home/airflow/.local/lib/python3.7/site-packages/airflow/example_dags/tutorial_taskflow_api_etl.py took 0.573 seconds
[2021-12-03 11:25:26,538] {processor.py:163} INFO - Started process (PID=758) to work on /home/airflow/.local/lib/python3.7/site-packages/airflow/example_dags/tutorial_taskflow_api_etl.py
[2021-12-03 11:25:26,540] {processor.py:625} INFO - Processing file /home/airflow/.local/lib/python3.7/site-packages/airflow/example_dags/tutorial_taskflow_api_etl.py for tasks to queue
[2021-12-03 11:25:26,540] {logging_mixin.py:109} INFO - [2021-12-03 11:25:26,540] {dagbag.py:500} INFO - Filling up the DagBag from /home/airflow/.local/lib/python3.7/site-packages/airflow/example_dags/tutorial_taskflow_api_etl.py
[2021-12-03 11:25:26,575] {processor.py:637} INFO - DAG(s) dict_keys(['tutorial_taskflow_api_etl']) retrieved from /home/airflow/.local/lib/python3.7/site-packages/airflow/example_dags/tutorial_taskflow_api_etl.py
[2021-12-03 11:25:26,942] {logging_mixin.py:109} INFO - [2021-12-03 11:25:26,942] {dag.py:2396} INFO - Sync 1 DAGs
[2021-12-03 11:25:26,961] {logging_mixin.py:109} INFO - [2021-12-03 11:25:26,961] {dag.py:2928} INFO - Setting next_dagrun for tutorial_taskflow_api_etl to None
[2021-12-03 11:25:26,974] {processor.py:171} INFO - Processing /home/airflow/.local/lib/python3.7/site-packages/airflow/example_dags/tutorial_taskflow_api_etl.py took 0.451 seconds
[2021-12-03 11:25:57,623] {processor.py:163} INFO - Started process (PID=810) to work on /home/airflow/.local/lib/python3.7/site-packages/airflow/example_dags/tutorial_taskflow_api_etl.py
[2021-12-03 11:25:57,624] {processor.py:625} INFO - Processing file /home/airflow/.local/lib/python3.7/site-packages/airflow/example_dags/tutorial_taskflow_api_etl.py for tasks to queue
[2021-12-03 11:25:57,624] {logging_mixin.py:109} INFO - [2021-12-03 11:25:57,624] {dagbag.py:500} INFO - Filling up the DagBag from /home/airflow/.local/lib/python3.7/site-packages/airflow/example_dags/tutorial_taskflow_api_etl.py
[2021-12-03 11:25:57,650] {processor.py:637} INFO - DAG(s) dict_keys(['tutorial_taskflow_api_etl']) retrieved from /home/airflow/.local/lib/python3.7/site-packages/airflow/example_dags/tutorial_taskflow_api_etl.py
[2021-12-03 11:25:57,985] {logging_mixin.py:109} INFO - [2021-12-03 11:25:57,985] {dag.py:2396} INFO - Sync 1 DAGs
[2021-12-03 11:25:58,009] {logging_mixin.py:109} INFO - [2021-12-03 11:25:58,009] {dag.py:2928} INFO - Setting next_dagrun for tutorial_taskflow_api_etl to None
[2021-12-03 11:25:58,022] {processor.py:171} INFO - Processing /home/airflow/.local/lib/python3.7/site-packages/airflow/example_dags/tutorial_taskflow_api_etl.py took 0.438 seconds
[2021-12-03 11:26:28,250] {processor.py:163} INFO - Started process (PID=870) to work on /home/airflow/.local/lib/python3.7/site-packages/airflow/example_dags/tutorial_taskflow_api_etl.py
[2021-12-03 11:26:28,252] {processor.py:625} INFO - Processing file /home/airflow/.local/lib/python3.7/site-packages/airflow/example_dags/tutorial_taskflow_api_etl.py for tasks to queue
[2021-12-03 11:26:28,252] {logging_mixin.py:109} INFO - [2021-12-03 11:26:28,252] {dagbag.py:500} INFO - Filling up the DagBag from /home/airflow/.local/lib/python3.7/site-packages/airflow/example_dags/tutorial_taskflow_api_etl.py
[2021-12-03 11:26:28,288] {processor.py:637} INFO - DAG(s) dict_keys(['tutorial_taskflow_api_etl']) retrieved from /home/airflow/.local/lib/python3.7/site-packages/airflow/example_dags/tutorial_taskflow_api_etl.py
[2021-12-03 11:26:28,653] {logging_mixin.py:109} INFO - [2021-12-03 11:26:28,653] {dag.py:2396} INFO - Sync 1 DAGs
[2021-12-03 11:26:28,671] {logging_mixin.py:109} INFO - [2021-12-03 11:26:28,671] {dag.py:2928} INFO - Setting next_dagrun for tutorial_taskflow_api_etl to None
[2021-12-03 11:26:28,685] {processor.py:171} INFO - Processing /home/airflow/.local/lib/python3.7/site-packages/airflow/example_dags/tutorial_taskflow_api_etl.py took 0.437 seconds
[2021-12-03 11:26:59,496] {processor.py:163} INFO - Started process (PID=924) to work on /home/airflow/.local/lib/python3.7/site-packages/airflow/example_dags/tutorial_taskflow_api_etl.py
[2021-12-03 11:26:59,498] {processor.py:625} INFO - Processing file /home/airflow/.local/lib/python3.7/site-packages/airflow/example_dags/tutorial_taskflow_api_etl.py for tasks to queue
[2021-12-03 11:26:59,498] {logging_mixin.py:109} INFO - [2021-12-03 11:26:59,498] {dagbag.py:500} INFO - Filling up the DagBag from /home/airflow/.local/lib/python3.7/site-packages/airflow/example_dags/tutorial_taskflow_api_etl.py
[2021-12-03 11:26:59,529] {processor.py:637} INFO - DAG(s) dict_keys(['tutorial_taskflow_api_etl']) retrieved from /home/airflow/.local/lib/python3.7/site-packages/airflow/example_dags/tutorial_taskflow_api_etl.py
[2021-12-03 11:26:59,854] {logging_mixin.py:109} INFO - [2021-12-03 11:26:59,854] {dag.py:2396} INFO - Sync 1 DAGs
[2021-12-03 11:26:59,865] {logging_mixin.py:109} INFO - [2021-12-03 11:26:59,865] {dag.py:2928} INFO - Setting next_dagrun for tutorial_taskflow_api_etl to None
[2021-12-03 11:26:59,876] {processor.py:171} INFO - Processing /home/airflow/.local/lib/python3.7/site-packages/airflow/example_dags/tutorial_taskflow_api_etl.py took 0.382 seconds
[2021-12-03 11:27:30,870] {processor.py:163} INFO - Started process (PID=984) to work on /home/airflow/.local/lib/python3.7/site-packages/airflow/example_dags/tutorial_taskflow_api_etl.py
[2021-12-03 11:27:30,871] {processor.py:625} INFO - Processing file /home/airflow/.local/lib/python3.7/site-packages/airflow/example_dags/tutorial_taskflow_api_etl.py for tasks to queue
[2021-12-03 11:27:30,871] {logging_mixin.py:109} INFO - [2021-12-03 11:27:30,871] {dagbag.py:500} INFO - Filling up the DagBag from /home/airflow/.local/lib/python3.7/site-packages/airflow/example_dags/tutorial_taskflow_api_etl.py
[2021-12-03 11:27:30,902] {processor.py:637} INFO - DAG(s) dict_keys(['tutorial_taskflow_api_etl']) retrieved from /home/airflow/.local/lib/python3.7/site-packages/airflow/example_dags/tutorial_taskflow_api_etl.py
[2021-12-03 11:27:31,226] {logging_mixin.py:109} INFO - [2021-12-03 11:27:31,226] {dag.py:2396} INFO - Sync 1 DAGs
[2021-12-03 11:27:31,243] {logging_mixin.py:109} INFO - [2021-12-03 11:27:31,243] {dag.py:2928} INFO - Setting next_dagrun for tutorial_taskflow_api_etl to None
[2021-12-03 11:27:31,257] {processor.py:171} INFO - Processing /home/airflow/.local/lib/python3.7/site-packages/airflow/example_dags/tutorial_taskflow_api_etl.py took 0.390 seconds
[2021-12-03 11:28:01,370] {processor.py:163} INFO - Started process (PID=1036) to work on /home/airflow/.local/lib/python3.7/site-packages/airflow/example_dags/tutorial_taskflow_api_etl.py
[2021-12-03 11:28:01,372] {processor.py:625} INFO - Processing file /home/airflow/.local/lib/python3.7/site-packages/airflow/example_dags/tutorial_taskflow_api_etl.py for tasks to queue
[2021-12-03 11:28:01,372] {logging_mixin.py:109} INFO - [2021-12-03 11:28:01,372] {dagbag.py:500} INFO - Filling up the DagBag from /home/airflow/.local/lib/python3.7/site-packages/airflow/example_dags/tutorial_taskflow_api_etl.py
[2021-12-03 11:28:01,403] {processor.py:637} INFO - DAG(s) dict_keys(['tutorial_taskflow_api_etl']) retrieved from /home/airflow/.local/lib/python3.7/site-packages/airflow/example_dags/tutorial_taskflow_api_etl.py
[2021-12-03 11:28:01,743] {logging_mixin.py:109} INFO - [2021-12-03 11:28:01,743] {dag.py:2396} INFO - Sync 1 DAGs
[2021-12-03 11:28:01,760] {logging_mixin.py:109} INFO - [2021-12-03 11:28:01,760] {dag.py:2928} INFO - Setting next_dagrun for tutorial_taskflow_api_etl to None
[2021-12-03 11:28:01,771] {processor.py:171} INFO - Processing /home/airflow/.local/lib/python3.7/site-packages/airflow/example_dags/tutorial_taskflow_api_etl.py took 0.404 seconds
[2021-12-03 11:28:31,810] {processor.py:163} INFO - Started process (PID=1087) to work on /home/airflow/.local/lib/python3.7/site-packages/airflow/example_dags/tutorial_taskflow_api_etl.py
[2021-12-03 11:28:31,811] {processor.py:625} INFO - Processing file /home/airflow/.local/lib/python3.7/site-packages/airflow/example_dags/tutorial_taskflow_api_etl.py for tasks to queue
[2021-12-03 11:28:31,812] {logging_mixin.py:109} INFO - [2021-12-03 11:28:31,812] {dagbag.py:500} INFO - Filling up the DagBag from /home/airflow/.local/lib/python3.7/site-packages/airflow/example_dags/tutorial_taskflow_api_etl.py
[2021-12-03 11:28:31,838] {processor.py:637} INFO - DAG(s) dict_keys(['tutorial_taskflow_api_etl']) retrieved from /home/airflow/.local/lib/python3.7/site-packages/airflow/example_dags/tutorial_taskflow_api_etl.py
[2021-12-03 11:28:32,112] {logging_mixin.py:109} INFO - [2021-12-03 11:28:32,112] {dag.py:2396} INFO - Sync 1 DAGs
[2021-12-03 11:28:32,126] {logging_mixin.py:109} INFO - [2021-12-03 11:28:32,126] {dag.py:2928} INFO - Setting next_dagrun for tutorial_taskflow_api_etl to None
[2021-12-03 11:28:32,135] {processor.py:171} INFO - Processing /home/airflow/.local/lib/python3.7/site-packages/airflow/example_dags/tutorial_taskflow_api_etl.py took 0.328 seconds
[2021-12-03 11:29:02,165] {processor.py:163} INFO - Started process (PID=1149) to work on /home/airflow/.local/lib/python3.7/site-packages/airflow/example_dags/tutorial_taskflow_api_etl.py
[2021-12-03 11:29:02,166] {processor.py:625} INFO - Processing file /home/airflow/.local/lib/python3.7/site-packages/airflow/example_dags/tutorial_taskflow_api_etl.py for tasks to queue
[2021-12-03 11:29:02,167] {logging_mixin.py:109} INFO - [2021-12-03 11:29:02,167] {dagbag.py:500} INFO - Filling up the DagBag from /home/airflow/.local/lib/python3.7/site-packages/airflow/example_dags/tutorial_taskflow_api_etl.py
[2021-12-03 11:29:02,202] {processor.py:637} INFO - DAG(s) dict_keys(['tutorial_taskflow_api_etl']) retrieved from /home/airflow/.local/lib/python3.7/site-packages/airflow/example_dags/tutorial_taskflow_api_etl.py
[2021-12-03 11:29:02,512] {logging_mixin.py:109} INFO - [2021-12-03 11:29:02,512] {dag.py:2396} INFO - Sync 1 DAGs
[2021-12-03 11:29:02,529] {logging_mixin.py:109} INFO - [2021-12-03 11:29:02,529] {dag.py:2928} INFO - Setting next_dagrun for tutorial_taskflow_api_etl to None
[2021-12-03 11:29:02,540] {processor.py:171} INFO - Processing /home/airflow/.local/lib/python3.7/site-packages/airflow/example_dags/tutorial_taskflow_api_etl.py took 0.379 seconds
[2021-12-03 11:30:52,090] {processor.py:163} INFO - Started process (PID=54) to work on /home/airflow/.local/lib/python3.7/site-packages/airflow/example_dags/tutorial_taskflow_api_etl.py
[2021-12-03 11:30:52,095] {processor.py:625} INFO - Processing file /home/airflow/.local/lib/python3.7/site-packages/airflow/example_dags/tutorial_taskflow_api_etl.py for tasks to queue
[2021-12-03 11:30:52,096] {logging_mixin.py:109} INFO - [2021-12-03 11:30:52,096] {dagbag.py:500} INFO - Filling up the DagBag from /home/airflow/.local/lib/python3.7/site-packages/airflow/example_dags/tutorial_taskflow_api_etl.py
[2021-12-03 11:30:52,166] {processor.py:637} INFO - DAG(s) dict_keys(['tutorial_taskflow_api_etl']) retrieved from /home/airflow/.local/lib/python3.7/site-packages/airflow/example_dags/tutorial_taskflow_api_etl.py
[2021-12-03 11:30:52,670] {logging_mixin.py:109} INFO - [2021-12-03 11:30:52,670] {dag.py:2396} INFO - Sync 1 DAGs
[2021-12-03 11:30:52,703] {logging_mixin.py:109} INFO - [2021-12-03 11:30:52,702] {dag.py:2928} INFO - Setting next_dagrun for tutorial_taskflow_api_etl to None
[2021-12-03 11:30:52,729] {processor.py:171} INFO - Processing /home/airflow/.local/lib/python3.7/site-packages/airflow/example_dags/tutorial_taskflow_api_etl.py took 0.652 seconds
